     --------------------------------- VCE 5.1.2  -----------------------------------
     16.10.2007  14:28:26             ffl_ptz.vce                              page 1
 
 
 
    ********************************************************************************
    *                    T R A I T S   A N D   E F F E C T S                       *
    ********************************************************************************
 
    Code Trait name  List of effects
    ________________________________________________________________________________
      1 ffl         skmw      sex       abt       bg        animal
      2 ptz                   sex       abt       bg        animal    pelm      wu
 
    ********************************************************************************
    *               E F F E C T S   A N D   C O V A R I A N C E S                  *
    ********************************************************************************
 
    Code   Effect name Type Length Level Start COVARIANCE  Type Length Level Start Pattern
    ______________________________________________________________________________________
       1   skmw       :  F     1      1      1
       2   sex        :  F     2      3      2
       3   abt        :  F     2      2      8
       4   bg         :  F     2    360     12
       5   animal     :  A     2  36408    732  animal     :  A     2      1      1 T T
       6   pelm       :  F     1      1  73548
       7   wu         :  R     1      5  73549  wu         :  R     1      1      2 T
                                                residual   :  E     2      1      3 T T
    ________________________________________________________________________________
 
    ********************************************************************************
    *                    G E N E R A L  I N F O R M A T I O N                      *
    ********************************************************************************
 
    VCE was started on :  at Tue Oct 16 14:28:26 2007 by: b08mueul
 
    Comments:
    ________________________________________________________________________________
    |                 ************************************************             |
    |                 *                     VCE-5                    *             |
    |                 *                 version 5.1.2                *             |
    |                 *            17-Dez-2003   14:42:53            *             |
    |                 *         Linux 2.6.0-test11-bk11 i686         *             |
    |                 *                  written by                  *             |
    |                 *       Milena Kovac, Eildert Groeneveld       *             |
    |                 *           and Alberto Garcia-Cortez          *             |
    |                 ************************************************             |
    | test mastitis                                                                |
    ________________________________________________________________________________
 
    Files involved
    ________________________________________________________________________________
    Current directory                  : /home/b08mueul/apiis/apiis-kurs/leicoma/zwisss/mslmr
    Parameter file                     : ffl_ptz.vce
    Data input file                    : blupdata.txt.vce
    Pedigree input file                : blupped.txt.vce
    Log list file                      : ffl_ptz.vce.lst
    Covariances for dumped into        : ffl_ptz.vce.cov-bin
    Covariance matrices written in     : ffl_ptz.vce.cov-fmt
 
    ********************************************************************************
    *                       D A T A  I N F O R M A T I O N                         *
    ********************************************************************************
 
    General statistics
    ___________________________________________________________________
 
    Variables   # rec.      min.        max.        avg.        std.
    ___________________________________________________________________
    ffl          1746    10.60000    43.71000    21.89962     4.50922
    ptz          2211   379.00000  1246.00000   913.70285   100.99708
    skmw         2211     0.00000   112.80000    71.84383    34.47391
    pelm         2211     0.00000   135.00000   111.35672    11.88761
    ___________________________________________________________________
    Pattern of traits
    ________________________________
     Count           ffl       ptz
    ________________________________
       1746        x         x
        465        -         x
        465        -         x
    ________________________________

     --------------------------------- VCE 5.1.2  -----------------------------------
     16.10.2007  14:28:26             ffl_ptz.vce                              page 2
 
 
    ********************************************************************************
    *                  P E D I G R E E   I N F O R M A T I O N                     *
    ********************************************************************************
 
    Inbreeding             # of animals
    ________________________________________________________________________________
        0                   36408
    ________________________________________________________________________________
    Number of inbred animals           :            0
    Average inbreeding (inbred animals):         0.00
    Maximum inbreeding                 :         0.00
 
    ********************************************************************************
    *         C O V A R I A N C E   M A T R I X   I N F O R M A T I O N            *
    ********************************************************************************
 
    The following (co)variance matrices will be estimated (starting values):
 
    ----------------------------- Matrices: NATURAL  -------------------------------
        5  1  1 A  animal                          36408 T T
              0.6778E+01  0.8765E+01
                          0.3411E+04
 
        7  2  1 R  wu                              5 T
              0.3400E+04
 
        8  3  1 E  residual                        1746 T T
              0.6778E+01  0.8765E+01
                          0.3411E+04
 
    ________________________________________________________________________________
    ----------------------------- Matrices: RATIOS  --------------------------------
        5  1  1 A  animal                        
              0.5000E+00  0.5764E-01
                          0.3337E+00
 
        7  2  1 R  wu                            
              0.3326E+00
 
        8  3  1 E  residual                      
              0.5000E+00  0.5764E-01
                          0.3337E+00
 
    ________________________________________________________________________________
    Thus, optimization is in 7 dimensions.
 
    ********************************************************************************
    *                      M O D E L  I N F O R M A T I O N                        *
    ********************************************************************************
 
    Factor     within     T Levels Skip        ffl       ptz
    ________________________________________________________________________________
    skmw                  F      1               1         -
    sex                   F      3               1         1
    abt                   F      2               1         1
    bg                    F    360               1         1
    animal                A  36408               1         1
    pelm                  F      1               -         1
    wu                    R      5               -         1
    ________________________________________________________________________________
    Non zero coefficients stored       :      50000, filled:   0.2% hit rate:    1.0 at line:    50000
 
    ********************************************************************************
    *                       S E T T I N G    U P    M M E                          *
    ********************************************************************************
 
    Non zero coefficients stored       :     100000, filled:   0.3% hit rate:    1.0 at line:     1397
    Non zero coefficients stored       :     150000, filled:   0.5% hit rate:    1.0 at line:     5720
    Non zero coefficients stored       :     200000, filled:   0.6% hit rate:    1.0 at line:    14594
    Non zero coefficients stored       :     250000, filled:   0.8% hit rate:    1.0 at line:    20248
    All non zeros are loaded           :       275027
    Number of equations                :        73553
    Filling rate of LHS storage space  :       0.8714
    Hit rate by setting up LHS         :       1.0022
    Zero diagonal coefficients stored  :           55
    IS - allocated for ordering with   :     80000000
    Dimension of equation system       :        73553
    Rank of equation system            :        73494
    Time for solving MME (h:min:sec)   :      0:00:02
    Time for inversion (h:min:sec)     :      0:00:02
 
    ********************************************************************************
    *         C O E F F I C I E N T  M A T R I X  I N F O R M A T I O N            *
    ********************************************************************************
 
    Setting up mixed model equations
    ________________________________________________________________________________
    Machine precision (tolerance)      : 0.222045E-15
    Warning theshold on inv. (A-1A)-I  : 0.100000E-06
    Traits transformed. See option     :  all  all
    Covariates transformed. See options:  avg  avg
    Number of equations                :        73553
    Rank of the system                 :        73494
    Equations set to zero              :  sex/2 abt/1 abt/3 abt/4 bg/1 bg/25 bg/75 bg/133
                                       : bg/177 bg/179 bg/185 bg/187 bg/191 bg/201 bg/209
                                       : bg/213 bg/215 bg/219 bg/225 bg/231 bg/233 bg/237
                                       : bg/239 bg/241 bg/243 bg/245 bg/279 bg/281 bg/295
                                       : bg/303 bg/309 bg/315 bg/317 bg/323 bg/325 bg/327
                                       : bg/329 bg/331 bg/337 bg/407 bg/409 bg/411 bg/413
                                       : bg/417 bg/419 bg/421 bg/423 bg/425 bg/431 bg/433
                                       : bg/435 bg/439 bg/449 bg/453 bg/457 bg/537 bg/565
                                       : bg/647 bg/693
    # of nonzero coefficients (HS)     :       275027
    Fill of coefficient matrix         :        0.005
    # of NZE in factor                 :       217826
    Total storage required             :      1820308
    Total storage defined (total)      :     80000000
    CPU-time for solving (per rnd)     :      0:00:02
    CPU-time for inverting (per rnd)   :      0:00:02
    MFLOPs during factorization        :        56.32

     --------------------------------- VCE 5.1.2  -----------------------------------
     16.10.2007  14:28:30             ffl_ptz.vce                              page 3
 
 
    ********************************************************************************
    *         C O E F F I C I E N T  M A T R I X  I N F O R M A T I O N            *
    ********************************************************************************
 
    Setting up mixed model equations
    ________________________________________________________________________________
    Machine precision (tolerance)      : 0.222045E-15
    Warning theshold on inv. (A-1A)-I  : 0.100000E-06
    Traits transformed. See option     :  all  all
    Covariates transformed. See options:  avg  avg
    Number of equations                :        73553
    Rank of the system                 :        73494
    Equations set to zero              :  sex/2 abt/1 abt/3 abt/4 bg/1 bg/25 bg/75 bg/133
                                       : bg/177 bg/179 bg/185 bg/187 bg/191 bg/201 bg/209
                                       : bg/213 bg/215 bg/219 bg/225 bg/231 bg/233 bg/237
                                       : bg/239 bg/241 bg/243 bg/245 bg/279 bg/281 bg/295
                                       : bg/303 bg/309 bg/315 bg/317 bg/323 bg/325 bg/327
                                       : bg/329 bg/331 bg/337 bg/407 bg/409 bg/411 bg/413
                                       : bg/417 bg/419 bg/421 bg/423 bg/425 bg/431 bg/433
                                       : bg/435 bg/439 bg/449 bg/453 bg/457 bg/537 bg/565
                                       : bg/647 bg/693
    # of nonzero coefficients (HS)     :       275027
    Fill of coefficient matrix         :        0.005
    # of NZE in factor                 :       217826
    Total storage required             :      1820308
    Total storage defined (total)      :     80000000
    CPU-time for solving (per rnd)     :      0:00:02
    CPU-time for inverting (per rnd)   :      0:00:02
    MFLOPs during factorization        :        56.32
    Non zero coefficients stored       :      50000, filled:   0.2% hit rate:    1.0 at line:    50000
 
    ********************************************************************************
    *                       S E T T I N G    U P    M M E                          *
    ********************************************************************************
 
    Non zero coefficients stored       :     100000, filled:   0.3% hit rate:    1.0 at line:     1803
    Non zero coefficients stored       :     150000, filled:   0.5% hit rate:    1.0 at line:     7447
    Non zero coefficients stored       :     200000, filled:   0.6% hit rate:    1.0 at line:    15739
    Non zero coefficients stored       :     250000, filled:   0.8% hit rate:    1.0 at line:    21977
    All non zeros are loaded           :       266382
    Number of equations                :        73553
    Filling rate of LHS storage space  :       0.8440
    Hit rate by setting up LHS         :       1.0022
    Zero diagonal coefficients stored  :           59
    AG   4.6     1  20525.04     500   0   0   0   0   0   0   0   0 --  500  57 333 332 500  57 333
    AG   0.9     2  54610.84     928 500   0   0   0   0   0   0   0 --  704 777 567   0 295 986 432
    AG   0.9     3  49171.18       1 928 500   0   0   0   0   0   0 --  703 776 567   0 296 985 432
    AG   0.9     4  41576.85       5   1 928 500   0   0   0   0   0 --  701 771 570   0 298 983 429
    AG   1.0     5  32758.78      23   5   1 928 500   0   0   0   0 --  691 747 578   2 308 971 419
    AG   0.9     6  23709.19     142  23   5   1 928 500   0   0   0 --  642 605 574  61 357 840 363
    AG   0.9     7  20616.99     562 142  23   5   1 928 500   0   0 --  543 228 401 275 456 277 322
    AG   0.9     8  20508.26     151 562 142  23   5   1 928 500   0 --  514 114 354 316 485 125 329
    AG   1.0     9  20501.68      32 151 562 142  23   5   1 928 500 --  533 141 365 323 466 158 311
    AG   0.9    10  20497.87      32  32 151 562 142  23   5   1 928 --  566 162 389 320 433 179 289
    AG   0.9    11  20493.26      50  32  32 151 562 142  23   5   1 --  617 173 427 318 382 186 253
    AG   0.9    12  20486.80     108  50  32  32 151 562 142  23   5 --  726 174 510 308 273 159 180
    AG   1.0    13  20485.74      33 108  50  32  32 151 562 142  23 --  746 165 522 309 253 126 167
    AG   0.9    14  20485.49      25  33 108  50  32  32 151 562 142 --  756 164 527 309 243 101 162
    AG   0.9    15  20485.30      24  25  33 108  50  32  32 151 562 --  764 169 530 309 235  77 159
    AG   0.9    16  20484.71      84  24  25  33 108  50  32  32 151 --  788 194 536 308 211  -7 154
    AG   0.9    17  20483.97     152  84  24  25  33 108  50  32  32 --  819 248 537 306 180-160 156
    AG   1.0    18  20483.68      51 152  84  24  25  33 108  50  32 --  818 275 524 307 181-212 167
    AG   1.1    19  20483.60       6  51 152  84  24  25  33 108  50 --  815 281 521 309 184-214 169
    AG   0.9    20  20483.57       9   6  51 152  84  24  25  33 108 --  813 288 520 308 186-223 170
    AG   0.9    21  20483.51      13   9   6  51 152  84  24  25  33 --  799 291 517 308 200-211 173
    AG   1.0    22  20483.48       8  13   9   6  51 152  84  24  25 --  793 290 520 308 206-203 170
    AG   1.1    23  20483.46       5   8  13   9   6  51 152  84  24 --  790 288 524 307 209-197 168
    AG   1.4    24  20483.44       4   5   8  13   9   6  51 152  84 --  788 288 527 307 211-201 164
    AG   1.0    25  20483.41      16   4   5   8  13   9   6  51 152 --  787 292 532 306 212-218 160
    AG   0.9    26  20483.40      18  16   4   5   8  13   9   6  51 --  788 297 534 306 211-237 158
    AG   0.9    27  20483.40      10  18  16   4   5   8  13   9   6 --  790 300 535 306 209-248 158
    AG   0.9    28  20483.40       1  10  18  16   4   5   8  13   9 --  790 301 534 306 209-250 158

     --------------------------------- VCE 5.1.2  -----------------------------------
     16.10.2007  14:28:58             ffl_ptz.vce                              page 4
 
 
    ********************************************************************************
    *                      M O D E L  I N F O R M A T I O N                        *
    ********************************************************************************
 
    Factor     within     T Levels Skip        ffl       ptz
    ________________________________________________________________________________
    skmw                  F      1               1         -
    sex                   F      3 .             1         1
    abt                   F      2 .             1         1
    bg                    F    360 .             1         1
    animal                A  36408               1         1
    pelm                  F      1               -         1
    wu                    R      5               -         1
    ________________________________________________________________________________
 
    ********************************************************************************
    *         C O E F F I C I E N T  M A T R I X  I N F O R M A T I O N            *
    ********************************************************************************
 
    Setting up mixed model equations
    ________________________________________________________________________________
    Machine precision (tolerance)      : 0.222045E-15
    Warning theshold on inv. (A-1A)-I  : 0.100000E-06
    Traits transformed. See option     :  all  all
    Covariates transformed. See options:  avg  avg
    Number of equations                :        73553
    Rank of the system                 :        73553
    Equations set to zero              :  sex/2 abt/1 abt/3 abt/4 bg/1 bg/25 bg/75 bg/133
                                       : bg/177 bg/179 bg/185 bg/187 bg/191 bg/201 bg/209
                                       : bg/213 bg/215 bg/219 bg/225 bg/231 bg/233 bg/237
                                       : bg/239 bg/241 bg/243 bg/245 bg/279 bg/281 bg/295
                                       : bg/303 bg/309 bg/315 bg/317 bg/323 bg/325 bg/327
                                       : bg/329 bg/331 bg/337 bg/407 bg/409 bg/411 bg/413
                                       : bg/417 bg/419 bg/421 bg/423 bg/425 bg/431 bg/433
                                       : bg/435 bg/439 bg/449 bg/453 bg/457 bg/537 bg/565
                                       : bg/647 bg/693
    # of nonzero coefficients (HS)     :       266382
    Fill of coefficient matrix         :        0.005
    # of NZE in factor                 :       217826
    Total storage required             :      1820308
    Total storage defined (total)      :     80000000
    CPU-time for solving (per rnd)     :      0:00:02
    CPU-time for inverting (per rnd)   :      0:00:31
    MFLOPs during factorization        :        67.97
 
    ********************************************************************************
    *                 E S T I M A T E S   I N F O R M A T I O N                    *
    ********************************************************************************
 
    Tue Oct 16 14:28:58 2007                              CPU time used:     0:00:31
 
    AG Log likelihood :   20483.3995  status :  1   at iteration:      28 /    28
 
 
    ----------------------------- Matrices: NATURAL  -------------------------------
        5  1  1 A  animal                          36408 T T
              0.1265E+02  0.8231E+02
                          0.5903E+04
 
        7  2  1 R  wu                              5 T
              0.3385E+04
 
        8  3  1 E  residual                        1746 T T
              0.3348E+01 -0.1916E+02
                          0.1748E+04
 
    --------------------------- Matrices: Phenotypic  ------------------------------
              0.1600E+02  0.6315E+02
                          0.1104E+05
 
    ----------------------------- Matrices: RATIOS  --------------------------------
        5  1  1 A  animal                        
              0.7907E+00  0.3012E+00
                          0.5349E+00
 
        7  2  1 R  wu                            
              0.3067E+00
 
        8  3  1 E  residual                      
              0.2093E+00 -0.2504E+00
                          0.1584E+00
 
    ---------------------- Matrices: STD_ERR of components  ------------------------
        5  1  1 A  animal                        
              0.2614E+00  0.1948E+00
                          0.4814E+01
 
        7  2  1 R  wu                            
              0.1496E+01
 
        8  3  1 E  residual                      
              0.1901E+00  0.1267E+00
                          0.3239E+01
 
    ------------------------ Matrices: STD_ERR of ratios  --------------------------
        5  1  1 A  animal                        
              0.5940E-01  0.6414E-01
                          0.3543E-01
 
        7  2  1 R  wu                            
              0.1192E-01
 
        8  3  1 E  residual                      
              0.5700E-01  0.2051E+00
                          0.3137E-01
 
