     --------------------------------- VCE 5.1.2  -----------------------------------
     16.10.2007  14:24:13            fuvz_rmfl.vce                             page 1
 
 
 
    ********************************************************************************
    *                    T R A I T S   A N D   E F F E C T S                       *
    ********************************************************************************
 
    Code Trait name  List of effects
    ________________________________________________________________________________
      1 fuvz        pelm      sex       abt       bg        animal
      2 rmfl                  sex       abt       bg        animal    skmw
 
    ********************************************************************************
    *               E F F E C T S   A N D   C O V A R I A N C E S                  *
    ********************************************************************************
 
    Code   Effect name Type Length Level Start COVARIANCE  Type Length Level Start Pattern
    ______________________________________________________________________________________
       1   pelm       :  F     1      1      1
       2   sex        :  F     2      3      2
       3   abt        :  F     2      3      8
       4   bg         :  F     2    360     14
       5   animal     :  A     2  36408    734  animal     :  A     2      1      1 T T
       6   skmw       :  F     1      1  73550
                                                residual   :  E     2      1      2 T T
    ________________________________________________________________________________
 
    ********************************************************************************
    *                    G E N E R A L  I N F O R M A T I O N                      *
    ********************************************************************************
 
    VCE was started on :  at Tue Oct 16 14:24:13 2007 by: b08mueul
 
    Comments:
    ________________________________________________________________________________
    |                 ************************************************             |
    |                 *                     VCE-5                    *             |
    |                 *                 version 5.1.2                *             |
    |                 *            17-Dez-2003   14:42:53            *             |
    |                 *         Linux 2.6.0-test11-bk11 i686         *             |
    |                 *                  written by                  *             |
    |                 *       Milena Kovac, Eildert Groeneveld       *             |
    |                 *           and Alberto Garcia-Cortez          *             |
    |                 ************************************************             |
    | test mastitis                                                                |
    ________________________________________________________________________________
 
    Files involved
    ________________________________________________________________________________
    Current directory                  : /home/b08mueul/apiis/apiis-kurs/leicoma/zwisss/mslmr
    Parameter file                     : fuvz_rmfl.vce
    Data input file                    : blupdata.txt.vce
    Pedigree input file                : blupped.txt.vce
    Log list file                      : fuvz_rmfl.vce.lst
    Covariances for dumped into        : fuvz_rmfl.vce.cov-bin
    Covariance matrices written in     : fuvz_rmfl.vce.cov-fmt
 
    ********************************************************************************
    *                       D A T A  I N F O R M A T I O N                         *
    ********************************************************************************
 
    General statistics
    ___________________________________________________________________
 
    Variables   # rec.      min.        max.        avg.        std.
    ___________________________________________________________________
    fuvz         2156    37.80000   434.00000   215.05533    33.57847
    rmfl         1745    29.67000    64.72000    43.79741     5.12380
    pelm         2189    40.00000   135.00000   112.06702     8.05757
    skmw         2189     0.00000   112.80000    72.36962    34.05195
    ___________________________________________________________________
 
    Pattern of traits
    ________________________________
     Count          fuvz      rmfl
    ________________________________
       1712        x         x
        444        x         -
         33        -         x
         33        -         x
    ________________________________

     --------------------------------- VCE 5.1.2  -----------------------------------
     16.10.2007  14:24:13            fuvz_rmfl.vce                             page 2
 
 
    ********************************************************************************
    *                  P E D I G R E E   I N F O R M A T I O N                     *
    ********************************************************************************
 
    Inbreeding             # of animals
    ________________________________________________________________________________
        0                   36408
    ________________________________________________________________________________
    Number of inbred animals           :            0
    Average inbreeding (inbred animals):         0.00
    Maximum inbreeding                 :         0.00
 
    ********************************************************************************
    *         C O V A R I A N C E   M A T R I X   I N F O R M A T I O N            *
    ********************************************************************************
 
    The following (co)variance matrices will be estimated (starting values):
 
    ----------------------------- Matrices: NATURAL  -------------------------------
        5  1  1 A  animal                          36408 T T
              0.5638E+03  0.6083E+01
                          0.1319E+02
 
        7  2  1 E  residual                        1712 T T
              0.5638E+03  0.6083E+01
                          0.1319E+02
 
    ________________________________________________________________________________
    ----------------------------- Matrices: RATIOS  --------------------------------
        5  1  1 A  animal                        
              0.5000E+00  0.7053E-01
                          0.5000E+00
 
        7  2  1 E  residual                      
              0.5000E+00  0.7053E-01
                          0.5000E+00
 
    ________________________________________________________________________________
    Thus, optimization is in 6 dimensions.
 
    ********************************************************************************
    *                      M O D E L  I N F O R M A T I O N                        *
    ********************************************************************************
 
    Factor     within     T Levels Skip       fuvz      rmfl
    ________________________________________________________________________________
    pelm                  F      1               1         -
    sex                   F      3               1         1
    abt                   F      3               1         1
    bg                    F    360               1         1
    animal                A  36408               1         1
    skmw                  F      1               -         1
    ________________________________________________________________________________
    Non zero coefficients stored       :      50000, filled:   0.2% hit rate:    1.0 at line:    50000
 
    ********************************************************************************
    *                       S E T T I N G    U P    M M E                          *
    ********************************************************************************
 
    Non zero coefficients stored       :     100000, filled:   0.3% hit rate:    1.0 at line:     1609
    Non zero coefficients stored       :     150000, filled:   0.5% hit rate:    1.0 at line:     6761
    Non zero coefficients stored       :     200000, filled:   0.6% hit rate:    1.0 at line:    15199
    Non zero coefficients stored       :     250000, filled:   0.8% hit rate:    1.0 at line:    21291
    All non zeros are loaded           :       269705
    Number of equations                :        73550
    Filling rate of LHS storage space  :       0.8545
    Hit rate by setting up LHS         :       1.0020
    Zero diagonal coefficients stored  :           63
    IS - allocated for ordering with   :     80000000
    Dimension of equation system       :        73550
    Rank of equation system            :        73483
    Time for solving MME (h:min:sec)   :      0:00:02
    Time for inversion (h:min:sec)     :      0:00:02
 
    ********************************************************************************
    *         C O E F F I C I E N T  M A T R I X  I N F O R M A T I O N            *
    ********************************************************************************
 
    Setting up mixed model equations
    ________________________________________________________________________________
    Machine precision (tolerance)      : 0.222045E-15
    Warning theshold on inv. (A-1A)-I  : 0.100000E-06
    Traits transformed. See option     :  all  all
    Covariates transformed. See options:  avg  avg
    Number of equations                :        73550
    Rank of the system                 :        73483
    Equations set to zero              :  abt/3 abt/4 abt/5 abt/6 bg/1 bg/2 bg/26 bg/68 bg/76
                                       : bg/134 bg/178 bg/180 bg/186 bg/188 bg/192 bg/202
                                       : bg/210 bg/214 bg/216 bg/220 bg/226 bg/232 bg/234
                                       : bg/238 bg/240 bg/242 bg/244 bg/246 bg/263 bg/280
                                       : bg/282 bg/296 bg/304 bg/310 bg/316 bg/318 bg/324
                                       : bg/326 bg/328 bg/330 bg/332 bg/338 bg/408 bg/410
                                       : bg/412 bg/414 bg/418 bg/420 bg/422 bg/424 bg/426
                                       : bg/432 bg/434 bg/436 bg/440 bg/441 bg/445 bg/450
                                       : bg/454 bg/458 bg/469 bg/538 bg/541 bg/549 bg/566
                                       : bg/648 bg/694
    # of nonzero coefficients (HS)     :       269705
    Fill of coefficient matrix         :        0.005
    # of NZE in factor                 :       211414
    Total storage required             :      1788988
    Total storage defined (total)      :     80000000
    CPU-time for solving (per rnd)     :      0:00:02
    CPU-time for inverting (per rnd)   :      0:00:02
    MFLOPs during factorization        :       104.16

     --------------------------------- VCE 5.1.2  -----------------------------------
     16.10.2007  14:24:16            fuvz_rmfl.vce                             page 3
 
 
    ********************************************************************************
    *         C O E F F I C I E N T  M A T R I X  I N F O R M A T I O N            *
    ********************************************************************************
 
    Setting up mixed model equations
    ________________________________________________________________________________
    Machine precision (tolerance)      : 0.222045E-15
    Warning theshold on inv. (A-1A)-I  : 0.100000E-06
    Traits transformed. See option     :  all  all
    Covariates transformed. See options:  avg  avg
    Number of equations                :        73550
    Rank of the system                 :        73483
    Equations set to zero              :  abt/3 abt/4 abt/5 abt/6 bg/1 bg/2 bg/26 bg/68 bg/76
                                       : bg/134 bg/178 bg/180 bg/186 bg/188 bg/192 bg/202
                                       : bg/210 bg/214 bg/216 bg/220 bg/226 bg/232 bg/234
                                       : bg/238 bg/240 bg/242 bg/244 bg/246 bg/263 bg/280
                                       : bg/282 bg/296 bg/304 bg/310 bg/316 bg/318 bg/324
                                       : bg/326 bg/328 bg/330 bg/332 bg/338 bg/408 bg/410
                                       : bg/412 bg/414 bg/418 bg/420 bg/422 bg/424 bg/426
                                       : bg/432 bg/434 bg/436 bg/440 bg/441 bg/445 bg/450
                                       : bg/454 bg/458 bg/469 bg/538 bg/541 bg/549 bg/566
                                       : bg/648 bg/694
    # of nonzero coefficients (HS)     :       269705
    Fill of coefficient matrix         :        0.005
    # of NZE in factor                 :       211414
    Total storage required             :      1788988
    Total storage defined (total)      :     80000000
    CPU-time for solving (per rnd)     :      0:00:02
    CPU-time for inverting (per rnd)   :      0:00:02
    MFLOPs during factorization        :       104.16
    Non zero coefficients stored       :      50000, filled:   0.2% hit rate:    1.0 at line:    50000
 
    ********************************************************************************
    *                       S E T T I N G    U P    M M E                          *
    ********************************************************************************
 
    Non zero coefficients stored       :     100000, filled:   0.3% hit rate:    1.0 at line:     1920
    Non zero coefficients stored       :     150000, filled:   0.5% hit rate:    1.0 at line:     7852
    Non zero coefficients stored       :     200000, filled:   0.6% hit rate:    1.0 at line:    15954
    Non zero coefficients stored       :     250000, filled:   0.8% hit rate:    1.0 at line:    22382
    All non zeros are loaded           :       264248
    Number of equations                :        73550
    Filling rate of LHS storage space  :       0.8372
    Hit rate by setting up LHS         :       1.0020
    Zero diagonal coefficients stored  :           67
    AG   4.5     1  20056.16     500   0   0   0   0   0   0   0   0 --  500  70 500 500  70 500
    AG   0.9     2  61441.21     504 500   0   0   0   0   0   0   0 --  367 575 303 632 473 696
    AG   0.9     3  56873.61       1 504 500   0   0   0   0   0   0 --  366 576 303 633 474 696
    AG   0.9     4  51097.96       3   1 504 500   0   0   0   0   0 --  366 580 302 633 476 697
    AG   0.9     5  45327.06       8   3   1 504 500   0   0   0   0 --  366 588 300 633 481 699
    AG   0.9     6  39101.27      24   8   3   1 504 500   0   0   0 --  364 613 294 635 495 705
    AG   0.9     7  32041.56      81  24   8   3   1 504 500   0   0 --  358 695 277 641 539 722
    AG   1.0     8  25704.46     294  81  24   8   3   1 504 500   0 --  337 989 260 662 746 739
    AG   0.9     9  20393.83     754 294  81  24   8   3   1 504 500 --  174 235 645 825 429 354
    AG   0.9    10  20701.45     576 754 294  81  24   8   3   1 504 --  750 -31 552 249 -66 447
    AG   0.9    11  19557.99     218 576 754 294  81  24   8   3   1 --  531  44 513 468  37 486
    AG   0.9    12  23830.61     846 218 576 754 294  81  24   8   3 --  482 774 524 517 884 475
    AG   1.1    13  20971.40     331 846 218 576 754 294  81  24   8 --  419 458 546 580 552 453
    AG   1.3    14  19381.61     717 331 846 218 576 754 294  81  24 --  561-133 531 438-164 468
    AG   1.0    15  19837.10     575 717 331 846 218 576 754 294  81 --  590-501 627 409-740 372
    AG   0.9    16  19115.09     393 575 717 331 846 218 576 754 294 --  575-259 575 424-346 424
    AG   0.9    17  19211.28     284 393 575 717 331 846 218 576 754 --  676 -11 673 323 -62 326
    AG   0.9    18  19095.72     195 284 393 575 717 331 846 218 576 --  611-169 611 388-257 388
    AG   0.9    19  19084.64      94 195 284 393 575 717 331 846 218 --  634-169 705 365-288 294
    AG   0.9    20  19080.17     160  94 195 284 393 575 717 331 846 --  680-201 846 319-448 153
    AG   1.0    21  19076.20      50 160  94 195 284 393 575 717 331 --  648-189 848 351-398 151
    AG   0.9    22  19075.14      38  50 160  94 195 284 393 575 717 --  640-187 886 359-411 113
    AG   0.9    23  19074.51      38  38  50 160  94 195 284 393 575 --  646-195 918 353-450  81
    AG   0.9    24  19074.25      33  38  38  50 160  94 195 284 393 --  655-204 937 344-484  62
    AG   1.0    25  19074.19      26  33  38  38  50 160  94 195 284 --  658-210 951 341-511  48
    AG   1.1    26  19074.16      13  26  33  38  38  50 160  94 195 --  659-214 957 340-524  42
    AG   1.0    27  19074.16      11  13  26  33  38  38  50 160  94 --  658-216 961 341-535  38
    AG   0.9    28  19074.16       1  11  13  26  33  38  38  50 160 --  657-216 961 342-537  38
    AG   0.9    29  19074.16       2   1  11  13  26  33  38  38  50 --  657-216 961 342-539  38
    AG   0.9    30  19074.16       1   2   1  11  13  26  33  38  38 --  656-215 961 343-541  38
    AG   0.9    31  19074.16       2   1   2   1  11  13  26  33  38 --  656-215 961 343-544  38
    AG   0.9    32  19074.16       1   2   1   2   1  11  13  26  33 --  656-214 961 343-545  38
    AG   0.9    33  19074.16       1   1   2   1   2   1  11  13  26 --  656-214 961 343-547  38
    AG   1.0    34  19074.16       0   1   1   2   1   2   1  11  13 --  656-214 961 343-547  38

     --------------------------------- VCE 5.1.2  -----------------------------------
     16.10.2007  14:24:50            fuvz_rmfl.vce                             page 4
 
 
    ********************************************************************************
    *                      M O D E L  I N F O R M A T I O N                        *
    ********************************************************************************
 
    Factor     within     T Levels Skip       fuvz      rmfl
    ________________________________________________________________________________
    pelm                  F      1               1         -
    sex                   F      3               1         1
    abt                   F      3 .             1         1
    bg                    F    360 .             1         1
    animal                A  36408               1         1
    skmw                  F      1               -         1
    ________________________________________________________________________________
 
    ********************************************************************************
    *         C O E F F I C I E N T  M A T R I X  I N F O R M A T I O N            *
    ********************************************************************************
 
    Setting up mixed model equations
    ________________________________________________________________________________
    Machine precision (tolerance)      : 0.222045E-15
    Warning theshold on inv. (A-1A)-I  : 0.100000E-06
    Traits transformed. See option     :  all  all
    Covariates transformed. See options:  avg  avg
    Number of equations                :        73550
    Rank of the system                 :        73550
    Equations set to zero              :  abt/3 abt/4 abt/5 abt/6 bg/1 bg/2 bg/26 bg/68 bg/76
                                       : bg/134 bg/178 bg/180 bg/186 bg/188 bg/192 bg/202
                                       : bg/210 bg/214 bg/216 bg/220 bg/226 bg/232 bg/234
                                       : bg/238 bg/240 bg/242 bg/244 bg/246 bg/263 bg/280
                                       : bg/282 bg/296 bg/304 bg/310 bg/316 bg/318 bg/324
                                       : bg/326 bg/328 bg/330 bg/332 bg/338 bg/408 bg/410
                                       : bg/412 bg/414 bg/418 bg/420 bg/422 bg/424 bg/426
                                       : bg/432 bg/434 bg/436 bg/440 bg/441 bg/445 bg/450
                                       : bg/454 bg/458 bg/469 bg/538 bg/541 bg/549 bg/566
                                       : bg/648 bg/694
    # of nonzero coefficients (HS)     :       264248
    Fill of coefficient matrix         :        0.005
    # of NZE in factor                 :       211414
    Total storage required             :      1788988
    Total storage defined (total)      :     80000000
    CPU-time for solving (per rnd)     :      0:00:02
    CPU-time for inverting (per rnd)   :      0:00:36
    MFLOPs during factorization        :        75.39
 
    ********************************************************************************
    *                 E S T I M A T E S   I N F O R M A T I O N                    *
    ********************************************************************************
 
    Tue Oct 16 14:24:50 2007                              CPU time used:     0:00:36
 
    AG Log likelihood :   19074.1560  status :  1   at iteration:      34 /    34
 
 
    ----------------------------- Matrices: NATURAL  -------------------------------
        5  1  1 A  animal                          36408 T T
              0.2543E+03 -0.1581E+02
                          0.2134E+02
 
        7  2  1 E  residual                        1712 T T
              0.1330E+03 -0.5818E+01
                          0.8484E+00
 
    --------------------------- Matrices: Phenotypic  ------------------------------
              0.3873E+03 -0.2163E+02
                          0.2218E+02
 
    ----------------------------- Matrices: RATIOS  --------------------------------
        5  1  1 A  animal                        
              0.6566E+00 -0.2146E+00
                          0.9618E+00
 
        7  2  1 E  residual                      
              0.3434E+00 -0.5477E+00
                          0.3825E-01
 
    ---------------------- Matrices: STD_ERR of components  ------------------------
        5  1  1 A  animal                        
              0.7841E+00  0.9877E+00
                          0.3327E+00
 
        7  2  1 E  residual                      
              0.5791E+00  0.8545E+00
                          0.2177E+00
 
    ------------------------ Matrices: STD_ERR of ratios  --------------------------
        5  1  1 A  animal                        
              0.5538E-01  0.6131E-01
                          0.5116E-01
 
        7  2  1 E  residual                      
              0.5538E-01  0.3869E+00
                          0.5116E-01
 
