     --------------------------------- VCE 5.1.2  -----------------------------------
     16.10.2007  14:25:04            fuvz_ptz.vce                              page 1
 
 
 
    ********************************************************************************
    *                    T R A I T S   A N D   E F F E C T S                       *
    ********************************************************************************
 
    Code Trait name  List of effects
    ________________________________________________________________________________
      1 fuvz        pelm      sex       abt       bg        animal
      2 ptz         pelm      sex       abt       bg        animal    wu
 
    ********************************************************************************
    *               E F F E C T S   A N D   C O V A R I A N C E S                  *
    ********************************************************************************
 
    Code   Effect name Type Length Level Start COVARIANCE  Type Length Level Start Pattern
    ______________________________________________________________________________________
       1   pelm       :  F     2      1      1
       2   sex        :  F     2      3      3
       3   abt        :  F     2      3      9
       4   bg         :  F     2    360     15
       5   animal     :  A     2  36408    735  animal     :  A     2      1      1 T T
       6   wu         :  R     1      5  73551  wu         :  R     1      1      2 T
                                                residual   :  E     2      1      3 T T
    ________________________________________________________________________________
 
    ********************************************************************************
    *                    G E N E R A L  I N F O R M A T I O N                      *
    ********************************************************************************
 
    VCE was started on :  at Tue Oct 16 14:25:04 2007 by: b08mueul
 
    Comments:
    ________________________________________________________________________________
    |                 ************************************************             |
    |                 *                     VCE-5                    *             |
    |                 *                 version 5.1.2                *             |
    |                 *            17-Dez-2003   14:42:53            *             |
    |                 *         Linux 2.6.0-test11-bk11 i686         *             |
    |                 *                  written by                  *             |
    |                 *       Milena Kovac, Eildert Groeneveld       *             |
    |                 *           and Alberto Garcia-Cortez          *             |
    |                 ************************************************             |
    | test mastitis                                                                |
    ________________________________________________________________________________
 
    Files involved
    ________________________________________________________________________________
    Current directory                  : /home/b08mueul/apiis/apiis-kurs/leicoma/zwisss/mslmr
    Parameter file                     : fuvz_ptz.vce
    Data input file                    : blupdata.txt.vce
    Pedigree input file                : blupped.txt.vce
    Log list file                      : fuvz_ptz.vce.lst
    Covariances for dumped into        : fuvz_ptz.vce.cov-bin
    Covariance matrices written in     : fuvz_ptz.vce.cov-fmt
 
    ********************************************************************************
    *                       D A T A  I N F O R M A T I O N                         *
    ********************************************************************************
 
    General statistics
    ___________________________________________________________________
 
    Variables   # rec.      min.        max.        avg.        std.
    ___________________________________________________________________
    fuvz         2156    37.80000   434.00000   215.05533    33.57847
    ptz          2211   379.00000  1246.00000   913.70285   100.99708
    pelm         2212     0.00000   135.00000   111.32446    11.98137
    ___________________________________________________________________
 
    Pattern of traits
    ________________________________
     Count          fuvz       ptz
    ________________________________
       2155        x         x
         56        -         x
          1        x         -
          1        x         -
    ________________________________

     --------------------------------- VCE 5.1.2  -----------------------------------
     16.10.2007  14:25:04            fuvz_ptz.vce                              page 2
 
 
    ********************************************************************************
    *                  P E D I G R E E   I N F O R M A T I O N                     *
    ********************************************************************************
 
    Inbreeding             # of animals
    ________________________________________________________________________________
        0                   36408
    ________________________________________________________________________________
    Number of inbred animals           :            0
    Average inbreeding (inbred animals):         0.00
    Maximum inbreeding                 :         0.00
 
    ********************************************************************************
    *         C O V A R I A N C E   M A T R I X   I N F O R M A T I O N            *
    ********************************************************************************
 
    The following (co)variance matrices will be estimated (starting values):
 
    ----------------------------- Matrices: NATURAL  -------------------------------
        5  1  1 A  animal                          36408 T T
              0.3758E+03  0.6527E+02
                          0.3411E+04
 
        6  2  1 R  wu                              5 T
              0.3400E+04
 
        7  3  1 E  residual                        2155 T T
              0.3758E+03  0.6527E+02
                          0.3411E+04
 
    ________________________________________________________________________________
    ----------------------------- Matrices: RATIOS  --------------------------------
        5  1  1 A  animal                        
              0.5000E+00  0.5764E-01
                          0.3337E+00
 
        6  2  1 R  wu                            
              0.3326E+00
 
        7  3  1 E  residual                      
              0.5000E+00  0.5764E-01
                          0.3337E+00
 
    ________________________________________________________________________________
    Thus, optimization is in 7 dimensions.
 
    ********************************************************************************
    *                      M O D E L  I N F O R M A T I O N                        *
    ********************************************************************************
 
    Factor     within     T Levels Skip       fuvz       ptz
    ________________________________________________________________________________
    pelm                  F      1               1         1
    sex                   F      3               1         1
    abt                   F      3               1         1
    bg                    F    360               1         1
    animal                A  36408               1         1
    wu                    R      5               -         1
    ________________________________________________________________________________
    Non zero coefficients stored       :      50000, filled:   0.2% hit rate:    1.0 at line:    50000
 
    ********************************************************************************
    *                       S E T T I N G    U P    M M E                          *
    ********************************************************************************
 
    Non zero coefficients stored       :     100000, filled:   0.3% hit rate:    1.0 at line:     1179
    Non zero coefficients stored       :     150000, filled:   0.5% hit rate:    1.0 at line:     4867
    Non zero coefficients stored       :     200000, filled:   0.6% hit rate:    1.0 at line:    13906
    Non zero coefficients stored       :     250000, filled:   0.8% hit rate:    1.0 at line:    19184
    All non zeros are loaded           :       281069
    Number of equations                :        73555
    Filling rate of LHS storage space  :       0.8905
    Hit rate by setting up LHS         :       1.0024
    Zero diagonal coefficients stored  :            8
    IS - allocated for ordering with   :     80000000
    Dimension of equation system       :        73555
    Rank of equation system            :        73543
    Time for solving MME (h:min:sec)   :      0:00:02
    Time for inversion (h:min:sec)     :      0:00:02
 
    ********************************************************************************
    *         C O E F F I C I E N T  M A T R I X  I N F O R M A T I O N            *
    ********************************************************************************
 
    Setting up mixed model equations
    ________________________________________________________________________________
    Machine precision (tolerance)      : 0.222045E-15
    Warning theshold on inv. (A-1A)-I  : 0.100000E-06
    Traits transformed. See option     :  all  all
    Covariates transformed. See options:  avg
    Number of equations                :        73555
    Rank of the system                 :        73543
    Equations set to zero              :  sex/2 abt/1 abt/3 abt/4 abt/6 bg/1 bg/263 bg/441
                                       : bg/445 bg/469 bg/541 bg/549
    # of nonzero coefficients (HS)     :       281069
    Fill of coefficient matrix         :        0.005
    # of NZE in factor                 :       224937
    Total storage required             :      1852704
    Total storage defined (total)      :     80000000
    CPU-time for solving (per rnd)     :      0:00:02
    CPU-time for inverting (per rnd)   :      0:00:02
    MFLOPs during factorization        :        60.26

     --------------------------------- VCE 5.1.2  -----------------------------------
     16.10.2007  14:25:07            fuvz_ptz.vce                              page 3
 
 
    ********************************************************************************
    *         C O E F F I C I E N T  M A T R I X  I N F O R M A T I O N            *
    ********************************************************************************
 
    Setting up mixed model equations
    ________________________________________________________________________________
    Machine precision (tolerance)      : 0.222045E-15
    Warning theshold on inv. (A-1A)-I  : 0.100000E-06
    Traits transformed. See option     :  all  all
    Covariates transformed. See options:  avg
    Number of equations                :        73555
    Rank of the system                 :        73543
    Equations set to zero              :  sex/2 abt/1 abt/3 abt/4 abt/6 bg/1 bg/263 bg/441
                                       : bg/445 bg/469 bg/541 bg/549
    # of nonzero coefficients (HS)     :       281069
    Fill of coefficient matrix         :        0.005
    # of NZE in factor                 :       224937
    Total storage required             :      1852704
    Total storage defined (total)      :     80000000
    CPU-time for solving (per rnd)     :      0:00:02
    CPU-time for inverting (per rnd)   :      0:00:02
    MFLOPs during factorization        :        60.26
    Non zero coefficients stored       :      50000, filled:   0.2% hit rate:    1.0 at line:    50000
 
    ********************************************************************************
    *                       S E T T I N G    U P    M M E                          *
    ********************************************************************************
 
    Non zero coefficients stored       :     100000, filled:   0.3% hit rate:    1.0 at line:     1528
    Non zero coefficients stored       :     150000, filled:   0.5% hit rate:    1.0 at line:     6501
    Non zero coefficients stored       :     200000, filled:   0.6% hit rate:    1.0 at line:    15088
    Non zero coefficients stored       :     250000, filled:   0.8% hit rate:    1.0 at line:    21030
    All non zeros are loaded           :       271073
    Number of equations                :        73555
    Filling rate of LHS storage space  :       0.8588
    Hit rate by setting up LHS         :       1.0024
    Zero diagonal coefficients stored  :           12
    AG   4.6     1  19771.49     500   0   0   0   0   0   0   0   0 --  500  57 333 332 500  57 333
    AG   1.0     2  62672.55     925 500   0   0   0   0   0   0   0 --  361 943 411   0 638 983 588
    AG   1.0     3  57540.64       0 925 500   0   0   0   0   0   0 --  360 942 411   0 639 982 588
    AG   1.0     4  51084.63       1   0 925 500   0   0   0   0   0 --  360 941 411   0 639 982 588
    AG   1.0     5  44728.72       3   1   0 925 500   0   0   0   0 --  359 938 412   0 640 980 587
    AG   1.0     6  38149.92       8   3   1   0 925 500   0   0   0 --  357 929 414   0 642 976 584
    AG   1.0     7  31496.52      27   8   3   1   0 925 500   0   0 --  352 902 419   5 647 961 575
    AG   1.2     8  25178.79     102  27   8   3   1   0 925 500   0 --  328 800 424  41 671 894 533
    AG   1.5     9  22043.65     312 102  27   8   3   1   0 925 500 --  129 488 398 188 870 607 413
    AG   1.0    10  19245.54     785 312 102  27   8   3   1   0 925 --  586-130 353 303 413-178 342
    AG   1.0    11  19148.53      80 785 312 102  27   8   3   1   0 --  561-204 353 318 438-259 328
    AG   0.9    12  19072.56     176  80 785 312 102  27   8   3   1 --  576-353 360 326 423-436 313
    AG   1.0    13  19070.81      11 176  80 785 312 102  27   8   3 --  582-343 368 320 417-424 311
    AG   1.0    14  19069.92       9  11 176  80 785 312 102  27   8 --  588-341 377 319 411-422 302
    AG   1.0    15  19066.58      54   9  11 176  80 785 312 102  27 --  621-335 432 315 378-414 252
    AG   1.1    16  19064.94      39  54   9  11 176  80 785 312 102 --  643-341 471 311 356-419 217
    AG   1.0    17  19064.14      27  39  54   9  11 176  80 785 312 --  658-350 499 307 341-427 192
    AG   1.0    18  19064.06       4  27  39  54   9  11 176  80 785 --  659-354 503 307 340-428 188
    AG   1.0    19  19064.01       3   4  27  39  54   9  11 176  80 --  658-358 507 306 341-425 186
    AG   1.2    20  19063.87      13   3   4  27  39  54   9  11 176 --  651-369 514 304 348-412 180
    AG   1.4    21  19063.73      22  13   3   4  27  39  54   9  11 --  641-384 521 301 358-389 176
    AG   1.0    22  19063.65      18  22  13   3   4  27  39  54   9 --  632-395 523 300 367-371 176
    AG   1.0    23  19063.61       6  18  22  13   3   4  27  39  54 --  631-397 522 299 368-364 177
    AG   1.0    24  19063.59       4   6  18  22  13   3   4  27  39 --  634-398 522 299 365-360 178
    AG   1.0    25  19063.56       6   4   6  18  22  13   3   4  27 --  639-400 521 298 360-353 180
    AG   1.0    26  19063.51      12   6   4   6  18  22  13   3   4 --  649-405 522 296 350-341 181
    AG   1.0    27  19063.48      12  12   6   4   6  18  22  13   3 --  657-413 524 294 342-329 181
    AG   1.2    28  19063.47       4  12  12   6   4   6  18  22  13 --  659-416 526 292 340-325 180
    AG   1.0    29  19063.47       0   4  12  12   6   4   6  18  22 --  658-417 527 292 341-324 180
    AG   1.0    30  19063.47       0   0   4  12  12   6   4   6  18 --  657-417 527 292 342-325 180
    AG   1.0    31  19063.47       1   0   0   4  12  12   6   4   6 --  656-417 528 291 343-325 179
    AG   1.2    32  19063.46       3   1   0   0   4  12  12   6   4 --  654-417 531 288 345-326 179
    AG   1.1    33  19063.45       7   3   1   0   0   4  12  12   6 --  652-418 538 280 347-326 180
    AG   1.0    34  19063.43      15   7   3   1   0   0   4  12  12 --  650-418 552 265 349-327 182
    AG   1.0    35  19063.40      19  15   7   3   1   0   0   4  12 --  651-417 567 245 348-328 187
    AG   1.0    36  19063.39       9  19  15   7   3   1   0   0   4 --  654-416 572 235 345-328 191
    AG   1.0    37  19063.38       2   9  19  15   7   3   1   0   0 --  656-415 569 236 343-329 193
    AG   1.0    38  19063.38       1   2   9  19  15   7   3   1   0 --  656-415 568 237 343-329 193
    AG   1.0    39  19063.38       0   1   2   9  19  15   7   3   1 --  656-415 568 237 343-329 193
    AG   1.1    40  19063.38       0   0   1   2   9  19  15   7   3 --  656-414 568 237 343-329 193

     --------------------------------- VCE 5.1.2  -----------------------------------
     16.10.2007  14:25:50            fuvz_ptz.vce                              page 4
 
 
    ********************************************************************************
    *                      M O D E L  I N F O R M A T I O N                        *
    ********************************************************************************
 
    Factor     within     T Levels Skip       fuvz       ptz
    ________________________________________________________________________________
    pelm                  F      1               1         1
    sex                   F      3 .             1         1
    abt                   F      3 .             1         1
    bg                    F    360 .             1         1
    animal                A  36408               1         1
    wu                    R      5               -         1
    ________________________________________________________________________________
 
    ********************************************************************************
    *         C O E F F I C I E N T  M A T R I X  I N F O R M A T I O N            *
    ********************************************************************************
 
    Setting up mixed model equations
    ________________________________________________________________________________
    Machine precision (tolerance)      : 0.222045E-15
    Warning theshold on inv. (A-1A)-I  : 0.100000E-06
    Traits transformed. See option     :  all  all
    Covariates transformed. See options:  avg
    Number of equations                :        73555
    Rank of the system                 :        73555
    Equations set to zero              :  sex/2 abt/1 abt/3 abt/4 abt/6 bg/1 bg/263 bg/441
                                       : bg/445 bg/469 bg/541 bg/549
    # of nonzero coefficients (HS)     :       271073
    Fill of coefficient matrix         :        0.005
    # of NZE in factor                 :       224937
    Total storage required             :      1852704
    Total storage defined (total)      :     80000000
    CPU-time for solving (per rnd)     :      0:00:02
    CPU-time for inverting (per rnd)   :      0:00:45
    MFLOPs during factorization        :        64.67
 
    ********************************************************************************
    *                 E S T I M A T E S   I N F O R M A T I O N                    *
    ********************************************************************************
 
    Tue Oct 16 14:25:50 2007549                           CPU time used:     0:00:45
 
    AG Log likelihood :   19063.3844  status :  1   at iteration:      40 /    40
 
 
    ----------------------------- Matrices: NATURAL  -------------------------------
        5  1  1 A  animal                          36408 T T
              0.2544E+03 -0.4978E+03
                          0.5655E+04
 
        6  2  1 R  wu                              5 T
              0.2364E+04
 
        7  3  1 E  residual                        2155 T T
              0.1331E+03 -0.1668E+03
                          0.1927E+04
 
    --------------------------- Matrices: Phenotypic  ------------------------------
              0.3875E+03 -0.6646E+03
                          0.9946E+04
 
    ----------------------------- Matrices: RATIOS  --------------------------------
        5  1  1 A  animal                        
              0.6566E+00 -0.4150E+00
                          0.5685E+00
 
        6  2  1 R  wu                            
              0.2377E+00
 
        7  3  1 E  residual                      
              0.3434E+00 -0.3294E+00
                          0.1938E+00
 
    ---------------------- Matrices: STD_ERR of components  ------------------------
        5  1  1 A  animal                        
              0.7758E+00  0.9546E+00
                          0.5465E+01
 
        6  2  1 R  wu                            
              0.1462E+02
 
        7  3  1 E  residual                      
              0.5804E+00  0.6961E+00
                          0.3734E+01
 
    ------------------------ Matrices: STD_ERR of ratios  --------------------------
        5  1  1 A  animal                        
              0.2868E+00  0.5653E-01
                          0.4462E-01
 
        6  2  1 R  wu                            
              0.1132E+00
 
        7  3  1 E  residual                      
              0.1500E+00  0.1023E+00
                          0.4070E-01
 
