     --------------------------------- VCE 5.1.2  -----------------------------------
     16.10.2007  14:18:11            imf_usmd.vce                              page 1
 
 
 
    ********************************************************************************
    *                    T R A I T S   A N D   E F F E C T S                       *
    ********************************************************************************
 
    Code Trait name  List of effects
    ________________________________________________________________________________
      1 imf         skmw      sex       abt       bg        animal
      2 usmd                  sex                 bg        animal    lmf       bjq       uss
 
    ********************************************************************************
    *               E F F E C T S   A N D   C O V A R I A N C E S                  *
    ********************************************************************************
 
    Code   Effect name Type Length Level Start COVARIANCE  Type Length Level Start Pattern
    ______________________________________________________________________________________
       1   skmw       :  F     1      1      1
       2   sex        :  F     2      3      2
       3   abt        :  F     1      3      8
       4   bg         :  F     2   1153     11
       5   animal     :  A     2  36408   2317  animal     :  A     2      1      1 T T
       6   lmf        :  F     1      1  75133
       7   bjq        :  F     1      5  75134
       8   uss        :  F     1    284  75139
                                                residual   :  E     2      1      2 T T
    ________________________________________________________________________________
 
    ********************************************************************************
    *                    G E N E R A L  I N F O R M A T I O N                      *
    ********************************************************************************
 
    VCE was started on :  at Tue Oct 16 14:18:11 2007 by: b08mueul
 
    Comments:
    ________________________________________________________________________________
    |                 ************************************************             |
    |                 *                     VCE-5                    *             |
    |                 *                 version 5.1.2                *             |
    |                 *            17-Dez-2003   14:42:53            *             |
    |                 *         Linux 2.6.0-test11-bk11 i686         *             |
    |                 *                  written by                  *             |
    |                 *       Milena Kovac, Eildert Groeneveld       *             |
    |                 *           and Alberto Garcia-Cortez          *             |
    |                 ************************************************             |
    | test mastitis                                                                |
    ________________________________________________________________________________
 
    Files involved
    ________________________________________________________________________________
    Current directory                  : /home/b08mueul/apiis/apiis-kurs/leicoma/zwisss/mslmr
    Parameter file                     : imf_usmd.vce
    Data input file                    : blupdata.txt.vce
    Pedigree input file                : blupped.txt.vce
    Log list file                      : imf_usmd.vce.lst
    Covariances for dumped into        : imf_usmd.vce.cov-bin
    Covariance matrices written in     : imf_usmd.vce.cov-fmt
 
    ********************************************************************************
    *                       D A T A  I N F O R M A T I O N                         *
    ********************************************************************************
 
    General statistics
    ___________________________________________________________________
 
    Variables   # rec.      min.        max.        avg.        std.
    ___________________________________________________________________
    imf          1677     0.69000     5.00000     1.82069     0.57537
    usmd        18916    40.00000    71.00000    53.00550     4.22305
    skmw        20569     0.00000   108.40000     7.33397    24.37419
    lmf         20569     0.00000   160.00000   101.47597    28.26269
    ___________________________________________________________________
 
    Pattern of traits
    ________________________________
     Count           imf      usmd
    ________________________________
         24        x         x
      18892        -         x
       1653        x         -
       1653        x         -
    ________________________________

     --------------------------------- VCE 5.1.2  -----------------------------------
     16.10.2007  14:18:11            imf_usmd.vce                              page 2
 
 
    ********************************************************************************
    *                  P E D I G R E E   I N F O R M A T I O N                     *
    ********************************************************************************
 
    Inbreeding             # of animals
    ________________________________________________________________________________
        0                   36408
    ________________________________________________________________________________
    Number of inbred animals           :            0
    Average inbreeding (inbred animals):         0.00
    Maximum inbreeding                 :         0.00
 
    ********************************************************************************
    *         C O V A R I A N C E   M A T R I X   I N F O R M A T I O N            *
    ********************************************************************************
 
    The following (co)variance matrices will be estimated (starting values):
 
    ----------------------------- Matrices: NATURAL  -------------------------------
        5  1  1 A  animal                          36408 T T
              0.1655E+00  0.8591E-01
                          0.8962E+01
 
        9  2  1 E  residual                        24 T T
              0.1655E+00  0.8591E-01
                          0.8962E+01
 
    ________________________________________________________________________________
    ----------------------------- Matrices: RATIOS  --------------------------------
        5  1  1 A  animal                        
              0.5000E+00  0.7053E-01
                          0.5000E+00
 
        9  2  1 E  residual                      
              0.5000E+00  0.7053E-01
                          0.5000E+00
 
    ________________________________________________________________________________
    Thus, optimization is in 6 dimensions.
 
    ********************************************************************************
    *                      M O D E L  I N F O R M A T I O N                        *
    ********************************************************************************
 
    Factor     within     T Levels Skip        imf      usmd
    ________________________________________________________________________________
    skmw                  F      1               1         -
    sex                   F      3               1         1
    abt                   F      3               1         -
    bg                    F   1153               1         1
    animal                A  36408               1         1
    lmf                   F      1               -         1
    bjq                   F      5               -         1
    uss                   F    284               -         1
    ________________________________________________________________________________
    Non zero coefficients stored       :      50000, filled:   0.2% hit rate:    1.0 at line:    50000
 
    ********************************************************************************
    *                       S E T T I N G    U P    M M E                          *
    ********************************************************************************
 
    Non zero coefficients stored       :     100000, filled:   0.3% hit rate:    1.0 at line:     4354
    Non zero coefficients stored       :     150000, filled:   0.5% hit rate:    1.0 at line:    14036
    Non zero coefficients stored       :     200000, filled:   0.6% hit rate:    1.0 at line:    21975
    Non zero coefficients stored       :     250000, filled:   0.8% hit rate:    1.0 at line:    30053
    Non zero coefficients stored       :     300000, filled:   1.0% hit rate:    1.0 at line:    36181
    All non zeros are loaded           :       345483
    Number of equations                :        75422
    Filling rate of LHS storage space  :       1.0946
    Hit rate by setting up LHS         :       1.0028
    Zero diagonal coefficients stored  :         1133
    IS - allocated for ordering with   :     80000000
    Dimension of equation system       :        75422
    Rank of equation system            :        74281
    Time for solving MME (h:min:sec)   :      0:00:11
    Time for inversion (h:min:sec)     :      0:00:12
 
    ********************************************************************************
    *         C O E F F I C I E N T  M A T R I X  I N F O R M A T I O N            *
    ********************************************************************************
 
    Setting up mixed model equations
    ________________________________________________________________________________
    Machine precision (tolerance)      : 0.222045E-15
    Warning theshold on inv. (A-1A)-I  : 0.100000E-06
    Traits transformed. See option     :  all  all
    Covariates transformed. See options:  avg  avg
    Number of equations                :        75422
    Rank of the system                 :        74281
    Equations set to zero              :  sex/2 sex/6 abt/1 abt/2 bg/1 bg/4 bg/6 bg/8 bg/10
                                       : bg/11 bg/13 bg/15 bg/17 bg/19 bg/24 bg/26 bg/27 bg/30
                                       : bg/32 bg/34 bg/36 bg/38 bg/40 bg/42 bg/44 bg/46 bg/48
                                       : bg/50 bg/52 bg/54 bg/56 bg/58 bg/60 bg/62 bg/64 bg/66
                                       : bg/68 bg/70 bg/72 bg/74 bg/76 bg/78 bg/80 bg/81 bg/83
                                       : bg/85 bg/87 bg/89 bg/91 bg/93 bg/95 bg/97 bg/101
                                       : bg/104 bg/105 bg/111 bg/115 bg/117 bg/119 bg/121
                                       : bg/123 bg/125 bg/127 bg/129 bg/131 bg/133 bg/135
                                       : bg/137 bg/139 bg/143 bg/145 bg/149 bg/151 bg/153
                                       : bg/157 bg/159 bg/161 bg/163 bg/165 bg/175 bg/179
                                       : bg/183 bg/185 bg/187 bg/189 bg/191 bg/193 bg/195
                                       : bg/197 bg/199 bg/201 bg/203 bg/205 bg/207 bg/209
                                       : bg/212 bg/213 bg/215 bg/217 bg/223 bg/225 bg/230
                                       : bg/238 bg/240 bg/242 bg/244 bg/246 bg/248 bg/249
                                       : bg/251 bg/253 bg/255 bg/257 bg/259 bg/261 bg/263
                                       : bg/265 bg/267 bg/271 bg/273 bg/275 bg/277 bg/279
                                       : bg/287 bg/291 bg/299 bg/301 bg/303 bg/307 bg/309
                                       : bg/311 bg/313 bg/319 bg/323 bg/325 bg/327 bg/331
                                       : bg/333 bg/335 bg/337 bg/339 bg/341 bg/343 bg/345
                                       : bg/347 bg/349 bg/353 bg/355 bg/357 bg/359 bg/363
                                       : bg/365 bg/371 bg/381 bg/383 bg/385 bg/387 bg/389
                                       : bg/391 bg/395 bg/397 bg/399 bg/401 bg/403 bg/405
                                       : bg/407 bg/409 bg/411 bg/413 bg/415 bg/417 bg/419
                                       : bg/421 bg/423 bg/425 bg/427 bg/429 bg/431 bg/433
                                       : bg/435 bg/437 bg/439 bg/441 bg/443 bg/445 bg/447
                                       : bg/449 bg/451 bg/453 bg/457 bg/459 bg/461 bg/463
                                       : bg/465 bg/467 bg/469 bg/477 bg/479 bg/483 bg/485
                                       : bg/487 bg/489 bg/491 bg/493 bg/497 bg/499 bg/501
                                       : bg/503 bg/505 bg/507 bg/511 bg/513 bg/515 bg/517
                                       : bg/519 bg/521 bg/523 bg/525 bg/527 bg/529 bg/531
                                       : bg/533 bg/535 bg/537 bg/539 bg/543 bg/545 bg/547
                                       : bg/549 bg/551 bg/553 bg/557 bg/559 bg/561 bg/563
                                       : bg/565 bg/569 bg/571 bg/573 bg/575 bg/577 bg/579
                                       : bg/581 bg/583 bg/585 bg/587 bg/589 bg/591 bg/595
                                       : bg/597 bg/599 bg/601 bg/605 bg/607 bg/609 bg/611
                                       : bg/613 bg/615 bg/617 bg/619 bg/621 bg/623 bg/625
                                       : bg/627 bg/629 bg/631 bg/633 bg/635 bg/637 bg/641
                                       : bg/642 bg/643 bg/645 bg/647 bg/649 bg/652 bg/653
                                       : bg/655 bg/657 bg/659 bg/661 bg/663 bg/665 bg/667
                                       : bg/669 bg/671 bg/673 bg/675 bg/679 bg/681 bg/683
                                       : bg/685 bg/687 bg/689 bg/691 bg/693 bg/695 bg/697
                                       : bg/699 bg/701 bg/703 bg/705 bg/707 bg/709 bg/713
                                       : bg/715 bg/719 bg/721 bg/725 bg/727 bg/729 bg/731
                                       : bg/733 bg/735 bg/737 bg/741 bg/743 bg/747 bg/749
                                       : bg/751 bg/753 bg/755 bg/757 bg/759 bg/761 bg/763
                                       : bg/767 bg/773 bg/777 bg/779 bg/781 bg/783 bg/785
                                       : bg/787 bg/789 bg/791 bg/793 bg/795 bg/797 bg/799
                                       : bg/801 bg/805 bg/807 bg/809 bg/811 bg/813 bg/815
                                       : bg/817 bg/821 bg/823 bg/825 bg/827 bg/833 bg/835
                                       : bg/837 bg/839 bg/841 bg/843 bg/845 bg/847 bg/849
                                       : bg/851 bg/853 bg/855 bg/857 bg/859 bg/861 bg/863
                                       : bg/865 bg/867 bg/869 bg/871 bg/873 bg/875 bg/877
                                       : bg/879 bg/881 bg/883 bg/885 bg/887 bg/889 bg/891
                                       : bg/893 bg/897 bg/899 bg/901 bg/903 bg/905 bg/907
                                       : bg/909 bg/911 bg/913 bg/915 bg/919 bg/921 bg/923
                                       : bg/925 bg/927 bg/929 bg/931 bg/935 bg/937 bg/939
                                       : bg/941 bg/943 bg/945 bg/947 bg/949 bg/951 bg/953
                                       : bg/955 bg/957 bg/959 bg/961 bg/963 bg/965 bg/967
                                       : bg/969 bg/971 bg/973 bg/975 bg/977 bg/979 bg/981
                                       : bg/983 bg/985 bg/987 bg/989 bg/991 bg/993 bg/995
                                       : bg/997 bg/999 bg/1001 bg/1003 bg/1005 bg/1009 bg/1011
                                       : bg/1013 bg/1019 bg/1021 bg/1023 bg/1025 bg/1027
                                       : bg/1031 bg/1035 bg/1037 bg/1039 bg/1041 bg/1043
                                       : bg/1045 bg/1047 bg/1049 bg/1051 bg/1053 bg/1055
                                       : bg/1057 bg/1059 bg/1061 bg/1063 bg/1065 bg/1067
                                       : bg/1069 bg/1071 bg/1073 bg/1075 bg/1077 bg/1079
                                       : bg/1081 bg/1083 bg/1085 bg/1087 bg/1089 bg/1091
                                       : bg/1093 bg/1095 bg/1097 bg/1099 bg/1101 bg/1103
                                       : bg/1105 bg/1107 bg/1109 bg/1115 bg/1117 bg/1121
                                       : bg/1123 bg/1125 bg/1129 bg/1131 bg/1135 bg/1137
                                       : bg/1143 bg/1145 bg/1147 bg/1149 bg/1151 bg/1153
                                       : bg/1155 bg/1157 bg/1159 bg/1161 bg/1163 bg/1165
                                       : bg/1167 bg/1169 bg/1171 bg/1173 bg/1175 bg/1177
                                       : bg/1179 bg/1181 bg/1183 bg/1185 bg/1187 bg/1189
                                       : bg/1191 bg/1193 bg/1195 bg/1197 bg/1201 bg/1203
                                       : bg/1207 bg/1209 bg/1211 bg/1213 bg/1215 bg/1217
                                       : bg/1219 bg/1221 bg/1223 bg/1225 bg/1227 bg/1229
                                       : bg/1231 bg/1233 bg/1235 bg/1237 bg/1239 bg/1241
                                       : bg/1243 bg/1245 bg/1247 bg/1249 bg/1251 bg/1253
                                       : bg/1255 bg/1257 bg/1259 bg/1261 bg/1265 bg/1267
                                       : bg/1269 bg/1271 bg/1273 bg/1275 bg/1277 bg/1279
                                       : bg/1281 bg/1283 bg/1285 bg/1287 bg/1289 bg/1293
                                       : bg/1295 bg/1297 bg/1299 bg/1301 bg/1303 bg/1305
                                       : bg/1307 bg/1309 bg/1311 bg/1313 bg/1315 bg/1317
                                       : bg/1319 bg/1321 bg/1323 bg/1325 bg/1327 bg/1329
                                       : bg/1333 bg/1335 bg/1337 bg/1339 bg/1341 bg/1343
                                       : bg/1345 bg/1347 bg/1349 bg/1351 bg/1353 bg/1355
                                       : bg/1357 bg/1359 bg/1361 bg/1363 bg/1365 bg/1367
                                       : bg/1369 bg/1371 bg/1373 bg/1375 bg/1377 bg/1379
                                       : bg/1381 bg/1383 bg/1385 bg/1387 bg/1389 bg/1391
                                       : bg/1393 bg/1395 bg/1397 bg/1399 bg/1401 bg/1403
                                       : bg/1405 bg/1407 bg/1409 bg/1411 bg/1413 bg/1417
                                       : bg/1419 bg/1421 bg/1423 bg/1425 bg/1427 bg/1429
                                       : bg/1431 bg/1433 bg/1435 bg/1437 bg/1439 bg/1441
                                       : bg/1443 bg/1445 bg/1447 bg/1451 bg/1453 bg/1455
                                       : bg/1457 bg/1459 bg/1461 bg/1463 bg/1465 bg/1467
                                       : bg/1469 bg/1471 bg/1473 bg/1475 bg/1477 bg/1479
                                       : bg/1481 bg/1483 bg/1485 bg/1487 bg/1489 bg/1494
                                       : bg/1497 bg/1499 bg/1501 bg/1505 bg/1509 bg/1511
                                       : bg/1513 bg/1515 bg/1519 bg/1521 bg/1523 bg/1529
                                       : bg/1533 bg/1535 bg/1543 bg/1545 bg/1547 bg/1549
                                       : bg/1551 bg/1553 bg/1555 bg/1557 bg/1559 bg/1561
                                       : bg/1565 bg/1567 bg/1569 bg/1571 bg/1573 bg/1575
                                       : bg/1578 bg/1580 bg/1582 bg/1584 bg/1586 bg/1588
                                       : bg/1590 bg/1592 bg/1594 bg/1596 bg/1597 bg/1599
                                       : bg/1601 bg/1603 bg/1605 bg/1607 bg/1611 bg/1613
                                       : bg/1615 bg/1621 bg/1623 bg/1625 bg/1627 bg/1629
                                       : bg/1631 bg/1633 bg/1635 bg/1637 bg/1639 bg/1641
                                       : bg/1645 bg/1649 bg/1651 bg/1653 bg/1655 bg/1657
                                       : bg/1659 bg/1661 bg/1663 bg/1667 bg/1669 bg/1671
                                       : bg/1673 bg/1675 bg/1677 bg/1679 bg/1681 bg/1683
                                       : bg/1685 bg/1688 bg/1690 bg/1691 bg/1692 bg/1693
                                       : bg/1695 bg/1697 bg/1701 bg/1703 bg/1705 bg/1707
                                       : bg/1709 bg/1712 bg/1714 bg/1715 bg/1717 bg/1719
                                       : bg/1722 bg/1723 bg/1726 bg/1728 bg/1730 bg/1732
                                       : bg/1733 bg/1736 bg/1737 bg/1739 bg/1741 bg/1743
                                       : bg/1745 bg/1747 bg/1749 bg/1751 bg/1753 bg/1755
                                       : bg/1757 bg/1759 bg/1761 bg/1763 bg/1765 bg/1767
                                       : bg/1769 bg/1771 bg/1773 bg/1775 bg/1777 bg/1779
                                       : bg/1781 bg/1785 bg/1787 bg/1789 bg/1791 bg/1793
                                       : bg/1795 bg/1797 bg/1799 bg/1801 bg/1803 bg/1805
                                       : bg/1807 bg/1809 bg/1811 bg/1813 bg/1815 bg/1817
                                       : bg/1819 bg/1821 bg/1823 bg/1825 bg/1829 bg/1833
                                       : bg/1835 bg/1839 bg/1841 bg/1843 bg/1847 bg/1849
                                       : bg/1851 bg/1853 bg/1855 bg/1859 bg/1867 bg/1869
                                       : bg/1871 bg/1873 bg/1875 bg/1877 bg/1879 bg/1881
                                       : bg/1883 bg/1885 bg/1887 bg/1889 bg/1891 bg/1895
                                       : bg/1897 bg/1899 bg/1903 bg/1907 bg/1909 bg/1911
                                       : bg/1913 bg/1917 bg/1931 bg/1933 bg/1935 bg/1951
                                       : bg/1955 bg/1959 bg/1965 bg/1967 bg/1971 bg/1977
                                       : bg/1979 bg/1983 bg/1987 bg/1989 bg/1991 bg/1993
                                       : bg/1995 bg/1997 bg/2001 bg/2003 bg/2007 bg/2009
                                       : bg/2011 bg/2014 bg/2017 bg/2021 bg/2025 bg/2027
                                       : bg/2029 bg/2031 bg/2033 bg/2037 bg/2043 bg/2055
                                       : bg/2057 bg/2064 bg/2067 bg/2071 bg/2073 bg/2081
                                       : bg/2083 bg/2086 bg/2091 bg/2095 bg/2103 bg/2107
                                       : bg/2109 bg/2111 bg/2114 bg/2115 bg/2123 bg/2127
                                       : bg/2133 bg/2137 bg/2139 bg/2142 bg/2143 bg/2148
                                       : bg/2156 bg/2157 bg/2160 bg/2163 bg/2165 bg/2167
                                       : bg/2173 bg/2176 bg/2179 bg/2182 bg/2184 bg/2186
                                       : bg/2188 bg/2191 bg/2195 bg/2197 bg/2199 bg/2202
                                       : bg/2203 bg/2206 bg/2210 bg/2214 bg/2216 bg/2217
                                       : bg/2219 bg/2222 bg/2224 bg/2226 bg/2228 bg/2229
                                       : bg/2234 bg/2236 bg/2238 bg/2240 bg/2242 bg/2244
                                       : bg/2246 bg/2248 bg/2250 bg/2251 bg/2253 bg/2255
                                       : bg/2257 bg/2259 bg/2261 bg/2263 bg/2265 bg/2267
                                       : bg/2269 bg/2271 bg/2273 bg/2275 bg/2277 bg/2280
                                       : bg/2282 bg/2284 bg/2286 bg/2288 bg/2290 bg/2291
                                       : bg/2296 bg/2298 bg/2300 bg/2302 bg/2304 bg/2306 bjq/3
                                       : uss/1 uss/2 uss/3 uss/4 uss/5 uss/6 uss/7 uss/8 uss/9
                                       : uss/10 uss/11 uss/12 uss/13 uss/14 uss/15 uss/16
                                       : uss/17 uss/18 uss/19 uss/20 uss/21 uss/22 uss/23
                                       : uss/24 uss/25 uss/26 uss/27 uss/28 uss/29 uss/30
                                       : uss/31 uss/32 uss/33 uss/34 uss/35 uss/36 uss/37
                                       : uss/38 uss/39 uss/40 uss/41 uss/42 uss/43 uss/44
                                       : uss/45 uss/46 uss/47 uss/48 uss/49 uss/50 uss/51
                                       : uss/52 uss/53 uss/54 uss/55 uss/56 uss/57 uss/58
                                       : uss/59 uss/60 uss/61 uss/62 uss/63 uss/64 uss/65
                                       : uss/66 uss/67 uss/68 uss/69 uss/70 uss/71 uss/72
                                       : uss/73 uss/74 uss/75 uss/76 uss/77 uss/78 uss/79
                                       : uss/80 uss/81 uss/82 uss/83 uss/84 uss/85 uss/86
                                       : uss/87 uss/88 uss/89 uss/90 uss/91 uss/92 uss/93
                                       : uss/94 uss/95 uss/96 uss/97 uss/98 uss/104 uss/111
                                       : uss/114 uss/119 uss/121 uss/122 uss/126 uss/128
                                       : uss/136 uss/137 uss/151 uss/153 uss/154 uss/155
                                       : uss/159 uss/163 uss/166 uss/170 uss/174 uss/175
                                       : uss/176 uss/177 uss/179 uss/180 uss/181 uss/183
                                       : uss/190 uss/192 uss/194 uss/198 uss/204 uss/207
                                       : uss/216 uss/226 uss/231 uss/237 uss/238 uss/239
                                       : uss/241 uss/242 uss/243 uss/245 uss/251 uss/252
                                       : uss/253 uss/254 uss/255 uss/256 uss/257 uss/258
                                       : uss/259 uss/260 uss/261 uss/262 uss/263 uss/264
                                       : uss/265 uss/266 uss/267 uss/268 uss/269 uss/270
                                       : uss/271 uss/272 uss/273 uss/274 uss/275 uss/276
                                       : uss/277 uss/278 uss/279 uss/280 uss/281 uss/282
                                       : uss/283 uss/284
    # of nonzero coefficients (HS)     :       345483
    Fill of coefficient matrix         :        0.006
    # of NZE in factor                 :       296658
    Total storage required             :      2264334
    Total storage defined (total)      :     80000000
    CPU-time for solving (per rnd)     :      0:00:11
    CPU-time for inverting (per rnd)   :      0:00:12
    MFLOPs during factorization        :        79.84

     --------------------------------- VCE 5.1.2  -----------------------------------
     16.10.2007  14:18:23            imf_usmd.vce                              page 3
 
 
    ********************************************************************************
    *         C O E F F I C I E N T  M A T R I X  I N F O R M A T I O N            *
    ********************************************************************************
 
    Setting up mixed model equations
    ________________________________________________________________________________
    Machine precision (tolerance)      : 0.222045E-15
    Warning theshold on inv. (A-1A)-I  : 0.100000E-06
    Traits transformed. See option     :  all  all
    Covariates transformed. See options:  avg  avg
    Number of equations                :        75422
    Rank of the system                 :        74281
    Equations set to zero              :  sex/2 sex/6 abt/1 abt/2 bg/1 bg/4 bg/6 bg/8 bg/10
                                       : bg/11 bg/13 bg/15 bg/17 bg/19 bg/24 bg/26 bg/27 bg/30
                                       : bg/32 bg/34 bg/36 bg/38 bg/40 bg/42 bg/44 bg/46 bg/48
                                       : bg/50 bg/52 bg/54 bg/56 bg/58 bg/60 bg/62 bg/64 bg/66
                                       : bg/68 bg/70 bg/72 bg/74 bg/76 bg/78 bg/80 bg/81 bg/83
                                       : bg/85 bg/87 bg/89 bg/91 bg/93 bg/95 bg/97 bg/101
                                       : bg/104 bg/105 bg/111 bg/115 bg/117 bg/119 bg/121
                                       : bg/123 bg/125 bg/127 bg/129 bg/131 bg/133 bg/135
                                       : bg/137 bg/139 bg/143 bg/145 bg/149 bg/151 bg/153
                                       : bg/157 bg/159 bg/161 bg/163 bg/165 bg/175 bg/179
                                       : bg/183 bg/185 bg/187 bg/189 bg/191 bg/193 bg/195
                                       : bg/197 bg/199 bg/201 bg/203 bg/205 bg/207 bg/209
                                       : bg/212 bg/213 bg/215 bg/217 bg/223 bg/225 bg/230
                                       : bg/238 bg/240 bg/242 bg/244 bg/246 bg/248 bg/249
                                       : bg/251 bg/253 bg/255 bg/257 bg/259 bg/261 bg/263
                                       : bg/265 bg/267 bg/271 bg/273 bg/275 bg/277 bg/279
                                       : bg/287 bg/291 bg/299 bg/301 bg/303 bg/307 bg/309
                                       : bg/311 bg/313 bg/319 bg/323 bg/325 bg/327 bg/331
                                       : bg/333 bg/335 bg/337 bg/339 bg/341 bg/343 bg/345
                                       : bg/347 bg/349 bg/353 bg/355 bg/357 bg/359 bg/363
                                       : bg/365 bg/371 bg/381 bg/383 bg/385 bg/387 bg/389
                                       : bg/391 bg/395 bg/397 bg/399 bg/401 bg/403 bg/405
                                       : bg/407 bg/409 bg/411 bg/413 bg/415 bg/417 bg/419
                                       : bg/421 bg/423 bg/425 bg/427 bg/429 bg/431 bg/433
                                       : bg/435 bg/437 bg/439 bg/441 bg/443 bg/445 bg/447
                                       : bg/449 bg/451 bg/453 bg/457 bg/459 bg/461 bg/463
                                       : bg/465 bg/467 bg/469 bg/477 bg/479 bg/483 bg/485
                                       : bg/487 bg/489 bg/491 bg/493 bg/497 bg/499 bg/501
                                       : bg/503 bg/505 bg/507 bg/511 bg/513 bg/515 bg/517
                                       : bg/519 bg/521 bg/523 bg/525 bg/527 bg/529 bg/531
                                       : bg/533 bg/535 bg/537 bg/539 bg/543 bg/545 bg/547
                                       : bg/549 bg/551 bg/553 bg/557 bg/559 bg/561 bg/563
                                       : bg/565 bg/569 bg/571 bg/573 bg/575 bg/577 bg/579
                                       : bg/581 bg/583 bg/585 bg/587 bg/589 bg/591 bg/595
                                       : bg/597 bg/599 bg/601 bg/605 bg/607 bg/609 bg/611
                                       : bg/613 bg/615 bg/617 bg/619 bg/621 bg/623 bg/625
                                       : bg/627 bg/629 bg/631 bg/633 bg/635 bg/637 bg/641
                                       : bg/642 bg/643 bg/645 bg/647 bg/649 bg/652 bg/653
                                       : bg/655 bg/657 bg/659 bg/661 bg/663 bg/665 bg/667
                                       : bg/669 bg/671 bg/673 bg/675 bg/679 bg/681 bg/683
                                       : bg/685 bg/687 bg/689 bg/691 bg/693 bg/695 bg/697
                                       : bg/699 bg/701 bg/703 bg/705 bg/707 bg/709 bg/713
                                       : bg/715 bg/719 bg/721 bg/725 bg/727 bg/729 bg/731
                                       : bg/733 bg/735 bg/737 bg/741 bg/743 bg/747 bg/749
                                       : bg/751 bg/753 bg/755 bg/757 bg/759 bg/761 bg/763
                                       : bg/767 bg/773 bg/777 bg/779 bg/781 bg/783 bg/785
                                       : bg/787 bg/789 bg/791 bg/793 bg/795 bg/797 bg/799
                                       : bg/801 bg/805 bg/807 bg/809 bg/811 bg/813 bg/815
                                       : bg/817 bg/821 bg/823 bg/825 bg/827 bg/833 bg/835
                                       : bg/837 bg/839 bg/841 bg/843 bg/845 bg/847 bg/849
                                       : bg/851 bg/853 bg/855 bg/857 bg/859 bg/861 bg/863
                                       : bg/865 bg/867 bg/869 bg/871 bg/873 bg/875 bg/877
                                       : bg/879 bg/881 bg/883 bg/885 bg/887 bg/889 bg/891
                                       : bg/893 bg/897 bg/899 bg/901 bg/903 bg/905 bg/907
                                       : bg/909 bg/911 bg/913 bg/915 bg/919 bg/921 bg/923
                                       : bg/925 bg/927 bg/929 bg/931 bg/935 bg/937 bg/939
                                       : bg/941 bg/943 bg/945 bg/947 bg/949 bg/951 bg/953
                                       : bg/955 bg/957 bg/959 bg/961 bg/963 bg/965 bg/967
                                       : bg/969 bg/971 bg/973 bg/975 bg/977 bg/979 bg/981
                                       : bg/983 bg/985 bg/987 bg/989 bg/991 bg/993 bg/995
                                       : bg/997 bg/999 bg/1001 bg/1003 bg/1005 bg/1009 bg/1011
                                       : bg/1013 bg/1019 bg/1021 bg/1023 bg/1025 bg/1027
                                       : bg/1031 bg/1035 bg/1037 bg/1039 bg/1041 bg/1043
                                       : bg/1045 bg/1047 bg/1049 bg/1051 bg/1053 bg/1055
                                       : bg/1057 bg/1059 bg/1061 bg/1063 bg/1065 bg/1067
                                       : bg/1069 bg/1071 bg/1073 bg/1075 bg/1077 bg/1079
                                       : bg/1081 bg/1083 bg/1085 bg/1087 bg/1089 bg/1091
                                       : bg/1093 bg/1095 bg/1097 bg/1099 bg/1101 bg/1103
                                       : bg/1105 bg/1107 bg/1109 bg/1115 bg/1117 bg/1121
                                       : bg/1123 bg/1125 bg/1129 bg/1131 bg/1135 bg/1137
                                       : bg/1143 bg/1145 bg/1147 bg/1149 bg/1151 bg/1153
                                       : bg/1155 bg/1157 bg/1159 bg/1161 bg/1163 bg/1165
                                       : bg/1167 bg/1169 bg/1171 bg/1173 bg/1175 bg/1177
                                       : bg/1179 bg/1181 bg/1183 bg/1185 bg/1187 bg/1189
                                       : bg/1191 bg/1193 bg/1195 bg/1197 bg/1201 bg/1203
                                       : bg/1207 bg/1209 bg/1211 bg/1213 bg/1215 bg/1217
                                       : bg/1219 bg/1221 bg/1223 bg/1225 bg/1227 bg/1229
                                       : bg/1231 bg/1233 bg/1235 bg/1237 bg/1239 bg/1241
                                       : bg/1243 bg/1245 bg/1247 bg/1249 bg/1251 bg/1253
                                       : bg/1255 bg/1257 bg/1259 bg/1261 bg/1265 bg/1267
                                       : bg/1269 bg/1271 bg/1273 bg/1275 bg/1277 bg/1279
                                       : bg/1281 bg/1283 bg/1285 bg/1287 bg/1289 bg/1293
                                       : bg/1295 bg/1297 bg/1299 bg/1301 bg/1303 bg/1305
                                       : bg/1307 bg/1309 bg/1311 bg/1313 bg/1315 bg/1317
                                       : bg/1319 bg/1321 bg/1323 bg/1325 bg/1327 bg/1329
                                       : bg/1333 bg/1335 bg/1337 bg/1339 bg/1341 bg/1343
                                       : bg/1345 bg/1347 bg/1349 bg/1351 bg/1353 bg/1355
                                       : bg/1357 bg/1359 bg/1361 bg/1363 bg/1365 bg/1367
                                       : bg/1369 bg/1371 bg/1373 bg/1375 bg/1377 bg/1379
                                       : bg/1381 bg/1383 bg/1385 bg/1387 bg/1389 bg/1391
                                       : bg/1393 bg/1395 bg/1397 bg/1399 bg/1401 bg/1403
                                       : bg/1405 bg/1407 bg/1409 bg/1411 bg/1413 bg/1417
                                       : bg/1419 bg/1421 bg/1423 bg/1425 bg/1427 bg/1429
                                       : bg/1431 bg/1433 bg/1435 bg/1437 bg/1439 bg/1441
                                       : bg/1443 bg/1445 bg/1447 bg/1451 bg/1453 bg/1455
                                       : bg/1457 bg/1459 bg/1461 bg/1463 bg/1465 bg/1467
                                       : bg/1469 bg/1471 bg/1473 bg/1475 bg/1477 bg/1479
                                       : bg/1481 bg/1483 bg/1485 bg/1487 bg/1489 bg/1494
                                       : bg/1497 bg/1499 bg/1501 bg/1505 bg/1509 bg/1511
                                       : bg/1513 bg/1515 bg/1519 bg/1521 bg/1523 bg/1529
                                       : bg/1533 bg/1535 bg/1543 bg/1545 bg/1547 bg/1549
                                       : bg/1551 bg/1553 bg/1555 bg/1557 bg/1559 bg/1561
                                       : bg/1565 bg/1567 bg/1569 bg/1571 bg/1573 bg/1575
                                       : bg/1578 bg/1580 bg/1582 bg/1584 bg/1586 bg/1588
                                       : bg/1590 bg/1592 bg/1594 bg/1596 bg/1597 bg/1599
                                       : bg/1601 bg/1603 bg/1605 bg/1607 bg/1611 bg/1613
                                       : bg/1615 bg/1621 bg/1623 bg/1625 bg/1627 bg/1629
                                       : bg/1631 bg/1633 bg/1635 bg/1637 bg/1639 bg/1641
                                       : bg/1645 bg/1649 bg/1651 bg/1653 bg/1655 bg/1657
                                       : bg/1659 bg/1661 bg/1663 bg/1667 bg/1669 bg/1671
                                       : bg/1673 bg/1675 bg/1677 bg/1679 bg/1681 bg/1683
                                       : bg/1685 bg/1688 bg/1690 bg/1691 bg/1692 bg/1693
                                       : bg/1695 bg/1697 bg/1701 bg/1703 bg/1705 bg/1707
                                       : bg/1709 bg/1712 bg/1714 bg/1715 bg/1717 bg/1719
                                       : bg/1722 bg/1723 bg/1726 bg/1728 bg/1730 bg/1732
                                       : bg/1733 bg/1736 bg/1737 bg/1739 bg/1741 bg/1743
                                       : bg/1745 bg/1747 bg/1749 bg/1751 bg/1753 bg/1755
                                       : bg/1757 bg/1759 bg/1761 bg/1763 bg/1765 bg/1767
                                       : bg/1769 bg/1771 bg/1773 bg/1775 bg/1777 bg/1779
                                       : bg/1781 bg/1785 bg/1787 bg/1789 bg/1791 bg/1793
                                       : bg/1795 bg/1797 bg/1799 bg/1801 bg/1803 bg/1805
                                       : bg/1807 bg/1809 bg/1811 bg/1813 bg/1815 bg/1817
                                       : bg/1819 bg/1821 bg/1823 bg/1825 bg/1829 bg/1833
                                       : bg/1835 bg/1839 bg/1841 bg/1843 bg/1847 bg/1849
                                       : bg/1851 bg/1853 bg/1855 bg/1859 bg/1867 bg/1869
                                       : bg/1871 bg/1873 bg/1875 bg/1877 bg/1879 bg/1881
                                       : bg/1883 bg/1885 bg/1887 bg/1889 bg/1891 bg/1895
                                       : bg/1897 bg/1899 bg/1903 bg/1907 bg/1909 bg/1911
                                       : bg/1913 bg/1917 bg/1931 bg/1933 bg/1935 bg/1951
                                       : bg/1955 bg/1959 bg/1965 bg/1967 bg/1971 bg/1977
                                       : bg/1979 bg/1983 bg/1987 bg/1989 bg/1991 bg/1993
                                       : bg/1995 bg/1997 bg/2001 bg/2003 bg/2007 bg/2009
                                       : bg/2011 bg/2014 bg/2017 bg/2021 bg/2025 bg/2027
                                       : bg/2029 bg/2031 bg/2033 bg/2037 bg/2043 bg/2055
                                       : bg/2057 bg/2064 bg/2067 bg/2071 bg/2073 bg/2081
                                       : bg/2083 bg/2086 bg/2091 bg/2095 bg/2103 bg/2107
                                       : bg/2109 bg/2111 bg/2114 bg/2115 bg/2123 bg/2127
                                       : bg/2133 bg/2137 bg/2139 bg/2142 bg/2143 bg/2148
                                       : bg/2156 bg/2157 bg/2160 bg/2163 bg/2165 bg/2167
                                       : bg/2173 bg/2176 bg/2179 bg/2182 bg/2184 bg/2186
                                       : bg/2188 bg/2191 bg/2195 bg/2197 bg/2199 bg/2202
                                       : bg/2203 bg/2206 bg/2210 bg/2214 bg/2216 bg/2217
                                       : bg/2219 bg/2222 bg/2224 bg/2226 bg/2228 bg/2229
                                       : bg/2234 bg/2236 bg/2238 bg/2240 bg/2242 bg/2244
                                       : bg/2246 bg/2248 bg/2250 bg/2251 bg/2253 bg/2255
                                       : bg/2257 bg/2259 bg/2261 bg/2263 bg/2265 bg/2267
                                       : bg/2269 bg/2271 bg/2273 bg/2275 bg/2277 bg/2280
                                       : bg/2282 bg/2284 bg/2286 bg/2288 bg/2290 bg/2291
                                       : bg/2296 bg/2298 bg/2300 bg/2302 bg/2304 bg/2306 bjq/3
                                       : uss/1 uss/2 uss/3 uss/4 uss/5 uss/6 uss/7 uss/8 uss/9
                                       : uss/10 uss/11 uss/12 uss/13 uss/14 uss/15 uss/16
                                       : uss/17 uss/18 uss/19 uss/20 uss/21 uss/22 uss/23
                                       : uss/24 uss/25 uss/26 uss/27 uss/28 uss/29 uss/30
                                       : uss/31 uss/32 uss/33 uss/34 uss/35 uss/36 uss/37
                                       : uss/38 uss/39 uss/40 uss/41 uss/42 uss/43 uss/44
                                       : uss/45 uss/46 uss/47 uss/48 uss/49 uss/50 uss/51
                                       : uss/52 uss/53 uss/54 uss/55 uss/56 uss/57 uss/58
                                       : uss/59 uss/60 uss/61 uss/62 uss/63 uss/64 uss/65
                                       : uss/66 uss/67 uss/68 uss/69 uss/70 uss/71 uss/72
                                       : uss/73 uss/74 uss/75 uss/76 uss/77 uss/78 uss/79
                                       : uss/80 uss/81 uss/82 uss/83 uss/84 uss/85 uss/86
                                       : uss/87 uss/88 uss/89 uss/90 uss/91 uss/92 uss/93
                                       : uss/94 uss/95 uss/96 uss/97 uss/98 uss/104 uss/111
                                       : uss/114 uss/119 uss/121 uss/122 uss/126 uss/128
                                       : uss/136 uss/137 uss/151 uss/153 uss/154 uss/155
                                       : uss/159 uss/163 uss/166 uss/170 uss/174 uss/175
                                       : uss/176 uss/177 uss/179 uss/180 uss/181 uss/183
                                       : uss/190 uss/192 uss/194 uss/198 uss/204 uss/207
                                       : uss/216 uss/226 uss/231 uss/237 uss/238 uss/239
                                       : uss/241 uss/242 uss/243 uss/245 uss/251 uss/252
                                       : uss/253 uss/254 uss/255 uss/256 uss/257 uss/258
                                       : uss/259 uss/260 uss/261 uss/262 uss/263 uss/264
                                       : uss/265 uss/266 uss/267 uss/268 uss/269 uss/270
                                       : uss/271 uss/272 uss/273 uss/274 uss/275 uss/276
                                       : uss/277 uss/278 uss/279 uss/280 uss/281 uss/282
                                       : uss/283 uss/284
    # of nonzero coefficients (HS)     :       345483
    Fill of coefficient matrix         :        0.006
    # of NZE in factor                 :       296658
    Total storage required             :      2264334
    Total storage defined (total)      :     80000000
    CPU-time for solving (per rnd)     :      0:00:11
    CPU-time for inverting (per rnd)   :      0:00:12
    MFLOPs during factorization        :        79.84
    Non zero coefficients stored       :      50000, filled:   0.2% hit rate:    1.0 at line:    50000

     --------------------------------- VCE 5.1.2  -----------------------------------
     16.10.2007  14:18:23            imf_usmd.vce                              page 4
 
 
    ********************************************************************************
    *                       S E T T I N G    U P    M M E                          *
    ********************************************************************************
 
    Non zero coefficients stored       :     100000, filled:   0.3% hit rate:    1.0 at line:     6424
    Non zero coefficients stored       :     150000, filled:   0.5% hit rate:    1.0 at line:    20261
    Non zero coefficients stored       :     200000, filled:   0.6% hit rate:    1.0 at line:    26431
    Non zero coefficients stored       :     250000, filled:   0.8% hit rate:    1.0 at line:    34435
    Non zero coefficients stored       :     300000, filled:   1.0% hit rate:    1.0 at line:    40975
    All non zeros are loaded           :       313648
    Number of equations                :        75422
    Filling rate of LHS storage space  :       0.9937
    Hit rate by setting up LHS         :       1.0030
    Zero diagonal coefficients stored  :         1141
    AG  13.1     1  27132.06     500   0   0   0   0   0   0   0   0 --  500  70 500 500  70 500
    AG   1.2     2  285911.6     201 500   0   0   0   0   0   0   0 --  310  72 298 689  70 701
    AG   1.3     3  258916.3       4 201 500   0   0   0   0   0   0 --  305  72 298 694  70 701
    AG   1.2     4  224784.7      14   4 201 500   0   0   0   0   0 --  290  72 297 709  70 702
    AG   1.2     5  190700.3      45  14   4 201 500   0   0   0   0 --  245  72 296 754  70 703
    AG   1.2     6  158978.7     231  45  14   4 201 500   0   0   0 --   13  72 294 986  70 705
    AG   1.3     7  120118.0     659 231  45  14   4 201 500   0   0 --  672 -72 287 327 -70 712
    AG   1.2     8  74261.38     137 659 231  45  14   4 201 500   0 --  535 -73 258 464 -70 741
    AG   1.2     9  25362.60     194 137 659 231  45  14   4 201 500 --  508 -82  63 491 -70 936
    AG   1.3    10  23985.65     448 194 137 659 231  45  14   4 201 --  504  17 511 495   7 488
    AG   1.2    11  23615.62      88 448 194 137 659 231  45  14   4 --  506   6 600 493   6 399
    AG   1.2    12  23503.47     111  88 448 194 137 659 231  45  14 --  508  10 712 491  23 287
    AG   1.2    13  23604.00     241 111  88 448 194 137 659 231  45 --  517  21 953 482 179  46
    AG   1.2    14  23407.07     121 241 111  88 448 194 137 659 231 --  511  15 834 488  58 165
    AG   1.2    15  23365.75      95 121 241 111  88 448 194 137 659 --  517  14 930 482 104  69
    AG   1.6    16  23315.42      24  95 121 241 111  88 448 194 137 --  521   9 937 478  79  62
    AG   1.2    17  23286.68      36  24  95 121 241 111  88 448 194 --  529   2 973 470  77  26
    AG   1.2    18  23277.22      18  36  24  95 121 241 111  88 448 --  536  -3 991 463  69   8
    AG   1.2    19  23272.03      58  18  36  24  95 121 241 111  88 --  541  -8 996 458  11   3
    AG   1.3    20  23269.88     190  58  18  36  24  95 121 241 111 --  545 -12 999 454-178   0
    AG   1.3    21  23267.91     774 190  58  18  36  24  95 121 241 --  549 -16 999 450-953   0
    AG   1.2    22  23266.66     319 774 190  58  18  36  24  95 121 --  553 -20 999 446-633   0
    AG   1.3    23  23266.27     332 319 774 190  58  18  36  24  95 --  558 -25 999 441-965   0
    AG   1.2    24  23266.21      33 332 319 774 190  58  18  36  24 --  560 -27 999 439-999   0
    AG   1.5    25  23266.02     165  33 332 319 774 190  58  18  36 --  567 -32 999 432-833   0
    AG   1.2    26  23265.40      88 165  33 332 319 774 190  58  18 --  591 -51 999 408-922   0
    AG   1.2    27  23264.62      74  88 165  33 332 319 774 190  58 --  641 -91 999 358-997   0
    AG   1.2    28  23264.55      10  74  88 165  33 332 319 774 190 --  652 -99 999 347-999   0
    AG   1.2    29  23264.55       0  10  74  88 165  33 332 319 774 --  651 -98 999 348-999   0
    AG   1.3    30  23264.53       1   0  10  74  88 165  33 332 319 --  650 -98 999 349-999   0
    AG   1.5    31  23264.51       1   1   0  10  74  88 165  33 332 --  648 -99 999 351-999   0
    AG   1.2    32  23264.49       1   1   1   0  10  74  88 165  33 --  647-100 999 352-999   0
    AG   1.3    33  23264.49      16   1   1   1   0  10  74  88 165 --  648-102 999 351-983   0
    AG   1.2    34  23264.49      31  16   1   1   1   0  10  74  88 --  648-103 999 351-951   0
    AG   1.2    35  23264.48      32  31  16   1   1   1   0  10  74 --  649-105 999 350-984   0
    AG   1.2    36  23264.48       9  32  31  16   1   1   1   0  10 --  651-109 999 348-974   0
    AG   1.2    37  23264.46      22   9  32  31  16   1   1   1   0 --  652-117 999 347-996   0
    AG   1.2    38  23264.43      15  22   9  32  31  16   1   1   1 --  651-132 999 348-993   0
    AG   1.2    39  23264.40      15  15  22   9  32  31  16   1   1 --  646-148 999 353-999   0
    AG   1.4    40  23264.40       4  15  15  22   9  32  31  16   1 --  641-147 999 358-999   0
    AG   1.2    41  23264.39     188   4  15  15  22   9  32  31  16 --  638-147 999 361-811   0
    AG   1.2    42  23264.39     107 188   4  15  15  22   9  32  31 --  639-145 999 360-919   0
    AG   1.3    43  23264.39      75 107 188   4  15  15  22   9  32 --  640-143 999 359-995   0
    AG   1.2    44  23264.39       4  75 107 188   4  15  15  22   9 --  639-141 999 360-999   0
    AG   1.2    45  23264.39       0   4  75 107 188   4  15  15  22 --  639-142 999 360-999   0
    AG   1.2    46  23503.72       0   0   4  75 107 188   4  15  15 --  639-141 999 360-999   0
    AG   1.2    47  23264.39       0   0   0   4  75 107 188   4  15 --  639-141 999 360-999   0
    AG   1.2    48  23264.39       0   0   0   0   4  75 107 188   4 --  639-141 999 360-999   0
    AG   1.2    49  23264.39       0   0   0   0   0   4  75 107 188 --  639-141 999 360-999   0
    AG   1.3    50  23264.39       0   0   0   0   0   0   4  75 107 --  639-141 999 360-999   0
    AG   1.6    51  23264.39       0   0   0   0   0   0   0   4  75 --  639-141 999 360-999   0

     --------------------------------- VCE 5.1.2  -----------------------------------
     16.10.2007  14:19:29            imf_usmd.vce                              page 5
 
 
    ********************************************************************************
    *                      M O D E L  I N F O R M A T I O N                        *
    ********************************************************************************
 
    Factor     within     T Levels Skip        imf      usmd
    ________________________________________________________________________________
    skmw                  F      1               1         -
    sex                   F      3 .             1         1
    abt                   F      3 .             1         -
    bg                    F   1153 .             1         1
    animal                A  36408               1         1
    lmf                   F      1               -         1
    bjq                   F      5 .             -         1
    uss                   F    284 .             -         1
    ________________________________________________________________________________
 
    ********************************************************************************
    *         C O E F F I C I E N T  M A T R I X  I N F O R M A T I O N            *
    ********************************************************************************
 
    Setting up mixed model equations
    ________________________________________________________________________________
    Machine precision (tolerance)      : 0.222045E-15
    Warning theshold on inv. (A-1A)-I  : 0.100000E-06
    Traits transformed. See option     :  all  all
    Covariates transformed. See options:  avg  avg
    Number of equations                :        75422
    Rank of the system                 :        75422
    Equations set to zero              :  sex/2 sex/6 abt/1 abt/2 bg/1 bg/4 bg/6 bg/8 bg/10
                                       : bg/11 bg/13 bg/15 bg/17 bg/19 bg/24 bg/26 bg/27 bg/30
                                       : bg/32 bg/34 bg/36 bg/38 bg/40 bg/42 bg/44 bg/46 bg/48
                                       : bg/50 bg/52 bg/54 bg/56 bg/58 bg/60 bg/62 bg/64 bg/66
                                       : bg/68 bg/70 bg/72 bg/74 bg/76 bg/78 bg/80 bg/81 bg/83
                                       : bg/85 bg/87 bg/89 bg/91 bg/93 bg/95 bg/97 bg/101
                                       : bg/104 bg/105 bg/111 bg/115 bg/117 bg/119 bg/121
                                       : bg/123 bg/125 bg/127 bg/129 bg/131 bg/133 bg/135
                                       : bg/137 bg/139 bg/143 bg/145 bg/149 bg/151 bg/153
                                       : bg/157 bg/159 bg/161 bg/163 bg/165 bg/175 bg/179
                                       : bg/183 bg/185 bg/187 bg/189 bg/191 bg/193 bg/195
                                       : bg/197 bg/199 bg/201 bg/203 bg/205 bg/207 bg/209
                                       : bg/212 bg/213 bg/215 bg/217 bg/223 bg/225 bg/230
                                       : bg/238 bg/240 bg/242 bg/244 bg/246 bg/248 bg/249
                                       : bg/251 bg/253 bg/255 bg/257 bg/259 bg/261 bg/263
                                       : bg/265 bg/267 bg/271 bg/273 bg/275 bg/277 bg/279
                                       : bg/287 bg/291 bg/299 bg/301 bg/303 bg/307 bg/309
                                       : bg/311 bg/313 bg/319 bg/323 bg/325 bg/327 bg/331
                                       : bg/333 bg/335 bg/337 bg/339 bg/341 bg/343 bg/345
                                       : bg/347 bg/349 bg/353 bg/355 bg/357 bg/359 bg/363
                                       : bg/365 bg/371 bg/381 bg/383 bg/385 bg/387 bg/389
                                       : bg/391 bg/395 bg/397 bg/399 bg/401 bg/403 bg/405
                                       : bg/407 bg/409 bg/411 bg/413 bg/415 bg/417 bg/419
                                       : bg/421 bg/423 bg/425 bg/427 bg/429 bg/431 bg/433
                                       : bg/435 bg/437 bg/439 bg/441 bg/443 bg/445 bg/447
                                       : bg/449 bg/451 bg/453 bg/457 bg/459 bg/461 bg/463
                                       : bg/465 bg/467 bg/469 bg/477 bg/479 bg/483 bg/485
                                       : bg/487 bg/489 bg/491 bg/493 bg/497 bg/499 bg/501
                                       : bg/503 bg/505 bg/507 bg/511 bg/513 bg/515 bg/517
                                       : bg/519 bg/521 bg/523 bg/525 bg/527 bg/529 bg/531
                                       : bg/533 bg/535 bg/537 bg/539 bg/543 bg/545 bg/547
                                       : bg/549 bg/551 bg/553 bg/557 bg/559 bg/561 bg/563
                                       : bg/565 bg/569 bg/571 bg/573 bg/575 bg/577 bg/579
                                       : bg/581 bg/583 bg/585 bg/587 bg/589 bg/591 bg/595
                                       : bg/597 bg/599 bg/601 bg/605 bg/607 bg/609 bg/611
                                       : bg/613 bg/615 bg/617 bg/619 bg/621 bg/623 bg/625
                                       : bg/627 bg/629 bg/631 bg/633 bg/635 bg/637 bg/641
                                       : bg/642 bg/643 bg/645 bg/647 bg/649 bg/652 bg/653
                                       : bg/655 bg/657 bg/659 bg/661 bg/663 bg/665 bg/667
                                       : bg/669 bg/671 bg/673 bg/675 bg/679 bg/681 bg/683
                                       : bg/685 bg/687 bg/689 bg/691 bg/693 bg/695 bg/697
                                       : bg/699 bg/701 bg/703 bg/705 bg/707 bg/709 bg/713
                                       : bg/715 bg/719 bg/721 bg/725 bg/727 bg/729 bg/731
                                       : bg/733 bg/735 bg/737 bg/741 bg/743 bg/747 bg/749
                                       : bg/751 bg/753 bg/755 bg/757 bg/759 bg/761 bg/763
                                       : bg/767 bg/773 bg/777 bg/779 bg/781 bg/783 bg/785
                                       : bg/787 bg/789 bg/791 bg/793 bg/795 bg/797 bg/799
                                       : bg/801 bg/805 bg/807 bg/809 bg/811 bg/813 bg/815
                                       : bg/817 bg/821 bg/823 bg/825 bg/827 bg/833 bg/835
                                       : bg/837 bg/839 bg/841 bg/843 bg/845 bg/847 bg/849
                                       : bg/851 bg/853 bg/855 bg/857 bg/859 bg/861 bg/863
                                       : bg/865 bg/867 bg/869 bg/871 bg/873 bg/875 bg/877
                                       : bg/879 bg/881 bg/883 bg/885 bg/887 bg/889 bg/891
                                       : bg/893 bg/897 bg/899 bg/901 bg/903 bg/905 bg/907
                                       : bg/909 bg/911 bg/913 bg/915 bg/919 bg/921 bg/923
                                       : bg/925 bg/927 bg/929 bg/931 bg/935 bg/937 bg/939
                                       : bg/941 bg/943 bg/945 bg/947 bg/949 bg/951 bg/953
                                       : bg/955 bg/957 bg/959 bg/961 bg/963 bg/965 bg/967
                                       : bg/969 bg/971 bg/973 bg/975 bg/977 bg/979 bg/981
                                       : bg/983 bg/985 bg/987 bg/989 bg/991 bg/993 bg/995
                                       : bg/997 bg/999 bg/1001 bg/1003 bg/1005 bg/1009 bg/1011
                                       : bg/1013 bg/1019 bg/1021 bg/1023 bg/1025 bg/1027
                                       : bg/1031 bg/1035 bg/1037 bg/1039 bg/1041 bg/1043
                                       : bg/1045 bg/1047 bg/1049 bg/1051 bg/1053 bg/1055
                                       : bg/1057 bg/1059 bg/1061 bg/1063 bg/1065 bg/1067
                                       : bg/1069 bg/1071 bg/1073 bg/1075 bg/1077 bg/1079
                                       : bg/1081 bg/1083 bg/1085 bg/1087 bg/1089 bg/1091
                                       : bg/1093 bg/1095 bg/1097 bg/1099 bg/1101 bg/1103
                                       : bg/1105 bg/1107 bg/1109 bg/1115 bg/1117 bg/1121
                                       : bg/1123 bg/1125 bg/1129 bg/1131 bg/1135 bg/1137
                                       : bg/1143 bg/1145 bg/1147 bg/1149 bg/1151 bg/1153
                                       : bg/1155 bg/1157 bg/1159 bg/1161 bg/1163 bg/1165
                                       : bg/1167 bg/1169 bg/1171 bg/1173 bg/1175 bg/1177
                                       : bg/1179 bg/1181 bg/1183 bg/1185 bg/1187 bg/1189
                                       : bg/1191 bg/1193 bg/1195 bg/1197 bg/1201 bg/1203
                                       : bg/1207 bg/1209 bg/1211 bg/1213 bg/1215 bg/1217
                                       : bg/1219 bg/1221 bg/1223 bg/1225 bg/1227 bg/1229
                                       : bg/1231 bg/1233 bg/1235 bg/1237 bg/1239 bg/1241
                                       : bg/1243 bg/1245 bg/1247 bg/1249 bg/1251 bg/1253
                                       : bg/1255 bg/1257 bg/1259 bg/1261 bg/1265 bg/1267
                                       : bg/1269 bg/1271 bg/1273 bg/1275 bg/1277 bg/1279
                                       : bg/1281 bg/1283 bg/1285 bg/1287 bg/1289 bg/1293
                                       : bg/1295 bg/1297 bg/1299 bg/1301 bg/1303 bg/1305
                                       : bg/1307 bg/1309 bg/1311 bg/1313 bg/1315 bg/1317
                                       : bg/1319 bg/1321 bg/1323 bg/1325 bg/1327 bg/1329
                                       : bg/1333 bg/1335 bg/1337 bg/1339 bg/1341 bg/1343
                                       : bg/1345 bg/1347 bg/1349 bg/1351 bg/1353 bg/1355
                                       : bg/1357 bg/1359 bg/1361 bg/1363 bg/1365 bg/1367
                                       : bg/1369 bg/1371 bg/1373 bg/1375 bg/1377 bg/1379
                                       : bg/1381 bg/1383 bg/1385 bg/1387 bg/1389 bg/1391
                                       : bg/1393 bg/1395 bg/1397 bg/1399 bg/1401 bg/1403
                                       : bg/1405 bg/1407 bg/1409 bg/1411 bg/1413 bg/1417
                                       : bg/1419 bg/1421 bg/1423 bg/1425 bg/1427 bg/1429
                                       : bg/1431 bg/1433 bg/1435 bg/1437 bg/1439 bg/1441
                                       : bg/1443 bg/1445 bg/1447 bg/1451 bg/1453 bg/1455
                                       : bg/1457 bg/1459 bg/1461 bg/1463 bg/1465 bg/1467
                                       : bg/1469 bg/1471 bg/1473 bg/1475 bg/1477 bg/1479
                                       : bg/1481 bg/1483 bg/1485 bg/1487 bg/1489 bg/1494
                                       : bg/1497 bg/1499 bg/1501 bg/1505 bg/1509 bg/1511
                                       : bg/1513 bg/1515 bg/1519 bg/1521 bg/1523 bg/1529
                                       : bg/1533 bg/1535 bg/1543 bg/1545 bg/1547 bg/1549
                                       : bg/1551 bg/1553 bg/1555 bg/1557 bg/1559 bg/1561
                                       : bg/1565 bg/1567 bg/1569 bg/1571 bg/1573 bg/1575
                                       : bg/1578 bg/1580 bg/1582 bg/1584 bg/1586 bg/1588
                                       : bg/1590 bg/1592 bg/1594 bg/1596 bg/1597 bg/1599
                                       : bg/1601 bg/1603 bg/1605 bg/1607 bg/1611 bg/1613
                                       : bg/1615 bg/1621 bg/1623 bg/1625 bg/1627 bg/1629
                                       : bg/1631 bg/1633 bg/1635 bg/1637 bg/1639 bg/1641
                                       : bg/1645 bg/1649 bg/1651 bg/1653 bg/1655 bg/1657
                                       : bg/1659 bg/1661 bg/1663 bg/1667 bg/1669 bg/1671
                                       : bg/1673 bg/1675 bg/1677 bg/1679 bg/1681 bg/1683
                                       : bg/1685 bg/1688 bg/1690 bg/1691 bg/1692 bg/1693
                                       : bg/1695 bg/1697 bg/1701 bg/1703 bg/1705 bg/1707
                                       : bg/1709 bg/1712 bg/1714 bg/1715 bg/1717 bg/1719
                                       : bg/1722 bg/1723 bg/1726 bg/1728 bg/1730 bg/1732
                                       : bg/1733 bg/1736 bg/1737 bg/1739 bg/1741 bg/1743
                                       : bg/1745 bg/1747 bg/1749 bg/1751 bg/1753 bg/1755
                                       : bg/1757 bg/1759 bg/1761 bg/1763 bg/1765 bg/1767
                                       : bg/1769 bg/1771 bg/1773 bg/1775 bg/1777 bg/1779
                                       : bg/1781 bg/1785 bg/1787 bg/1789 bg/1791 bg/1793
                                       : bg/1795 bg/1797 bg/1799 bg/1801 bg/1803 bg/1805
                                       : bg/1807 bg/1809 bg/1811 bg/1813 bg/1815 bg/1817
                                       : bg/1819 bg/1821 bg/1823 bg/1825 bg/1829 bg/1833
                                       : bg/1835 bg/1839 bg/1841 bg/1843 bg/1847 bg/1849
                                       : bg/1851 bg/1853 bg/1855 bg/1859 bg/1867 bg/1869
                                       : bg/1871 bg/1873 bg/1875 bg/1877 bg/1879 bg/1881
                                       : bg/1883 bg/1885 bg/1887 bg/1889 bg/1891 bg/1895
                                       : bg/1897 bg/1899 bg/1903 bg/1907 bg/1909 bg/1911
                                       : bg/1913 bg/1917 bg/1931 bg/1933 bg/1935 bg/1951
                                       : bg/1955 bg/1959 bg/1965 bg/1967 bg/1971 bg/1977
                                       : bg/1979 bg/1983 bg/1987 bg/1989 bg/1991 bg/1993
                                       : bg/1995 bg/1997 bg/2001 bg/2003 bg/2007 bg/2009
                                       : bg/2011 bg/2014 bg/2017 bg/2021 bg/2025 bg/2027
                                       : bg/2029 bg/2031 bg/2033 bg/2037 bg/2043 bg/2055
                                       : bg/2057 bg/2064 bg/2067 bg/2071 bg/2073 bg/2081
                                       : bg/2083 bg/2086 bg/2091 bg/2095 bg/2103 bg/2107
                                       : bg/2109 bg/2111 bg/2114 bg/2115 bg/2123 bg/2127
                                       : bg/2133 bg/2137 bg/2139 bg/2142 bg/2143 bg/2148
                                       : bg/2156 bg/2157 bg/2160 bg/2163 bg/2165 bg/2167
                                       : bg/2173 bg/2176 bg/2179 bg/2182 bg/2184 bg/2186
                                       : bg/2188 bg/2191 bg/2195 bg/2197 bg/2199 bg/2202
                                       : bg/2203 bg/2206 bg/2210 bg/2214 bg/2216 bg/2217
                                       : bg/2219 bg/2222 bg/2224 bg/2226 bg/2228 bg/2229
                                       : bg/2234 bg/2236 bg/2238 bg/2240 bg/2242 bg/2244
                                       : bg/2246 bg/2248 bg/2250 bg/2251 bg/2253 bg/2255
                                       : bg/2257 bg/2259 bg/2261 bg/2263 bg/2265 bg/2267
                                       : bg/2269 bg/2271 bg/2273 bg/2275 bg/2277 bg/2280
                                       : bg/2282 bg/2284 bg/2286 bg/2288 bg/2290 bg/2291
                                       : bg/2296 bg/2298 bg/2300 bg/2302 bg/2304 bg/2306 bjq/3
                                       : uss/1 uss/2 uss/3 uss/4 uss/5 uss/6 uss/7 uss/8 uss/9
                                       : uss/10 uss/11 uss/12 uss/13 uss/14 uss/15 uss/16
                                       : uss/17 uss/18 uss/19 uss/20 uss/21 uss/22 uss/23
                                       : uss/24 uss/25 uss/26 uss/27 uss/28 uss/29 uss/30
                                       : uss/31 uss/32 uss/33 uss/34 uss/35 uss/36 uss/37
                                       : uss/38 uss/39 uss/40 uss/41 uss/42 uss/43 uss/44
                                       : uss/45 uss/46 uss/47 uss/48 uss/49 uss/50 uss/51
                                       : uss/52 uss/53 uss/54 uss/55 uss/56 uss/57 uss/58
                                       : uss/59 uss/60 uss/61 uss/62 uss/63 uss/64 uss/65
                                       : uss/66 uss/67 uss/68 uss/69 uss/70 uss/71 uss/72
                                       : uss/73 uss/74 uss/75 uss/76 uss/77 uss/78 uss/79
                                       : uss/80 uss/81 uss/82 uss/83 uss/84 uss/85 uss/86
                                       : uss/87 uss/88 uss/89 uss/90 uss/91 uss/92 uss/93
                                       : uss/94 uss/95 uss/96 uss/97 uss/98 uss/104 uss/111
                                       : uss/114 uss/119 uss/121 uss/122 uss/126 uss/128
                                       : uss/136 uss/137 uss/151 uss/153 uss/154 uss/155
                                       : uss/159 uss/163 uss/166 uss/170 uss/174 uss/175
                                       : uss/176 uss/177 uss/179 uss/180 uss/181 uss/183
                                       : uss/190 uss/192 uss/194 uss/198 uss/204 uss/207
                                       : uss/216 uss/226 uss/231 uss/237 uss/238 uss/239
                                       : uss/241 uss/242 uss/243 uss/245 uss/251 uss/252
                                       : uss/253 uss/254 uss/255 uss/256 uss/257 uss/258
                                       : uss/259 uss/260 uss/261 uss/262 uss/263 uss/264
                                       : uss/265 uss/266 uss/267 uss/268 uss/269 uss/270
                                       : uss/271 uss/272 uss/273 uss/274 uss/275 uss/276
                                       : uss/277 uss/278 uss/279 uss/280 uss/281 uss/282
                                       : uss/283 uss/284
    # of nonzero coefficients (HS)     :       313648
    Fill of coefficient matrix         :        0.006
    # of NZE in factor                 :       296658
    Total storage required             :      2264334
    Total storage defined (total)      :     80000000
    CPU-time for solving (per rnd)     :      0:00:11
    CPU-time for inverting (per rnd)   :      0:01:17
    MFLOPs during factorization        :        59.11

     --------------------------------- VCE 5.1.2  -----------------------------------
     16.10.2007  14:19:29            imf_usmd.vce                              page 6
 
 
    ********************************************************************************
    *                 E S T I M A T E S   I N F O R M A T I O N                    *
    ********************************************************************************
 
    Tue Oct 16 14:19:29 2007                              CPU time used:     0:01:17
 
    AG Log likelihood :   23264.3898  status :  3   at iteration:      44 /    51
 
 
    ----------------------------- Matrices: NATURAL  -------------------------------
        5  1  1 A  animal                          36408 T T
              0.1790E+00 -0.1965E+00
                          0.1078E+02
 
        9  2  1 E  residual                        24 T T
              0.1008E+00 -0.2388E-02
                          0.5658E-04
 
    --------------------------- Matrices: Phenotypic  ------------------------------
              0.2797E+00 -0.1989E+00
                          0.1078E+02
 
    ----------------------------- Matrices: RATIOS  --------------------------------
        5  1  1 A  animal                        
              0.6398E+00 -0.1415E+00
                          0.1000E+01
 
        9  2  1 E  residual                      
              0.3602E+00 -0.1000E+01
                          0.5249E-05
 
    Optimization did not finish with status 1
    Results may not be meaningful with a status greater than 1.
    As a result standard errors are not meaningful
    and are therefore not computed.
    Look at the documentation for discussion of status!
