     --------------------------------- VCE 5.1.2  -----------------------------------
     16.10.2007  13:40:36             ltz_imf.vce                              page 1
 
 
 
    ********************************************************************************
    *                    T R A I T S   A N D   E F F E C T S                       *
    ********************************************************************************
 
    Code Trait name  List of effects
    ________________________________________________________________________________
      1 ltz         sex       bjq       bg        wu        animal
      2 imf         sex                 bg                  animal    skmw      abt
 
    ********************************************************************************
    *               E F F E C T S   A N D   C O V A R I A N C E S                  *
    ********************************************************************************
 
    Code   Effect name Type Length Level Start COVARIANCE  Type Length Level Start Pattern
    ______________________________________________________________________________________
       1   sex        :  F     2      3      1
       2   bjq        :  F     1      5      7
       3   bg         :  F     2   1157     12
       4   wu         :  R     1      9   2326  wu         :  R     1      1      1 T
       5   animal     :  A     2  36408   2335  animal     :  A     2      1      2 T T
       6   skmw       :  F     1      1  75151
       7   abt        :  F     1      3  75152
                                                residual   :  E     2      1      3 T T
    ________________________________________________________________________________
 
    ********************************************************************************
    *                    G E N E R A L  I N F O R M A T I O N                      *
    ********************************************************************************
 
    VCE was started on :  at Tue Oct 16 13:40:36 2007 by: b08mueul
 
    Comments:
    ________________________________________________________________________________
    |                 ************************************************             |
    |                 *                     VCE-5                    *             |
    |                 *                 version 5.1.2                *             |
    |                 *            17-Dez-2003   14:42:53            *             |
    |                 *         Linux 2.6.0-test11-bk11 i686         *             |
    |                 *                  written by                  *             |
    |                 *       Milena Kovac, Eildert Groeneveld       *             |
    |                 *           and Alberto Garcia-Cortez          *             |
    |                 ************************************************             |
    | test mastitis                                                                |
    ________________________________________________________________________________
 
    Files involved
    ________________________________________________________________________________
    Current directory                  : /home/b08mueul/apiis/apiis-kurs/leicoma/zwisss/mslmr
    Parameter file                     : ltz_imf.vce
    Data input file                    : blupdata.txt.vce
    Pedigree input file                : blupped.txt.vce
    Log list file                      : ltz_imf.vce.lst
    Covariances for dumped into        : ltz_imf.vce.cov-bin
    Covariance matrices written in     : ltz_imf.vce.cov-fmt
 
    ********************************************************************************
    *                       D A T A  I N F O R M A T I O N                         *
    ********************************************************************************
 
    General statistics
    ___________________________________________________________________
 
    Variables   # rec.      min.        max.        avg.        std.
    ___________________________________________________________________
    ltz         32696   401.00000   884.00000   608.02113    67.52627
    imf          1677     0.69000     5.00000     1.82069     0.57537
    skmw        33921     0.00000   112.80000     4.49657    19.41730
    ___________________________________________________________________
 
    Pattern of traits
    ________________________________
     Count           ltz       imf
    ________________________________
        452        x         x
      32244        x         -
       1225        -         x
       1225        -         x
    ________________________________

     --------------------------------- VCE 5.1.2  -----------------------------------
     16.10.2007  13:40:36             ltz_imf.vce                              page 2
 
 
    ********************************************************************************
    *                  P E D I G R E E   I N F O R M A T I O N                     *
    ********************************************************************************
 
    Inbreeding             # of animals
    ________________________________________________________________________________
        0                   36408
    ________________________________________________________________________________
    Number of inbred animals           :            0
    Average inbreeding (inbred animals):         0.00
    Maximum inbreeding                 :         0.00
 
    ********************************************************************************
    *         C O V A R I A N C E   M A T R I X   I N F O R M A T I O N            *
    ********************************************************************************
 
    The following (co)variance matrices will be estimated (starting values):
 
    ----------------------------- Matrices: NATURAL  -------------------------------
        4  1  1 R  wu                              9 T
              0.1520E+04
 
        5  2  1 A  animal                          36408 T T
              0.1520E+04  0.7477E+00
                          0.1107E+00
 
        8  3  1 E  residual                        452 T T
              0.1520E+04  0.7477E+00
                          0.1107E+00
 
    ________________________________________________________________________________
    ----------------------------- Matrices: RATIOS  --------------------------------
        4  1  1 R  wu                            
              0.3333E+00
 
        5  2  1 A  animal                        
              0.3333E+00  0.5764E-01
                          0.5000E+00
 
        8  3  1 E  residual                      
              0.3333E+00  0.5764E-01
                          0.5000E+00
 
    ________________________________________________________________________________
    Thus, optimization is in 7 dimensions.
 
    ********************************************************************************
    *                      M O D E L  I N F O R M A T I O N                        *
    ********************************************************************************
 
    Factor     within     T Levels Skip        ltz       imf
    ________________________________________________________________________________
    sex                   F      3               1         1
    bjq                   F      5               1         -
    bg                    F   1157               1         1
    wu                    R      9               1         -
    animal                A  36408               1         1
    skmw                  F      1               -         1
    abt                   F      3               -         1
    ________________________________________________________________________________
    Non zero coefficients stored       :      50000, filled:   0.2% hit rate:    1.0 at line:    50000
 
    ********************************************************************************
    *                       S E T T I N G    U P    M M E                          *
    ********************************************************************************
 
    Non zero coefficients stored       :     100000, filled:   0.3% hit rate:    1.0 at line:     5492
    Non zero coefficients stored       :     150000, filled:   0.5% hit rate:    1.0 at line:    17056
    Non zero coefficients stored       :     200000, filled:   0.6% hit rate:    1.0 at line:    28862
    Non zero coefficients stored       :     250000, filled:   0.8% hit rate:    1.0 at line:    36378
    Non zero coefficients stored       :     300000, filled:   1.0% hit rate:    1.0 at line:    45338
    Non zero coefficients stored       :     350000, filled:   1.1% hit rate:    1.0 at line:    50678
    All non zeros are loaded           :       383494
    Number of equations                :        75154
    Filling rate of LHS storage space  :       1.2150
    Hit rate by setting up LHS         :       1.0022
    Zero diagonal coefficients stored  :          944
    IS - allocated for ordering with   :     80000000
    Dimension of equation system       :        75154
    Rank of equation system            :        74206
    Time for solving MME (h:min:sec)   :      0:00:19
    Time for inversion (h:min:sec)     :      0:00:19
 
    ********************************************************************************
    *         C O E F F I C I E N T  M A T R I X  I N F O R M A T I O N            *
    ********************************************************************************
 
    Setting up mixed model equations
    ________________________________________________________________________________
    Machine precision (tolerance)      : 0.222045E-15
    Warning theshold on inv. (A-1A)-I  : 0.100000E-06
    Traits transformed. See option     :  all  all
    Covariates transformed. See options:  avg
    Number of equations                :        75154
    Rank of the system                 :        74206
    Equations set to zero              :  sex/1 sex/4 sex/5 bg/1 bg/4 bg/10 bg/13 bg/16 bg/18
                                       : bg/20 bg/22 bg/24 bg/27 bg/29 bg/32 bg/33 bg/37 bg/39
                                       : bg/41 bg/43 bg/45 bg/47 bg/49 bg/51 bg/53 bg/55 bg/57
                                       : bg/59 bg/63 bg/65 bg/67 bg/69 bg/72 bg/75 bg/77 bg/79
                                       : bg/83 bg/85 bg/88 bg/90 bg/92 bg/94 bg/96 bg/98 bg/100
                                       : bg/102 bg/104 bg/108 bg/112 bg/118 bg/122 bg/124
                                       : bg/126 bg/128 bg/130 bg/132 bg/134 bg/136 bg/138
                                       : bg/140 bg/142 bg/144 bg/146 bg/150 bg/152 bg/156
                                       : bg/158 bg/160 bg/164 bg/166 bg/168 bg/170 bg/172
                                       : bg/182 bg/186 bg/190 bg/192 bg/194 bg/196 bg/198
                                       : bg/200 bg/202 bg/204 bg/206 bg/208 bg/210 bg/212
                                       : bg/214 bg/216 bg/217 bg/220 bg/222 bg/224 bg/230
                                       : bg/232 bg/235 bg/243 bg/245 bg/252 bg/255 bg/258
                                       : bg/260 bg/262 bg/264 bg/266 bg/268 bg/270 bg/272
                                       : bg/274 bg/276 bg/280 bg/282 bg/284 bg/286 bg/288
                                       : bg/296 bg/300 bg/308 bg/310 bg/312 bg/316 bg/318
                                       : bg/320 bg/322 bg/328 bg/332 bg/334 bg/336 bg/340
                                       : bg/342 bg/344 bg/346 bg/348 bg/350 bg/352 bg/354
                                       : bg/356 bg/358 bg/362 bg/364 bg/366 bg/368 bg/372
                                       : bg/374 bg/380 bg/390 bg/392 bg/394 bg/396 bg/398
                                       : bg/400 bg/404 bg/406 bg/408 bg/410 bg/412 bg/414
                                       : bg/416 bg/418 bg/420 bg/422 bg/424 bg/426 bg/428
                                       : bg/430 bg/432 bg/434 bg/436 bg/438 bg/440 bg/442
                                       : bg/444 bg/446 bg/448 bg/450 bg/452 bg/454 bg/456
                                       : bg/458 bg/460 bg/462 bg/466 bg/468 bg/470 bg/472
                                       : bg/474 bg/476 bg/478 bg/486 bg/488 bg/492 bg/494
                                       : bg/496 bg/498 bg/500 bg/502 bg/506 bg/508 bg/510
                                       : bg/512 bg/514 bg/516 bg/520 bg/522 bg/524 bg/526
                                       : bg/528 bg/530 bg/532 bg/534 bg/536 bg/538 bg/540
                                       : bg/542 bg/544 bg/546 bg/548 bg/552 bg/554 bg/556
                                       : bg/558 bg/560 bg/562 bg/566 bg/568 bg/570 bg/572
                                       : bg/574 bg/578 bg/580 bg/582 bg/584 bg/586 bg/588
                                       : bg/590 bg/592 bg/594 bg/596 bg/598 bg/600 bg/604
                                       : bg/606 bg/608 bg/610 bg/614 bg/616 bg/618 bg/620
                                       : bg/622 bg/624 bg/626 bg/628 bg/630 bg/632 bg/634
                                       : bg/636 bg/638 bg/640 bg/642 bg/644 bg/646 bg/650
                                       : bg/652 bg/654 bg/656 bg/658 bg/659 bg/662 bg/664
                                       : bg/666 bg/668 bg/670 bg/672 bg/674 bg/676 bg/678
                                       : bg/680 bg/682 bg/684 bg/688 bg/690 bg/692 bg/694
                                       : bg/696 bg/698 bg/700 bg/702 bg/704 bg/706 bg/708
                                       : bg/710 bg/712 bg/714 bg/716 bg/718 bg/722 bg/724
                                       : bg/728 bg/730 bg/734 bg/736 bg/738 bg/740 bg/742
                                       : bg/744 bg/746 bg/750 bg/752 bg/756 bg/758 bg/760
                                       : bg/762 bg/764 bg/766 bg/768 bg/770 bg/772 bg/776
                                       : bg/782 bg/786 bg/788 bg/790 bg/792 bg/794 bg/796
                                       : bg/798 bg/800 bg/802 bg/804 bg/806 bg/808 bg/810
                                       : bg/814 bg/816 bg/818 bg/820 bg/822 bg/824 bg/826
                                       : bg/830 bg/832 bg/834 bg/836 bg/842 bg/844 bg/846
                                       : bg/848 bg/850 bg/852 bg/854 bg/856 bg/858 bg/860
                                       : bg/862 bg/864 bg/866 bg/868 bg/870 bg/872 bg/874
                                       : bg/876 bg/878 bg/880 bg/882 bg/884 bg/886 bg/888
                                       : bg/890 bg/892 bg/894 bg/896 bg/898 bg/900 bg/902
                                       : bg/906 bg/908 bg/910 bg/912 bg/914 bg/916 bg/918
                                       : bg/920 bg/922 bg/924 bg/928 bg/930 bg/932 bg/934
                                       : bg/936 bg/938 bg/940 bg/944 bg/946 bg/948 bg/950
                                       : bg/952 bg/954 bg/956 bg/958 bg/960 bg/962 bg/964
                                       : bg/966 bg/968 bg/970 bg/972 bg/974 bg/976 bg/978
                                       : bg/980 bg/982 bg/984 bg/986 bg/988 bg/990 bg/992
                                       : bg/994 bg/996 bg/998 bg/1000 bg/1002 bg/1004 bg/1006
                                       : bg/1008 bg/1010 bg/1012 bg/1014 bg/1018 bg/1020
                                       : bg/1022 bg/1028 bg/1030 bg/1032 bg/1034 bg/1036
                                       : bg/1040 bg/1044 bg/1046 bg/1048 bg/1050 bg/1052
                                       : bg/1054 bg/1056 bg/1058 bg/1060 bg/1062 bg/1064
                                       : bg/1066 bg/1068 bg/1070 bg/1072 bg/1074 bg/1076
                                       : bg/1078 bg/1080 bg/1082 bg/1084 bg/1086 bg/1088
                                       : bg/1090 bg/1092 bg/1094 bg/1096 bg/1098 bg/1100
                                       : bg/1102 bg/1104 bg/1106 bg/1108 bg/1110 bg/1112
                                       : bg/1114 bg/1116 bg/1118 bg/1124 bg/1126 bg/1130
                                       : bg/1132 bg/1134 bg/1138 bg/1140 bg/1144 bg/1146
                                       : bg/1152 bg/1154 bg/1156 bg/1158 bg/1160 bg/1162
                                       : bg/1164 bg/1166 bg/1168 bg/1170 bg/1172 bg/1174
                                       : bg/1176 bg/1178 bg/1180 bg/1182 bg/1184 bg/1186
                                       : bg/1188 bg/1190 bg/1192 bg/1194 bg/1196 bg/1198
                                       : bg/1200 bg/1202 bg/1204 bg/1206 bg/1210 bg/1212
                                       : bg/1216 bg/1218 bg/1220 bg/1222 bg/1224 bg/1226
                                       : bg/1228 bg/1230 bg/1232 bg/1234 bg/1236 bg/1238
                                       : bg/1240 bg/1242 bg/1244 bg/1246 bg/1248 bg/1250
                                       : bg/1252 bg/1254 bg/1256 bg/1258 bg/1260 bg/1262
                                       : bg/1264 bg/1266 bg/1268 bg/1270 bg/1274 bg/1276
                                       : bg/1278 bg/1280 bg/1282 bg/1284 bg/1286 bg/1288
                                       : bg/1290 bg/1292 bg/1294 bg/1296 bg/1298 bg/1302
                                       : bg/1304 bg/1306 bg/1308 bg/1310 bg/1312 bg/1314
                                       : bg/1316 bg/1318 bg/1320 bg/1322 bg/1324 bg/1326
                                       : bg/1328 bg/1330 bg/1332 bg/1334 bg/1336 bg/1338
                                       : bg/1342 bg/1344 bg/1346 bg/1348 bg/1350 bg/1352
                                       : bg/1354 bg/1356 bg/1358 bg/1360 bg/1362 bg/1364
                                       : bg/1366 bg/1368 bg/1370 bg/1372 bg/1374 bg/1376
                                       : bg/1378 bg/1380 bg/1382 bg/1384 bg/1386 bg/1388
                                       : bg/1390 bg/1392 bg/1394 bg/1396 bg/1398 bg/1400
                                       : bg/1402 bg/1404 bg/1406 bg/1408 bg/1410 bg/1412
                                       : bg/1414 bg/1416 bg/1418 bg/1420 bg/1422 bg/1426
                                       : bg/1428 bg/1430 bg/1432 bg/1434 bg/1436 bg/1438
                                       : bg/1440 bg/1442 bg/1444 bg/1446 bg/1448 bg/1450
                                       : bg/1452 bg/1454 bg/1456 bg/1460 bg/1462 bg/1464
                                       : bg/1466 bg/1468 bg/1470 bg/1472 bg/1474 bg/1476
                                       : bg/1478 bg/1480 bg/1482 bg/1484 bg/1486 bg/1488
                                       : bg/1490 bg/1492 bg/1494 bg/1496 bg/1498 bg/1501
                                       : bg/1506 bg/1508 bg/1510 bg/1514 bg/1518 bg/1520
                                       : bg/1522 bg/1524 bg/1528 bg/1530 bg/1532 bg/1538
                                       : bg/1542 bg/1544 bg/1552 bg/1554 bg/1556 bg/1558
                                       : bg/1560 bg/1562 bg/1564 bg/1566 bg/1568 bg/1570
                                       : bg/1574 bg/1576 bg/1578 bg/1580 bg/1582 bg/1584
                                       : bg/1585 bg/1587 bg/1589 bg/1593 bg/1597 bg/1599
                                       : bg/1601 bg/1603 bg/1606 bg/1608 bg/1610 bg/1612
                                       : bg/1614 bg/1616 bg/1620 bg/1622 bg/1624 bg/1630
                                       : bg/1632 bg/1634 bg/1636 bg/1638 bg/1640 bg/1642
                                       : bg/1644 bg/1646 bg/1648 bg/1650 bg/1654 bg/1658
                                       : bg/1660 bg/1662 bg/1664 bg/1666 bg/1668 bg/1670
                                       : bg/1672 bg/1676 bg/1678 bg/1680 bg/1682 bg/1684
                                       : bg/1686 bg/1688 bg/1690 bg/1692 bg/1694 bg/1695
                                       : bg/1697 bg/1700 bg/1702 bg/1704 bg/1706 bg/1710
                                       : bg/1712 bg/1714 bg/1716 bg/1718 bg/1719 bg/1721
                                       : bg/1724 bg/1726 bg/1728 bg/1729 bg/1732 bg/1733
                                       : bg/1735 bg/1737 bg/1739 bg/1742 bg/1743 bg/1746
                                       : bg/1748 bg/1750 bg/1752 bg/1754 bg/1756 bg/1758
                                       : bg/1760 bg/1762 bg/1764 bg/1766 bg/1768 bg/1770
                                       : bg/1772 bg/1774 bg/1776 bg/1778 bg/1780 bg/1782
                                       : bg/1784 bg/1786 bg/1788 bg/1790 bg/1794 bg/1796
                                       : bg/1798 bg/1800 bg/1802 bg/1804 bg/1806 bg/1808
                                       : bg/1810 bg/1812 bg/1814 bg/1816 bg/1818 bg/1820
                                       : bg/1822 bg/1824 bg/1826 bg/1828 bg/1830 bg/1832
                                       : bg/1834 bg/1838 bg/1842 bg/1844 bg/1848 bg/1850
                                       : bg/1852 bg/1856 bg/1858 bg/1860 bg/1862 bg/1864
                                       : bg/1868 bg/1876 bg/1878 bg/1880 bg/1882 bg/1884
                                       : bg/1886 bg/1888 bg/1890 bg/1892 bg/1894 bg/1896
                                       : bg/1898 bg/1900 bg/1904 bg/1906 bg/1908 bg/1912
                                       : bg/1916 bg/1918 bg/1920 bg/1922 bg/1926 bg/1940
                                       : bg/1942 bg/1944 bg/1960 bg/1964 bg/1968 bg/1974
                                       : bg/1976 bg/1980 bg/1986 bg/1988 bg/1992 bg/1996
                                       : bg/1998 bg/2000 bg/2002 bg/2004 bg/2006 bg/2010
                                       : bg/2012 bg/2016 bg/2018 bg/2020 bg/2021 bg/2026
                                       : bg/2030 bg/2034 bg/2036 bg/2038 bg/2040 bg/2042
                                       : bg/2046 bg/2052 bg/2064 bg/2066 bg/2071 bg/2076
                                       : bg/2080 bg/2082 bg/2090 bg/2092 bg/2093 bg/2100
                                       : bg/2104 bg/2112 bg/2116 bg/2118 bg/2120 bg/2121
                                       : bg/2124 bg/2132 bg/2136 bg/2142 bg/2146 bg/2148
                                       : bg/2149 bg/2152 bg/2155 bg/2163 bg/2166 bg/2167
                                       : bg/2172 bg/2174 bg/2176 bg/2182 bg/2183 bg/2188
                                       : bg/2189 bg/2191 bg/2193 bg/2195 bg/2200 bg/2204
                                       : bg/2206 bg/2208 bg/2209 bg/2212 bg/2213 bg/2217
                                       : bg/2221 bg/2223 bg/2226 bg/2228 bg/2229 bg/2231
                                       : bg/2233 bg/2235 bg/2238 bg/2241 bg/2243 bg/2245
                                       : bg/2247 bg/2249 bg/2251 bg/2260 bg/2262 bg/2264
                                       : bg/2266 bg/2268 bg/2270 bg/2272 bg/2274 bg/2276
                                       : bg/2278 bg/2280 bg/2282 bg/2284 bg/2286 bg/2295
                                       : bg/2297 bg/2300 bg/2303 bg/2305 bg/2307 bg/2309
                                       : bg/2311 abt/1 abt/2
    # of nonzero coefficients (HS)     :       383494
    Fill of coefficient matrix         :        0.007
    # of NZE in factor                 :       331948
    Total storage required             :      2444358
    Total storage defined (total)      :     80000000
    CPU-time for solving (per rnd)     :      0:00:19
    CPU-time for inverting (per rnd)   :      0:00:19
    MFLOPs during factorization        :        52.92

     --------------------------------- VCE 5.1.2  -----------------------------------
     16.10.2007  13:40:55             ltz_imf.vce                              page 3
 
 
    ********************************************************************************
    *         C O E F F I C I E N T  M A T R I X  I N F O R M A T I O N            *
    ********************************************************************************
 
    Setting up mixed model equations
    ________________________________________________________________________________
    Machine precision (tolerance)      : 0.222045E-15
    Warning theshold on inv. (A-1A)-I  : 0.100000E-06
    Traits transformed. See option     :  all  all
    Covariates transformed. See options:  avg
    Number of equations                :        75154
    Rank of the system                 :        74206
    Equations set to zero              :  sex/1 sex/4 sex/5 bg/1 bg/4 bg/10 bg/13 bg/16 bg/18
                                       : bg/20 bg/22 bg/24 bg/27 bg/29 bg/32 bg/33 bg/37 bg/39
                                       : bg/41 bg/43 bg/45 bg/47 bg/49 bg/51 bg/53 bg/55 bg/57
                                       : bg/59 bg/63 bg/65 bg/67 bg/69 bg/72 bg/75 bg/77 bg/79
                                       : bg/83 bg/85 bg/88 bg/90 bg/92 bg/94 bg/96 bg/98 bg/100
                                       : bg/102 bg/104 bg/108 bg/112 bg/118 bg/122 bg/124
                                       : bg/126 bg/128 bg/130 bg/132 bg/134 bg/136 bg/138
                                       : bg/140 bg/142 bg/144 bg/146 bg/150 bg/152 bg/156
                                       : bg/158 bg/160 bg/164 bg/166 bg/168 bg/170 bg/172
                                       : bg/182 bg/186 bg/190 bg/192 bg/194 bg/196 bg/198
                                       : bg/200 bg/202 bg/204 bg/206 bg/208 bg/210 bg/212
                                       : bg/214 bg/216 bg/217 bg/220 bg/222 bg/224 bg/230
                                       : bg/232 bg/235 bg/243 bg/245 bg/252 bg/255 bg/258
                                       : bg/260 bg/262 bg/264 bg/266 bg/268 bg/270 bg/272
                                       : bg/274 bg/276 bg/280 bg/282 bg/284 bg/286 bg/288
                                       : bg/296 bg/300 bg/308 bg/310 bg/312 bg/316 bg/318
                                       : bg/320 bg/322 bg/328 bg/332 bg/334 bg/336 bg/340
                                       : bg/342 bg/344 bg/346 bg/348 bg/350 bg/352 bg/354
                                       : bg/356 bg/358 bg/362 bg/364 bg/366 bg/368 bg/372
                                       : bg/374 bg/380 bg/390 bg/392 bg/394 bg/396 bg/398
                                       : bg/400 bg/404 bg/406 bg/408 bg/410 bg/412 bg/414
                                       : bg/416 bg/418 bg/420 bg/422 bg/424 bg/426 bg/428
                                       : bg/430 bg/432 bg/434 bg/436 bg/438 bg/440 bg/442
                                       : bg/444 bg/446 bg/448 bg/450 bg/452 bg/454 bg/456
                                       : bg/458 bg/460 bg/462 bg/466 bg/468 bg/470 bg/472
                                       : bg/474 bg/476 bg/478 bg/486 bg/488 bg/492 bg/494
                                       : bg/496 bg/498 bg/500 bg/502 bg/506 bg/508 bg/510
                                       : bg/512 bg/514 bg/516 bg/520 bg/522 bg/524 bg/526
                                       : bg/528 bg/530 bg/532 bg/534 bg/536 bg/538 bg/540
                                       : bg/542 bg/544 bg/546 bg/548 bg/552 bg/554 bg/556
                                       : bg/558 bg/560 bg/562 bg/566 bg/568 bg/570 bg/572
                                       : bg/574 bg/578 bg/580 bg/582 bg/584 bg/586 bg/588
                                       : bg/590 bg/592 bg/594 bg/596 bg/598 bg/600 bg/604
                                       : bg/606 bg/608 bg/610 bg/614 bg/616 bg/618 bg/620
                                       : bg/622 bg/624 bg/626 bg/628 bg/630 bg/632 bg/634
                                       : bg/636 bg/638 bg/640 bg/642 bg/644 bg/646 bg/650
                                       : bg/652 bg/654 bg/656 bg/658 bg/659 bg/662 bg/664
                                       : bg/666 bg/668 bg/670 bg/672 bg/674 bg/676 bg/678
                                       : bg/680 bg/682 bg/684 bg/688 bg/690 bg/692 bg/694
                                       : bg/696 bg/698 bg/700 bg/702 bg/704 bg/706 bg/708
                                       : bg/710 bg/712 bg/714 bg/716 bg/718 bg/722 bg/724
                                       : bg/728 bg/730 bg/734 bg/736 bg/738 bg/740 bg/742
                                       : bg/744 bg/746 bg/750 bg/752 bg/756 bg/758 bg/760
                                       : bg/762 bg/764 bg/766 bg/768 bg/770 bg/772 bg/776
                                       : bg/782 bg/786 bg/788 bg/790 bg/792 bg/794 bg/796
                                       : bg/798 bg/800 bg/802 bg/804 bg/806 bg/808 bg/810
                                       : bg/814 bg/816 bg/818 bg/820 bg/822 bg/824 bg/826
                                       : bg/830 bg/832 bg/834 bg/836 bg/842 bg/844 bg/846
                                       : bg/848 bg/850 bg/852 bg/854 bg/856 bg/858 bg/860
                                       : bg/862 bg/864 bg/866 bg/868 bg/870 bg/872 bg/874
                                       : bg/876 bg/878 bg/880 bg/882 bg/884 bg/886 bg/888
                                       : bg/890 bg/892 bg/894 bg/896 bg/898 bg/900 bg/902
                                       : bg/906 bg/908 bg/910 bg/912 bg/914 bg/916 bg/918
                                       : bg/920 bg/922 bg/924 bg/928 bg/930 bg/932 bg/934
                                       : bg/936 bg/938 bg/940 bg/944 bg/946 bg/948 bg/950
                                       : bg/952 bg/954 bg/956 bg/958 bg/960 bg/962 bg/964
                                       : bg/966 bg/968 bg/970 bg/972 bg/974 bg/976 bg/978
                                       : bg/980 bg/982 bg/984 bg/986 bg/988 bg/990 bg/992
                                       : bg/994 bg/996 bg/998 bg/1000 bg/1002 bg/1004 bg/1006
                                       : bg/1008 bg/1010 bg/1012 bg/1014 bg/1018 bg/1020
                                       : bg/1022 bg/1028 bg/1030 bg/1032 bg/1034 bg/1036
                                       : bg/1040 bg/1044 bg/1046 bg/1048 bg/1050 bg/1052
                                       : bg/1054 bg/1056 bg/1058 bg/1060 bg/1062 bg/1064
                                       : bg/1066 bg/1068 bg/1070 bg/1072 bg/1074 bg/1076
                                       : bg/1078 bg/1080 bg/1082 bg/1084 bg/1086 bg/1088
                                       : bg/1090 bg/1092 bg/1094 bg/1096 bg/1098 bg/1100
                                       : bg/1102 bg/1104 bg/1106 bg/1108 bg/1110 bg/1112
                                       : bg/1114 bg/1116 bg/1118 bg/1124 bg/1126 bg/1130
                                       : bg/1132 bg/1134 bg/1138 bg/1140 bg/1144 bg/1146
                                       : bg/1152 bg/1154 bg/1156 bg/1158 bg/1160 bg/1162
                                       : bg/1164 bg/1166 bg/1168 bg/1170 bg/1172 bg/1174
                                       : bg/1176 bg/1178 bg/1180 bg/1182 bg/1184 bg/1186
                                       : bg/1188 bg/1190 bg/1192 bg/1194 bg/1196 bg/1198
                                       : bg/1200 bg/1202 bg/1204 bg/1206 bg/1210 bg/1212
                                       : bg/1216 bg/1218 bg/1220 bg/1222 bg/1224 bg/1226
                                       : bg/1228 bg/1230 bg/1232 bg/1234 bg/1236 bg/1238
                                       : bg/1240 bg/1242 bg/1244 bg/1246 bg/1248 bg/1250
                                       : bg/1252 bg/1254 bg/1256 bg/1258 bg/1260 bg/1262
                                       : bg/1264 bg/1266 bg/1268 bg/1270 bg/1274 bg/1276
                                       : bg/1278 bg/1280 bg/1282 bg/1284 bg/1286 bg/1288
                                       : bg/1290 bg/1292 bg/1294 bg/1296 bg/1298 bg/1302
                                       : bg/1304 bg/1306 bg/1308 bg/1310 bg/1312 bg/1314
                                       : bg/1316 bg/1318 bg/1320 bg/1322 bg/1324 bg/1326
                                       : bg/1328 bg/1330 bg/1332 bg/1334 bg/1336 bg/1338
                                       : bg/1342 bg/1344 bg/1346 bg/1348 bg/1350 bg/1352
                                       : bg/1354 bg/1356 bg/1358 bg/1360 bg/1362 bg/1364
                                       : bg/1366 bg/1368 bg/1370 bg/1372 bg/1374 bg/1376
                                       : bg/1378 bg/1380 bg/1382 bg/1384 bg/1386 bg/1388
                                       : bg/1390 bg/1392 bg/1394 bg/1396 bg/1398 bg/1400
                                       : bg/1402 bg/1404 bg/1406 bg/1408 bg/1410 bg/1412
                                       : bg/1414 bg/1416 bg/1418 bg/1420 bg/1422 bg/1426
                                       : bg/1428 bg/1430 bg/1432 bg/1434 bg/1436 bg/1438
                                       : bg/1440 bg/1442 bg/1444 bg/1446 bg/1448 bg/1450
                                       : bg/1452 bg/1454 bg/1456 bg/1460 bg/1462 bg/1464
                                       : bg/1466 bg/1468 bg/1470 bg/1472 bg/1474 bg/1476
                                       : bg/1478 bg/1480 bg/1482 bg/1484 bg/1486 bg/1488
                                       : bg/1490 bg/1492 bg/1494 bg/1496 bg/1498 bg/1501
                                       : bg/1506 bg/1508 bg/1510 bg/1514 bg/1518 bg/1520
                                       : bg/1522 bg/1524 bg/1528 bg/1530 bg/1532 bg/1538
                                       : bg/1542 bg/1544 bg/1552 bg/1554 bg/1556 bg/1558
                                       : bg/1560 bg/1562 bg/1564 bg/1566 bg/1568 bg/1570
                                       : bg/1574 bg/1576 bg/1578 bg/1580 bg/1582 bg/1584
                                       : bg/1585 bg/1587 bg/1589 bg/1593 bg/1597 bg/1599
                                       : bg/1601 bg/1603 bg/1606 bg/1608 bg/1610 bg/1612
                                       : bg/1614 bg/1616 bg/1620 bg/1622 bg/1624 bg/1630
                                       : bg/1632 bg/1634 bg/1636 bg/1638 bg/1640 bg/1642
                                       : bg/1644 bg/1646 bg/1648 bg/1650 bg/1654 bg/1658
                                       : bg/1660 bg/1662 bg/1664 bg/1666 bg/1668 bg/1670
                                       : bg/1672 bg/1676 bg/1678 bg/1680 bg/1682 bg/1684
                                       : bg/1686 bg/1688 bg/1690 bg/1692 bg/1694 bg/1695
                                       : bg/1697 bg/1700 bg/1702 bg/1704 bg/1706 bg/1710
                                       : bg/1712 bg/1714 bg/1716 bg/1718 bg/1719 bg/1721
                                       : bg/1724 bg/1726 bg/1728 bg/1729 bg/1732 bg/1733
                                       : bg/1735 bg/1737 bg/1739 bg/1742 bg/1743 bg/1746
                                       : bg/1748 bg/1750 bg/1752 bg/1754 bg/1756 bg/1758
                                       : bg/1760 bg/1762 bg/1764 bg/1766 bg/1768 bg/1770
                                       : bg/1772 bg/1774 bg/1776 bg/1778 bg/1780 bg/1782
                                       : bg/1784 bg/1786 bg/1788 bg/1790 bg/1794 bg/1796
                                       : bg/1798 bg/1800 bg/1802 bg/1804 bg/1806 bg/1808
                                       : bg/1810 bg/1812 bg/1814 bg/1816 bg/1818 bg/1820
                                       : bg/1822 bg/1824 bg/1826 bg/1828 bg/1830 bg/1832
                                       : bg/1834 bg/1838 bg/1842 bg/1844 bg/1848 bg/1850
                                       : bg/1852 bg/1856 bg/1858 bg/1860 bg/1862 bg/1864
                                       : bg/1868 bg/1876 bg/1878 bg/1880 bg/1882 bg/1884
                                       : bg/1886 bg/1888 bg/1890 bg/1892 bg/1894 bg/1896
                                       : bg/1898 bg/1900 bg/1904 bg/1906 bg/1908 bg/1912
                                       : bg/1916 bg/1918 bg/1920 bg/1922 bg/1926 bg/1940
                                       : bg/1942 bg/1944 bg/1960 bg/1964 bg/1968 bg/1974
                                       : bg/1976 bg/1980 bg/1986 bg/1988 bg/1992 bg/1996
                                       : bg/1998 bg/2000 bg/2002 bg/2004 bg/2006 bg/2010
                                       : bg/2012 bg/2016 bg/2018 bg/2020 bg/2021 bg/2026
                                       : bg/2030 bg/2034 bg/2036 bg/2038 bg/2040 bg/2042
                                       : bg/2046 bg/2052 bg/2064 bg/2066 bg/2071 bg/2076
                                       : bg/2080 bg/2082 bg/2090 bg/2092 bg/2093 bg/2100
                                       : bg/2104 bg/2112 bg/2116 bg/2118 bg/2120 bg/2121
                                       : bg/2124 bg/2132 bg/2136 bg/2142 bg/2146 bg/2148
                                       : bg/2149 bg/2152 bg/2155 bg/2163 bg/2166 bg/2167
                                       : bg/2172 bg/2174 bg/2176 bg/2182 bg/2183 bg/2188
                                       : bg/2189 bg/2191 bg/2193 bg/2195 bg/2200 bg/2204
                                       : bg/2206 bg/2208 bg/2209 bg/2212 bg/2213 bg/2217
                                       : bg/2221 bg/2223 bg/2226 bg/2228 bg/2229 bg/2231
                                       : bg/2233 bg/2235 bg/2238 bg/2241 bg/2243 bg/2245
                                       : bg/2247 bg/2249 bg/2251 bg/2260 bg/2262 bg/2264
                                       : bg/2266 bg/2268 bg/2270 bg/2272 bg/2274 bg/2276
                                       : bg/2278 bg/2280 bg/2282 bg/2284 bg/2286 bg/2295
                                       : bg/2297 bg/2300 bg/2303 bg/2305 bg/2307 bg/2309
                                       : bg/2311 abt/1 abt/2
    # of nonzero coefficients (HS)     :       383494
    Fill of coefficient matrix         :        0.007
    # of NZE in factor                 :       331948
    Total storage required             :      2444358
    Total storage defined (total)      :     80000000
    CPU-time for solving (per rnd)     :      0:00:19
    CPU-time for inverting (per rnd)   :      0:00:19
    MFLOPs during factorization        :        52.92
    Non zero coefficients stored       :      50000, filled:   0.2% hit rate:    1.0 at line:    50000

     --------------------------------- VCE 5.1.2  -----------------------------------
     16.10.2007  13:40:56             ltz_imf.vce                              page 4
 
 
    ********************************************************************************
    *                       S E T T I N G    U P    M M E                          *
    ********************************************************************************
 
    Non zero coefficients stored       :     100000, filled:   0.3% hit rate:    1.0 at line:     7069
    Non zero coefficients stored       :     150000, filled:   0.5% hit rate:    1.0 at line:    22076
    Non zero coefficients stored       :     200000, filled:   0.6% hit rate:    1.0 at line:    34816
    Non zero coefficients stored       :     250000, filled:   0.8% hit rate:    1.0 at line:    42242
    Non zero coefficients stored       :     300000, filled:   1.0% hit rate:    1.0 at line:    48972
    Non zero coefficients stored       :     350000, filled:   1.1% hit rate:    1.0 at line:    68572
    All non zeros are loaded           :       351028
    Number of equations                :        75154
    Filling rate of LHS storage space  :       1.1122
    Hit rate by setting up LHS         :       1.0023
    Zero diagonal coefficients stored  :          948
    AG  20.1     1  40398.38     500   0   0   0   0   0   0   0   0 --  333 333  57 500 333  57 500
    AG   1.5     2  481989.5     333 500   0   0   0   0   0   0   0 --    0 591 -69 477 408  58 522
    AG   1.5     3  433841.9       1 333 500   0   0   0   0   0   0 --    0 591 -68 477 408  58 522
    AG   1.6     4  371322.2       3   1 333 500   0   0   0   0   0 --    0 590 -65 478 409  58 521
    AG   1.7     5  305674.7       7   3   1 333 500   0   0   0   0 --    0 590 -57 479 409  58 520
    AG   1.5     6  230046.4      21   7   3   1 333 500   0   0   0 --    0 588 -36 482 411  58 517
    AG   1.5     7  141526.1      44  21   7   3   1 333 500   0   0 --    6 577   7 490 416  57 509
    AG   1.5     8  60382.79      92  44  21   7   3   1 333 500   0 --   98 494  46 497 406  57 502
    AG   1.6     9  40582.93     176  92  44  21   7   3   1 333 500 --  275 370  56 499 353  57 500
    AG   1.5    10  40196.92      32 176  92  44  21   7   3   1 333 --  307 349  56 499 342  57 500
    AG   1.5    11  40182.31       6  32 176  92  44  21   7   3   1 --  308 355  56 499 335  57 500
    AG   1.7    12  39985.89     122   6  32 176  92  44  21   7   3 --  302 478  46 498 218  58 501
    AG   1.5    13  39949.35     117 122   6  32 176  92  44  21   7 --  282 596  37 497 121  58 502
    AG   1.5    14  39923.87      39 117 122   6  32 176  92  44  21 --  293 556  40 498 150  58 501
    AG   1.5    15  39915.03      15  39 117 122   6  32 176  92  44 --  292 571  38 498 135  58 501
    AG   1.5    16  39898.70      44  15  39 117 122   6  32 176  92 --  288 616  34 500  94  59 499
    AG   1.6    17  39893.56      14  44  15  39 117 122   6  32 176 --  288 630  32 501  80  59 498
    AG   1.5    18  39889.16      18  14  44  15  39 117 122   6  32 --  287 649  30 504  63  59 495
    AG   1.5    19  39884.22      18  18  14  44  15  39 117 122   6 --  285 667  27 508  46  60 491
    AG   1.5    20  39878.13      27  18  18  14  44  15  39 117 122 --  281 695  22 516  23  61 483
    AG   1.5    21  39869.35      19  27  18  18  14  44  15  39 117 --  278 714  15 530   7  63 469
    AG   1.5    22  39868.82       3  19  27  18  18  14  44  15  39 --  277 717  13 534   5  64 465
    AG   1.5    23  39869.13       2   3  19  27  18  18  14  44  15 --  278 715  13 535   5  64 464
    AG   1.5    24  39868.78       1   2   3  19  27  18  18  14  44 --  277 716  13 535   5  64 464
    AG   1.5    25  39868.73       0   1   2   3  19  27  18  18  14 --  277 717  13 535   4  64 464
    AG   1.5    26  39868.64       1   0   1   2   3  19  27  18  18 --  277 717  13 537   5  64 462
    AG   1.5    27  39868.15       4   1   0   1   2   3  19  27  18 --  276 716  12 541   7  64 458
    AG   1.5    28  39868.13      11   4   1   0   1   2   3  19  27 --  272 708  13 552  19  65 447
    AG   1.5    29  39867.39       6  11   4   1   0   1   2   3  19 --  275 711  13 545  12  65 454
    AG   1.5    30  39866.98       3   6  11   4   1   0   1   2   3 --  275 708  14 545  15  65 454
    AG   1.5    31  39868.66      23   3   6  11   4   1   0   1   2 --  273 687  17 548  39  65 451
    AG   1.7    32  39866.54      18  23   3   6  11   4   1   0   1 --  274 703  15 546  21  65 453
    AG   1.5    33  39866.28       7  18  23   3   6  11   4   1   0 --  275 696  16 546  28  64 453
    AG   1.5    34  39866.16       1   7  18  23   3   6  11   4   1 --  275 696  16 545  27  64 454
    AG   1.5    35  39866.13       1   1   7  18  23   3   6  11   4 --  275 695  16 546  29  65 453
    AG   1.5    36  39866.10       1   1   1   7  18  23   3   6  11 --  275 693  16 548  30  65 451
    AG   1.6    37  39866.06       1   1   1   1   7  18  23   3   6 --  275 693  15 549  31  65 450
    AG   1.5    38  39865.92       6   1   1   1   1   7  18  23   3 --  273 692  13 556  33  67 443
    AG   1.5    39  39865.65      13   6   1   1   1   1   7  18  23 --  269 693   8 570  36  70 429
    AG   1.6    40  39865.09      28  13   6   1   1   1   1   7  18 --  260 699  -1 599  39  77 400
    AG   1.6    41  39864.44      37  28  13   6   1   1   1   1   7 --  248 711 -14 636  39  87 363
    AG   1.5    42  39864.05      23  37  28  13   6   1   1   1   1 --  240 723 -23 660  36  95 339
    AG   1.5    43  39863.93       5  23  37  28  13   6   1   1   1 --  239 728 -24 661  32  96 338
    AG   1.5    44  39863.91       5   5  23  37  28  13   6   1   1 --  240 727 -22 656  31  94 343
    AG   1.6    45  39863.90       3   5   5  23  37  28  13   6   1 --  241 727 -21 653  31  93 346
    AG   1.5    46  39863.90       1   3   5   5  23  37  28  13   6 --  241 726 -20 651  31  93 348
    AG   1.5    47  39863.88       3   1   3   5   5  23  37  28  13 --  242 726 -18 648  31  93 351
    AG   1.5    48  39863.83       4   3   1   3   5   5  23  37  28 --  240 727 -15 643  31  95 356
    AG   1.5    49  39863.70       7   4   3   1   3   5   5  23  37 --  235 732  -7 638  31 103 361
    AG   1.5    50  39863.44      19   7   4   3   1   3   5   5  23 --  221 746   5 635  32 122 364
    AG   1.5    51  39863.03      35  19   7   4   3   1   3   5   5 --  194 772  25 641  33 158 358
    AG   1.5    52  39862.66      36  35  19   7   4   3   1   3   5 --  167 799  38 657  33 194 342
    AG   1.6    53  39862.47      17  36  35  19   7   4   3   1   3 --  155 810  39 671  33 212 328
    AG   1.5    54  39862.44       6  17  36  35  19   7   4   3   1 --  154 811  35 677  33 213 322
    AG   1.9    55  39862.43       2   6  17  36  35  19   7   4   3 --  154 812  34 680  33 214 319
    AG   1.5    56  39862.40       4   2   6  17  36  35  19   7   4 --  153 812  30 684  34 215 315
    AG   1.5    57  39862.35       5   4   2   6  17  36  35  19   7 --  150 815  24 689  34 219 310
    AG   1.5    58  39862.20      10   5   4   2   6  17  36  35  19 --  142 821  14 696  35 230 303
    AG   1.6    59  39861.91      21  10   5   4   2   6  17  36  35 --  127 835  -2 699  37 251 300
    AG   1.5    60  39861.51      23  21  10   5   4   2   6  17  36 --  109 851 -23 689  38 274 310
    AG   1.6    61  39861.15      30  23  21  10   5   4   2   6  17 --  104 856 -37 658  39 275 341
    AG   1.5    62  39861.01      21  30  23  21  10   5   4   2   6 --  101 859 -30 637  38 275 362
    AG   1.5    63  39860.99       6  21  30  23  21  10   5   4   2 --  105 856 -24 634  38 270 365
    AG   1.5    64  39860.99       3   6  21  30  23  21  10   5   4 --  103 858 -22 636  38 273 363
    AG   1.5    65  39860.99       0   3   6  21  30  23  21  10   5 --  104 857 -23 636  38 272 363
    AG   1.5    66  39860.99       0   0   3   6  21  30  23  21  10 --  104 857 -23 636  38 272 363
    AG   1.5    67  39860.99       1   0   0   3   6  21  30  23  21 --  105 856 -25 635  38 272 364
    AG   1.5    68  39860.98       1   1   0   0   3   6  21  30  23 --  106 855 -26 635  38 272 364
    AG   1.6    69  39860.97       3   1   1   0   0   3   6  21  30 --  108 853 -30 634  38 276 365
    AG   1.6    70  39860.93      13   3   1   1   0   0   3   6  21 --  111 849 -36 633  38 289 366
    AG   1.5    71  39860.85      39  13   3   1   1   0   0   3   6 --  117 843 -48 632  39 329 367
    AG   1.5    72  39860.68      95  39  13   3   1   1   0   0   3 --  127 832 -67 627  39 424 372
    AG   1.5    73  39860.51      65  95  39  13   3   1   1   0   0 --  130 829 -71 627  40 490 372
    AG   1.6    74  39860.08     110  65  95  39  13   3   1   1   0 --  124 835 -59 630  39 601 369
    AG   1.5    75  39859.93      28 110  65  95  39  13   3   1   1 --  112 849 -55 634  38 629 365
    AG   1.5    76  39860.36     121  28 110  65  95  39  13   3   1 --   93 867 -72 620  38 750 379
    AG   1.6    77  39859.88      92 121  28 110  65  95  39  13   3 --  108 853 -59 632  38 657 367
    AG   1.5    78  39859.81      43  92 121  28 110  65  95  39  13 --  103 857 -67 630  39 700 369
    AG   1.5    79  39859.71      41  43  92 121  28 110  65  95  39 --  103 857 -79 628  39 742 371
    AG   1.5    80  39859.58      44  41  43  92 121  28 110  65  95 --  107 852 -92 628  40 786 371
    AG   1.5    81  39859.56      63  44  41  43  92 121  28 110  65 --  112 847-100 625  40 849 374
    AG   1.5    82  39859.45       7  63  44  41  43  92 121  28 110 --  114 845 -97 632  39 854 367
    AG   1.5    83  39859.40      33   7  63  44  41  43  92 121  28 --  114 846 -99 631  39 887 368
    AG   1.5    84  39859.45      51  33   7  63  44  41  43  92 121 --  112 849-104 626  38 938 373
    AG   1.5    85  39859.38      33  51  33   7  63  44  41  43  92 --  113 847-101 630  39 905 369
    AG   1.5    86  39859.35      20  33  51  33   7  63  44  41  43 --  110 850-101 630  38 925 369
    AG   1.5    87  39859.32      12  20  33  51  33   7  63  44  41 --  108 852-100 632  38 937 367
    AG   1.7    88  39859.30      25  12  20  33  51  33   7  63  44 --  109 852-104 630  38 963 369
    AG   1.5    89  39859.28       2  25  12  20  33  51  33   7  63 --  111 850-105 632  38 964 367
    AG   1.5    90  39859.27      13   2  25  12  20  33  51  33   7 --  112 848-108 632  38 977 367
    AG   2.0    91  39859.26       9  13   2  25  12  20  33  51  33 --  112 848-110 631  38 987 368
    AG   1.5    92  39859.25       2   9  13   2  25  12  20  33  51 --  111 849-111 632  39 990 367
    AG   1.5    93  39859.24       5   2   9  13   2  25  12  20  33 --  110 850-111 632  38 996 367
    AG   1.5    94  39859.24       1   5   2   9  13   2  25  12  20 --  110 850-110 633  38 997 366
    AG   1.5    95  39859.24       2   1   5   2   9  13   2  25  12 --  110 850-109 633  38 999 366
    AG   1.5    96  39859.24       0   2   1   5   2   9  13   2  25 --  111 850-109 633  38 999 366
    AG   1.5    97  39859.24       0   0   2   1   5   2   9  13   2 --  111 850-110 633  38 999 366
    AG   1.6    98  39859.24       0   0   0   2   1   5   2   9  13 --  111 850-110 633  38 999 366

     --------------------------------- VCE 5.1.2  -----------------------------------
     16.10.2007  13:43:35             ltz_imf.vce                              page 5
 
 
    ********************************************************************************
    *                      M O D E L  I N F O R M A T I O N                        *
    ********************************************************************************
 
    Factor     within     T Levels Skip        ltz       imf
    ________________________________________________________________________________
    sex                   F      3 .             1         1
    bjq                   F      5               1         -
    bg                    F   1157 .             1         1
    wu                    R      9               1         -
    animal                A  36408               1         1
    skmw                  F      1               -         1
    abt                   F      3 .             -         1
    ________________________________________________________________________________
 
    ********************************************************************************
    *         C O E F F I C I E N T  M A T R I X  I N F O R M A T I O N            *
    ********************************************************************************
 
    Setting up mixed model equations
    ________________________________________________________________________________
    Machine precision (tolerance)      : 0.222045E-15
    Warning theshold on inv. (A-1A)-I  : 0.100000E-06
    Traits transformed. See option     :  all  all
    Covariates transformed. See options:  avg
    Number of equations                :        75154
    Rank of the system                 :        75154
    Equations set to zero              :  sex/1 sex/4 sex/5 bg/1 bg/4 bg/10 bg/13 bg/16 bg/18
                                       : bg/20 bg/22 bg/24 bg/27 bg/29 bg/32 bg/33 bg/37 bg/39
                                       : bg/41 bg/43 bg/45 bg/47 bg/49 bg/51 bg/53 bg/55 bg/57
                                       : bg/59 bg/63 bg/65 bg/67 bg/69 bg/72 bg/75 bg/77 bg/79
                                       : bg/83 bg/85 bg/88 bg/90 bg/92 bg/94 bg/96 bg/98 bg/100
                                       : bg/102 bg/104 bg/108 bg/112 bg/118 bg/122 bg/124
                                       : bg/126 bg/128 bg/130 bg/132 bg/134 bg/136 bg/138
                                       : bg/140 bg/142 bg/144 bg/146 bg/150 bg/152 bg/156
                                       : bg/158 bg/160 bg/164 bg/166 bg/168 bg/170 bg/172
                                       : bg/182 bg/186 bg/190 bg/192 bg/194 bg/196 bg/198
                                       : bg/200 bg/202 bg/204 bg/206 bg/208 bg/210 bg/212
                                       : bg/214 bg/216 bg/217 bg/220 bg/222 bg/224 bg/230
                                       : bg/232 bg/235 bg/243 bg/245 bg/252 bg/255 bg/258
                                       : bg/260 bg/262 bg/264 bg/266 bg/268 bg/270 bg/272
                                       : bg/274 bg/276 bg/280 bg/282 bg/284 bg/286 bg/288
                                       : bg/296 bg/300 bg/308 bg/310 bg/312 bg/316 bg/318
                                       : bg/320 bg/322 bg/328 bg/332 bg/334 bg/336 bg/340
                                       : bg/342 bg/344 bg/346 bg/348 bg/350 bg/352 bg/354
                                       : bg/356 bg/358 bg/362 bg/364 bg/366 bg/368 bg/372
                                       : bg/374 bg/380 bg/390 bg/392 bg/394 bg/396 bg/398
                                       : bg/400 bg/404 bg/406 bg/408 bg/410 bg/412 bg/414
                                       : bg/416 bg/418 bg/420 bg/422 bg/424 bg/426 bg/428
                                       : bg/430 bg/432 bg/434 bg/436 bg/438 bg/440 bg/442
                                       : bg/444 bg/446 bg/448 bg/450 bg/452 bg/454 bg/456
                                       : bg/458 bg/460 bg/462 bg/466 bg/468 bg/470 bg/472
                                       : bg/474 bg/476 bg/478 bg/486 bg/488 bg/492 bg/494
                                       : bg/496 bg/498 bg/500 bg/502 bg/506 bg/508 bg/510
                                       : bg/512 bg/514 bg/516 bg/520 bg/522 bg/524 bg/526
                                       : bg/528 bg/530 bg/532 bg/534 bg/536 bg/538 bg/540
                                       : bg/542 bg/544 bg/546 bg/548 bg/552 bg/554 bg/556
                                       : bg/558 bg/560 bg/562 bg/566 bg/568 bg/570 bg/572
                                       : bg/574 bg/578 bg/580 bg/582 bg/584 bg/586 bg/588
                                       : bg/590 bg/592 bg/594 bg/596 bg/598 bg/600 bg/604
                                       : bg/606 bg/608 bg/610 bg/614 bg/616 bg/618 bg/620
                                       : bg/622 bg/624 bg/626 bg/628 bg/630 bg/632 bg/634
                                       : bg/636 bg/638 bg/640 bg/642 bg/644 bg/646 bg/650
                                       : bg/652 bg/654 bg/656 bg/658 bg/659 bg/662 bg/664
                                       : bg/666 bg/668 bg/670 bg/672 bg/674 bg/676 bg/678
                                       : bg/680 bg/682 bg/684 bg/688 bg/690 bg/692 bg/694
                                       : bg/696 bg/698 bg/700 bg/702 bg/704 bg/706 bg/708
                                       : bg/710 bg/712 bg/714 bg/716 bg/718 bg/722 bg/724
                                       : bg/728 bg/730 bg/734 bg/736 bg/738 bg/740 bg/742
                                       : bg/744 bg/746 bg/750 bg/752 bg/756 bg/758 bg/760
                                       : bg/762 bg/764 bg/766 bg/768 bg/770 bg/772 bg/776
                                       : bg/782 bg/786 bg/788 bg/790 bg/792 bg/794 bg/796
                                       : bg/798 bg/800 bg/802 bg/804 bg/806 bg/808 bg/810
                                       : bg/814 bg/816 bg/818 bg/820 bg/822 bg/824 bg/826
                                       : bg/830 bg/832 bg/834 bg/836 bg/842 bg/844 bg/846
                                       : bg/848 bg/850 bg/852 bg/854 bg/856 bg/858 bg/860
                                       : bg/862 bg/864 bg/866 bg/868 bg/870 bg/872 bg/874
                                       : bg/876 bg/878 bg/880 bg/882 bg/884 bg/886 bg/888
                                       : bg/890 bg/892 bg/894 bg/896 bg/898 bg/900 bg/902
                                       : bg/906 bg/908 bg/910 bg/912 bg/914 bg/916 bg/918
                                       : bg/920 bg/922 bg/924 bg/928 bg/930 bg/932 bg/934
                                       : bg/936 bg/938 bg/940 bg/944 bg/946 bg/948 bg/950
                                       : bg/952 bg/954 bg/956 bg/958 bg/960 bg/962 bg/964
                                       : bg/966 bg/968 bg/970 bg/972 bg/974 bg/976 bg/978
                                       : bg/980 bg/982 bg/984 bg/986 bg/988 bg/990 bg/992
                                       : bg/994 bg/996 bg/998 bg/1000 bg/1002 bg/1004 bg/1006
                                       : bg/1008 bg/1010 bg/1012 bg/1014 bg/1018 bg/1020
                                       : bg/1022 bg/1028 bg/1030 bg/1032 bg/1034 bg/1036
                                       : bg/1040 bg/1044 bg/1046 bg/1048 bg/1050 bg/1052
                                       : bg/1054 bg/1056 bg/1058 bg/1060 bg/1062 bg/1064
                                       : bg/1066 bg/1068 bg/1070 bg/1072 bg/1074 bg/1076
                                       : bg/1078 bg/1080 bg/1082 bg/1084 bg/1086 bg/1088
                                       : bg/1090 bg/1092 bg/1094 bg/1096 bg/1098 bg/1100
                                       : bg/1102 bg/1104 bg/1106 bg/1108 bg/1110 bg/1112
                                       : bg/1114 bg/1116 bg/1118 bg/1124 bg/1126 bg/1130
                                       : bg/1132 bg/1134 bg/1138 bg/1140 bg/1144 bg/1146
                                       : bg/1152 bg/1154 bg/1156 bg/1158 bg/1160 bg/1162
                                       : bg/1164 bg/1166 bg/1168 bg/1170 bg/1172 bg/1174
                                       : bg/1176 bg/1178 bg/1180 bg/1182 bg/1184 bg/1186
                                       : bg/1188 bg/1190 bg/1192 bg/1194 bg/1196 bg/1198
                                       : bg/1200 bg/1202 bg/1204 bg/1206 bg/1210 bg/1212
                                       : bg/1216 bg/1218 bg/1220 bg/1222 bg/1224 bg/1226
                                       : bg/1228 bg/1230 bg/1232 bg/1234 bg/1236 bg/1238
                                       : bg/1240 bg/1242 bg/1244 bg/1246 bg/1248 bg/1250
                                       : bg/1252 bg/1254 bg/1256 bg/1258 bg/1260 bg/1262
                                       : bg/1264 bg/1266 bg/1268 bg/1270 bg/1274 bg/1276
                                       : bg/1278 bg/1280 bg/1282 bg/1284 bg/1286 bg/1288
                                       : bg/1290 bg/1292 bg/1294 bg/1296 bg/1298 bg/1302
                                       : bg/1304 bg/1306 bg/1308 bg/1310 bg/1312 bg/1314
                                       : bg/1316 bg/1318 bg/1320 bg/1322 bg/1324 bg/1326
                                       : bg/1328 bg/1330 bg/1332 bg/1334 bg/1336 bg/1338
                                       : bg/1342 bg/1344 bg/1346 bg/1348 bg/1350 bg/1352
                                       : bg/1354 bg/1356 bg/1358 bg/1360 bg/1362 bg/1364
                                       : bg/1366 bg/1368 bg/1370 bg/1372 bg/1374 bg/1376
                                       : bg/1378 bg/1380 bg/1382 bg/1384 bg/1386 bg/1388
                                       : bg/1390 bg/1392 bg/1394 bg/1396 bg/1398 bg/1400
                                       : bg/1402 bg/1404 bg/1406 bg/1408 bg/1410 bg/1412
                                       : bg/1414 bg/1416 bg/1418 bg/1420 bg/1422 bg/1426
                                       : bg/1428 bg/1430 bg/1432 bg/1434 bg/1436 bg/1438
                                       : bg/1440 bg/1442 bg/1444 bg/1446 bg/1448 bg/1450
                                       : bg/1452 bg/1454 bg/1456 bg/1460 bg/1462 bg/1464
                                       : bg/1466 bg/1468 bg/1470 bg/1472 bg/1474 bg/1476
                                       : bg/1478 bg/1480 bg/1482 bg/1484 bg/1486 bg/1488
                                       : bg/1490 bg/1492 bg/1494 bg/1496 bg/1498 bg/1501
                                       : bg/1506 bg/1508 bg/1510 bg/1514 bg/1518 bg/1520
                                       : bg/1522 bg/1524 bg/1528 bg/1530 bg/1532 bg/1538
                                       : bg/1542 bg/1544 bg/1552 bg/1554 bg/1556 bg/1558
                                       : bg/1560 bg/1562 bg/1564 bg/1566 bg/1568 bg/1570
                                       : bg/1574 bg/1576 bg/1578 bg/1580 bg/1582 bg/1584
                                       : bg/1585 bg/1587 bg/1589 bg/1593 bg/1597 bg/1599
                                       : bg/1601 bg/1603 bg/1606 bg/1608 bg/1610 bg/1612
                                       : bg/1614 bg/1616 bg/1620 bg/1622 bg/1624 bg/1630
                                       : bg/1632 bg/1634 bg/1636 bg/1638 bg/1640 bg/1642
                                       : bg/1644 bg/1646 bg/1648 bg/1650 bg/1654 bg/1658
                                       : bg/1660 bg/1662 bg/1664 bg/1666 bg/1668 bg/1670
                                       : bg/1672 bg/1676 bg/1678 bg/1680 bg/1682 bg/1684
                                       : bg/1686 bg/1688 bg/1690 bg/1692 bg/1694 bg/1695
                                       : bg/1697 bg/1700 bg/1702 bg/1704 bg/1706 bg/1710
                                       : bg/1712 bg/1714 bg/1716 bg/1718 bg/1719 bg/1721
                                       : bg/1724 bg/1726 bg/1728 bg/1729 bg/1732 bg/1733
                                       : bg/1735 bg/1737 bg/1739 bg/1742 bg/1743 bg/1746
                                       : bg/1748 bg/1750 bg/1752 bg/1754 bg/1756 bg/1758
                                       : bg/1760 bg/1762 bg/1764 bg/1766 bg/1768 bg/1770
                                       : bg/1772 bg/1774 bg/1776 bg/1778 bg/1780 bg/1782
                                       : bg/1784 bg/1786 bg/1788 bg/1790 bg/1794 bg/1796
                                       : bg/1798 bg/1800 bg/1802 bg/1804 bg/1806 bg/1808
                                       : bg/1810 bg/1812 bg/1814 bg/1816 bg/1818 bg/1820
                                       : bg/1822 bg/1824 bg/1826 bg/1828 bg/1830 bg/1832
                                       : bg/1834 bg/1838 bg/1842 bg/1844 bg/1848 bg/1850
                                       : bg/1852 bg/1856 bg/1858 bg/1860 bg/1862 bg/1864
                                       : bg/1868 bg/1876 bg/1878 bg/1880 bg/1882 bg/1884
                                       : bg/1886 bg/1888 bg/1890 bg/1892 bg/1894 bg/1896
                                       : bg/1898 bg/1900 bg/1904 bg/1906 bg/1908 bg/1912
                                       : bg/1916 bg/1918 bg/1920 bg/1922 bg/1926 bg/1940
                                       : bg/1942 bg/1944 bg/1960 bg/1964 bg/1968 bg/1974
                                       : bg/1976 bg/1980 bg/1986 bg/1988 bg/1992 bg/1996
                                       : bg/1998 bg/2000 bg/2002 bg/2004 bg/2006 bg/2010
                                       : bg/2012 bg/2016 bg/2018 bg/2020 bg/2021 bg/2026
                                       : bg/2030 bg/2034 bg/2036 bg/2038 bg/2040 bg/2042
                                       : bg/2046 bg/2052 bg/2064 bg/2066 bg/2071 bg/2076
                                       : bg/2080 bg/2082 bg/2090 bg/2092 bg/2093 bg/2100
                                       : bg/2104 bg/2112 bg/2116 bg/2118 bg/2120 bg/2121
                                       : bg/2124 bg/2132 bg/2136 bg/2142 bg/2146 bg/2148
                                       : bg/2149 bg/2152 bg/2155 bg/2163 bg/2166 bg/2167
                                       : bg/2172 bg/2174 bg/2176 bg/2182 bg/2183 bg/2188
                                       : bg/2189 bg/2191 bg/2193 bg/2195 bg/2200 bg/2204
                                       : bg/2206 bg/2208 bg/2209 bg/2212 bg/2213 bg/2217
                                       : bg/2221 bg/2223 bg/2226 bg/2228 bg/2229 bg/2231
                                       : bg/2233 bg/2235 bg/2238 bg/2241 bg/2243 bg/2245
                                       : bg/2247 bg/2249 bg/2251 bg/2260 bg/2262 bg/2264
                                       : bg/2266 bg/2268 bg/2270 bg/2272 bg/2274 bg/2276
                                       : bg/2278 bg/2280 bg/2282 bg/2284 bg/2286 bg/2295
                                       : bg/2297 bg/2300 bg/2303 bg/2305 bg/2307 bg/2309
                                       : bg/2311 abt/1 abt/2
    # of nonzero coefficients (HS)     :       351028
    Fill of coefficient matrix         :        0.006
    # of NZE in factor                 :       331948
    Total storage required             :      2444358
    Total storage defined (total)      :     80000000
    CPU-time for solving (per rnd)     :      0:00:19
    CPU-time for inverting (per rnd)   :      0:02:48
    MFLOPs during factorization        :        58.72

     --------------------------------- VCE 5.1.2  -----------------------------------
     16.10.2007  13:43:35             ltz_imf.vce                              page 6
 
 
    ********************************************************************************
    *                 E S T I M A T E S   I N F O R M A T I O N                    *
    ********************************************************************************
 
    Tue Oct 16 13:43:35 2007                              CPU time used:     0:02:49
 
    AG Log likelihood :   39859.2354  status :  1   at iteration:      98 /    98
 
 
    ----------------------------- Matrices: NATURAL  -------------------------------
        4  1  1 R  wu                              9 T
              0.4674E+03
 
        5  2  1 A  animal                          36408 T T
              0.3573E+04 -0.2780E+01
                          0.1773E+00
 
        8  3  1 E  residual                        452 T T
              0.1631E+03  0.4090E+01
                          0.1026E+00
 
    --------------------------- Matrices: Phenotypic  ------------------------------
              0.4203E+04  0.1311E+01
                          0.2799E+00
 
    ----------------------------- Matrices: RATIOS  --------------------------------
        4  1  1 R  wu                            
              0.1112E+00
 
        5  2  1 A  animal                        
              0.8500E+00 -0.1105E+00
                          0.6334E+00
 
        8  3  1 E  residual                      
              0.3879E-01  0.1000E+01
                          0.3666E+00
 
    ---------------------- Matrices: STD_ERR of components  ------------------------
        4  1  1 R  wu                            
              0.2435E+01
 
        5  2  1 A  animal                        
              0.1173E+01  0.2074E+01
                          0.3130E-01
 
        8  3  1 E  residual                      
              0.9043E+00  0.1707E+02
                          0.2404E-01
 
    ------------------------ Matrices: STD_ERR of ratios  --------------------------
        4  1  1 R  wu                            
              0.3476E-01
 
        5  2  1 A  animal                        
              0.3620E-01  0.4884E-01
                          0.5317E-01
 
        8  3  1 E  residual                      
              0.1478E-01  0.3657E-02
                          0.5317E-01
 
