     --------------------------------- VCE 5.1.2  -----------------------------------
     16.10.2007  13:55:26             ltz_ptz.vce                              page 1
 
 
 
    ********************************************************************************
    *                    T R A I T S   A N D   E F F E C T S                       *
    ********************************************************************************
 
    Code Trait name  List of effects
    ________________________________________________________________________________
      1 ltz         sex       bjq       bg        wu        animal
      2 ptz         sex                 bg        wu        animal    pelm      abt
 
    ********************************************************************************
    *               E F F E C T S   A N D   C O V A R I A N C E S                  *
    ********************************************************************************
 
    Code   Effect name Type Length Level Start COVARIANCE  Type Length Level Start Pattern
    ______________________________________________________________________________________
       1   sex        :  F     2      3      1
       2   bjq        :  F     1      5      7
       3   bg         :  F     2   1163     12
       4   wu         :  R     2      9   2338  wu         :  R     2      1      1 T T
       5   animal     :  A     2  36408   2356  animal     :  A     2      1      2 T T
       6   pelm       :  F     1      1  75172
       7   abt        :  F     1      3  75173
                                                residual   :  E     2      1      3 T T
    ________________________________________________________________________________
 
    ********************************************************************************
    *                    G E N E R A L  I N F O R M A T I O N                      *
    ********************************************************************************
 
    VCE was started on :  at Tue Oct 16 13:55:26 2007 by: b08mueul
 
    Comments:
    ________________________________________________________________________________
    |                 ************************************************             |
    |                 *                     VCE-5                    *             |
    |                 *                 version 5.1.2                *             |
    |                 *            17-Dez-2003   14:42:53            *             |
    |                 *         Linux 2.6.0-test11-bk11 i686         *             |
    |                 *                  written by                  *             |
    |                 *       Milena Kovac, Eildert Groeneveld       *             |
    |                 *           and Alberto Garcia-Cortez          *             |
    |                 ************************************************             |
    | test mastitis                                                                |
    ________________________________________________________________________________
 
    Files involved
    ________________________________________________________________________________
    Current directory                  : /home/b08mueul/apiis/apiis-kurs/leicoma/zwisss/mslmr
    Parameter file                     : ltz_ptz.vce
    Data input file                    : blupdata.txt.vce
    Pedigree input file                : blupped.txt.vce
    Log list file                      : ltz_ptz.vce.lst
    Covariances for dumped into        : ltz_ptz.vce.cov-bin
    Covariance matrices written in     : ltz_ptz.vce.cov-fmt
 
    ********************************************************************************
    *                       D A T A  I N F O R M A T I O N                         *
    ********************************************************************************
 
    General statistics
    ___________________________________________________________________
 
    Variables   # rec.      min.        max.        avg.        std.
    ___________________________________________________________________
    ltz         32696   401.00000   884.00000   608.02113    67.52627
    ptz          2211   379.00000  1246.00000   913.70285   100.99708
    pelm        34054     0.00000   135.00000     7.22998    27.60484
    ___________________________________________________________________
 
    Pattern of traits
    ________________________________
     Count           ltz       ptz
    ________________________________
        853        x         x
      31843        x         -
       1358        -         x
       1358        -         x
    ________________________________

     --------------------------------- VCE 5.1.2  -----------------------------------
     16.10.2007  13:55:26             ltz_ptz.vce                              page 2
 
 
    ********************************************************************************
    *                  P E D I G R E E   I N F O R M A T I O N                     *
    ********************************************************************************
 
    Inbreeding             # of animals
    ________________________________________________________________________________
        0                   36408
    ________________________________________________________________________________
    Number of inbred animals           :            0
    Average inbreeding (inbred animals):         0.00
    Maximum inbreeding                 :         0.00
 
    ********************************************************************************
    *         C O V A R I A N C E   M A T R I X   I N F O R M A T I O N            *
    ********************************************************************************
 
    The following (co)variance matrices will be estimated (starting values):
 
    ----------------------------- Matrices: NATURAL  -------------------------------
        4  1  1 R  wu                              9 T T
              0.1520E+04  0.1313E+03
                          0.3411E+04
 
        5  2  1 A  animal                          36408 T T
              0.1520E+04  0.1313E+03
                          0.3411E+04
 
        8  3  1 E  residual                        853 T T
              0.1520E+04  0.1313E+03
                          0.3411E+04
 
    ________________________________________________________________________________
    ----------------------------- Matrices: RATIOS  --------------------------------
        4  1  1 R  wu                            
              0.3333E+00  0.5764E-01
                          0.3333E+00
 
        5  2  1 A  animal                        
              0.3333E+00  0.5764E-01
                          0.3333E+00
 
        8  3  1 E  residual                      
              0.3333E+00  0.5764E-01
                          0.3333E+00
 
    ________________________________________________________________________________
    Thus, optimization is in 9 dimensions.
 
    ********************************************************************************
    *                      M O D E L  I N F O R M A T I O N                        *
    ********************************************************************************
 
    Factor     within     T Levels Skip        ltz       ptz
    ________________________________________________________________________________
    sex                   F      3               1         1
    bjq                   F      5               1         -
    bg                    F   1163               1         1
    wu                    R      9               1         1
    animal                A  36408               1         1
    pelm                  F      1               -         1
    abt                   F      3               -         1
    ________________________________________________________________________________
    Non zero coefficients stored       :      50000, filled:   0.2% hit rate:    1.0 at line:    50000
 
    ********************************************************************************
    *                       S E T T I N G    U P    M M E                          *
    ********************************************************************************
 
    Non zero coefficients stored       :     100000, filled:   0.3% hit rate:    1.0 at line:     5045
    Non zero coefficients stored       :     150000, filled:   0.5% hit rate:    1.0 at line:    15849
    Non zero coefficients stored       :     200000, filled:   0.6% hit rate:    1.0 at line:    26933
    Non zero coefficients stored       :     250000, filled:   0.8% hit rate:    1.0 at line:    35554
    Non zero coefficients stored       :     300000, filled:   1.0% hit rate:    1.0 at line:    43814
    Non zero coefficients stored       :     350000, filled:   1.1% hit rate:    1.0 at line:    49809
    All non zeros are loaded           :       393684
    Number of equations                :        75175
    Filling rate of LHS storage space  :       1.2473
    Hit rate by setting up LHS         :       1.0028
    Zero diagonal coefficients stored  :          896
    IS - allocated for ordering with   :     80000000
    Dimension of equation system       :        75175
    Rank of equation system            :        74275
    Time for solving MME (h:min:sec)   :      0:00:19
    Time for inversion (h:min:sec)     :      0:00:20
 
    ********************************************************************************
    *         C O E F F I C I E N T  M A T R I X  I N F O R M A T I O N            *
    ********************************************************************************
 
    Setting up mixed model equations
    ________________________________________________________________________________
    Machine precision (tolerance)      : 0.222045E-15
    Warning theshold on inv. (A-1A)-I  : 0.100000E-06
    Traits transformed. See option     :  all  all
    Covariates transformed. See options:  avg
    Number of equations                :        75175
    Rank of the system                 :        74275
    Equations set to zero              :  sex/5 bjq/5 bg/1 bg/2 bg/4 bg/10 bg/13 bg/16 bg/18
                                       : bg/20 bg/22 bg/24 bg/27 bg/29 bg/32 bg/33 bg/35 bg/37
                                       : bg/41 bg/43 bg/45 bg/47 bg/49 bg/51 bg/53 bg/55 bg/57
                                       : bg/59 bg/61 bg/63 bg/65 bg/69 bg/71 bg/73 bg/75 bg/78
                                       : bg/81 bg/83 bg/85 bg/89 bg/91 bg/94 bg/96 bg/100
                                       : bg/102 bg/104 bg/106 bg/108 bg/110 bg/114 bg/118
                                       : bg/124 bg/128 bg/130 bg/132 bg/134 bg/136 bg/138
                                       : bg/140 bg/142 bg/144 bg/146 bg/148 bg/150 bg/152
                                       : bg/156 bg/158 bg/162 bg/164 bg/166 bg/170 bg/172
                                       : bg/174 bg/176 bg/178 bg/188 bg/192 bg/196 bg/198
                                       : bg/200 bg/202 bg/204 bg/206 bg/208 bg/210 bg/212
                                       : bg/214 bg/216 bg/218 bg/220 bg/222 bg/223 bg/226
                                       : bg/228 bg/230 bg/236 bg/238 bg/241 bg/249 bg/251
                                       : bg/258 bg/261 bg/264 bg/268 bg/270 bg/272 bg/274
                                       : bg/276 bg/278 bg/280 bg/282 bg/286 bg/288 bg/290
                                       : bg/292 bg/294 bg/302 bg/306 bg/314 bg/316 bg/318
                                       : bg/322 bg/324 bg/326 bg/328 bg/334 bg/338 bg/340
                                       : bg/342 bg/346 bg/348 bg/350 bg/352 bg/354 bg/356
                                       : bg/358 bg/360 bg/362 bg/364 bg/368 bg/370 bg/372
                                       : bg/374 bg/378 bg/380 bg/386 bg/400 bg/402 bg/404
                                       : bg/410 bg/412 bg/414 bg/416 bg/418 bg/420 bg/422
                                       : bg/424 bg/426 bg/428 bg/434 bg/436 bg/438 bg/440
                                       : bg/442 bg/444 bg/446 bg/448 bg/450 bg/452 bg/454
                                       : bg/456 bg/458 bg/460 bg/462 bg/464 bg/466 bg/468
                                       : bg/472 bg/474 bg/478 bg/480 bg/482 bg/484 bg/492
                                       : bg/494 bg/498 bg/500 bg/504 bg/506 bg/508 bg/512
                                       : bg/514 bg/518 bg/520 bg/522 bg/526 bg/528 bg/530
                                       : bg/532 bg/536 bg/538 bg/540 bg/542 bg/544 bg/546
                                       : bg/548 bg/550 bg/552 bg/554 bg/560 bg/562 bg/564
                                       : bg/566 bg/572 bg/574 bg/576 bg/578 bg/584 bg/586
                                       : bg/588 bg/590 bg/592 bg/594 bg/596 bg/598 bg/600
                                       : bg/602 bg/604 bg/606 bg/610 bg/612 bg/616 bg/620
                                       : bg/622 bg/624 bg/626 bg/628 bg/630 bg/632 bg/634
                                       : bg/636 bg/638 bg/640 bg/642 bg/644 bg/646 bg/648
                                       : bg/650 bg/652 bg/658 bg/660 bg/662 bg/664 bg/665
                                       : bg/667 bg/670 bg/672 bg/674 bg/676 bg/678 bg/688
                                       : bg/690 bg/696 bg/698 bg/700 bg/702 bg/704 bg/706
                                       : bg/708 bg/710 bg/712 bg/714 bg/716 bg/718 bg/720
                                       : bg/722 bg/724 bg/726 bg/730 bg/732 bg/736 bg/738
                                       : bg/742 bg/744 bg/746 bg/748 bg/750 bg/752 bg/754
                                       : bg/758 bg/760 bg/764 bg/766 bg/768 bg/770 bg/772
                                       : bg/774 bg/776 bg/778 bg/780 bg/784 bg/790 bg/794
                                       : bg/796 bg/798 bg/800 bg/802 bg/804 bg/806 bg/808
                                       : bg/810 bg/812 bg/814 bg/816 bg/818 bg/822 bg/824
                                       : bg/826 bg/828 bg/830 bg/832 bg/834 bg/838 bg/840
                                       : bg/842 bg/844 bg/850 bg/852 bg/854 bg/856 bg/858
                                       : bg/860 bg/862 bg/864 bg/866 bg/868 bg/870 bg/872
                                       : bg/874 bg/876 bg/878 bg/880 bg/882 bg/884 bg/886
                                       : bg/888 bg/890 bg/892 bg/894 bg/896 bg/898 bg/900
                                       : bg/902 bg/904 bg/906 bg/908 bg/910 bg/914 bg/916
                                       : bg/918 bg/920 bg/922 bg/924 bg/926 bg/928 bg/930
                                       : bg/932 bg/936 bg/938 bg/944 bg/946 bg/948 bg/952
                                       : bg/954 bg/956 bg/958 bg/960 bg/962 bg/964 bg/966
                                       : bg/968 bg/970 bg/972 bg/974 bg/976 bg/978 bg/980
                                       : bg/982 bg/984 bg/986 bg/988 bg/990 bg/992 bg/994
                                       : bg/996 bg/998 bg/1000 bg/1002 bg/1004 bg/1006 bg/1008
                                       : bg/1010 bg/1012 bg/1014 bg/1016 bg/1018 bg/1020
                                       : bg/1022 bg/1026 bg/1028 bg/1030 bg/1036 bg/1038
                                       : bg/1040 bg/1042 bg/1044 bg/1048 bg/1052 bg/1054
                                       : bg/1056 bg/1058 bg/1060 bg/1062 bg/1064 bg/1066
                                       : bg/1068 bg/1070 bg/1072 bg/1074 bg/1076 bg/1078
                                       : bg/1080 bg/1082 bg/1084 bg/1086 bg/1088 bg/1090
                                       : bg/1092 bg/1094 bg/1096 bg/1098 bg/1100 bg/1102
                                       : bg/1104 bg/1106 bg/1108 bg/1110 bg/1112 bg/1114
                                       : bg/1116 bg/1118 bg/1120 bg/1122 bg/1124 bg/1132
                                       : bg/1134 bg/1138 bg/1140 bg/1146 bg/1148 bg/1152
                                       : bg/1160 bg/1162 bg/1164 bg/1166 bg/1168 bg/1170
                                       : bg/1172 bg/1174 bg/1176 bg/1178 bg/1180 bg/1182
                                       : bg/1184 bg/1186 bg/1188 bg/1190 bg/1192 bg/1194
                                       : bg/1196 bg/1198 bg/1202 bg/1204 bg/1206 bg/1208
                                       : bg/1210 bg/1214 bg/1218 bg/1220 bg/1224 bg/1228
                                       : bg/1230 bg/1232 bg/1234 bg/1236 bg/1238 bg/1242
                                       : bg/1244 bg/1246 bg/1248 bg/1250 bg/1254 bg/1256
                                       : bg/1258 bg/1260 bg/1262 bg/1264 bg/1266 bg/1268
                                       : bg/1272 bg/1276 bg/1278 bg/1282 bg/1284 bg/1286
                                       : bg/1288 bg/1290 bg/1292 bg/1294 bg/1296 bg/1298
                                       : bg/1300 bg/1302 bg/1304 bg/1306 bg/1310 bg/1312
                                       : bg/1314 bg/1316 bg/1318 bg/1320 bg/1322 bg/1324
                                       : bg/1326 bg/1328 bg/1330 bg/1332 bg/1334 bg/1336
                                       : bg/1338 bg/1340 bg/1342 bg/1344 bg/1350 bg/1352
                                       : bg/1354 bg/1356 bg/1358 bg/1360 bg/1362 bg/1364
                                       : bg/1366 bg/1368 bg/1370 bg/1372 bg/1374 bg/1376
                                       : bg/1378 bg/1380 bg/1382 bg/1384 bg/1386 bg/1388
                                       : bg/1390 bg/1392 bg/1394 bg/1396 bg/1398 bg/1400
                                       : bg/1402 bg/1404 bg/1406 bg/1408 bg/1410 bg/1412
                                       : bg/1414 bg/1416 bg/1418 bg/1420 bg/1422 bg/1424
                                       : bg/1426 bg/1428 bg/1430 bg/1434 bg/1436 bg/1438
                                       : bg/1440 bg/1442 bg/1444 bg/1446 bg/1448 bg/1450
                                       : bg/1452 bg/1454 bg/1456 bg/1458 bg/1460 bg/1462
                                       : bg/1464 bg/1468 bg/1470 bg/1472 bg/1474 bg/1476
                                       : bg/1478 bg/1480 bg/1482 bg/1484 bg/1486 bg/1488
                                       : bg/1490 bg/1492 bg/1494 bg/1496 bg/1498 bg/1500
                                       : bg/1502 bg/1504 bg/1506 bg/1509 bg/1514 bg/1516
                                       : bg/1518 bg/1522 bg/1526 bg/1528 bg/1530 bg/1532
                                       : bg/1536 bg/1538 bg/1540 bg/1546 bg/1550 bg/1552
                                       : bg/1560 bg/1562 bg/1564 bg/1566 bg/1568 bg/1570
                                       : bg/1572 bg/1574 bg/1576 bg/1578 bg/1582 bg/1584
                                       : bg/1586 bg/1588 bg/1590 bg/1592 bg/1593 bg/1595
                                       : bg/1597 bg/1601 bg/1605 bg/1607 bg/1609 bg/1611
                                       : bg/1614 bg/1616 bg/1618 bg/1620 bg/1622 bg/1624
                                       : bg/1628 bg/1630 bg/1632 bg/1638 bg/1640 bg/1642
                                       : bg/1644 bg/1646 bg/1648 bg/1650 bg/1652 bg/1654
                                       : bg/1656 bg/1658 bg/1662 bg/1666 bg/1668 bg/1670
                                       : bg/1672 bg/1674 bg/1676 bg/1678 bg/1680 bg/1684
                                       : bg/1686 bg/1688 bg/1690 bg/1692 bg/1694 bg/1696
                                       : bg/1698 bg/1700 bg/1702 bg/1703 bg/1705 bg/1727
                                       : bg/1729 bg/1737 bg/1741 bg/1743 bg/1745 bg/1747
                                       : bg/1751 bg/1754 bg/1756 bg/1758 bg/1760 bg/1762
                                       : bg/1764 bg/1766 bg/1768 bg/1770 bg/1772 bg/1774
                                       : bg/1778 bg/1780 bg/1782 bg/1784 bg/1786 bg/1788
                                       : bg/1790 bg/1792 bg/1794 bg/1796 bg/1798 bg/1802
                                       : bg/1804 bg/1806 bg/1808 bg/1810 bg/1812 bg/1814
                                       : bg/1816 bg/1818 bg/1820 bg/1822 bg/1824 bg/1826
                                       : bg/1830 bg/1832 bg/1834 bg/1836 bg/1838 bg/1840
                                       : bg/1842 bg/1846 bg/1850 bg/1852 bg/1856 bg/1858
                                       : bg/1860 bg/1864 bg/1866 bg/1868 bg/1870 bg/1872
                                       : bg/1876 bg/1884 bg/1886 bg/1888 bg/1890 bg/1892
                                       : bg/1894 bg/1896 bg/1898 bg/1900 bg/1902 bg/1904
                                       : bg/1906 bg/1908 bg/1912 bg/1914 bg/1916 bg/1920
                                       : bg/1924 bg/1926 bg/1928 bg/1930 bg/1934 bg/1948
                                       : bg/1950 bg/1952 bg/1968 bg/1972 bg/1976 bg/1982
                                       : bg/1984 bg/1988 bg/1994 bg/1996 bg/2000 bg/2004
                                       : bg/2006 bg/2008 bg/2010 bg/2012 bg/2014 bg/2018
                                       : bg/2020 bg/2024 bg/2026 bg/2028 bg/2029 bg/2034
                                       : bg/2042 bg/2044 bg/2046 bg/2048 bg/2050 bg/2054
                                       : bg/2060 bg/2072 bg/2074 bg/2079 bg/2088 bg/2090
                                       : bg/2098 bg/2100 bg/2101 bg/2108 bg/2112 bg/2120
                                       : bg/2124 bg/2126 bg/2128 bg/2129 bg/2132 bg/2140
                                       : bg/2144 bg/2150 bg/2154 bg/2156 bg/2157 bg/2160
                                       : bg/2163 bg/2171 bg/2174 bg/2175 bg/2180 bg/2182
                                       : bg/2184 bg/2190 bg/2191 bg/2196 bg/2197 bg/2199
                                       : bg/2201 bg/2203 bg/2208 bg/2212 bg/2214 bg/2216
                                       : bg/2217 bg/2221 bg/2225 bg/2229 bg/2231 bg/2234
                                       : bg/2236 bg/2237 bg/2239 bg/2241 bg/2243 bg/2246
                                       : bg/2249 bg/2251 bg/2253 bg/2255 bg/2257 bg/2259
                                       : bg/2261 bg/2263 bg/2274 bg/2276 bg/2278 bg/2280
                                       : bg/2282 bg/2284 bg/2286 bg/2288 bg/2290 bg/2292
                                       : bg/2294 bg/2296 bg/2298 bg/2307 bg/2309 bg/2312
                                       : bg/2315 bg/2317 bg/2319 bg/2321 bg/2323 abt/1 abt/2
    # of nonzero coefficients (HS)     :       393684
    Fill of coefficient matrix         :        0.007
    # of NZE in factor                 :       345395
    Total storage required             :      2504522
    Total storage defined (total)      :     80000000
    CPU-time for solving (per rnd)     :      0:00:19
    CPU-time for inverting (per rnd)   :      0:00:20
    MFLOPs during factorization        :        58.82

     --------------------------------- VCE 5.1.2  -----------------------------------
     16.10.2007  13:55:45             ltz_ptz.vce                              page 3
 
 
    ********************************************************************************
    *         C O E F F I C I E N T  M A T R I X  I N F O R M A T I O N            *
    ********************************************************************************
 
    Setting up mixed model equations
    ________________________________________________________________________________
    Machine precision (tolerance)      : 0.222045E-15
    Warning theshold on inv. (A-1A)-I  : 0.100000E-06
    Traits transformed. See option     :  all  all
    Covariates transformed. See options:  avg
    Number of equations                :        75175
    Rank of the system                 :        74275
    Equations set to zero              :  sex/5 bjq/5 bg/1 bg/2 bg/4 bg/10 bg/13 bg/16 bg/18
                                       : bg/20 bg/22 bg/24 bg/27 bg/29 bg/32 bg/33 bg/35 bg/37
                                       : bg/41 bg/43 bg/45 bg/47 bg/49 bg/51 bg/53 bg/55 bg/57
                                       : bg/59 bg/61 bg/63 bg/65 bg/69 bg/71 bg/73 bg/75 bg/78
                                       : bg/81 bg/83 bg/85 bg/89 bg/91 bg/94 bg/96 bg/100
                                       : bg/102 bg/104 bg/106 bg/108 bg/110 bg/114 bg/118
                                       : bg/124 bg/128 bg/130 bg/132 bg/134 bg/136 bg/138
                                       : bg/140 bg/142 bg/144 bg/146 bg/148 bg/150 bg/152
                                       : bg/156 bg/158 bg/162 bg/164 bg/166 bg/170 bg/172
                                       : bg/174 bg/176 bg/178 bg/188 bg/192 bg/196 bg/198
                                       : bg/200 bg/202 bg/204 bg/206 bg/208 bg/210 bg/212
                                       : bg/214 bg/216 bg/218 bg/220 bg/222 bg/223 bg/226
                                       : bg/228 bg/230 bg/236 bg/238 bg/241 bg/249 bg/251
                                       : bg/258 bg/261 bg/264 bg/268 bg/270 bg/272 bg/274
                                       : bg/276 bg/278 bg/280 bg/282 bg/286 bg/288 bg/290
                                       : bg/292 bg/294 bg/302 bg/306 bg/314 bg/316 bg/318
                                       : bg/322 bg/324 bg/326 bg/328 bg/334 bg/338 bg/340
                                       : bg/342 bg/346 bg/348 bg/350 bg/352 bg/354 bg/356
                                       : bg/358 bg/360 bg/362 bg/364 bg/368 bg/370 bg/372
                                       : bg/374 bg/378 bg/380 bg/386 bg/400 bg/402 bg/404
                                       : bg/410 bg/412 bg/414 bg/416 bg/418 bg/420 bg/422
                                       : bg/424 bg/426 bg/428 bg/434 bg/436 bg/438 bg/440
                                       : bg/442 bg/444 bg/446 bg/448 bg/450 bg/452 bg/454
                                       : bg/456 bg/458 bg/460 bg/462 bg/464 bg/466 bg/468
                                       : bg/472 bg/474 bg/478 bg/480 bg/482 bg/484 bg/492
                                       : bg/494 bg/498 bg/500 bg/504 bg/506 bg/508 bg/512
                                       : bg/514 bg/518 bg/520 bg/522 bg/526 bg/528 bg/530
                                       : bg/532 bg/536 bg/538 bg/540 bg/542 bg/544 bg/546
                                       : bg/548 bg/550 bg/552 bg/554 bg/560 bg/562 bg/564
                                       : bg/566 bg/572 bg/574 bg/576 bg/578 bg/584 bg/586
                                       : bg/588 bg/590 bg/592 bg/594 bg/596 bg/598 bg/600
                                       : bg/602 bg/604 bg/606 bg/610 bg/612 bg/616 bg/620
                                       : bg/622 bg/624 bg/626 bg/628 bg/630 bg/632 bg/634
                                       : bg/636 bg/638 bg/640 bg/642 bg/644 bg/646 bg/648
                                       : bg/650 bg/652 bg/658 bg/660 bg/662 bg/664 bg/665
                                       : bg/667 bg/670 bg/672 bg/674 bg/676 bg/678 bg/688
                                       : bg/690 bg/696 bg/698 bg/700 bg/702 bg/704 bg/706
                                       : bg/708 bg/710 bg/712 bg/714 bg/716 bg/718 bg/720
                                       : bg/722 bg/724 bg/726 bg/730 bg/732 bg/736 bg/738
                                       : bg/742 bg/744 bg/746 bg/748 bg/750 bg/752 bg/754
                                       : bg/758 bg/760 bg/764 bg/766 bg/768 bg/770 bg/772
                                       : bg/774 bg/776 bg/778 bg/780 bg/784 bg/790 bg/794
                                       : bg/796 bg/798 bg/800 bg/802 bg/804 bg/806 bg/808
                                       : bg/810 bg/812 bg/814 bg/816 bg/818 bg/822 bg/824
                                       : bg/826 bg/828 bg/830 bg/832 bg/834 bg/838 bg/840
                                       : bg/842 bg/844 bg/850 bg/852 bg/854 bg/856 bg/858
                                       : bg/860 bg/862 bg/864 bg/866 bg/868 bg/870 bg/872
                                       : bg/874 bg/876 bg/878 bg/880 bg/882 bg/884 bg/886
                                       : bg/888 bg/890 bg/892 bg/894 bg/896 bg/898 bg/900
                                       : bg/902 bg/904 bg/906 bg/908 bg/910 bg/914 bg/916
                                       : bg/918 bg/920 bg/922 bg/924 bg/926 bg/928 bg/930
                                       : bg/932 bg/936 bg/938 bg/944 bg/946 bg/948 bg/952
                                       : bg/954 bg/956 bg/958 bg/960 bg/962 bg/964 bg/966
                                       : bg/968 bg/970 bg/972 bg/974 bg/976 bg/978 bg/980
                                       : bg/982 bg/984 bg/986 bg/988 bg/990 bg/992 bg/994
                                       : bg/996 bg/998 bg/1000 bg/1002 bg/1004 bg/1006 bg/1008
                                       : bg/1010 bg/1012 bg/1014 bg/1016 bg/1018 bg/1020
                                       : bg/1022 bg/1026 bg/1028 bg/1030 bg/1036 bg/1038
                                       : bg/1040 bg/1042 bg/1044 bg/1048 bg/1052 bg/1054
                                       : bg/1056 bg/1058 bg/1060 bg/1062 bg/1064 bg/1066
                                       : bg/1068 bg/1070 bg/1072 bg/1074 bg/1076 bg/1078
                                       : bg/1080 bg/1082 bg/1084 bg/1086 bg/1088 bg/1090
                                       : bg/1092 bg/1094 bg/1096 bg/1098 bg/1100 bg/1102
                                       : bg/1104 bg/1106 bg/1108 bg/1110 bg/1112 bg/1114
                                       : bg/1116 bg/1118 bg/1120 bg/1122 bg/1124 bg/1132
                                       : bg/1134 bg/1138 bg/1140 bg/1146 bg/1148 bg/1152
                                       : bg/1160 bg/1162 bg/1164 bg/1166 bg/1168 bg/1170
                                       : bg/1172 bg/1174 bg/1176 bg/1178 bg/1180 bg/1182
                                       : bg/1184 bg/1186 bg/1188 bg/1190 bg/1192 bg/1194
                                       : bg/1196 bg/1198 bg/1202 bg/1204 bg/1206 bg/1208
                                       : bg/1210 bg/1214 bg/1218 bg/1220 bg/1224 bg/1228
                                       : bg/1230 bg/1232 bg/1234 bg/1236 bg/1238 bg/1242
                                       : bg/1244 bg/1246 bg/1248 bg/1250 bg/1254 bg/1256
                                       : bg/1258 bg/1260 bg/1262 bg/1264 bg/1266 bg/1268
                                       : bg/1272 bg/1276 bg/1278 bg/1282 bg/1284 bg/1286
                                       : bg/1288 bg/1290 bg/1292 bg/1294 bg/1296 bg/1298
                                       : bg/1300 bg/1302 bg/1304 bg/1306 bg/1310 bg/1312
                                       : bg/1314 bg/1316 bg/1318 bg/1320 bg/1322 bg/1324
                                       : bg/1326 bg/1328 bg/1330 bg/1332 bg/1334 bg/1336
                                       : bg/1338 bg/1340 bg/1342 bg/1344 bg/1350 bg/1352
                                       : bg/1354 bg/1356 bg/1358 bg/1360 bg/1362 bg/1364
                                       : bg/1366 bg/1368 bg/1370 bg/1372 bg/1374 bg/1376
                                       : bg/1378 bg/1380 bg/1382 bg/1384 bg/1386 bg/1388
                                       : bg/1390 bg/1392 bg/1394 bg/1396 bg/1398 bg/1400
                                       : bg/1402 bg/1404 bg/1406 bg/1408 bg/1410 bg/1412
                                       : bg/1414 bg/1416 bg/1418 bg/1420 bg/1422 bg/1424
                                       : bg/1426 bg/1428 bg/1430 bg/1434 bg/1436 bg/1438
                                       : bg/1440 bg/1442 bg/1444 bg/1446 bg/1448 bg/1450
                                       : bg/1452 bg/1454 bg/1456 bg/1458 bg/1460 bg/1462
                                       : bg/1464 bg/1468 bg/1470 bg/1472 bg/1474 bg/1476
                                       : bg/1478 bg/1480 bg/1482 bg/1484 bg/1486 bg/1488
                                       : bg/1490 bg/1492 bg/1494 bg/1496 bg/1498 bg/1500
                                       : bg/1502 bg/1504 bg/1506 bg/1509 bg/1514 bg/1516
                                       : bg/1518 bg/1522 bg/1526 bg/1528 bg/1530 bg/1532
                                       : bg/1536 bg/1538 bg/1540 bg/1546 bg/1550 bg/1552
                                       : bg/1560 bg/1562 bg/1564 bg/1566 bg/1568 bg/1570
                                       : bg/1572 bg/1574 bg/1576 bg/1578 bg/1582 bg/1584
                                       : bg/1586 bg/1588 bg/1590 bg/1592 bg/1593 bg/1595
                                       : bg/1597 bg/1601 bg/1605 bg/1607 bg/1609 bg/1611
                                       : bg/1614 bg/1616 bg/1618 bg/1620 bg/1622 bg/1624
                                       : bg/1628 bg/1630 bg/1632 bg/1638 bg/1640 bg/1642
                                       : bg/1644 bg/1646 bg/1648 bg/1650 bg/1652 bg/1654
                                       : bg/1656 bg/1658 bg/1662 bg/1666 bg/1668 bg/1670
                                       : bg/1672 bg/1674 bg/1676 bg/1678 bg/1680 bg/1684
                                       : bg/1686 bg/1688 bg/1690 bg/1692 bg/1694 bg/1696
                                       : bg/1698 bg/1700 bg/1702 bg/1703 bg/1705 bg/1727
                                       : bg/1729 bg/1737 bg/1741 bg/1743 bg/1745 bg/1747
                                       : bg/1751 bg/1754 bg/1756 bg/1758 bg/1760 bg/1762
                                       : bg/1764 bg/1766 bg/1768 bg/1770 bg/1772 bg/1774
                                       : bg/1778 bg/1780 bg/1782 bg/1784 bg/1786 bg/1788
                                       : bg/1790 bg/1792 bg/1794 bg/1796 bg/1798 bg/1802
                                       : bg/1804 bg/1806 bg/1808 bg/1810 bg/1812 bg/1814
                                       : bg/1816 bg/1818 bg/1820 bg/1822 bg/1824 bg/1826
                                       : bg/1830 bg/1832 bg/1834 bg/1836 bg/1838 bg/1840
                                       : bg/1842 bg/1846 bg/1850 bg/1852 bg/1856 bg/1858
                                       : bg/1860 bg/1864 bg/1866 bg/1868 bg/1870 bg/1872
                                       : bg/1876 bg/1884 bg/1886 bg/1888 bg/1890 bg/1892
                                       : bg/1894 bg/1896 bg/1898 bg/1900 bg/1902 bg/1904
                                       : bg/1906 bg/1908 bg/1912 bg/1914 bg/1916 bg/1920
                                       : bg/1924 bg/1926 bg/1928 bg/1930 bg/1934 bg/1948
                                       : bg/1950 bg/1952 bg/1968 bg/1972 bg/1976 bg/1982
                                       : bg/1984 bg/1988 bg/1994 bg/1996 bg/2000 bg/2004
                                       : bg/2006 bg/2008 bg/2010 bg/2012 bg/2014 bg/2018
                                       : bg/2020 bg/2024 bg/2026 bg/2028 bg/2029 bg/2034
                                       : bg/2042 bg/2044 bg/2046 bg/2048 bg/2050 bg/2054
                                       : bg/2060 bg/2072 bg/2074 bg/2079 bg/2088 bg/2090
                                       : bg/2098 bg/2100 bg/2101 bg/2108 bg/2112 bg/2120
                                       : bg/2124 bg/2126 bg/2128 bg/2129 bg/2132 bg/2140
                                       : bg/2144 bg/2150 bg/2154 bg/2156 bg/2157 bg/2160
                                       : bg/2163 bg/2171 bg/2174 bg/2175 bg/2180 bg/2182
                                       : bg/2184 bg/2190 bg/2191 bg/2196 bg/2197 bg/2199
                                       : bg/2201 bg/2203 bg/2208 bg/2212 bg/2214 bg/2216
                                       : bg/2217 bg/2221 bg/2225 bg/2229 bg/2231 bg/2234
                                       : bg/2236 bg/2237 bg/2239 bg/2241 bg/2243 bg/2246
                                       : bg/2249 bg/2251 bg/2253 bg/2255 bg/2257 bg/2259
                                       : bg/2261 bg/2263 bg/2274 bg/2276 bg/2278 bg/2280
                                       : bg/2282 bg/2284 bg/2286 bg/2288 bg/2290 bg/2292
                                       : bg/2294 bg/2296 bg/2298 bg/2307 bg/2309 bg/2312
                                       : bg/2315 bg/2317 bg/2319 bg/2321 bg/2323 abt/1 abt/2
    # of nonzero coefficients (HS)     :       393684
    Fill of coefficient matrix         :        0.007
    # of NZE in factor                 :       345395
    Total storage required             :      2504522
    Total storage defined (total)      :     80000000
    CPU-time for solving (per rnd)     :      0:00:19
    CPU-time for inverting (per rnd)   :      0:00:20
    MFLOPs during factorization        :        58.82
    Non zero coefficients stored       :      50000, filled:   0.2% hit rate:    1.0 at line:    50000

     --------------------------------- VCE 5.1.2  -----------------------------------
     16.10.2007  13:55:46             ltz_ptz.vce                              page 4
 
 
    ********************************************************************************
    *                       S E T T I N G    U P    M M E                          *
    ********************************************************************************
 
    Non zero coefficients stored       :     100000, filled:   0.3% hit rate:    1.0 at line:     7004
    Non zero coefficients stored       :     150000, filled:   0.5% hit rate:    1.0 at line:    22358
    Non zero coefficients stored       :     200000, filled:   0.6% hit rate:    1.0 at line:    35077
    Non zero coefficients stored       :     250000, filled:   0.8% hit rate:    1.0 at line:    42754
    Non zero coefficients stored       :     300000, filled:   1.0% hit rate:    1.0 at line:    49290
    All non zeros are loaded           :       349085
    Number of equations                :        75175
    Filling rate of LHS storage space  :       1.1060
    Hit rate by setting up LHS         :       1.0028
    Zero diagonal coefficients stored  :          900
    AG  20.6     1  40426.37     333   0   0   0   0   0   0   0   0 --  333  57 333 333  57 333 333  57 333
    AG   1.5     2  490382.8     941 333   0   0   0   0   0   0   0 --    0 882   0 591 992 576 408 999 423
    AG   1.6     3  441724.6     339 941 333   0   0   0   0   0   0 --    0 542   0 591 991 576 408 999 423
    AG   1.9     4  378758.8     721 339 941 333   0   0   0   0   0 --    0-179   0 591 989 577 408 999 422
    AG   1.5     5  313144.0     152 721 339 941 333   0   0   0   0 --    0 -27   1 590 984 578 409 999 419
    AG   1.5     6  238295.0      58 152 721 339 941 333   0   0   0 --    0  31  17 589 956 575 410 984 407
    AG   1.5     7  150676.7     215  58 152 721 339 941 333   0   0 --    4  51 156 579 755 487 415 768 356
    AG   1.5     8  66188.64     544 215  58 152 721 339 941 333   0 --   79  56 317 509 242 352 410 224 329
    AG   1.5     9  40867.02     185 544 215  58 152 721 339 941 333 --  265  57 332 377  82 335 357  79 332
    AG   1.5    10  40224.72      41 185 544 215  58 152 721 339 941 --  306  57 332 350  66 334 342  65 333
    AG   1.6    11  40205.13       7  41 185 544 215  58 152 721 339 --  308  57 332 355  73 334 335  71 332
    AG   1.5    12  39989.05     115   7  41 185 544 215  58 152 721 --  310  56 324 449 189 345 239 173 329
    AG   1.5    13  39794.71     228 115   7  41 185 544 215  58 152 --  275  55 292 649 417 382  75 390 325
    AG   1.5    14  39763.99      74 228 115   7  41 185 544 215  58 --  294  56 308 578 344 367 126 315 324
    AG   1.5    15  39732.49      42  74 228 115   7  41 185 544 215 --  289  55 302 609 387 374 100 354 322
    AG   1.5    16  39704.44      68  42  74 228 115   7  41 185 544 --  281  55 295 651 455 387  66 416 317
    AG   1.9    17  39677.64      33  68  42  74 228 115   7  41 185 --  281  55 294 662 488 393  55 444 312
    AG   1.5    18  39595.11     123  33  68  42  74 228 115   7  41 --  285  54 291 688 611 421  26 548 286
    AG   1.5    19  39567.73     112 123  33  68  42  74 228 115   7 --  276  53 277 718 719 458   4 661 264
    AG   1.5    20  39537.59      36 112 123  33  68  42  74 228 115 --  280  53 278 716 756 472   2 697 249
    AG   1.5    21  39516.96      75  36 112 123  33  68  42  74 228 --  279  52 270 720 819 504   0 772 225
    AG   1.5    22  39497.61    1591  75  36 112 123  33  68  42  74 --  280  52 269 719 857 526   0-819 203
    AG   1.5    23  39797.30    12191591  75  36 112 123  33  68  42 --  268  50 275 720 930 694  11 399  29
    AG   1.5    24  39449.68     38312191591  75  36 112 123  33  68 --  277  51 277 722 880 577   0 783 144
    AG   1.9    25  39465.16    1396 38312191591  75  36 112 123  33 --  273  51 289 726 888 624   0-612  85
    AG   1.5    26  39446.59    13591396 38312191591  75  36 112 123 --  276  51 282 723 882 592   0 746 125
    AG   1.5    27  39447.80      4413591396 38312191591  75  36 112 --  272  52 284 727 861 577   0 701 138
    AG   1.5    28  39443.38      23  4413591396 38312191591  75  36 --  274  51 283 725 873 585   0 725 131
    AG   1.5    29  39442.90      19  23  4413591396 38312191591  75 --  275  52 286 724 865 579   0 705 133
    AG   1.5    30  39442.86       7  19  23  4413591396 38312191591 --  275  52 287 724 863 578   0 697 133
    AG   1.5    31  39442.85       0   7  19  23  4413591396 3831219 --  275  52 287 724 863 578   0 697 133
    AG   1.6    32  39442.84       0   0   7  19  23  4413591396 383 --  274  52 287 724 863 578   0 696 133
    AG   1.5    33  39442.80       1   0   0   7  19  23  4413591396 --  273  52 287 725 864 577   0 698 134
    AG   1.5    34  39442.71       9   1   0   0   7  19  23  441359 --  271  52 287 727 865 574   0 707 137
    AG   1.5    35  39442.53      25   9   1   0   0   7  19  23  44 --  266  53 285 732 870 568   0 732 146
    AG   1.5    36  39442.31      46  25   9   1   0   0   7  19  23 --  256  55 278 742 880 556   0 779 164
    AG   1.5    37  39442.29       1  46  25   9   1   0   0   7  19 --  256  55 278 742 880 557   0 780 163
    AG   1.5    38  39442.27       3   1  46  25   9   1   0   0   7 --  258  54 278 741 880 559   0 776 161
    AG   1.5    39  39442.27       0   3   1  46  25   9   1   0   0 --  257  54 278 741 880 559   0 777 161
    AG   1.7    40  39442.24       2   0   3   1  46  25   9   1   0 --  257  55 277 741 878 560   0 774 161
    AG   1.5    41  39442.19       2   2   0   3   1  46  25   9   1 --  255  55 276 743 877 561   0 772 162
    AG   1.5    42  39442.05       6   2   2   0   3   1  46  25   9 --  249  56 271 749 874 563   1 767 164
    AG   1.5    43  39441.69      18   6   2   2   0   3   1  46  25 --  230  59 257 767 870 570   1 761 172
    AG   1.5    44  39440.82      51  18   6   2   2   0   3   1  46 --  179  70 220 816 863 586   4 753 192
    AG   1.8    45  39439.89      75  51  18   6   2   2   0   3   1 --  104  93 163 885 857 612   9 746 223
    AG   1.7    46  39438.53      13  75  51  18   6   2   2   0   3 --  106  92 165 885 858 624   8 734 209
    AG   1.6    47  39437.31      23  13  75  51  18   6   2   2   0 --   82 102 148 907 863 640  10 729 211
    AG   1.5    48  39437.05      55  23  13  75  51  18   6   2   2 --   96  96 160 893 852 649   9 674 190
    AG   1.5    49  39436.99      11  55  23  13  75  51  18   6   2 --   85 101 150 903 851 657  10 668 191
    AG   1.5    50  39436.96      12  11  55  23  13  75  51  18   6 --   86 100 151 903 855 655  10 680 192
    AG   1.5    51  39436.94       6  12  11  55  23  13  75  51  18 --   87 100 152 901 853 656  10 673 190
    AG   1.7    52  39436.89      13   6  12  11  55  23  13  75  51 --   88 100 152 901 851 660  10 660 187
    AG   1.7    53  39436.80      17  13   6  12  11  55  23  13  75 --   89 100 152 899 848 664  11 642 183
    AG   1.5    54  39436.58      34  17  13   6  12  11  55  23  13 --   91 101 150 894 842 671  13 607 177
    AG   1.5    55  39436.22      29  34  17  13   6  12  11  55  23 --   96 102 149 885 838 676  18 577 174
    AG   1.5    56  39435.64      14  29  34  17  13   6  12  11  55 --  104 102 150 870 839 673  24 577 175
    AG   1.5    57  39434.99       7  14  29  34  17  13   6  12  11 --  107 103 148 862 840 674  29 581 176
    AG   1.5    58  39434.86      46   7  14  29  34  17  13   6  12 --   99 113 134 850 832 686  49 534 179
    AG   1.6    59  39434.13      22  46   7  14  29  34  17  13   6 --   95 113 134 860 836 684  44 557 181
    AG   1.9    60  39433.91       6  22  46   7  14  29  34  17  13 --   97 113 135 855 835 683  46 551 180
    AG   1.5    61  39433.89      14   6  22  46   7  14  29  34  17 --   98 114 134 853 834 687  48 536 178
    AG   1.5    62  39433.86       6  14   6  22  46   7  14  29  34 --   98 115 133 851 835 689  49 529 177
    AG   1.5    63  39433.79      27   6  14   6  22  46   7  14  29 --   98 116 132 849 836 697  51 502 170
    AG   1.5    64  39433.70      44  27   6  14   6  22  46   7  14 --   98 118 128 848 838 708  52 457 162
    AG   1.5    65  39433.56      81  44  27   6  14   6  22  46   7 --   97 122 123 850 843 726  52 376 149
    AG   1.6    66  39433.40     108  81  44  27   6  14   6  22  46 --   95 127 117 855 851 744  49 267 138
    AG   1.7    67  39433.56     177 108  81  44  27   6  14   6  22 --   94 134 110 857 861 760  47  90 129
    AG   1.5    68  39433.35     128 177 108  81  44  27   6  14   6 --   95 129 115 856 854 749  48 218 134
    AG   1.5    69  39433.41     272 128 177 108  81  44  27   6  14 --   94 140 105 861 874 764  43 -54 129
    AG   1.5    70  39433.20     151 272 128 177 108  81  44  27   6 --   94 134 111 858 863 758  46  97 130
    AG   1.5    71  39433.06      59 151 272 128 177 108  81  44  27 --   96 136 111 859 870 758  43  37 130
    AG   1.8    72  39433.19     184  59 151 272 128 177 108  81  44 --   99 142 105 860 884 761  40-146 132
    AG   1.5    73  39433.00     123 184  59 151 272 128 177 108  81 --   97 138 109 859 874 759  42 -22 130
    AG   1.6    74  39432.96      69 123 184  59 151 272 128 177 108 --   99 140 107 859 881 760  41 -92 131
    AG   1.7    75  39432.93      12  69 123 184  59 151 272 128 177 --   99 140 108 858 881 760  41 -80 131
    AG   1.5    76  39432.91       8  12  69 123 184  59 151 272 128 --   99 142 107 858 883 760  41 -89 132
    AG   1.5    77  39432.86      12   8  12  69 123 184  59 151 272 --   99 145 104 857 887 760  42-101 134
    AG   1.5    78  39432.82       3  12   8  12  69 123 184  59 151 --   99 148 103 856 889 760  43 -98 136
    AG   1.5    79  39432.70      35   3  12   8  12  69 123 184  59 --  100 153  99 852 891 759  46 -62 141
    AG   1.5    80  39432.47      97  35   3  12   8  12  69 123 184 --  101 161  94 846 892 751  52  34 153
    AG   1.5    81  39432.26     109  97  35   3  12   8  12  69 123 --  103 167  91 841 890 735  55 143 173
    AG   1.6    82  39431.97      35 109  97  35   3  12   8  12  69 --  105 166  93 844 892 731  49 108 175
    AG   1.5    83  39431.82      40  35 109  97  35   3  12   8  12 --  104 162  96 848 886 722  47 148 180
    AG   1.5    84  39431.78       2  40  35 109  97  35   3  12   8 --  103 160  97 851 885 722  45 150 179
    AG   1.6    85  39431.75      26   2  40  35 109  97  35   3  12 --  102 162  97 852 885 717  45 176 185
    AG   1.5    86  39431.74      15  26   2  40  35 109  97  35   3 --  102 163  96 851 885 715  45 191 187
    AG   1.5    87  39431.73      12  15  26   2  40  35 109  97  35 --  102 162  96 851 885 714  46 204 188
    AG   1.7    88  39431.73       4  12  15  26   2  40  35 109  97 --  102 162  97 850 884 714  46 208 188
    AG   2.1    89  39431.73       3   4  12  15  26   2  40  35 109 --  102 161  97 850 884 714  46 212 188
    AG   1.5    90  39431.72       5   3   4  12  15  26   2  40  35 --  103 161  97 849 883 714  46 217 188
    AG   1.5    91  39431.72       8   5   3   4  12  15  26   2  40 --  104 161  97 848 881 714  47 225 187
    AG   1.5    92  39431.69      12   8   5   3   4  12  15  26   2 --  105 164  96 847 879 715  47 238 187
    AG   1.7    93  39431.64      19  12   8   5   3   4  12  15  26 --  107 172  92 845 876 719  47 258 188
    AG   1.5    94  39431.55      21  19  12   8   5   3   4  12  15 --  110 193  81 842 873 728  47 277 189
    AG   1.5    95  39431.49      25  21  19  12   8   5   3   4  12 --  113 219  71 840 873 736  46 279 192
    AG   1.5    96  39431.45      22  25  21  19  12   8   5   3   4 --  114 228  68 840 876 739  45 256 192
    AG   1.8    97  39431.43      27  22  25  21  19  12   8   5   3 --  113 226  68 841 880 739  45 228 192
    AG   1.5    98  39431.43       1  27  22  25  21  19  12   8   5 --  113 226  68 841 880 739  45 227 191
    AG   1.5    99  39431.43       0   1  27  22  25  21  19  12   8 --  113 226  68 841 880 739  45 227 191
    AG   1.5   100  39431.43       0   0   1  27  22  25  21  19  12 --  113 226  68 841 880 739  45 227 191
    AG   1.7   101  39431.43       0   0   0   1  27  22  25  21  19 --  113 227  68 841 880 740  45 226 191
    AG   1.5   102  39431.43       1   0   0   0   1  27  22  25  21 --  113 227  68 841 879 740  45 225 191
    AG   1.5   103  39431.43       2   1   0   0   0   1  27  22  25 --  113 230  68 841 879 740  45 223 190
    AG   1.5   104  39431.43       7   2   1   0   0   0   1  27  22 --  113 238  69 840 879 741  45 220 189
    AG   1.6   105  39431.42      18   7   2   1   0   0   0   1  27 --  114 257  69 839 879 741  45 218 188
    AG   1.7   106  39431.41      39  18   7   2   1   0   0   0   1 --  115 296  70 839 878 741  45 216 187
    AG   1.5   107  39431.40      55  39  18   7   2   1   0   0   0 --  115 351  72 839 878 740  45 219 187
    AG   1.8   108  39431.39      32  55  39  18   7   2   1   0   0 --  114 383  73 839 879 738  45 224 188
    AG   1.5   109  39431.39       4  32  55  39  18   7   2   1   0 --  114 384  72 840 879 737  45 228 189
    AG   1.5   110  39431.39       4   4  32  55  39  18   7   2   1 --  114 379  72 840 879 737  45 230 189

     --------------------------------- VCE 5.1.2  -----------------------------------
     16.10.2007  13:58:47             ltz_ptz.vce                              page 5
 
 
    ********************************************************************************
    *                      M O D E L  I N F O R M A T I O N                        *
    ********************************************************************************
 
    Factor     within     T Levels Skip        ltz       ptz
    ________________________________________________________________________________
    sex                   F      3 .             1         1
    bjq                   F      5 .             1         -
    bg                    F   1163 .             1         1
    wu                    R      9               1         1
    animal                A  36408               1         1
    pelm                  F      1               -         1
    abt                   F      3 .             -         1
    ________________________________________________________________________________
 
    ********************************************************************************
    *         C O E F F I C I E N T  M A T R I X  I N F O R M A T I O N            *
    ********************************************************************************
 
    Setting up mixed model equations
    ________________________________________________________________________________
    Machine precision (tolerance)      : 0.222045E-15
    Warning theshold on inv. (A-1A)-I  : 0.100000E-06
    Traits transformed. See option     :  all  all
    Covariates transformed. See options:  avg
    Number of equations                :        75175
    Rank of the system                 :        75175
    Equations set to zero              :  sex/5 bjq/5 bg/1 bg/2 bg/4 bg/10 bg/13 bg/16 bg/18
                                       : bg/20 bg/22 bg/24 bg/27 bg/29 bg/32 bg/33 bg/35 bg/37
                                       : bg/41 bg/43 bg/45 bg/47 bg/49 bg/51 bg/53 bg/55 bg/57
                                       : bg/59 bg/61 bg/63 bg/65 bg/69 bg/71 bg/73 bg/75 bg/78
                                       : bg/81 bg/83 bg/85 bg/89 bg/91 bg/94 bg/96 bg/100
                                       : bg/102 bg/104 bg/106 bg/108 bg/110 bg/114 bg/118
                                       : bg/124 bg/128 bg/130 bg/132 bg/134 bg/136 bg/138
                                       : bg/140 bg/142 bg/144 bg/146 bg/148 bg/150 bg/152
                                       : bg/156 bg/158 bg/162 bg/164 bg/166 bg/170 bg/172
                                       : bg/174 bg/176 bg/178 bg/188 bg/192 bg/196 bg/198
                                       : bg/200 bg/202 bg/204 bg/206 bg/208 bg/210 bg/212
                                       : bg/214 bg/216 bg/218 bg/220 bg/222 bg/223 bg/226
                                       : bg/228 bg/230 bg/236 bg/238 bg/241 bg/249 bg/251
                                       : bg/258 bg/261 bg/264 bg/268 bg/270 bg/272 bg/274
                                       : bg/276 bg/278 bg/280 bg/282 bg/286 bg/288 bg/290
                                       : bg/292 bg/294 bg/302 bg/306 bg/314 bg/316 bg/318
                                       : bg/322 bg/324 bg/326 bg/328 bg/334 bg/338 bg/340
                                       : bg/342 bg/346 bg/348 bg/350 bg/352 bg/354 bg/356
                                       : bg/358 bg/360 bg/362 bg/364 bg/368 bg/370 bg/372
                                       : bg/374 bg/378 bg/380 bg/386 bg/400 bg/402 bg/404
                                       : bg/410 bg/412 bg/414 bg/416 bg/418 bg/420 bg/422
                                       : bg/424 bg/426 bg/428 bg/434 bg/436 bg/438 bg/440
                                       : bg/442 bg/444 bg/446 bg/448 bg/450 bg/452 bg/454
                                       : bg/456 bg/458 bg/460 bg/462 bg/464 bg/466 bg/468
                                       : bg/472 bg/474 bg/478 bg/480 bg/482 bg/484 bg/492
                                       : bg/494 bg/498 bg/500 bg/504 bg/506 bg/508 bg/512
                                       : bg/514 bg/518 bg/520 bg/522 bg/526 bg/528 bg/530
                                       : bg/532 bg/536 bg/538 bg/540 bg/542 bg/544 bg/546
                                       : bg/548 bg/550 bg/552 bg/554 bg/560 bg/562 bg/564
                                       : bg/566 bg/572 bg/574 bg/576 bg/578 bg/584 bg/586
                                       : bg/588 bg/590 bg/592 bg/594 bg/596 bg/598 bg/600
                                       : bg/602 bg/604 bg/606 bg/610 bg/612 bg/616 bg/620
                                       : bg/622 bg/624 bg/626 bg/628 bg/630 bg/632 bg/634
                                       : bg/636 bg/638 bg/640 bg/642 bg/644 bg/646 bg/648
                                       : bg/650 bg/652 bg/658 bg/660 bg/662 bg/664 bg/665
                                       : bg/667 bg/670 bg/672 bg/674 bg/676 bg/678 bg/688
                                       : bg/690 bg/696 bg/698 bg/700 bg/702 bg/704 bg/706
                                       : bg/708 bg/710 bg/712 bg/714 bg/716 bg/718 bg/720
                                       : bg/722 bg/724 bg/726 bg/730 bg/732 bg/736 bg/738
                                       : bg/742 bg/744 bg/746 bg/748 bg/750 bg/752 bg/754
                                       : bg/758 bg/760 bg/764 bg/766 bg/768 bg/770 bg/772
                                       : bg/774 bg/776 bg/778 bg/780 bg/784 bg/790 bg/794
                                       : bg/796 bg/798 bg/800 bg/802 bg/804 bg/806 bg/808
                                       : bg/810 bg/812 bg/814 bg/816 bg/818 bg/822 bg/824
                                       : bg/826 bg/828 bg/830 bg/832 bg/834 bg/838 bg/840
                                       : bg/842 bg/844 bg/850 bg/852 bg/854 bg/856 bg/858
                                       : bg/860 bg/862 bg/864 bg/866 bg/868 bg/870 bg/872
                                       : bg/874 bg/876 bg/878 bg/880 bg/882 bg/884 bg/886
                                       : bg/888 bg/890 bg/892 bg/894 bg/896 bg/898 bg/900
                                       : bg/902 bg/904 bg/906 bg/908 bg/910 bg/914 bg/916
                                       : bg/918 bg/920 bg/922 bg/924 bg/926 bg/928 bg/930
                                       : bg/932 bg/936 bg/938 bg/944 bg/946 bg/948 bg/952
                                       : bg/954 bg/956 bg/958 bg/960 bg/962 bg/964 bg/966
                                       : bg/968 bg/970 bg/972 bg/974 bg/976 bg/978 bg/980
                                       : bg/982 bg/984 bg/986 bg/988 bg/990 bg/992 bg/994
                                       : bg/996 bg/998 bg/1000 bg/1002 bg/1004 bg/1006 bg/1008
                                       : bg/1010 bg/1012 bg/1014 bg/1016 bg/1018 bg/1020
                                       : bg/1022 bg/1026 bg/1028 bg/1030 bg/1036 bg/1038
                                       : bg/1040 bg/1042 bg/1044 bg/1048 bg/1052 bg/1054
                                       : bg/1056 bg/1058 bg/1060 bg/1062 bg/1064 bg/1066
                                       : bg/1068 bg/1070 bg/1072 bg/1074 bg/1076 bg/1078
                                       : bg/1080 bg/1082 bg/1084 bg/1086 bg/1088 bg/1090
                                       : bg/1092 bg/1094 bg/1096 bg/1098 bg/1100 bg/1102
                                       : bg/1104 bg/1106 bg/1108 bg/1110 bg/1112 bg/1114
                                       : bg/1116 bg/1118 bg/1120 bg/1122 bg/1124 bg/1132
                                       : bg/1134 bg/1138 bg/1140 bg/1146 bg/1148 bg/1152
                                       : bg/1160 bg/1162 bg/1164 bg/1166 bg/1168 bg/1170
                                       : bg/1172 bg/1174 bg/1176 bg/1178 bg/1180 bg/1182
                                       : bg/1184 bg/1186 bg/1188 bg/1190 bg/1192 bg/1194
                                       : bg/1196 bg/1198 bg/1202 bg/1204 bg/1206 bg/1208
                                       : bg/1210 bg/1214 bg/1218 bg/1220 bg/1224 bg/1228
                                       : bg/1230 bg/1232 bg/1234 bg/1236 bg/1238 bg/1242
                                       : bg/1244 bg/1246 bg/1248 bg/1250 bg/1254 bg/1256
                                       : bg/1258 bg/1260 bg/1262 bg/1264 bg/1266 bg/1268
                                       : bg/1272 bg/1276 bg/1278 bg/1282 bg/1284 bg/1286
                                       : bg/1288 bg/1290 bg/1292 bg/1294 bg/1296 bg/1298
                                       : bg/1300 bg/1302 bg/1304 bg/1306 bg/1310 bg/1312
                                       : bg/1314 bg/1316 bg/1318 bg/1320 bg/1322 bg/1324
                                       : bg/1326 bg/1328 bg/1330 bg/1332 bg/1334 bg/1336
                                       : bg/1338 bg/1340 bg/1342 bg/1344 bg/1350 bg/1352
                                       : bg/1354 bg/1356 bg/1358 bg/1360 bg/1362 bg/1364
                                       : bg/1366 bg/1368 bg/1370 bg/1372 bg/1374 bg/1376
                                       : bg/1378 bg/1380 bg/1382 bg/1384 bg/1386 bg/1388
                                       : bg/1390 bg/1392 bg/1394 bg/1396 bg/1398 bg/1400
                                       : bg/1402 bg/1404 bg/1406 bg/1408 bg/1410 bg/1412
                                       : bg/1414 bg/1416 bg/1418 bg/1420 bg/1422 bg/1424
                                       : bg/1426 bg/1428 bg/1430 bg/1434 bg/1436 bg/1438
                                       : bg/1440 bg/1442 bg/1444 bg/1446 bg/1448 bg/1450
                                       : bg/1452 bg/1454 bg/1456 bg/1458 bg/1460 bg/1462
                                       : bg/1464 bg/1468 bg/1470 bg/1472 bg/1474 bg/1476
                                       : bg/1478 bg/1480 bg/1482 bg/1484 bg/1486 bg/1488
                                       : bg/1490 bg/1492 bg/1494 bg/1496 bg/1498 bg/1500
                                       : bg/1502 bg/1504 bg/1506 bg/1509 bg/1514 bg/1516
                                       : bg/1518 bg/1522 bg/1526 bg/1528 bg/1530 bg/1532
                                       : bg/1536 bg/1538 bg/1540 bg/1546 bg/1550 bg/1552
                                       : bg/1560 bg/1562 bg/1564 bg/1566 bg/1568 bg/1570
                                       : bg/1572 bg/1574 bg/1576 bg/1578 bg/1582 bg/1584
                                       : bg/1586 bg/1588 bg/1590 bg/1592 bg/1593 bg/1595
                                       : bg/1597 bg/1601 bg/1605 bg/1607 bg/1609 bg/1611
                                       : bg/1614 bg/1616 bg/1618 bg/1620 bg/1622 bg/1624
                                       : bg/1628 bg/1630 bg/1632 bg/1638 bg/1640 bg/1642
                                       : bg/1644 bg/1646 bg/1648 bg/1650 bg/1652 bg/1654
                                       : bg/1656 bg/1658 bg/1662 bg/1666 bg/1668 bg/1670
                                       : bg/1672 bg/1674 bg/1676 bg/1678 bg/1680 bg/1684
                                       : bg/1686 bg/1688 bg/1690 bg/1692 bg/1694 bg/1696
                                       : bg/1698 bg/1700 bg/1702 bg/1703 bg/1705 bg/1727
                                       : bg/1729 bg/1737 bg/1741 bg/1743 bg/1745 bg/1747
                                       : bg/1751 bg/1754 bg/1756 bg/1758 bg/1760 bg/1762
                                       : bg/1764 bg/1766 bg/1768 bg/1770 bg/1772 bg/1774
                                       : bg/1778 bg/1780 bg/1782 bg/1784 bg/1786 bg/1788
                                       : bg/1790 bg/1792 bg/1794 bg/1796 bg/1798 bg/1802
                                       : bg/1804 bg/1806 bg/1808 bg/1810 bg/1812 bg/1814
                                       : bg/1816 bg/1818 bg/1820 bg/1822 bg/1824 bg/1826
                                       : bg/1830 bg/1832 bg/1834 bg/1836 bg/1838 bg/1840
                                       : bg/1842 bg/1846 bg/1850 bg/1852 bg/1856 bg/1858
                                       : bg/1860 bg/1864 bg/1866 bg/1868 bg/1870 bg/1872
                                       : bg/1876 bg/1884 bg/1886 bg/1888 bg/1890 bg/1892
                                       : bg/1894 bg/1896 bg/1898 bg/1900 bg/1902 bg/1904
                                       : bg/1906 bg/1908 bg/1912 bg/1914 bg/1916 bg/1920
                                       : bg/1924 bg/1926 bg/1928 bg/1930 bg/1934 bg/1948
                                       : bg/1950 bg/1952 bg/1968 bg/1972 bg/1976 bg/1982
                                       : bg/1984 bg/1988 bg/1994 bg/1996 bg/2000 bg/2004
                                       : bg/2006 bg/2008 bg/2010 bg/2012 bg/2014 bg/2018
                                       : bg/2020 bg/2024 bg/2026 bg/2028 bg/2029 bg/2034
                                       : bg/2042 bg/2044 bg/2046 bg/2048 bg/2050 bg/2054
                                       : bg/2060 bg/2072 bg/2074 bg/2079 bg/2088 bg/2090
                                       : bg/2098 bg/2100 bg/2101 bg/2108 bg/2112 bg/2120
                                       : bg/2124 bg/2126 bg/2128 bg/2129 bg/2132 bg/2140
                                       : bg/2144 bg/2150 bg/2154 bg/2156 bg/2157 bg/2160
                                       : bg/2163 bg/2171 bg/2174 bg/2175 bg/2180 bg/2182
                                       : bg/2184 bg/2190 bg/2191 bg/2196 bg/2197 bg/2199
                                       : bg/2201 bg/2203 bg/2208 bg/2212 bg/2214 bg/2216
                                       : bg/2217 bg/2221 bg/2225 bg/2229 bg/2231 bg/2234
                                       : bg/2236 bg/2237 bg/2239 bg/2241 bg/2243 bg/2246
                                       : bg/2249 bg/2251 bg/2253 bg/2255 bg/2257 bg/2259
                                       : bg/2261 bg/2263 bg/2274 bg/2276 bg/2278 bg/2280
                                       : bg/2282 bg/2284 bg/2286 bg/2288 bg/2290 bg/2292
                                       : bg/2294 bg/2296 bg/2298 bg/2307 bg/2309 bg/2312
                                       : bg/2315 bg/2317 bg/2319 bg/2321 bg/2323 abt/1 abt/2
    # of nonzero coefficients (HS)     :       349085
    Fill of coefficient matrix         :        0.006
    # of NZE in factor                 :       345395
    Total storage required             :      2504522
    Total storage defined (total)      :     80000000
    CPU-time for solving (per rnd)     :      0:00:19
    CPU-time for inverting (per rnd)   :      0:03:11
    MFLOPs during factorization        :        59.33

     --------------------------------- VCE 5.1.2  -----------------------------------
     16.10.2007  13:58:47             ltz_ptz.vce                              page 6
 
 
    ********************************************************************************
    *                 E S T I M A T E S   I N F O R M A T I O N                    *
    ********************************************************************************
 
    Tue Oct 16 13:58:47 2007bg/2321 bg/2323 abt/1 abt/2   CPU time used:     0:03:12
 
    AG Log likelihood :   39431.3887  status :  1   at iteration:     110 /   110
 
 
    ----------------------------- Matrices: NATURAL  -------------------------------
        4  1  1 R  wu                              9 T T
              0.4806E+03  0.2114E+03
                          0.6448E+03
 
        5  2  1 A  animal                          36408 T T
              0.3543E+04  0.4241E+04
                          0.6564E+04
 
        8  3  1 E  residual                        853 T T
              0.1910E+03  0.1307E+03
                          0.1689E+04
 
    --------------------------- Matrices: Phenotypic  ------------------------------
              0.4215E+04  0.4583E+04
                          0.8897E+04
 
    ----------------------------- Matrices: RATIOS  --------------------------------
        4  1  1 R  wu                            
              0.1140E+00  0.3797E+00
                          0.7248E-01
 
        5  2  1 A  animal                        
              0.8406E+00  0.8794E+00
                          0.7377E+00
 
        8  3  1 E  residual                      
              0.4531E-01  0.2302E+00
                          0.1898E+00
 
    ---------------------- Matrices: STD_ERR of components  ------------------------
        4  1  1 R  wu                            
              0.2420E+01  0.2695E+01
                          0.3576E+01
 
        5  2  1 A  animal                        
              0.1102E+01  0.2207E+01
                          0.4440E+01
 
        8  3  1 E  residual                      
              0.8049E+00  0.1504E+01
                          0.3168E+01
 
    ------------------------ Matrices: STD_ERR of ratios  --------------------------
        4  1  1 R  wu                            
              0.3436E-01  0.4581E+00
                          0.3761E-01
 
        5  2  1 A  animal                        
              0.3503E-01  0.2624E-01
                          0.4751E-01
 
        8  3  1 E  residual                      
              0.1324E-01  0.2412E+00
                          0.3925E-01
 
