     --------------------------------- VCE 5.1.2  -----------------------------------
     16.10.2007  13:43:55            ltz_fuvz.vce                              page 1
 
 
 
    ********************************************************************************
    *                    T R A I T S   A N D   E F F E C T S                       *
    ********************************************************************************
 
    Code Trait name  List of effects
    ________________________________________________________________________________
      1 ltz         sex       bjq       bg        wu        animal
      2 fuvz        sex                 bg                  animal    pelm      abt
 
    ********************************************************************************
    *               E F F E C T S   A N D   C O V A R I A N C E S                  *
    ********************************************************************************
 
    Code   Effect name Type Length Level Start COVARIANCE  Type Length Level Start Pattern
    ______________________________________________________________________________________
       1   sex        :  F     2      3      1
       2   bjq        :  F     1      5      7
       3   bg         :  F     2   1161     12
       4   wu         :  R     1      9   2334  wu         :  R     1      1      1 T
       5   animal     :  A     2  36408   2343  animal     :  A     2      1      2 T T
       6   pelm       :  F     1      1  75159
       7   abt        :  F     1      3  75160
                                                residual   :  E     2      1      3 T T
    ________________________________________________________________________________
 
    ********************************************************************************
    *                    G E N E R A L  I N F O R M A T I O N                      *
    ********************************************************************************
 
    VCE was started on :  at Tue Oct 16 13:43:55 2007 by: b08mueul
 
    Comments:
    ________________________________________________________________________________
    |                 ************************************************             |
    |                 *                     VCE-5                    *             |
    |                 *                 version 5.1.2                *             |
    |                 *            17-Dez-2003   14:42:53            *             |
    |                 *         Linux 2.6.0-test11-bk11 i686         *             |
    |                 *                  written by                  *             |
    |                 *       Milena Kovac, Eildert Groeneveld       *             |
    |                 *           and Alberto Garcia-Cortez          *             |
    |                 ************************************************             |
    | test mastitis                                                                |
    ________________________________________________________________________________
 
    Files involved
    ________________________________________________________________________________
    Current directory                  : /home/b08mueul/apiis/apiis-kurs/leicoma/zwisss/mslmr
    Parameter file                     : ltz_fuvz.vce
    Data input file                    : blupdata.txt.vce
    Pedigree input file                : blupped.txt.vce
    Log list file                      : ltz_fuvz.vce.lst
    Covariances for dumped into        : ltz_fuvz.vce.cov-bin
    Covariance matrices written in     : ltz_fuvz.vce.cov-fmt
 
    ********************************************************************************
    *                       D A T A  I N F O R M A T I O N                         *
    ********************************************************************************
 
    General statistics
    ___________________________________________________________________
 
    Variables   # rec.      min.        max.        avg.        std.
    ___________________________________________________________________
    ltz         32696   401.00000   884.00000   608.02113    67.52627
    fuvz         2156    37.80000   434.00000   215.05533    33.57847
    pelm        34014     0.00000   135.00000     7.13923    27.43865
    ___________________________________________________________________
 
    Pattern of traits
    ________________________________
     Count           ltz      fuvz
    ________________________________
        838        x         x
      31858        x         -
       1318        -         x
       1318        -         x
    ________________________________

     --------------------------------- VCE 5.1.2  -----------------------------------
     16.10.2007  13:43:55            ltz_fuvz.vce                              page 2
 
 
    ********************************************************************************
    *                  P E D I G R E E   I N F O R M A T I O N                     *
    ********************************************************************************
 
    Inbreeding             # of animals
    ________________________________________________________________________________
        0                   36408
    ________________________________________________________________________________
    Number of inbred animals           :            0
    Average inbreeding (inbred animals):         0.00
    Maximum inbreeding                 :         0.00
 
    ********************************************************************************
    *         C O V A R I A N C E   M A T R I X   I N F O R M A T I O N            *
    ********************************************************************************
 
    The following (co)variance matrices will be estimated (starting values):
 
    ----------------------------- Matrices: NATURAL  -------------------------------
        4  1  1 R  wu                              9 T
              0.1520E+04
 
        5  2  1 A  animal                          36408 T T
              0.1520E+04  0.4364E+02
                          0.3771E+03
 
        8  3  1 E  residual                        838 T T
              0.1520E+04  0.4364E+02
                          0.3771E+03
 
    ________________________________________________________________________________
    ----------------------------- Matrices: RATIOS  --------------------------------
        4  1  1 R  wu                            
              0.3333E+00
 
        5  2  1 A  animal                        
              0.3333E+00  0.5764E-01
                          0.5000E+00
 
        8  3  1 E  residual                      
              0.3333E+00  0.5764E-01
                          0.5000E+00
 
    ________________________________________________________________________________
    Thus, optimization is in 7 dimensions.
 
    ********************************************************************************
    *                      M O D E L  I N F O R M A T I O N                        *
    ********************************************************************************
 
    Factor     within     T Levels Skip        ltz      fuvz
    ________________________________________________________________________________
    sex                   F      3               1         1
    bjq                   F      5               1         -
    bg                    F   1161               1         1
    wu                    R      9               1         -
    animal                A  36408               1         1
    pelm                  F      1               -         1
    abt                   F      3               -         1
    ________________________________________________________________________________
    Non zero coefficients stored       :      50000, filled:   0.2% hit rate:    1.0 at line:    50000
 
    ********************************************************************************
    *                       S E T T I N G    U P    M M E                          *
    ********************************************************************************
 
    Non zero coefficients stored       :     100000, filled:   0.3% hit rate:    1.0 at line:     5208
    Non zero coefficients stored       :     150000, filled:   0.5% hit rate:    1.0 at line:    16312
    Non zero coefficients stored       :     200000, filled:   0.6% hit rate:    1.0 at line:    27662
    Non zero coefficients stored       :     250000, filled:   0.8% hit rate:    1.0 at line:    35877
    Non zero coefficients stored       :     300000, filled:   1.0% hit rate:    1.0 at line:    44413
    Non zero coefficients stored       :     350000, filled:   1.1% hit rate:    1.0 at line:    50166
    All non zeros are loaded           :       389588
    Number of equations                :        75162
    Filling rate of LHS storage space  :       1.2343
    Hit rate by setting up LHS         :       1.0025
    Zero diagonal coefficients stored  :          898
    IS - allocated for ordering with   :     80000000
    Dimension of equation system       :        75162
    Rank of equation system            :        74260
    Time for solving MME (h:min:sec)   :      0:00:19
    Time for inversion (h:min:sec)     :      0:00:19
 
    ********************************************************************************
    *         C O E F F I C I E N T  M A T R I X  I N F O R M A T I O N            *
    ********************************************************************************
 
    Setting up mixed model equations
    ________________________________________________________________________________
    Machine precision (tolerance)      : 0.222045E-15
    Warning theshold on inv. (A-1A)-I  : 0.100000E-06
    Traits transformed. See option     :  all  all
    Covariates transformed. See options:  avg
    Number of equations                :        75162
    Rank of the system                 :        74260
    Equations set to zero              :  sex/4 sex/5 bjq/5 bg/1 bg/4 bg/10 bg/13 bg/16 bg/18
                                       : bg/20 bg/22 bg/24 bg/27 bg/29 bg/32 bg/33 bg/35 bg/37
                                       : bg/41 bg/43 bg/45 bg/47 bg/49 bg/51 bg/53 bg/55 bg/57
                                       : bg/59 bg/61 bg/63 bg/65 bg/69 bg/71 bg/73 bg/75 bg/78
                                       : bg/81 bg/83 bg/85 bg/89 bg/91 bg/94 bg/96 bg/100
                                       : bg/102 bg/104 bg/106 bg/108 bg/110 bg/114 bg/118
                                       : bg/124 bg/128 bg/130 bg/132 bg/134 bg/136 bg/138
                                       : bg/140 bg/142 bg/144 bg/146 bg/148 bg/150 bg/152
                                       : bg/156 bg/158 bg/162 bg/164 bg/166 bg/170 bg/172
                                       : bg/174 bg/176 bg/178 bg/188 bg/192 bg/196 bg/198
                                       : bg/200 bg/202 bg/204 bg/206 bg/208 bg/210 bg/212
                                       : bg/214 bg/216 bg/218 bg/220 bg/222 bg/223 bg/226
                                       : bg/228 bg/230 bg/236 bg/238 bg/241 bg/249 bg/251
                                       : bg/258 bg/261 bg/264 bg/268 bg/270 bg/272 bg/274
                                       : bg/276 bg/278 bg/280 bg/282 bg/286 bg/288 bg/290
                                       : bg/292 bg/294 bg/302 bg/306 bg/314 bg/316 bg/318
                                       : bg/322 bg/324 bg/326 bg/328 bg/334 bg/338 bg/340
                                       : bg/342 bg/346 bg/348 bg/350 bg/352 bg/354 bg/356
                                       : bg/358 bg/360 bg/362 bg/364 bg/368 bg/370 bg/372
                                       : bg/374 bg/378 bg/380 bg/386 bg/400 bg/402 bg/404
                                       : bg/410 bg/412 bg/414 bg/416 bg/418 bg/420 bg/422
                                       : bg/424 bg/426 bg/428 bg/434 bg/436 bg/438 bg/440
                                       : bg/442 bg/444 bg/446 bg/448 bg/450 bg/452 bg/454
                                       : bg/456 bg/458 bg/460 bg/462 bg/464 bg/466 bg/468
                                       : bg/472 bg/474 bg/478 bg/480 bg/482 bg/484 bg/492
                                       : bg/494 bg/498 bg/500 bg/504 bg/506 bg/508 bg/512
                                       : bg/514 bg/518 bg/520 bg/522 bg/526 bg/528 bg/530
                                       : bg/532 bg/536 bg/538 bg/540 bg/542 bg/544 bg/546
                                       : bg/548 bg/550 bg/552 bg/554 bg/560 bg/562 bg/564
                                       : bg/566 bg/572 bg/574 bg/576 bg/578 bg/584 bg/586
                                       : bg/588 bg/590 bg/592 bg/594 bg/596 bg/598 bg/600
                                       : bg/602 bg/604 bg/606 bg/610 bg/612 bg/616 bg/620
                                       : bg/622 bg/624 bg/626 bg/628 bg/630 bg/632 bg/634
                                       : bg/636 bg/638 bg/640 bg/642 bg/644 bg/646 bg/648
                                       : bg/650 bg/652 bg/658 bg/660 bg/662 bg/664 bg/665
                                       : bg/667 bg/670 bg/672 bg/674 bg/676 bg/678 bg/688
                                       : bg/690 bg/696 bg/698 bg/700 bg/702 bg/704 bg/706
                                       : bg/708 bg/710 bg/712 bg/714 bg/716 bg/718 bg/720
                                       : bg/722 bg/724 bg/726 bg/730 bg/732 bg/736 bg/738
                                       : bg/742 bg/744 bg/746 bg/748 bg/750 bg/752 bg/754
                                       : bg/758 bg/760 bg/764 bg/766 bg/768 bg/770 bg/772
                                       : bg/774 bg/776 bg/778 bg/780 bg/784 bg/788 bg/790
                                       : bg/794 bg/796 bg/798 bg/800 bg/802 bg/804 bg/806
                                       : bg/808 bg/810 bg/812 bg/814 bg/816 bg/818 bg/822
                                       : bg/824 bg/826 bg/828 bg/830 bg/832 bg/834 bg/838
                                       : bg/840 bg/842 bg/844 bg/850 bg/852 bg/854 bg/856
                                       : bg/858 bg/860 bg/862 bg/864 bg/866 bg/868 bg/870
                                       : bg/872 bg/874 bg/876 bg/878 bg/880 bg/882 bg/884
                                       : bg/886 bg/888 bg/890 bg/892 bg/894 bg/896 bg/898
                                       : bg/900 bg/902 bg/904 bg/906 bg/908 bg/910 bg/914
                                       : bg/916 bg/918 bg/920 bg/922 bg/924 bg/926 bg/928
                                       : bg/930 bg/932 bg/936 bg/938 bg/944 bg/946 bg/948
                                       : bg/952 bg/954 bg/956 bg/958 bg/960 bg/962 bg/964
                                       : bg/966 bg/968 bg/970 bg/972 bg/974 bg/976 bg/978
                                       : bg/980 bg/982 bg/984 bg/986 bg/988 bg/990 bg/992
                                       : bg/994 bg/996 bg/998 bg/1000 bg/1002 bg/1004 bg/1006
                                       : bg/1008 bg/1010 bg/1012 bg/1014 bg/1016 bg/1018
                                       : bg/1020 bg/1022 bg/1026 bg/1028 bg/1030 bg/1036
                                       : bg/1038 bg/1040 bg/1042 bg/1044 bg/1048 bg/1052
                                       : bg/1054 bg/1056 bg/1058 bg/1060 bg/1062 bg/1064
                                       : bg/1066 bg/1068 bg/1070 bg/1072 bg/1074 bg/1076
                                       : bg/1078 bg/1080 bg/1082 bg/1084 bg/1086 bg/1088
                                       : bg/1090 bg/1092 bg/1094 bg/1096 bg/1098 bg/1100
                                       : bg/1102 bg/1104 bg/1106 bg/1108 bg/1110 bg/1112
                                       : bg/1114 bg/1116 bg/1118 bg/1120 bg/1122 bg/1124
                                       : bg/1132 bg/1134 bg/1138 bg/1140 bg/1146 bg/1148
                                       : bg/1152 bg/1160 bg/1162 bg/1164 bg/1166 bg/1168
                                       : bg/1170 bg/1172 bg/1174 bg/1176 bg/1178 bg/1180
                                       : bg/1182 bg/1184 bg/1186 bg/1188 bg/1190 bg/1192
                                       : bg/1194 bg/1196 bg/1198 bg/1202 bg/1204 bg/1206
                                       : bg/1208 bg/1210 bg/1214 bg/1218 bg/1220 bg/1224
                                       : bg/1228 bg/1230 bg/1232 bg/1234 bg/1236 bg/1238
                                       : bg/1242 bg/1244 bg/1246 bg/1248 bg/1250 bg/1254
                                       : bg/1256 bg/1258 bg/1260 bg/1262 bg/1264 bg/1266
                                       : bg/1268 bg/1272 bg/1276 bg/1278 bg/1282 bg/1284
                                       : bg/1286 bg/1288 bg/1290 bg/1292 bg/1294 bg/1296
                                       : bg/1298 bg/1300 bg/1302 bg/1304 bg/1306 bg/1310
                                       : bg/1312 bg/1314 bg/1316 bg/1318 bg/1320 bg/1322
                                       : bg/1324 bg/1326 bg/1328 bg/1330 bg/1332 bg/1334
                                       : bg/1336 bg/1338 bg/1340 bg/1342 bg/1344 bg/1350
                                       : bg/1352 bg/1354 bg/1356 bg/1358 bg/1360 bg/1362
                                       : bg/1364 bg/1366 bg/1368 bg/1370 bg/1372 bg/1374
                                       : bg/1376 bg/1378 bg/1380 bg/1382 bg/1384 bg/1386
                                       : bg/1388 bg/1390 bg/1392 bg/1394 bg/1396 bg/1398
                                       : bg/1400 bg/1402 bg/1404 bg/1406 bg/1408 bg/1410
                                       : bg/1412 bg/1414 bg/1416 bg/1418 bg/1420 bg/1422
                                       : bg/1424 bg/1426 bg/1428 bg/1430 bg/1434 bg/1436
                                       : bg/1438 bg/1440 bg/1442 bg/1444 bg/1446 bg/1448
                                       : bg/1450 bg/1452 bg/1454 bg/1456 bg/1458 bg/1460
                                       : bg/1462 bg/1464 bg/1468 bg/1470 bg/1472 bg/1474
                                       : bg/1476 bg/1478 bg/1480 bg/1482 bg/1484 bg/1486
                                       : bg/1488 bg/1490 bg/1492 bg/1494 bg/1496 bg/1498
                                       : bg/1500 bg/1502 bg/1504 bg/1506 bg/1509 bg/1514
                                       : bg/1516 bg/1518 bg/1522 bg/1526 bg/1528 bg/1530
                                       : bg/1532 bg/1536 bg/1538 bg/1540 bg/1546 bg/1550
                                       : bg/1552 bg/1560 bg/1562 bg/1564 bg/1566 bg/1568
                                       : bg/1570 bg/1572 bg/1574 bg/1576 bg/1578 bg/1582
                                       : bg/1584 bg/1586 bg/1588 bg/1590 bg/1592 bg/1593
                                       : bg/1595 bg/1597 bg/1601 bg/1605 bg/1607 bg/1609
                                       : bg/1611 bg/1614 bg/1616 bg/1618 bg/1620 bg/1622
                                       : bg/1624 bg/1628 bg/1630 bg/1632 bg/1638 bg/1640
                                       : bg/1642 bg/1644 bg/1646 bg/1648 bg/1650 bg/1652
                                       : bg/1654 bg/1656 bg/1658 bg/1662 bg/1666 bg/1668
                                       : bg/1670 bg/1672 bg/1674 bg/1676 bg/1678 bg/1680
                                       : bg/1684 bg/1686 bg/1688 bg/1690 bg/1692 bg/1694
                                       : bg/1696 bg/1698 bg/1700 bg/1702 bg/1703 bg/1705
                                       : bg/1727 bg/1729 bg/1737 bg/1741 bg/1743 bg/1747
                                       : bg/1750 bg/1752 bg/1754 bg/1756 bg/1758 bg/1760
                                       : bg/1762 bg/1764 bg/1766 bg/1768 bg/1770 bg/1774
                                       : bg/1776 bg/1778 bg/1780 bg/1782 bg/1784 bg/1786
                                       : bg/1788 bg/1790 bg/1792 bg/1794 bg/1798 bg/1800
                                       : bg/1802 bg/1804 bg/1806 bg/1808 bg/1810 bg/1812
                                       : bg/1814 bg/1816 bg/1818 bg/1820 bg/1822 bg/1826
                                       : bg/1828 bg/1830 bg/1832 bg/1834 bg/1836 bg/1838
                                       : bg/1842 bg/1846 bg/1848 bg/1852 bg/1854 bg/1856
                                       : bg/1860 bg/1862 bg/1864 bg/1866 bg/1868 bg/1872
                                       : bg/1874 bg/1880 bg/1882 bg/1884 bg/1886 bg/1888
                                       : bg/1890 bg/1892 bg/1894 bg/1896 bg/1898 bg/1900
                                       : bg/1902 bg/1904 bg/1908 bg/1910 bg/1912 bg/1916
                                       : bg/1920 bg/1922 bg/1924 bg/1926 bg/1930 bg/1944
                                       : bg/1946 bg/1948 bg/1964 bg/1968 bg/1972 bg/1978
                                       : bg/1980 bg/1984 bg/1990 bg/1992 bg/1996 bg/2000
                                       : bg/2002 bg/2004 bg/2006 bg/2008 bg/2010 bg/2014
                                       : bg/2016 bg/2020 bg/2022 bg/2024 bg/2025 bg/2030
                                       : bg/2038 bg/2040 bg/2042 bg/2044 bg/2046 bg/2048
                                       : bg/2050 bg/2056 bg/2060 bg/2068 bg/2070 bg/2075
                                       : bg/2084 bg/2086 bg/2094 bg/2096 bg/2097 bg/2104
                                       : bg/2108 bg/2116 bg/2120 bg/2122 bg/2124 bg/2125
                                       : bg/2128 bg/2136 bg/2140 bg/2146 bg/2150 bg/2152
                                       : bg/2153 bg/2156 bg/2159 bg/2167 bg/2170 bg/2171
                                       : bg/2176 bg/2178 bg/2180 bg/2186 bg/2187 bg/2192
                                       : bg/2193 bg/2195 bg/2197 bg/2199 bg/2204 bg/2208
                                       : bg/2210 bg/2212 bg/2213 bg/2217 bg/2221 bg/2225
                                       : bg/2227 bg/2230 bg/2232 bg/2233 bg/2235 bg/2237
                                       : bg/2239 bg/2242 bg/2245 bg/2247 bg/2249 bg/2251
                                       : bg/2253 bg/2255 bg/2257 bg/2259 bg/2270 bg/2272
                                       : bg/2274 bg/2276 bg/2278 bg/2280 bg/2282 bg/2284
                                       : bg/2286 bg/2288 bg/2290 bg/2292 bg/2294 bg/2303
                                       : bg/2305 bg/2308 bg/2311 bg/2313 bg/2315 bg/2317
                                       : bg/2319 abt/1 abt/2
    # of nonzero coefficients (HS)     :       389588
    Fill of coefficient matrix         :        0.007
    # of NZE in factor                 :       339413
    Total storage required             :      2479772
    Total storage defined (total)      :     80000000
    CPU-time for solving (per rnd)     :      0:00:19
    CPU-time for inverting (per rnd)   :      0:00:19
    MFLOPs during factorization        :        55.52

     --------------------------------- VCE 5.1.2  -----------------------------------
     16.10.2007  13:44:14            ltz_fuvz.vce                              page 3
 
 
    ********************************************************************************
    *         C O E F F I C I E N T  M A T R I X  I N F O R M A T I O N            *
    ********************************************************************************
 
    Setting up mixed model equations
    ________________________________________________________________________________
    Machine precision (tolerance)      : 0.222045E-15
    Warning theshold on inv. (A-1A)-I  : 0.100000E-06
    Traits transformed. See option     :  all  all
    Covariates transformed. See options:  avg
    Number of equations                :        75162
    Rank of the system                 :        74260
    Equations set to zero              :  sex/4 sex/5 bjq/5 bg/1 bg/4 bg/10 bg/13 bg/16 bg/18
                                       : bg/20 bg/22 bg/24 bg/27 bg/29 bg/32 bg/33 bg/35 bg/37
                                       : bg/41 bg/43 bg/45 bg/47 bg/49 bg/51 bg/53 bg/55 bg/57
                                       : bg/59 bg/61 bg/63 bg/65 bg/69 bg/71 bg/73 bg/75 bg/78
                                       : bg/81 bg/83 bg/85 bg/89 bg/91 bg/94 bg/96 bg/100
                                       : bg/102 bg/104 bg/106 bg/108 bg/110 bg/114 bg/118
                                       : bg/124 bg/128 bg/130 bg/132 bg/134 bg/136 bg/138
                                       : bg/140 bg/142 bg/144 bg/146 bg/148 bg/150 bg/152
                                       : bg/156 bg/158 bg/162 bg/164 bg/166 bg/170 bg/172
                                       : bg/174 bg/176 bg/178 bg/188 bg/192 bg/196 bg/198
                                       : bg/200 bg/202 bg/204 bg/206 bg/208 bg/210 bg/212
                                       : bg/214 bg/216 bg/218 bg/220 bg/222 bg/223 bg/226
                                       : bg/228 bg/230 bg/236 bg/238 bg/241 bg/249 bg/251
                                       : bg/258 bg/261 bg/264 bg/268 bg/270 bg/272 bg/274
                                       : bg/276 bg/278 bg/280 bg/282 bg/286 bg/288 bg/290
                                       : bg/292 bg/294 bg/302 bg/306 bg/314 bg/316 bg/318
                                       : bg/322 bg/324 bg/326 bg/328 bg/334 bg/338 bg/340
                                       : bg/342 bg/346 bg/348 bg/350 bg/352 bg/354 bg/356
                                       : bg/358 bg/360 bg/362 bg/364 bg/368 bg/370 bg/372
                                       : bg/374 bg/378 bg/380 bg/386 bg/400 bg/402 bg/404
                                       : bg/410 bg/412 bg/414 bg/416 bg/418 bg/420 bg/422
                                       : bg/424 bg/426 bg/428 bg/434 bg/436 bg/438 bg/440
                                       : bg/442 bg/444 bg/446 bg/448 bg/450 bg/452 bg/454
                                       : bg/456 bg/458 bg/460 bg/462 bg/464 bg/466 bg/468
                                       : bg/472 bg/474 bg/478 bg/480 bg/482 bg/484 bg/492
                                       : bg/494 bg/498 bg/500 bg/504 bg/506 bg/508 bg/512
                                       : bg/514 bg/518 bg/520 bg/522 bg/526 bg/528 bg/530
                                       : bg/532 bg/536 bg/538 bg/540 bg/542 bg/544 bg/546
                                       : bg/548 bg/550 bg/552 bg/554 bg/560 bg/562 bg/564
                                       : bg/566 bg/572 bg/574 bg/576 bg/578 bg/584 bg/586
                                       : bg/588 bg/590 bg/592 bg/594 bg/596 bg/598 bg/600
                                       : bg/602 bg/604 bg/606 bg/610 bg/612 bg/616 bg/620
                                       : bg/622 bg/624 bg/626 bg/628 bg/630 bg/632 bg/634
                                       : bg/636 bg/638 bg/640 bg/642 bg/644 bg/646 bg/648
                                       : bg/650 bg/652 bg/658 bg/660 bg/662 bg/664 bg/665
                                       : bg/667 bg/670 bg/672 bg/674 bg/676 bg/678 bg/688
                                       : bg/690 bg/696 bg/698 bg/700 bg/702 bg/704 bg/706
                                       : bg/708 bg/710 bg/712 bg/714 bg/716 bg/718 bg/720
                                       : bg/722 bg/724 bg/726 bg/730 bg/732 bg/736 bg/738
                                       : bg/742 bg/744 bg/746 bg/748 bg/750 bg/752 bg/754
                                       : bg/758 bg/760 bg/764 bg/766 bg/768 bg/770 bg/772
                                       : bg/774 bg/776 bg/778 bg/780 bg/784 bg/788 bg/790
                                       : bg/794 bg/796 bg/798 bg/800 bg/802 bg/804 bg/806
                                       : bg/808 bg/810 bg/812 bg/814 bg/816 bg/818 bg/822
                                       : bg/824 bg/826 bg/828 bg/830 bg/832 bg/834 bg/838
                                       : bg/840 bg/842 bg/844 bg/850 bg/852 bg/854 bg/856
                                       : bg/858 bg/860 bg/862 bg/864 bg/866 bg/868 bg/870
                                       : bg/872 bg/874 bg/876 bg/878 bg/880 bg/882 bg/884
                                       : bg/886 bg/888 bg/890 bg/892 bg/894 bg/896 bg/898
                                       : bg/900 bg/902 bg/904 bg/906 bg/908 bg/910 bg/914
                                       : bg/916 bg/918 bg/920 bg/922 bg/924 bg/926 bg/928
                                       : bg/930 bg/932 bg/936 bg/938 bg/944 bg/946 bg/948
                                       : bg/952 bg/954 bg/956 bg/958 bg/960 bg/962 bg/964
                                       : bg/966 bg/968 bg/970 bg/972 bg/974 bg/976 bg/978
                                       : bg/980 bg/982 bg/984 bg/986 bg/988 bg/990 bg/992
                                       : bg/994 bg/996 bg/998 bg/1000 bg/1002 bg/1004 bg/1006
                                       : bg/1008 bg/1010 bg/1012 bg/1014 bg/1016 bg/1018
                                       : bg/1020 bg/1022 bg/1026 bg/1028 bg/1030 bg/1036
                                       : bg/1038 bg/1040 bg/1042 bg/1044 bg/1048 bg/1052
                                       : bg/1054 bg/1056 bg/1058 bg/1060 bg/1062 bg/1064
                                       : bg/1066 bg/1068 bg/1070 bg/1072 bg/1074 bg/1076
                                       : bg/1078 bg/1080 bg/1082 bg/1084 bg/1086 bg/1088
                                       : bg/1090 bg/1092 bg/1094 bg/1096 bg/1098 bg/1100
                                       : bg/1102 bg/1104 bg/1106 bg/1108 bg/1110 bg/1112
                                       : bg/1114 bg/1116 bg/1118 bg/1120 bg/1122 bg/1124
                                       : bg/1132 bg/1134 bg/1138 bg/1140 bg/1146 bg/1148
                                       : bg/1152 bg/1160 bg/1162 bg/1164 bg/1166 bg/1168
                                       : bg/1170 bg/1172 bg/1174 bg/1176 bg/1178 bg/1180
                                       : bg/1182 bg/1184 bg/1186 bg/1188 bg/1190 bg/1192
                                       : bg/1194 bg/1196 bg/1198 bg/1202 bg/1204 bg/1206
                                       : bg/1208 bg/1210 bg/1214 bg/1218 bg/1220 bg/1224
                                       : bg/1228 bg/1230 bg/1232 bg/1234 bg/1236 bg/1238
                                       : bg/1242 bg/1244 bg/1246 bg/1248 bg/1250 bg/1254
                                       : bg/1256 bg/1258 bg/1260 bg/1262 bg/1264 bg/1266
                                       : bg/1268 bg/1272 bg/1276 bg/1278 bg/1282 bg/1284
                                       : bg/1286 bg/1288 bg/1290 bg/1292 bg/1294 bg/1296
                                       : bg/1298 bg/1300 bg/1302 bg/1304 bg/1306 bg/1310
                                       : bg/1312 bg/1314 bg/1316 bg/1318 bg/1320 bg/1322
                                       : bg/1324 bg/1326 bg/1328 bg/1330 bg/1332 bg/1334
                                       : bg/1336 bg/1338 bg/1340 bg/1342 bg/1344 bg/1350
                                       : bg/1352 bg/1354 bg/1356 bg/1358 bg/1360 bg/1362
                                       : bg/1364 bg/1366 bg/1368 bg/1370 bg/1372 bg/1374
                                       : bg/1376 bg/1378 bg/1380 bg/1382 bg/1384 bg/1386
                                       : bg/1388 bg/1390 bg/1392 bg/1394 bg/1396 bg/1398
                                       : bg/1400 bg/1402 bg/1404 bg/1406 bg/1408 bg/1410
                                       : bg/1412 bg/1414 bg/1416 bg/1418 bg/1420 bg/1422
                                       : bg/1424 bg/1426 bg/1428 bg/1430 bg/1434 bg/1436
                                       : bg/1438 bg/1440 bg/1442 bg/1444 bg/1446 bg/1448
                                       : bg/1450 bg/1452 bg/1454 bg/1456 bg/1458 bg/1460
                                       : bg/1462 bg/1464 bg/1468 bg/1470 bg/1472 bg/1474
                                       : bg/1476 bg/1478 bg/1480 bg/1482 bg/1484 bg/1486
                                       : bg/1488 bg/1490 bg/1492 bg/1494 bg/1496 bg/1498
                                       : bg/1500 bg/1502 bg/1504 bg/1506 bg/1509 bg/1514
                                       : bg/1516 bg/1518 bg/1522 bg/1526 bg/1528 bg/1530
                                       : bg/1532 bg/1536 bg/1538 bg/1540 bg/1546 bg/1550
                                       : bg/1552 bg/1560 bg/1562 bg/1564 bg/1566 bg/1568
                                       : bg/1570 bg/1572 bg/1574 bg/1576 bg/1578 bg/1582
                                       : bg/1584 bg/1586 bg/1588 bg/1590 bg/1592 bg/1593
                                       : bg/1595 bg/1597 bg/1601 bg/1605 bg/1607 bg/1609
                                       : bg/1611 bg/1614 bg/1616 bg/1618 bg/1620 bg/1622
                                       : bg/1624 bg/1628 bg/1630 bg/1632 bg/1638 bg/1640
                                       : bg/1642 bg/1644 bg/1646 bg/1648 bg/1650 bg/1652
                                       : bg/1654 bg/1656 bg/1658 bg/1662 bg/1666 bg/1668
                                       : bg/1670 bg/1672 bg/1674 bg/1676 bg/1678 bg/1680
                                       : bg/1684 bg/1686 bg/1688 bg/1690 bg/1692 bg/1694
                                       : bg/1696 bg/1698 bg/1700 bg/1702 bg/1703 bg/1705
                                       : bg/1727 bg/1729 bg/1737 bg/1741 bg/1743 bg/1747
                                       : bg/1750 bg/1752 bg/1754 bg/1756 bg/1758 bg/1760
                                       : bg/1762 bg/1764 bg/1766 bg/1768 bg/1770 bg/1774
                                       : bg/1776 bg/1778 bg/1780 bg/1782 bg/1784 bg/1786
                                       : bg/1788 bg/1790 bg/1792 bg/1794 bg/1798 bg/1800
                                       : bg/1802 bg/1804 bg/1806 bg/1808 bg/1810 bg/1812
                                       : bg/1814 bg/1816 bg/1818 bg/1820 bg/1822 bg/1826
                                       : bg/1828 bg/1830 bg/1832 bg/1834 bg/1836 bg/1838
                                       : bg/1842 bg/1846 bg/1848 bg/1852 bg/1854 bg/1856
                                       : bg/1860 bg/1862 bg/1864 bg/1866 bg/1868 bg/1872
                                       : bg/1874 bg/1880 bg/1882 bg/1884 bg/1886 bg/1888
                                       : bg/1890 bg/1892 bg/1894 bg/1896 bg/1898 bg/1900
                                       : bg/1902 bg/1904 bg/1908 bg/1910 bg/1912 bg/1916
                                       : bg/1920 bg/1922 bg/1924 bg/1926 bg/1930 bg/1944
                                       : bg/1946 bg/1948 bg/1964 bg/1968 bg/1972 bg/1978
                                       : bg/1980 bg/1984 bg/1990 bg/1992 bg/1996 bg/2000
                                       : bg/2002 bg/2004 bg/2006 bg/2008 bg/2010 bg/2014
                                       : bg/2016 bg/2020 bg/2022 bg/2024 bg/2025 bg/2030
                                       : bg/2038 bg/2040 bg/2042 bg/2044 bg/2046 bg/2048
                                       : bg/2050 bg/2056 bg/2060 bg/2068 bg/2070 bg/2075
                                       : bg/2084 bg/2086 bg/2094 bg/2096 bg/2097 bg/2104
                                       : bg/2108 bg/2116 bg/2120 bg/2122 bg/2124 bg/2125
                                       : bg/2128 bg/2136 bg/2140 bg/2146 bg/2150 bg/2152
                                       : bg/2153 bg/2156 bg/2159 bg/2167 bg/2170 bg/2171
                                       : bg/2176 bg/2178 bg/2180 bg/2186 bg/2187 bg/2192
                                       : bg/2193 bg/2195 bg/2197 bg/2199 bg/2204 bg/2208
                                       : bg/2210 bg/2212 bg/2213 bg/2217 bg/2221 bg/2225
                                       : bg/2227 bg/2230 bg/2232 bg/2233 bg/2235 bg/2237
                                       : bg/2239 bg/2242 bg/2245 bg/2247 bg/2249 bg/2251
                                       : bg/2253 bg/2255 bg/2257 bg/2259 bg/2270 bg/2272
                                       : bg/2274 bg/2276 bg/2278 bg/2280 bg/2282 bg/2284
                                       : bg/2286 bg/2288 bg/2290 bg/2292 bg/2294 bg/2303
                                       : bg/2305 bg/2308 bg/2311 bg/2313 bg/2315 bg/2317
                                       : bg/2319 abt/1 abt/2
    # of nonzero coefficients (HS)     :       389588
    Fill of coefficient matrix         :        0.007
    # of NZE in factor                 :       339413
    Total storage required             :      2479772
    Total storage defined (total)      :     80000000
    CPU-time for solving (per rnd)     :      0:00:19
    CPU-time for inverting (per rnd)   :      0:00:19
    MFLOPs during factorization        :        55.52
    Non zero coefficients stored       :      50000, filled:   0.2% hit rate:    1.0 at line:    50000

     --------------------------------- VCE 5.1.2  -----------------------------------
     16.10.2007  13:44:15            ltz_fuvz.vce                              page 4
 
 
    ********************************************************************************
    *                       S E T T I N G    U P    M M E                          *
    ********************************************************************************
 
    Non zero coefficients stored       :     100000, filled:   0.3% hit rate:    1.0 at line:     7204
    Non zero coefficients stored       :     150000, filled:   0.5% hit rate:    1.0 at line:    22861
    Non zero coefficients stored       :     200000, filled:   0.6% hit rate:    1.0 at line:    35225
    Non zero coefficients stored       :     250000, filled:   0.8% hit rate:    1.0 at line:    43157
    Non zero coefficients stored       :     300000, filled:   1.0% hit rate:    1.0 at line:    49460
    All non zeros are loaded           :       346868
    Number of equations                :        75162
    Filling rate of LHS storage space  :       1.0990
    Hit rate by setting up LHS         :       1.0024
    Zero diagonal coefficients stored  :          902
    AG  20.3     1  39458.60     500   0   0   0   0   0   0   0   0 --  333 333  57 500 333  57 500
    AG   1.4     2  488059.7     333 500   0   0   0   0   0   0   0 --    0 591-230 364 408-175 635
    AG   1.5     3  439294.4       0 333 500   0   0   0   0   0   0 --    0 590-231 364 409-175 635
    AG   1.8     4  375951.2       1   0 333 500   0   0   0   0   0 --    0 590-233 363 409-176 636
    AG   1.4     5  309336.6       5   1   0 333 500   0   0   0   0 --    0 590-238 360 409-179 639
    AG   1.5     6  232088.5      20   5   1   0 333 500   0   0   0 --    0 588-258 347 411-189 652
    AG   1.4     7  139688.5     217  20   5   1   0 333 500   0   0 --    6 576-476 248 416-274 751
    AG   1.4     8  59813.56     475 217  20   5   1   0 333 500   0 --   96 496   0 557 407   0 442
    AG   1.7     9  39670.13     175 475 217  20   5   1   0 333 500 --  271 373  51 505 355  52 494
    AG   1.4    10  39231.86      34 175 475 217  20   5   1   0 333 --  305 350  55 502 343  55 497
    AG   1.5    11  39188.14       7  34 175 475 217  20   5   1   0 --  306 357  52 504 335  53 495
    AG   1.4    12  39790.34     225   7  34 175 475 217  20   5   1 --  285 582-106 675 131-150 324
    AG   1.4    13  38785.55     169 225   7  34 175 475 217  20   5 --  304 439  17 539 256  19 460
    AG   1.5    14  38951.61     106 169 225   7  34 175 475 217  20 --  290 545 -64 618 164 -76 381
    AG   1.4    15  38700.91      71 106 169 225   7  34 175 475 217 --  300 476  -5 560 222  -4 439
    AG   1.4    16  38688.85      19  71 106 169 225   7  34 175 475 --  299 495 -23 571 205 -22 428
    AG   1.6    17  38677.53      12  19  71 106 169 225   7  34 175 --  298 504 -35 573 196 -32 426
    AG   1.4    18  38562.32     193  12  19  71 106 169 225   7  34 --  284 628-229 596  86-202 403
    AG   1.4    19  38551.49      13 193  12  19  71 106 169 225   7 --  286 633-243 594  80-211 405
    AG   1.4    20  38546.16      35  13 193  12  19  71 106 169 225 --  284 651-278 599  64-242 400
    AG   1.4    21  38541.76      22  35  13 193  12  19  71 106 169 --  285 659-300 604  54-263 395
    AG   1.4    22  38539.06      32  22  35  13 193  12  19  71 106 --  283 674-333 612  42-295 387
    AG   1.4    23  38538.60       8  32  22  35  13 193  12  19  71 --  283 676-341 615  39-304 384
    AG   1.4    24  38538.56       3   8  32  22  35  13 193  12  19 --  282 678-344 616  38-307 383
    AG   1.5    25  38538.52       2   3   8  32  22  35  13 193  12 --  282 680-345 617  37-310 382
    AG   1.4    26  38538.39       5   2   3   8  32  22  35  13 193 --  281 684-348 618  34-315 381
    AG   1.4    27  38538.21       4   5   2   3   8  32  22  35  13 --  280 689-346 619  30-319 380
    AG   1.4    28  38537.95       8   4   5   2   3   8  32  22  35 --  277 695-338 620  27-321 379
    AG   1.4    29  38537.80      11   8   4   5   2   3   8  32  22 --  275 699-327 621  25-319 378
    AG   1.4    30  38537.75       6  11   8   4   5   2   3   8  32 --  275 699-320 620  25-316 379
    AG   1.6    31  38537.73       4   6  11   8   4   5   2   3   8 --  275 698-316 620  26-312 379
    AG   1.4    32  38537.72       2   4   6  11   8   4   5   2   3 --  275 696-315 619  27-310 380
    AG   1.4    33  38537.72       0   2   4   6  11   8   4   5   2 --  275 696-316 619  28-309 380
    AG   1.5    34  38537.71       1   0   2   4   6  11   8   4   5 --  275 696-317 619  28-309 380
    AG   1.6    35  38537.69       1   1   0   2   4   6  11   8   4 --  274 696-319 620  29-309 379
    AG   1.5    36  38537.63       3   1   1   0   2   4   6  11   8 --  270 698-323 622  30-308 377
    AG   1.4    37  38537.50       9   3   1   1   0   2   4   6  11 --  261 706-328 626  31-307 373
    AG   1.4    38  38537.16      26   9   3   1   1   0   2   4   6 --  234 730-335 640  34-302 359
    AG   1.6    39  38536.51      57  26   9   3   1   1   0   2   4 --  177 783-340 668  38-291 331
    AG   1.8    40  38535.99      51  57  26   9   3   1   1   0   2 --  126 832-333 693  40-277 306
    AG   1.5    41  38535.57      13  51  57  26   9   3   1   1   0 --  128 833-320 691  38-274 308
    AG   1.6    42  38535.48      10  13  51  57  26   9   3   1   1 --  129 834-310 690  36-272 309
    AG   1.4    43  38535.47       0  10  13  51  57  26   9   3   1 --  129 834-309 689  35-272 310
    AG   1.5    44  38535.45       1   0  10  13  51  57  26   9   3 --  129 835-309 688  34-273 311
    AG   1.4    45  38535.42       2   1   0  10  13  51  57  26   9 --  129 837-308 686  32-275 313
    AG   1.4    46  38535.33       7   2   1   0  10  13  51  57  26 --  127 842-308 679  30-277 320
    AG   1.6    47  38535.19      14   7   2   1   0  10  13  51  57 --  122 849-311 664  28-278 335
    AG   2.0    48  38535.03      18  14   7   2   1   0  10  13  51 --  115 856-316 646  28-277 353
    AG   1.5    49  38534.89      15  18  14   7   2   1   0  10  13 --  112 857-322 630  30-274 369
    AG   1.4    50  38534.82       6  15  18  14   7   2   1   0  10 --  109 855-325 624  35-267 375
    AG   1.4    51  38534.81       2   6  15  18  14   7   2   1   0 --  111 852-325 626  35-267 373
    AG   1.6    52  38534.81       1   2   6  15  18  14   7   2   1 --  110 853-324 628  35-267 371
    AG   1.4    53  38534.81       0   1   2   6  15  18  14   7   2 --  111 853-324 628  35-267 371

     --------------------------------- VCE 5.1.2  -----------------------------------
     16.10.2007  13:45:39            ltz_fuvz.vce                              page 5
 
 
    ********************************************************************************
    *                      M O D E L  I N F O R M A T I O N                        *
    ********************************************************************************
 
    Factor     within     T Levels Skip        ltz      fuvz
    ________________________________________________________________________________
    sex                   F      3 .             1         1
    bjq                   F      5 .             1         -
    bg                    F   1161 .             1         1
    wu                    R      9               1         -
    animal                A  36408               1         1
    pelm                  F      1               -         1
    abt                   F      3 .             -         1
    ________________________________________________________________________________
 
    ********************************************************************************
    *         C O E F F I C I E N T  M A T R I X  I N F O R M A T I O N            *
    ********************************************************************************
 
    Setting up mixed model equations
    ________________________________________________________________________________
    Machine precision (tolerance)      : 0.222045E-15
    Warning theshold on inv. (A-1A)-I  : 0.100000E-06
    Traits transformed. See option     :  all  all
    Covariates transformed. See options:  avg
    Number of equations                :        75162
    Rank of the system                 :        75162
    Equations set to zero              :  sex/4 sex/5 bjq/5 bg/1 bg/4 bg/10 bg/13 bg/16 bg/18
                                       : bg/20 bg/22 bg/24 bg/27 bg/29 bg/32 bg/33 bg/35 bg/37
                                       : bg/41 bg/43 bg/45 bg/47 bg/49 bg/51 bg/53 bg/55 bg/57
                                       : bg/59 bg/61 bg/63 bg/65 bg/69 bg/71 bg/73 bg/75 bg/78
                                       : bg/81 bg/83 bg/85 bg/89 bg/91 bg/94 bg/96 bg/100
                                       : bg/102 bg/104 bg/106 bg/108 bg/110 bg/114 bg/118
                                       : bg/124 bg/128 bg/130 bg/132 bg/134 bg/136 bg/138
                                       : bg/140 bg/142 bg/144 bg/146 bg/148 bg/150 bg/152
                                       : bg/156 bg/158 bg/162 bg/164 bg/166 bg/170 bg/172
                                       : bg/174 bg/176 bg/178 bg/188 bg/192 bg/196 bg/198
                                       : bg/200 bg/202 bg/204 bg/206 bg/208 bg/210 bg/212
                                       : bg/214 bg/216 bg/218 bg/220 bg/222 bg/223 bg/226
                                       : bg/228 bg/230 bg/236 bg/238 bg/241 bg/249 bg/251
                                       : bg/258 bg/261 bg/264 bg/268 bg/270 bg/272 bg/274
                                       : bg/276 bg/278 bg/280 bg/282 bg/286 bg/288 bg/290
                                       : bg/292 bg/294 bg/302 bg/306 bg/314 bg/316 bg/318
                                       : bg/322 bg/324 bg/326 bg/328 bg/334 bg/338 bg/340
                                       : bg/342 bg/346 bg/348 bg/350 bg/352 bg/354 bg/356
                                       : bg/358 bg/360 bg/362 bg/364 bg/368 bg/370 bg/372
                                       : bg/374 bg/378 bg/380 bg/386 bg/400 bg/402 bg/404
                                       : bg/410 bg/412 bg/414 bg/416 bg/418 bg/420 bg/422
                                       : bg/424 bg/426 bg/428 bg/434 bg/436 bg/438 bg/440
                                       : bg/442 bg/444 bg/446 bg/448 bg/450 bg/452 bg/454
                                       : bg/456 bg/458 bg/460 bg/462 bg/464 bg/466 bg/468
                                       : bg/472 bg/474 bg/478 bg/480 bg/482 bg/484 bg/492
                                       : bg/494 bg/498 bg/500 bg/504 bg/506 bg/508 bg/512
                                       : bg/514 bg/518 bg/520 bg/522 bg/526 bg/528 bg/530
                                       : bg/532 bg/536 bg/538 bg/540 bg/542 bg/544 bg/546
                                       : bg/548 bg/550 bg/552 bg/554 bg/560 bg/562 bg/564
                                       : bg/566 bg/572 bg/574 bg/576 bg/578 bg/584 bg/586
                                       : bg/588 bg/590 bg/592 bg/594 bg/596 bg/598 bg/600
                                       : bg/602 bg/604 bg/606 bg/610 bg/612 bg/616 bg/620
                                       : bg/622 bg/624 bg/626 bg/628 bg/630 bg/632 bg/634
                                       : bg/636 bg/638 bg/640 bg/642 bg/644 bg/646 bg/648
                                       : bg/650 bg/652 bg/658 bg/660 bg/662 bg/664 bg/665
                                       : bg/667 bg/670 bg/672 bg/674 bg/676 bg/678 bg/688
                                       : bg/690 bg/696 bg/698 bg/700 bg/702 bg/704 bg/706
                                       : bg/708 bg/710 bg/712 bg/714 bg/716 bg/718 bg/720
                                       : bg/722 bg/724 bg/726 bg/730 bg/732 bg/736 bg/738
                                       : bg/742 bg/744 bg/746 bg/748 bg/750 bg/752 bg/754
                                       : bg/758 bg/760 bg/764 bg/766 bg/768 bg/770 bg/772
                                       : bg/774 bg/776 bg/778 bg/780 bg/784 bg/788 bg/790
                                       : bg/794 bg/796 bg/798 bg/800 bg/802 bg/804 bg/806
                                       : bg/808 bg/810 bg/812 bg/814 bg/816 bg/818 bg/822
                                       : bg/824 bg/826 bg/828 bg/830 bg/832 bg/834 bg/838
                                       : bg/840 bg/842 bg/844 bg/850 bg/852 bg/854 bg/856
                                       : bg/858 bg/860 bg/862 bg/864 bg/866 bg/868 bg/870
                                       : bg/872 bg/874 bg/876 bg/878 bg/880 bg/882 bg/884
                                       : bg/886 bg/888 bg/890 bg/892 bg/894 bg/896 bg/898
                                       : bg/900 bg/902 bg/904 bg/906 bg/908 bg/910 bg/914
                                       : bg/916 bg/918 bg/920 bg/922 bg/924 bg/926 bg/928
                                       : bg/930 bg/932 bg/936 bg/938 bg/944 bg/946 bg/948
                                       : bg/952 bg/954 bg/956 bg/958 bg/960 bg/962 bg/964
                                       : bg/966 bg/968 bg/970 bg/972 bg/974 bg/976 bg/978
                                       : bg/980 bg/982 bg/984 bg/986 bg/988 bg/990 bg/992
                                       : bg/994 bg/996 bg/998 bg/1000 bg/1002 bg/1004 bg/1006
                                       : bg/1008 bg/1010 bg/1012 bg/1014 bg/1016 bg/1018
                                       : bg/1020 bg/1022 bg/1026 bg/1028 bg/1030 bg/1036
                                       : bg/1038 bg/1040 bg/1042 bg/1044 bg/1048 bg/1052
                                       : bg/1054 bg/1056 bg/1058 bg/1060 bg/1062 bg/1064
                                       : bg/1066 bg/1068 bg/1070 bg/1072 bg/1074 bg/1076
                                       : bg/1078 bg/1080 bg/1082 bg/1084 bg/1086 bg/1088
                                       : bg/1090 bg/1092 bg/1094 bg/1096 bg/1098 bg/1100
                                       : bg/1102 bg/1104 bg/1106 bg/1108 bg/1110 bg/1112
                                       : bg/1114 bg/1116 bg/1118 bg/1120 bg/1122 bg/1124
                                       : bg/1132 bg/1134 bg/1138 bg/1140 bg/1146 bg/1148
                                       : bg/1152 bg/1160 bg/1162 bg/1164 bg/1166 bg/1168
                                       : bg/1170 bg/1172 bg/1174 bg/1176 bg/1178 bg/1180
                                       : bg/1182 bg/1184 bg/1186 bg/1188 bg/1190 bg/1192
                                       : bg/1194 bg/1196 bg/1198 bg/1202 bg/1204 bg/1206
                                       : bg/1208 bg/1210 bg/1214 bg/1218 bg/1220 bg/1224
                                       : bg/1228 bg/1230 bg/1232 bg/1234 bg/1236 bg/1238
                                       : bg/1242 bg/1244 bg/1246 bg/1248 bg/1250 bg/1254
                                       : bg/1256 bg/1258 bg/1260 bg/1262 bg/1264 bg/1266
                                       : bg/1268 bg/1272 bg/1276 bg/1278 bg/1282 bg/1284
                                       : bg/1286 bg/1288 bg/1290 bg/1292 bg/1294 bg/1296
                                       : bg/1298 bg/1300 bg/1302 bg/1304 bg/1306 bg/1310
                                       : bg/1312 bg/1314 bg/1316 bg/1318 bg/1320 bg/1322
                                       : bg/1324 bg/1326 bg/1328 bg/1330 bg/1332 bg/1334
                                       : bg/1336 bg/1338 bg/1340 bg/1342 bg/1344 bg/1350
                                       : bg/1352 bg/1354 bg/1356 bg/1358 bg/1360 bg/1362
                                       : bg/1364 bg/1366 bg/1368 bg/1370 bg/1372 bg/1374
                                       : bg/1376 bg/1378 bg/1380 bg/1382 bg/1384 bg/1386
                                       : bg/1388 bg/1390 bg/1392 bg/1394 bg/1396 bg/1398
                                       : bg/1400 bg/1402 bg/1404 bg/1406 bg/1408 bg/1410
                                       : bg/1412 bg/1414 bg/1416 bg/1418 bg/1420 bg/1422
                                       : bg/1424 bg/1426 bg/1428 bg/1430 bg/1434 bg/1436
                                       : bg/1438 bg/1440 bg/1442 bg/1444 bg/1446 bg/1448
                                       : bg/1450 bg/1452 bg/1454 bg/1456 bg/1458 bg/1460
                                       : bg/1462 bg/1464 bg/1468 bg/1470 bg/1472 bg/1474
                                       : bg/1476 bg/1478 bg/1480 bg/1482 bg/1484 bg/1486
                                       : bg/1488 bg/1490 bg/1492 bg/1494 bg/1496 bg/1498
                                       : bg/1500 bg/1502 bg/1504 bg/1506 bg/1509 bg/1514
                                       : bg/1516 bg/1518 bg/1522 bg/1526 bg/1528 bg/1530
                                       : bg/1532 bg/1536 bg/1538 bg/1540 bg/1546 bg/1550
                                       : bg/1552 bg/1560 bg/1562 bg/1564 bg/1566 bg/1568
                                       : bg/1570 bg/1572 bg/1574 bg/1576 bg/1578 bg/1582
                                       : bg/1584 bg/1586 bg/1588 bg/1590 bg/1592 bg/1593
                                       : bg/1595 bg/1597 bg/1601 bg/1605 bg/1607 bg/1609
                                       : bg/1611 bg/1614 bg/1616 bg/1618 bg/1620 bg/1622
                                       : bg/1624 bg/1628 bg/1630 bg/1632 bg/1638 bg/1640
                                       : bg/1642 bg/1644 bg/1646 bg/1648 bg/1650 bg/1652
                                       : bg/1654 bg/1656 bg/1658 bg/1662 bg/1666 bg/1668
                                       : bg/1670 bg/1672 bg/1674 bg/1676 bg/1678 bg/1680
                                       : bg/1684 bg/1686 bg/1688 bg/1690 bg/1692 bg/1694
                                       : bg/1696 bg/1698 bg/1700 bg/1702 bg/1703 bg/1705
                                       : bg/1727 bg/1729 bg/1737 bg/1741 bg/1743 bg/1747
                                       : bg/1750 bg/1752 bg/1754 bg/1756 bg/1758 bg/1760
                                       : bg/1762 bg/1764 bg/1766 bg/1768 bg/1770 bg/1774
                                       : bg/1776 bg/1778 bg/1780 bg/1782 bg/1784 bg/1786
                                       : bg/1788 bg/1790 bg/1792 bg/1794 bg/1798 bg/1800
                                       : bg/1802 bg/1804 bg/1806 bg/1808 bg/1810 bg/1812
                                       : bg/1814 bg/1816 bg/1818 bg/1820 bg/1822 bg/1826
                                       : bg/1828 bg/1830 bg/1832 bg/1834 bg/1836 bg/1838
                                       : bg/1842 bg/1846 bg/1848 bg/1852 bg/1854 bg/1856
                                       : bg/1860 bg/1862 bg/1864 bg/1866 bg/1868 bg/1872
                                       : bg/1874 bg/1880 bg/1882 bg/1884 bg/1886 bg/1888
                                       : bg/1890 bg/1892 bg/1894 bg/1896 bg/1898 bg/1900
                                       : bg/1902 bg/1904 bg/1908 bg/1910 bg/1912 bg/1916
                                       : bg/1920 bg/1922 bg/1924 bg/1926 bg/1930 bg/1944
                                       : bg/1946 bg/1948 bg/1964 bg/1968 bg/1972 bg/1978
                                       : bg/1980 bg/1984 bg/1990 bg/1992 bg/1996 bg/2000
                                       : bg/2002 bg/2004 bg/2006 bg/2008 bg/2010 bg/2014
                                       : bg/2016 bg/2020 bg/2022 bg/2024 bg/2025 bg/2030
                                       : bg/2038 bg/2040 bg/2042 bg/2044 bg/2046 bg/2048
                                       : bg/2050 bg/2056 bg/2060 bg/2068 bg/2070 bg/2075
                                       : bg/2084 bg/2086 bg/2094 bg/2096 bg/2097 bg/2104
                                       : bg/2108 bg/2116 bg/2120 bg/2122 bg/2124 bg/2125
                                       : bg/2128 bg/2136 bg/2140 bg/2146 bg/2150 bg/2152
                                       : bg/2153 bg/2156 bg/2159 bg/2167 bg/2170 bg/2171
                                       : bg/2176 bg/2178 bg/2180 bg/2186 bg/2187 bg/2192
                                       : bg/2193 bg/2195 bg/2197 bg/2199 bg/2204 bg/2208
                                       : bg/2210 bg/2212 bg/2213 bg/2217 bg/2221 bg/2225
                                       : bg/2227 bg/2230 bg/2232 bg/2233 bg/2235 bg/2237
                                       : bg/2239 bg/2242 bg/2245 bg/2247 bg/2249 bg/2251
                                       : bg/2253 bg/2255 bg/2257 bg/2259 bg/2270 bg/2272
                                       : bg/2274 bg/2276 bg/2278 bg/2280 bg/2282 bg/2284
                                       : bg/2286 bg/2288 bg/2290 bg/2292 bg/2294 bg/2303
                                       : bg/2305 bg/2308 bg/2311 bg/2313 bg/2315 bg/2317
                                       : bg/2319 abt/1 abt/2
    # of nonzero coefficients (HS)     :       346868
    Fill of coefficient matrix         :        0.006
    # of NZE in factor                 :       339413
    Total storage required             :      2479772
    Total storage defined (total)      :     80000000
    CPU-time for solving (per rnd)     :      0:00:19
    CPU-time for inverting (per rnd)   :      0:01:39
    MFLOPs during factorization        :        61.18

     --------------------------------- VCE 5.1.2  -----------------------------------
     16.10.2007  13:45:39            ltz_fuvz.vce                              page 6
 
 
    ********************************************************************************
    *                 E S T I M A T E S   I N F O R M A T I O N                    *
    ********************************************************************************
 
    Tue Oct 16 13:45:39 2007                              CPU time used:     0:01:40
 
    AG Log likelihood :   38534.8122  status :  1   at iteration:      53 /    53
 
 
    ----------------------------- Matrices: NATURAL  -------------------------------
        4  1  1 R  wu                              9 T
              0.4672E+03
 
        5  2  1 A  animal                          36408 T T
              0.3591E+04 -0.3029E+03
                          0.2423E+03
 
        8  3  1 E  residual                        838 T T
              0.1501E+03 -0.3925E+02
                          0.1434E+03
 
    --------------------------- Matrices: Phenotypic  ------------------------------
              0.4208E+04 -0.3421E+03
                          0.3857E+03
 
    ----------------------------- Matrices: RATIOS  --------------------------------
        4  1  1 R  wu                            
              0.1110E+00
 
        5  2  1 A  animal                        
              0.8533E+00 -0.3247E+00
                          0.6281E+00
 
        8  3  1 E  residual                      
              0.3566E-01 -0.2676E+00
                          0.3719E+00
 
    ---------------------- Matrices: STD_ERR of components  ------------------------
        4  1  1 R  wu                            
              0.2776E+01
 
        5  2  1 A  animal                        
              0.1223E+01  0.1054E+01
                          0.8211E+00
 
        8  3  1 E  residual                      
              0.9632E+00  0.3037E+00
                          0.6073E+00
 
    ------------------------ Matrices: STD_ERR of ratios  --------------------------
        4  1  1 R  wu                            
              0.3960E-01
 
        5  2  1 A  animal                        
              0.4065E-01  0.3591E-01
                          0.5882E-01
 
        8  3  1 E  residual                      
              0.1573E-01  0.3073E-01
                          0.5882E-01
 
