     --------------------------------- VCE 5.1.2  -----------------------------------
     16.10.2007  14:02:31            usf_fuvz.vce                              page 1
 
 
 
    ********************************************************************************
    *                    T R A I T S   A N D   E F F E C T S                       *
    ********************************************************************************
 
    Code Trait name  List of effects
    ________________________________________________________________________________
      1 usf         lmf       sex       bjq       bg        uss       animal
      2 fuvz                  sex                 bg                  animal    pelm      abt
 
    ********************************************************************************
    *               E F F E C T S   A N D   C O V A R I A N C E S                  *
    ********************************************************************************
 
    Code   Effect name Type Length Level Start COVARIANCE  Type Length Level Start Pattern
    ______________________________________________________________________________________
       1   lmf        :  F     1      1      1
       2   sex        :  F     2      3      2
       3   bjq        :  F     1      5      8
       4   bg         :  F     2   1161     13
       5   uss        :  F     1    293   2335
       6   animal     :  A     2  36408   2628  animal     :  A     2      1      1 T T
       7   pelm       :  F     1      1  75444
       8   abt        :  F     1      3  75445
                                                residual   :  E     2      1      2 T T
    ________________________________________________________________________________
 
    ********************************************************************************
    *                    G E N E R A L  I N F O R M A T I O N                      *
    ********************************************************************************
 
    VCE was started on :  at Tue Oct 16 14:02:31 2007 by: b08mueul
 
    Comments:
    ________________________________________________________________________________
    |                 ************************************************             |
    |                 *                     VCE-5                    *             |
    |                 *                 version 5.1.2                *             |
    |                 *            17-Dez-2003   14:42:53            *             |
    |                 *         Linux 2.6.0-test11-bk11 i686         *             |
    |                 *                  written by                  *             |
    |                 *       Milena Kovac, Eildert Groeneveld       *             |
    |                 *           and Alberto Garcia-Cortez          *             |
    |                 ************************************************             |
    | test mastitis                                                                |
    ________________________________________________________________________________
 
    Files involved
    ________________________________________________________________________________
    Current directory                  : /home/b08mueul/apiis/apiis-kurs/leicoma/zwisss/mslmr
    Parameter file                     : usf_fuvz.vce
    Data input file                    : blupdata.txt.vce
    Pedigree input file                : blupped.txt.vce
    Log list file                      : usf_fuvz.vce.lst
    Covariances for dumped into        : usf_fuvz.vce.cov-bin
    Covariance matrices written in     : usf_fuvz.vce.cov-fmt
 
    ********************************************************************************
    *                       D A T A  I N F O R M A T I O N                         *
    ********************************************************************************
 
    General statistics
    ___________________________________________________________________
 
    Variables   # rec.      min.        max.        avg.        std.
    ___________________________________________________________________
    usf         32688     4.70000    49.70000    14.19030     2.96071
    fuvz         2156    37.80000   434.00000   215.05533    33.57847
    lmf         34014     0.00000   160.00000   105.86284    25.37500
    pelm        34014     0.00000   135.00000     7.13923    27.43865
    ___________________________________________________________________
 
    Pattern of traits
    ________________________________
     Count           usf      fuvz
    ________________________________
        830        x         x
      31858        x         -
       1326        -         x
       1326        -         x
    ________________________________

     --------------------------------- VCE 5.1.2  -----------------------------------
     16.10.2007  14:02:31            usf_fuvz.vce                              page 2
 
 
    ********************************************************************************
    *                  P E D I G R E E   I N F O R M A T I O N                     *
    ********************************************************************************
 
    Inbreeding             # of animals
    ________________________________________________________________________________
        0                   36408
    ________________________________________________________________________________
    Number of inbred animals           :            0
    Average inbreeding (inbred animals):         0.00
    Maximum inbreeding                 :         0.00
 
    ********************************************************************************
    *         C O V A R I A N C E   M A T R I X   I N F O R M A T I O N            *
    ********************************************************************************
 
    The following (co)variance matrices will be estimated (starting values):
 
    ----------------------------- Matrices: NATURAL  -------------------------------
        6  1  1 A  animal                          36408 T T
              0.4383E+01  0.3515E+01
                          0.5666E+03
 
        9  2  1 E  residual                        830 T T
              0.4383E+01  0.3515E+01
                          0.5666E+03
 
    ________________________________________________________________________________
    ----------------------------- Matrices: RATIOS  --------------------------------
        6  1  1 A  animal                        
              0.5000E+00  0.7053E-01
                          0.5000E+00
 
        9  2  1 E  residual                      
              0.5000E+00  0.7053E-01
                          0.5000E+00
 
    ________________________________________________________________________________
    Thus, optimization is in 6 dimensions.
 
    ********************************************************************************
    *                      M O D E L  I N F O R M A T I O N                        *
    ********************************************************************************
 
    Factor     within     T Levels Skip        usf      fuvz
    ________________________________________________________________________________
    lmf                   F      1               1         -
    sex                   F      3               1         1
    bjq                   F      5               1         -
    bg                    F   1161               1         1
    uss                   F    293               1         -
    animal                A  36408               1         1
    pelm                  F      1               -         1
    abt                   F      3               -         1
    ________________________________________________________________________________
    Non zero coefficients stored       :      50000, filled:   0.2% hit rate:    1.0 at line:    50000
 
    ********************************************************************************
    *                       S E T T I N G    U P    M M E                          *
    ********************************************************************************
 
    Non zero coefficients stored       :     100000, filled:   0.3% hit rate:    1.0 at line:     4050
    Non zero coefficients stored       :     150000, filled:   0.5% hit rate:    1.0 at line:    12955
    Non zero coefficients stored       :     200000, filled:   0.6% hit rate:    1.0 at line:    22118
    Non zero coefficients stored       :     250000, filled:   0.8% hit rate:    1.0 at line:    31363
    Non zero coefficients stored       :     300000, filled:   1.0% hit rate:    1.0 at line:    37345
    Non zero coefficients stored       :     350000, filled:   1.1% hit rate:    1.0 at line:    46328
    Non zero coefficients stored       :     400000, filled:   1.3% hit rate:    1.0 at line:    51873
    All non zeros are loaded           :       425961
    Number of equations                :        75447
    Filling rate of LHS storage space  :       1.3496
    Hit rate by setting up LHS         :       1.0020
    Zero diagonal coefficients stored  :         1003
    IS - allocated for ordering with   :     80000000
    Dimension of equation system       :        75447
    Rank of equation system            :        74434
    Time for solving MME (h:min:sec)   :      0:00:28
    Time for inversion (h:min:sec)     :      0:00:29
 
    ********************************************************************************
    *         C O E F F I C I E N T  M A T R I X  I N F O R M A T I O N            *
    ********************************************************************************
 
    Setting up mixed model equations
    ________________________________________________________________________________
    Machine precision (tolerance)      : 0.222045E-15
    Warning theshold on inv. (A-1A)-I  : 0.100000E-06
    Traits transformed. See option     :  all  all
    Covariates transformed. See options:  avg  avg
    Number of equations                :        75447
    Rank of the system                 :        74434
    Equations set to zero              :  sex/5 sex/6 bjq/5 bg/1 bg/4 bg/10 bg/13 bg/16 bg/18
                                       : bg/20 bg/22 bg/24 bg/27 bg/29 bg/32 bg/33 bg/35 bg/37
                                       : bg/41 bg/43 bg/45 bg/47 bg/49 bg/51 bg/53 bg/55 bg/57
                                       : bg/59 bg/61 bg/63 bg/65 bg/69 bg/71 bg/73 bg/75 bg/78
                                       : bg/81 bg/83 bg/85 bg/89 bg/91 bg/94 bg/96 bg/100
                                       : bg/102 bg/104 bg/106 bg/108 bg/110 bg/114 bg/118
                                       : bg/124 bg/128 bg/130 bg/132 bg/134 bg/136 bg/138
                                       : bg/140 bg/142 bg/144 bg/146 bg/148 bg/150 bg/152
                                       : bg/156 bg/158 bg/162 bg/164 bg/166 bg/170 bg/172
                                       : bg/174 bg/176 bg/178 bg/188 bg/192 bg/196 bg/198
                                       : bg/200 bg/202 bg/204 bg/206 bg/208 bg/210 bg/212
                                       : bg/214 bg/216 bg/218 bg/220 bg/222 bg/223 bg/226
                                       : bg/228 bg/230 bg/236 bg/238 bg/241 bg/249 bg/251
                                       : bg/258 bg/261 bg/264 bg/268 bg/270 bg/272 bg/274
                                       : bg/276 bg/278 bg/280 bg/282 bg/286 bg/288 bg/290
                                       : bg/292 bg/294 bg/302 bg/306 bg/314 bg/316 bg/318
                                       : bg/322 bg/324 bg/326 bg/328 bg/334 bg/338 bg/340
                                       : bg/342 bg/346 bg/348 bg/350 bg/352 bg/354 bg/356
                                       : bg/358 bg/360 bg/362 bg/364 bg/368 bg/370 bg/372
                                       : bg/374 bg/378 bg/380 bg/386 bg/400 bg/402 bg/404
                                       : bg/410 bg/412 bg/414 bg/416 bg/418 bg/420 bg/422
                                       : bg/424 bg/426 bg/428 bg/434 bg/436 bg/438 bg/440
                                       : bg/442 bg/444 bg/446 bg/448 bg/450 bg/452 bg/454
                                       : bg/456 bg/458 bg/460 bg/462 bg/464 bg/466 bg/468
                                       : bg/472 bg/474 bg/478 bg/480 bg/482 bg/484 bg/492
                                       : bg/494 bg/498 bg/500 bg/504 bg/506 bg/508 bg/512
                                       : bg/514 bg/518 bg/520 bg/522 bg/526 bg/528 bg/530
                                       : bg/532 bg/536 bg/538 bg/540 bg/542 bg/544 bg/546
                                       : bg/548 bg/550 bg/552 bg/554 bg/560 bg/562 bg/564
                                       : bg/566 bg/572 bg/574 bg/576 bg/578 bg/584 bg/586
                                       : bg/588 bg/590 bg/592 bg/594 bg/596 bg/598 bg/600
                                       : bg/602 bg/604 bg/606 bg/610 bg/612 bg/616 bg/620
                                       : bg/622 bg/624 bg/626 bg/628 bg/630 bg/632 bg/634
                                       : bg/636 bg/638 bg/640 bg/642 bg/644 bg/646 bg/648
                                       : bg/650 bg/652 bg/655 bg/658 bg/660 bg/662 bg/664
                                       : bg/665 bg/667 bg/670 bg/672 bg/674 bg/676 bg/678
                                       : bg/688 bg/690 bg/696 bg/698 bg/700 bg/702 bg/704
                                       : bg/706 bg/708 bg/710 bg/712 bg/714 bg/716 bg/718
                                       : bg/720 bg/722 bg/724 bg/726 bg/730 bg/732 bg/736
                                       : bg/738 bg/742 bg/744 bg/746 bg/748 bg/750 bg/752
                                       : bg/754 bg/758 bg/760 bg/764 bg/766 bg/768 bg/770
                                       : bg/772 bg/774 bg/776 bg/778 bg/780 bg/784 bg/788
                                       : bg/790 bg/794 bg/796 bg/798 bg/800 bg/802 bg/804
                                       : bg/806 bg/808 bg/810 bg/812 bg/814 bg/816 bg/818
                                       : bg/822 bg/824 bg/826 bg/828 bg/830 bg/832 bg/834
                                       : bg/838 bg/840 bg/842 bg/844 bg/850 bg/852 bg/854
                                       : bg/856 bg/858 bg/860 bg/862 bg/864 bg/866 bg/868
                                       : bg/870 bg/872 bg/874 bg/876 bg/878 bg/880 bg/882
                                       : bg/884 bg/886 bg/888 bg/890 bg/892 bg/894 bg/896
                                       : bg/898 bg/900 bg/902 bg/904 bg/906 bg/908 bg/910
                                       : bg/914 bg/916 bg/918 bg/920 bg/922 bg/924 bg/926
                                       : bg/928 bg/930 bg/932 bg/936 bg/938 bg/944 bg/946
                                       : bg/948 bg/952 bg/954 bg/956 bg/958 bg/960 bg/962
                                       : bg/964 bg/966 bg/968 bg/970 bg/972 bg/974 bg/976
                                       : bg/978 bg/980 bg/982 bg/984 bg/986 bg/988 bg/990
                                       : bg/992 bg/994 bg/996 bg/998 bg/1000 bg/1002 bg/1004
                                       : bg/1006 bg/1008 bg/1010 bg/1012 bg/1014 bg/1016
                                       : bg/1018 bg/1020 bg/1022 bg/1026 bg/1028 bg/1030
                                       : bg/1036 bg/1038 bg/1040 bg/1042 bg/1044 bg/1048
                                       : bg/1052 bg/1054 bg/1056 bg/1058 bg/1060 bg/1062
                                       : bg/1064 bg/1066 bg/1068 bg/1070 bg/1072 bg/1074
                                       : bg/1076 bg/1078 bg/1080 bg/1082 bg/1084 bg/1086
                                       : bg/1088 bg/1090 bg/1092 bg/1094 bg/1096 bg/1098
                                       : bg/1100 bg/1102 bg/1104 bg/1106 bg/1108 bg/1110
                                       : bg/1112 bg/1114 bg/1116 bg/1118 bg/1120 bg/1122
                                       : bg/1124 bg/1132 bg/1134 bg/1138 bg/1140 bg/1146
                                       : bg/1148 bg/1152 bg/1160 bg/1162 bg/1164 bg/1166
                                       : bg/1168 bg/1170 bg/1172 bg/1174 bg/1176 bg/1178
                                       : bg/1180 bg/1182 bg/1184 bg/1186 bg/1188 bg/1190
                                       : bg/1192 bg/1194 bg/1196 bg/1198 bg/1202 bg/1204
                                       : bg/1206 bg/1208 bg/1210 bg/1214 bg/1218 bg/1220
                                       : bg/1224 bg/1228 bg/1230 bg/1232 bg/1234 bg/1236
                                       : bg/1238 bg/1242 bg/1244 bg/1246 bg/1248 bg/1250
                                       : bg/1254 bg/1256 bg/1258 bg/1260 bg/1262 bg/1264
                                       : bg/1266 bg/1268 bg/1272 bg/1276 bg/1278 bg/1282
                                       : bg/1284 bg/1286 bg/1288 bg/1290 bg/1292 bg/1294
                                       : bg/1296 bg/1298 bg/1300 bg/1302 bg/1304 bg/1306
                                       : bg/1310 bg/1312 bg/1314 bg/1316 bg/1318 bg/1320
                                       : bg/1322 bg/1324 bg/1326 bg/1328 bg/1330 bg/1332
                                       : bg/1334 bg/1336 bg/1338 bg/1340 bg/1342 bg/1344
                                       : bg/1350 bg/1352 bg/1354 bg/1356 bg/1358 bg/1360
                                       : bg/1362 bg/1364 bg/1366 bg/1368 bg/1370 bg/1372
                                       : bg/1374 bg/1376 bg/1378 bg/1380 bg/1382 bg/1384
                                       : bg/1386 bg/1388 bg/1390 bg/1392 bg/1394 bg/1396
                                       : bg/1398 bg/1400 bg/1402 bg/1404 bg/1406 bg/1408
                                       : bg/1410 bg/1412 bg/1414 bg/1416 bg/1418 bg/1420
                                       : bg/1422 bg/1424 bg/1426 bg/1428 bg/1430 bg/1434
                                       : bg/1436 bg/1438 bg/1440 bg/1442 bg/1444 bg/1446
                                       : bg/1448 bg/1450 bg/1452 bg/1454 bg/1456 bg/1458
                                       : bg/1460 bg/1462 bg/1464 bg/1468 bg/1470 bg/1472
                                       : bg/1474 bg/1476 bg/1478 bg/1480 bg/1482 bg/1484
                                       : bg/1486 bg/1488 bg/1490 bg/1492 bg/1494 bg/1496
                                       : bg/1498 bg/1500 bg/1502 bg/1504 bg/1506 bg/1509
                                       : bg/1514 bg/1516 bg/1518 bg/1522 bg/1526 bg/1528
                                       : bg/1530 bg/1532 bg/1536 bg/1538 bg/1540 bg/1546
                                       : bg/1550 bg/1552 bg/1560 bg/1562 bg/1564 bg/1566
                                       : bg/1568 bg/1570 bg/1572 bg/1574 bg/1576 bg/1578
                                       : bg/1582 bg/1584 bg/1586 bg/1588 bg/1590 bg/1592
                                       : bg/1593 bg/1595 bg/1597 bg/1601 bg/1605 bg/1607
                                       : bg/1609 bg/1611 bg/1614 bg/1616 bg/1618 bg/1620
                                       : bg/1622 bg/1624 bg/1628 bg/1630 bg/1632 bg/1638
                                       : bg/1640 bg/1642 bg/1644 bg/1646 bg/1648 bg/1650
                                       : bg/1652 bg/1654 bg/1656 bg/1658 bg/1662 bg/1666
                                       : bg/1668 bg/1670 bg/1672 bg/1674 bg/1676 bg/1678
                                       : bg/1680 bg/1684 bg/1686 bg/1688 bg/1690 bg/1692
                                       : bg/1694 bg/1696 bg/1698 bg/1700 bg/1702 bg/1703
                                       : bg/1705 bg/1707 bg/1727 bg/1729 bg/1737 bg/1741
                                       : bg/1743 bg/1747 bg/1750 bg/1752 bg/1754 bg/1756
                                       : bg/1758 bg/1760 bg/1762 bg/1764 bg/1766 bg/1768
                                       : bg/1770 bg/1774 bg/1776 bg/1778 bg/1780 bg/1782
                                       : bg/1784 bg/1786 bg/1788 bg/1790 bg/1792 bg/1794
                                       : bg/1798 bg/1800 bg/1802 bg/1804 bg/1806 bg/1808
                                       : bg/1810 bg/1812 bg/1814 bg/1816 bg/1818 bg/1820
                                       : bg/1822 bg/1826 bg/1828 bg/1830 bg/1832 bg/1834
                                       : bg/1836 bg/1838 bg/1842 bg/1846 bg/1848 bg/1852
                                       : bg/1854 bg/1856 bg/1860 bg/1862 bg/1864 bg/1866
                                       : bg/1868 bg/1872 bg/1874 bg/1880 bg/1882 bg/1884
                                       : bg/1886 bg/1888 bg/1890 bg/1892 bg/1894 bg/1896
                                       : bg/1898 bg/1900 bg/1902 bg/1904 bg/1908 bg/1910
                                       : bg/1912 bg/1916 bg/1920 bg/1922 bg/1924 bg/1926
                                       : bg/1930 bg/1944 bg/1946 bg/1948 bg/1964 bg/1968
                                       : bg/1972 bg/1978 bg/1980 bg/1984 bg/1990 bg/1992
                                       : bg/1996 bg/2000 bg/2002 bg/2004 bg/2006 bg/2008
                                       : bg/2010 bg/2014 bg/2016 bg/2020 bg/2022 bg/2024
                                       : bg/2025 bg/2030 bg/2038 bg/2040 bg/2042 bg/2044
                                       : bg/2046 bg/2048 bg/2050 bg/2056 bg/2060 bg/2068
                                       : bg/2070 bg/2075 bg/2084 bg/2086 bg/2094 bg/2096
                                       : bg/2097 bg/2104 bg/2108 bg/2116 bg/2120 bg/2122
                                       : bg/2124 bg/2125 bg/2128 bg/2136 bg/2140 bg/2146
                                       : bg/2150 bg/2152 bg/2153 bg/2156 bg/2159 bg/2167
                                       : bg/2170 bg/2171 bg/2176 bg/2178 bg/2180 bg/2186
                                       : bg/2187 bg/2192 bg/2193 bg/2195 bg/2197 bg/2199
                                       : bg/2204 bg/2208 bg/2210 bg/2212 bg/2213 bg/2217
                                       : bg/2221 bg/2225 bg/2227 bg/2230 bg/2232 bg/2233
                                       : bg/2235 bg/2237 bg/2239 bg/2242 bg/2245 bg/2247
                                       : bg/2249 bg/2251 bg/2253 bg/2255 bg/2257 bg/2259
                                       : bg/2270 bg/2272 bg/2274 bg/2276 bg/2278 bg/2280
                                       : bg/2282 bg/2284 bg/2286 bg/2288 bg/2290 bg/2292
                                       : bg/2294 bg/2295 bg/2303 bg/2305 bg/2308 bg/2311
                                       : bg/2313 bg/2315 bg/2317 bg/2319 uss/1 uss/2 uss/3
                                       : uss/4 uss/5 uss/6 uss/7 uss/8 uss/9 uss/10 uss/11
                                       : uss/12 uss/13 uss/14 uss/15 uss/16 uss/17 uss/18
                                       : uss/19 uss/20 uss/21 uss/22 uss/23 uss/24 uss/25
                                       : uss/26 uss/27 uss/28 uss/29 uss/30 uss/31 uss/32
                                       : uss/33 uss/34 uss/35 uss/36 uss/40 uss/41 uss/42
                                       : uss/56 uss/69 uss/86 uss/92 uss/95 uss/101 uss/107
                                       : uss/113 uss/115 uss/118 uss/123 uss/125 uss/126
                                       : uss/130 uss/132 uss/140 uss/141 uss/155 uss/157
                                       : uss/158 uss/159 uss/163 uss/167 uss/170 uss/174
                                       : uss/178 uss/179 uss/180 uss/181 uss/183 uss/184
                                       : uss/185 uss/187 uss/194 uss/196 uss/198 uss/202
                                       : uss/208 uss/211 uss/220 uss/230 uss/235 uss/241
                                       : uss/242 uss/243 uss/245 uss/246 uss/247 uss/248
                                       : uss/250 uss/253 uss/257 uss/258 uss/259 uss/260
                                       : uss/261 uss/262 uss/263 uss/264 uss/265 uss/266
                                       : uss/267 uss/268 uss/269 uss/270 uss/271 uss/272
                                       : uss/288 uss/290 abt/1 abt/2
    # of nonzero coefficients (HS)     :       425961
    Fill of coefficient matrix         :        0.007
    # of NZE in factor                 :       379972
    Total storage required             :      2680198
    Total storage defined (total)      :     80000000
    CPU-time for solving (per rnd)     :      0:00:28
    CPU-time for inverting (per rnd)   :      0:00:29
    MFLOPs during factorization        :        68.84

     --------------------------------- VCE 5.1.2  -----------------------------------
     16.10.2007  14:02:58            usf_fuvz.vce                              page 3
 
 
    ********************************************************************************
    *         C O E F F I C I E N T  M A T R I X  I N F O R M A T I O N            *
    ********************************************************************************
 
    Setting up mixed model equations
    ________________________________________________________________________________
    Machine precision (tolerance)      : 0.222045E-15
    Warning theshold on inv. (A-1A)-I  : 0.100000E-06
    Traits transformed. See option     :  all  all
    Covariates transformed. See options:  avg  avg
    Number of equations                :        75447
    Rank of the system                 :        74434
    Equations set to zero              :  sex/5 sex/6 bjq/5 bg/1 bg/4 bg/10 bg/13 bg/16 bg/18
                                       : bg/20 bg/22 bg/24 bg/27 bg/29 bg/32 bg/33 bg/35 bg/37
                                       : bg/41 bg/43 bg/45 bg/47 bg/49 bg/51 bg/53 bg/55 bg/57
                                       : bg/59 bg/61 bg/63 bg/65 bg/69 bg/71 bg/73 bg/75 bg/78
                                       : bg/81 bg/83 bg/85 bg/89 bg/91 bg/94 bg/96 bg/100
                                       : bg/102 bg/104 bg/106 bg/108 bg/110 bg/114 bg/118
                                       : bg/124 bg/128 bg/130 bg/132 bg/134 bg/136 bg/138
                                       : bg/140 bg/142 bg/144 bg/146 bg/148 bg/150 bg/152
                                       : bg/156 bg/158 bg/162 bg/164 bg/166 bg/170 bg/172
                                       : bg/174 bg/176 bg/178 bg/188 bg/192 bg/196 bg/198
                                       : bg/200 bg/202 bg/204 bg/206 bg/208 bg/210 bg/212
                                       : bg/214 bg/216 bg/218 bg/220 bg/222 bg/223 bg/226
                                       : bg/228 bg/230 bg/236 bg/238 bg/241 bg/249 bg/251
                                       : bg/258 bg/261 bg/264 bg/268 bg/270 bg/272 bg/274
                                       : bg/276 bg/278 bg/280 bg/282 bg/286 bg/288 bg/290
                                       : bg/292 bg/294 bg/302 bg/306 bg/314 bg/316 bg/318
                                       : bg/322 bg/324 bg/326 bg/328 bg/334 bg/338 bg/340
                                       : bg/342 bg/346 bg/348 bg/350 bg/352 bg/354 bg/356
                                       : bg/358 bg/360 bg/362 bg/364 bg/368 bg/370 bg/372
                                       : bg/374 bg/378 bg/380 bg/386 bg/400 bg/402 bg/404
                                       : bg/410 bg/412 bg/414 bg/416 bg/418 bg/420 bg/422
                                       : bg/424 bg/426 bg/428 bg/434 bg/436 bg/438 bg/440
                                       : bg/442 bg/444 bg/446 bg/448 bg/450 bg/452 bg/454
                                       : bg/456 bg/458 bg/460 bg/462 bg/464 bg/466 bg/468
                                       : bg/472 bg/474 bg/478 bg/480 bg/482 bg/484 bg/492
                                       : bg/494 bg/498 bg/500 bg/504 bg/506 bg/508 bg/512
                                       : bg/514 bg/518 bg/520 bg/522 bg/526 bg/528 bg/530
                                       : bg/532 bg/536 bg/538 bg/540 bg/542 bg/544 bg/546
                                       : bg/548 bg/550 bg/552 bg/554 bg/560 bg/562 bg/564
                                       : bg/566 bg/572 bg/574 bg/576 bg/578 bg/584 bg/586
                                       : bg/588 bg/590 bg/592 bg/594 bg/596 bg/598 bg/600
                                       : bg/602 bg/604 bg/606 bg/610 bg/612 bg/616 bg/620
                                       : bg/622 bg/624 bg/626 bg/628 bg/630 bg/632 bg/634
                                       : bg/636 bg/638 bg/640 bg/642 bg/644 bg/646 bg/648
                                       : bg/650 bg/652 bg/655 bg/658 bg/660 bg/662 bg/664
                                       : bg/665 bg/667 bg/670 bg/672 bg/674 bg/676 bg/678
                                       : bg/688 bg/690 bg/696 bg/698 bg/700 bg/702 bg/704
                                       : bg/706 bg/708 bg/710 bg/712 bg/714 bg/716 bg/718
                                       : bg/720 bg/722 bg/724 bg/726 bg/730 bg/732 bg/736
                                       : bg/738 bg/742 bg/744 bg/746 bg/748 bg/750 bg/752
                                       : bg/754 bg/758 bg/760 bg/764 bg/766 bg/768 bg/770
                                       : bg/772 bg/774 bg/776 bg/778 bg/780 bg/784 bg/788
                                       : bg/790 bg/794 bg/796 bg/798 bg/800 bg/802 bg/804
                                       : bg/806 bg/808 bg/810 bg/812 bg/814 bg/816 bg/818
                                       : bg/822 bg/824 bg/826 bg/828 bg/830 bg/832 bg/834
                                       : bg/838 bg/840 bg/842 bg/844 bg/850 bg/852 bg/854
                                       : bg/856 bg/858 bg/860 bg/862 bg/864 bg/866 bg/868
                                       : bg/870 bg/872 bg/874 bg/876 bg/878 bg/880 bg/882
                                       : bg/884 bg/886 bg/888 bg/890 bg/892 bg/894 bg/896
                                       : bg/898 bg/900 bg/902 bg/904 bg/906 bg/908 bg/910
                                       : bg/914 bg/916 bg/918 bg/920 bg/922 bg/924 bg/926
                                       : bg/928 bg/930 bg/932 bg/936 bg/938 bg/944 bg/946
                                       : bg/948 bg/952 bg/954 bg/956 bg/958 bg/960 bg/962
                                       : bg/964 bg/966 bg/968 bg/970 bg/972 bg/974 bg/976
                                       : bg/978 bg/980 bg/982 bg/984 bg/986 bg/988 bg/990
                                       : bg/992 bg/994 bg/996 bg/998 bg/1000 bg/1002 bg/1004
                                       : bg/1006 bg/1008 bg/1010 bg/1012 bg/1014 bg/1016
                                       : bg/1018 bg/1020 bg/1022 bg/1026 bg/1028 bg/1030
                                       : bg/1036 bg/1038 bg/1040 bg/1042 bg/1044 bg/1048
                                       : bg/1052 bg/1054 bg/1056 bg/1058 bg/1060 bg/1062
                                       : bg/1064 bg/1066 bg/1068 bg/1070 bg/1072 bg/1074
                                       : bg/1076 bg/1078 bg/1080 bg/1082 bg/1084 bg/1086
                                       : bg/1088 bg/1090 bg/1092 bg/1094 bg/1096 bg/1098
                                       : bg/1100 bg/1102 bg/1104 bg/1106 bg/1108 bg/1110
                                       : bg/1112 bg/1114 bg/1116 bg/1118 bg/1120 bg/1122
                                       : bg/1124 bg/1132 bg/1134 bg/1138 bg/1140 bg/1146
                                       : bg/1148 bg/1152 bg/1160 bg/1162 bg/1164 bg/1166
                                       : bg/1168 bg/1170 bg/1172 bg/1174 bg/1176 bg/1178
                                       : bg/1180 bg/1182 bg/1184 bg/1186 bg/1188 bg/1190
                                       : bg/1192 bg/1194 bg/1196 bg/1198 bg/1202 bg/1204
                                       : bg/1206 bg/1208 bg/1210 bg/1214 bg/1218 bg/1220
                                       : bg/1224 bg/1228 bg/1230 bg/1232 bg/1234 bg/1236
                                       : bg/1238 bg/1242 bg/1244 bg/1246 bg/1248 bg/1250
                                       : bg/1254 bg/1256 bg/1258 bg/1260 bg/1262 bg/1264
                                       : bg/1266 bg/1268 bg/1272 bg/1276 bg/1278 bg/1282
                                       : bg/1284 bg/1286 bg/1288 bg/1290 bg/1292 bg/1294
                                       : bg/1296 bg/1298 bg/1300 bg/1302 bg/1304 bg/1306
                                       : bg/1310 bg/1312 bg/1314 bg/1316 bg/1318 bg/1320
                                       : bg/1322 bg/1324 bg/1326 bg/1328 bg/1330 bg/1332
                                       : bg/1334 bg/1336 bg/1338 bg/1340 bg/1342 bg/1344
                                       : bg/1350 bg/1352 bg/1354 bg/1356 bg/1358 bg/1360
                                       : bg/1362 bg/1364 bg/1366 bg/1368 bg/1370 bg/1372
                                       : bg/1374 bg/1376 bg/1378 bg/1380 bg/1382 bg/1384
                                       : bg/1386 bg/1388 bg/1390 bg/1392 bg/1394 bg/1396
                                       : bg/1398 bg/1400 bg/1402 bg/1404 bg/1406 bg/1408
                                       : bg/1410 bg/1412 bg/1414 bg/1416 bg/1418 bg/1420
                                       : bg/1422 bg/1424 bg/1426 bg/1428 bg/1430 bg/1434
                                       : bg/1436 bg/1438 bg/1440 bg/1442 bg/1444 bg/1446
                                       : bg/1448 bg/1450 bg/1452 bg/1454 bg/1456 bg/1458
                                       : bg/1460 bg/1462 bg/1464 bg/1468 bg/1470 bg/1472
                                       : bg/1474 bg/1476 bg/1478 bg/1480 bg/1482 bg/1484
                                       : bg/1486 bg/1488 bg/1490 bg/1492 bg/1494 bg/1496
                                       : bg/1498 bg/1500 bg/1502 bg/1504 bg/1506 bg/1509
                                       : bg/1514 bg/1516 bg/1518 bg/1522 bg/1526 bg/1528
                                       : bg/1530 bg/1532 bg/1536 bg/1538 bg/1540 bg/1546
                                       : bg/1550 bg/1552 bg/1560 bg/1562 bg/1564 bg/1566
                                       : bg/1568 bg/1570 bg/1572 bg/1574 bg/1576 bg/1578
                                       : bg/1582 bg/1584 bg/1586 bg/1588 bg/1590 bg/1592
                                       : bg/1593 bg/1595 bg/1597 bg/1601 bg/1605 bg/1607
                                       : bg/1609 bg/1611 bg/1614 bg/1616 bg/1618 bg/1620
                                       : bg/1622 bg/1624 bg/1628 bg/1630 bg/1632 bg/1638
                                       : bg/1640 bg/1642 bg/1644 bg/1646 bg/1648 bg/1650
                                       : bg/1652 bg/1654 bg/1656 bg/1658 bg/1662 bg/1666
                                       : bg/1668 bg/1670 bg/1672 bg/1674 bg/1676 bg/1678
                                       : bg/1680 bg/1684 bg/1686 bg/1688 bg/1690 bg/1692
                                       : bg/1694 bg/1696 bg/1698 bg/1700 bg/1702 bg/1703
                                       : bg/1705 bg/1707 bg/1727 bg/1729 bg/1737 bg/1741
                                       : bg/1743 bg/1747 bg/1750 bg/1752 bg/1754 bg/1756
                                       : bg/1758 bg/1760 bg/1762 bg/1764 bg/1766 bg/1768
                                       : bg/1770 bg/1774 bg/1776 bg/1778 bg/1780 bg/1782
                                       : bg/1784 bg/1786 bg/1788 bg/1790 bg/1792 bg/1794
                                       : bg/1798 bg/1800 bg/1802 bg/1804 bg/1806 bg/1808
                                       : bg/1810 bg/1812 bg/1814 bg/1816 bg/1818 bg/1820
                                       : bg/1822 bg/1826 bg/1828 bg/1830 bg/1832 bg/1834
                                       : bg/1836 bg/1838 bg/1842 bg/1846 bg/1848 bg/1852
                                       : bg/1854 bg/1856 bg/1860 bg/1862 bg/1864 bg/1866
                                       : bg/1868 bg/1872 bg/1874 bg/1880 bg/1882 bg/1884
                                       : bg/1886 bg/1888 bg/1890 bg/1892 bg/1894 bg/1896
                                       : bg/1898 bg/1900 bg/1902 bg/1904 bg/1908 bg/1910
                                       : bg/1912 bg/1916 bg/1920 bg/1922 bg/1924 bg/1926
                                       : bg/1930 bg/1944 bg/1946 bg/1948 bg/1964 bg/1968
                                       : bg/1972 bg/1978 bg/1980 bg/1984 bg/1990 bg/1992
                                       : bg/1996 bg/2000 bg/2002 bg/2004 bg/2006 bg/2008
                                       : bg/2010 bg/2014 bg/2016 bg/2020 bg/2022 bg/2024
                                       : bg/2025 bg/2030 bg/2038 bg/2040 bg/2042 bg/2044
                                       : bg/2046 bg/2048 bg/2050 bg/2056 bg/2060 bg/2068
                                       : bg/2070 bg/2075 bg/2084 bg/2086 bg/2094 bg/2096
                                       : bg/2097 bg/2104 bg/2108 bg/2116 bg/2120 bg/2122
                                       : bg/2124 bg/2125 bg/2128 bg/2136 bg/2140 bg/2146
                                       : bg/2150 bg/2152 bg/2153 bg/2156 bg/2159 bg/2167
                                       : bg/2170 bg/2171 bg/2176 bg/2178 bg/2180 bg/2186
                                       : bg/2187 bg/2192 bg/2193 bg/2195 bg/2197 bg/2199
                                       : bg/2204 bg/2208 bg/2210 bg/2212 bg/2213 bg/2217
                                       : bg/2221 bg/2225 bg/2227 bg/2230 bg/2232 bg/2233
                                       : bg/2235 bg/2237 bg/2239 bg/2242 bg/2245 bg/2247
                                       : bg/2249 bg/2251 bg/2253 bg/2255 bg/2257 bg/2259
                                       : bg/2270 bg/2272 bg/2274 bg/2276 bg/2278 bg/2280
                                       : bg/2282 bg/2284 bg/2286 bg/2288 bg/2290 bg/2292
                                       : bg/2294 bg/2295 bg/2303 bg/2305 bg/2308 bg/2311
                                       : bg/2313 bg/2315 bg/2317 bg/2319 uss/1 uss/2 uss/3
                                       : uss/4 uss/5 uss/6 uss/7 uss/8 uss/9 uss/10 uss/11
                                       : uss/12 uss/13 uss/14 uss/15 uss/16 uss/17 uss/18
                                       : uss/19 uss/20 uss/21 uss/22 uss/23 uss/24 uss/25
                                       : uss/26 uss/27 uss/28 uss/29 uss/30 uss/31 uss/32
                                       : uss/33 uss/34 uss/35 uss/36 uss/40 uss/41 uss/42
                                       : uss/56 uss/69 uss/86 uss/92 uss/95 uss/101 uss/107
                                       : uss/113 uss/115 uss/118 uss/123 uss/125 uss/126
                                       : uss/130 uss/132 uss/140 uss/141 uss/155 uss/157
                                       : uss/158 uss/159 uss/163 uss/167 uss/170 uss/174
                                       : uss/178 uss/179 uss/180 uss/181 uss/183 uss/184
                                       : uss/185 uss/187 uss/194 uss/196 uss/198 uss/202
                                       : uss/208 uss/211 uss/220 uss/230 uss/235 uss/241
                                       : uss/242 uss/243 uss/245 uss/246 uss/247 uss/248
                                       : uss/250 uss/253 uss/257 uss/258 uss/259 uss/260
                                       : uss/261 uss/262 uss/263 uss/264 uss/265 uss/266
                                       : uss/267 uss/268 uss/269 uss/270 uss/271 uss/272
                                       : uss/288 uss/290 abt/1 abt/2
    # of nonzero coefficients (HS)     :       425961
    Fill of coefficient matrix         :        0.007
    # of NZE in factor                 :       379972
    Total storage required             :      2680198
    Total storage defined (total)      :     80000000
    CPU-time for solving (per rnd)     :      0:00:28
    CPU-time for inverting (per rnd)   :      0:00:29
    MFLOPs during factorization        :        68.84
    Non zero coefficients stored       :      50000, filled:   0.2% hit rate:    1.0 at line:    50000

     --------------------------------- VCE 5.1.2  -----------------------------------
     16.10.2007  14:02:59            usf_fuvz.vce                              page 4
 
 
    ********************************************************************************
    *                       S E T T I N G    U P    M M E                          *
    ********************************************************************************
 
    Non zero coefficients stored       :     100000, filled:   0.3% hit rate:    1.0 at line:     6841
    Non zero coefficients stored       :     150000, filled:   0.5% hit rate:    1.0 at line:    22251
    Non zero coefficients stored       :     200000, filled:   0.6% hit rate:    1.0 at line:    35042
    Non zero coefficients stored       :     250000, filled:   0.8% hit rate:    1.0 at line:    42722
    Non zero coefficients stored       :     300000, filled:   1.0% hit rate:    1.0 at line:    49254
    All non zeros are loaded           :       349043
    Number of equations                :        75447
    Filling rate of LHS storage space  :       1.1059
    Hit rate by setting up LHS         :       1.0021
    Zero diagonal coefficients stored  :         1013
    AG  29.7     1  40313.57     500   0   0   0   0   0   0   0   0 --  500  70 500 500  70 500
    AG   1.5     2  492472.6     167 500   0   0   0   0   0   0   0 --  332  16 367 667  19 632
    AG   1.5     3  445176.7       0 167 500   0   0   0   0   0   0 --  332  16 366 667  19 633
    AG   1.7     4  384955.0       2   0 167 500   0   0   0   0   0 --  332  15 364 667  18 635
    AG   1.5     5  323931.8       5   2   0 167 500   0   0   0   0 --  331  12 358 668  16 641
    AG   1.5     6  256493.3      18   5   2   0 167 500   0   0   0 --  328   2 340 671  10 659
    AG   1.5     7  176964.6     113  18   5   2   0 167 500   0   0 --  320 -76 226 679 -27 773
    AG   1.5     8  80750.66     394 113  18   5   2   0 167 500   0 --  272-108 621 727-130 378
    AG   1.6     9  688298.8     626 394 113  18   5   2   0 167 500 --  898  77 519 101 -79 480
    AG   2.1    10  39000.89     381 626 394 113  18   5   2   0 167 --  517  71 501 482  71 498
    AG   1.5    11  38702.74      42 381 626 394 113  18   5   2   0 --  560  73 507 439  73 492
    AG   1.5    12  38521.98      11  42 381 626 394 113  18   5   2 --  572  74 509 427  74 490
    AG   1.5    13  38338.72      42  11  42 381 626 394 113  18   5 --  615  77 518 384  78 481
    AG   1.6    14  38147.95     222  42  11  42 381 626 394 113  18 --  837 115 617 162 132 382
    AG   1.5    15  37863.20     106 222  42  11  42 381 626 394 113 --  731  94 554 268  99 445
    AG   1.5    16  37730.99      36 106 222  42  11  42 381 626 394 --  768 104 573 231 111 426
    AG   1.7    17  37672.45      65  36 106 222  42  11  42 381 626 --  833 137 621 166 151 378
    AG   1.5    18  37632.82      24  65  36 106 222  42  11  42 381 --  809 128 598 190 137 401
    AG   1.5    19  37625.86       9  24  65  36 106 222  42  11  42 --  819 136 602 180 145 397
    AG   1.5    20  37604.18      42   9  24  65  36 106 222  42  11 --  861 179 616 138 185 383
    AG   1.5    21  37579.38      62  42   9  24  65  36 106 222  42 --  909 241 631  90 246 368
    AG   1.5    22  37556.43      98  62  42   9  24  65  36 106 222 --  963 340 648  36 343 351
    AG   1.5    23  37545.34       4  98  62  42   9  24  65  36 106 --  963 345 644  36 343 355
    AG   1.5    24  37543.03      28   4  98  62  42   9  24  65  36 --  973 373 650  26 370 349
    AG   1.7    25  37541.57      23  28   4  98  62  42   9  24  65 --  980 396 655  19 392 344
    AG   1.5    26  37539.20      38  23  28   4  98  62  42   9  24 --  988 435 667  11 428 332
    AG   1.5    27  37537.78      29  38  23  28   4  98  62  42   9 --  992 464 677   7 456 322
    AG   1.5    28  37537.51      18  29  38  23  28   4  98  62  42 --  994 483 684   5 475 315
    AG   1.5    29  37537.48       4  18  29  38  23  28   4  98  62 --  995 487 686   4 479 313
    AG   1.6    30  37537.46       2   4  18  29  38  23  28   4  98 --  995 490 687   4 482 312
    AG   1.5    31  37537.44       2   2   4  18  29  38  23  28   4 --  995 493 688   4 484 311
    AG   1.5    32  37537.38       2   2   2   4  18  29  38  23  28 --  995 496 691   4 487 308
    AG   1.6    33  37537.27       5   2   2   2   4  18  29  38  23 --  994 497 697   5 489 302
    AG   1.5    34  37537.12       8   5   2   2   2   4  18  29  38 --  992 496 705   7 488 294
    AG   1.5    35  37537.01       5   8   5   2   2   2   4  18  29 --  989 493 711  10 485 288
    AG   1.6    36  37536.94       3   5   8   5   2   2   2   4  18 --  988 489 712  11 482 287
    AG   1.5    37  37536.93       3   3   5   8   5   2   2   2   4 --  987 486 711  12 478 288
    AG   1.6    38  37536.93       0   3   3   5   8   5   2   2   2 --  987 485 711  12 479 288
    AG   1.9    39  37536.93       0   0   3   3   5   8   5   2   2 --  987 485 711  12 479 288
    AG   1.5    40  37536.91       5   0   0   3   3   5   8   5   2 --  986 482 712  13 485 287
    AG   1.6    41  37536.87      13   5   0   0   3   3   5   8   5 --  985 478 714  14 499 285
    AG   1.5    42  37536.79      35  13   5   0   0   3   3   5   8 --  984 470 719  15 535 280
    AG   1.5    43  37536.68      54  35  13   5   0   0   3   3   5 --  982 460 724  17 589 275
    AG   1.6    44  37536.51      60  54  35  13   5   0   0   3   3 --  981 451 726  18 650 273
    AG   1.5    45  37536.14      84  60  54  35  13   5   0   0   3 --  982 442 724  17 735 275
    AG   1.6    46  37535.80      54  84  60  54  35  13   5   0   0 --  984 442 720  15 789 279
    AG   2.1    47  37536.38     116  54  84  60  54  35  13   5   0 --  985 434 698  14 906 301
    AG   1.5    48  37535.70      84 116  54  84  60  54  35  13   5 --  985 440 717  14 822 282
    AG   1.5    49  37535.72      88  84 116  54  84  60  54  35  13 --  983 436 702  16 910 297
    AG   1.5    50  37535.56      42  88  84 116  54  84  60  54  35 --  984 438 712  15 868 287
    AG   1.6    51  37535.37      35  42  88  84 116  54  84  60  54 --  983 439 706  16 903 293
    AG   1.5    52  37535.13      25  35  42  88  84 116  54  84  60 --  981 440 701  18 929 298
    AG   1.5    53  37535.21      44  25  35  42  88  84 116  54  84 --  979 429 670  20 973 329
    AG   1.7    54  37535.04      23  44  25  35  42  88  84 116  54 --  980 436 690  19 949 309
    AG   2.0    55  37534.97      16  23  44  25  35  42  88  84 116 --  979 429 677  20 966 322
    AG   1.5    56  37534.95       1  16  23  44  25  35  42  88  84 --  979 428 675  20 966 324
    AG   1.5    57  37534.94       4   1  16  23  44  25  35  42  88 --  979 429 672  20 970 327
    AG   1.5    58  37534.94       2   4   1  16  23  44  25  35  42 --  979 431 671  20 973 328
    AG   1.7    59  37534.94       0   2   4   1  16  23  44  25  35 --  979 432 671  20 973 328
    AG   1.5    60  37534.94       0   0   2   4   1  16  23  44  25 --  979 433 671  20 974 328
    AG   1.5    61  37534.93       1   0   0   2   4   1  16  23  44 --  979 433 671  20 975 328
    AG   1.8    62  37534.92       3   1   0   0   2   4   1  16  23 --  980 435 671  19 979 328
    AG   1.5    63  37534.90       7   3   1   0   0   2   4   1  16 --  981 435 672  18 986 327
    AG   1.6    64  37534.87       8   7   3   1   0   0   2   4   1 --  981 433 676  18 995 323
    AG   1.5    65  37534.84      10   8   7   3   1   0   0   2   4 --  981 429 686  18 997 313
    AG   1.5    66  37534.83       3  10   8   7   3   1   0   0   2 --  980 426 685  19 999 314
    AG   1.7    67  37534.83       2   3  10   8   7   3   1   0   0 --  979 425 682  20 998 317
    AG   1.5    68  37534.82       0   2   3  10   8   7   3   1   0 --  979 425 683  20 999 316
    AG   1.5    69  37534.82       0   0   2   3  10   8   7   3   1 --  980 426 683  19 999 316
    AG   1.6    70  37534.82       0   0   0   2   3  10   8   7   3 --  980 426 683  19 999 316
    AG   1.5    71  37534.82       0   0   0   0   2   3  10   8   7 --  980 426 682  19 999 317
    AG   1.6    72  37534.82       0   0   0   0   0   2   3  10   8 --  980 426 682  19 999 317
    AG   1.5    73  39774.87       0   0   0   0   0   0   2   3  10 --  980 426 682  19 999 317
    AG   1.5    74  37534.82       0   0   0   0   0   0   0   2   3 --  980 426 682  19 999 317
    AG   1.7    75  37534.82       0   0   0   0   0   0   0   0   2 --  980 426 682  19 999 317
    AG   1.5    76  39438.28     933   0   0   0   0   0   0   0   0 --  998 437 175   1  66 824
    AG   1.5    77  37535.92     857 933   0   0   0   0   0   0   0 --  982 428 690  17 923 309
    AG   1.5    78  37534.87      69 857 933   0   0   0   0   0   0 --  980 427 691  19 993 308
    AG   1.5    79  37534.82       8  69 857 933   0   0   0   0   0 --  980 426 683  19 999 316
    AG   1.6    80  37534.82       1   8  69 857 933   0   0   0   0 --  980 426 682  19 999 317

     --------------------------------- VCE 5.1.2  -----------------------------------
     16.10.2007  14:05:07            usf_fuvz.vce                              page 5
 
 
    ********************************************************************************
    *                      M O D E L  I N F O R M A T I O N                        *
    ********************************************************************************
 
    Factor     within     T Levels Skip        usf      fuvz
    ________________________________________________________________________________
    lmf                   F      1               1         -
    sex                   F      3 .             1         1
    bjq                   F      5 .             1         -
    bg                    F   1161 .             1         1
    uss                   F    293 .             1         -
    animal                A  36408               1         1
    pelm                  F      1               -         1
    abt                   F      3 .             -         1
    ________________________________________________________________________________
 
    ********************************************************************************
    *         C O E F F I C I E N T  M A T R I X  I N F O R M A T I O N            *
    ********************************************************************************
 
    Setting up mixed model equations
    ________________________________________________________________________________
    Machine precision (tolerance)      : 0.222045E-15
    Warning theshold on inv. (A-1A)-I  : 0.100000E-06
    Traits transformed. See option     :  all  all
    Covariates transformed. See options:  avg  avg
    Number of equations                :        75447
    Rank of the system                 :        75447
    Equations set to zero              :  sex/5 sex/6 bjq/5 bg/1 bg/4 bg/10 bg/13 bg/16 bg/18
                                       : bg/20 bg/22 bg/24 bg/27 bg/29 bg/32 bg/33 bg/35 bg/37
                                       : bg/41 bg/43 bg/45 bg/47 bg/49 bg/51 bg/53 bg/55 bg/57
                                       : bg/59 bg/61 bg/63 bg/65 bg/69 bg/71 bg/73 bg/75 bg/78
                                       : bg/81 bg/83 bg/85 bg/89 bg/91 bg/94 bg/96 bg/100
                                       : bg/102 bg/104 bg/106 bg/108 bg/110 bg/114 bg/118
                                       : bg/124 bg/128 bg/130 bg/132 bg/134 bg/136 bg/138
                                       : bg/140 bg/142 bg/144 bg/146 bg/148 bg/150 bg/152
                                       : bg/156 bg/158 bg/162 bg/164 bg/166 bg/170 bg/172
                                       : bg/174 bg/176 bg/178 bg/188 bg/192 bg/196 bg/198
                                       : bg/200 bg/202 bg/204 bg/206 bg/208 bg/210 bg/212
                                       : bg/214 bg/216 bg/218 bg/220 bg/222 bg/223 bg/226
                                       : bg/228 bg/230 bg/236 bg/238 bg/241 bg/249 bg/251
                                       : bg/258 bg/261 bg/264 bg/268 bg/270 bg/272 bg/274
                                       : bg/276 bg/278 bg/280 bg/282 bg/286 bg/288 bg/290
                                       : bg/292 bg/294 bg/302 bg/306 bg/314 bg/316 bg/318
                                       : bg/322 bg/324 bg/326 bg/328 bg/334 bg/338 bg/340
                                       : bg/342 bg/346 bg/348 bg/350 bg/352 bg/354 bg/356
                                       : bg/358 bg/360 bg/362 bg/364 bg/368 bg/370 bg/372
                                       : bg/374 bg/378 bg/380 bg/386 bg/400 bg/402 bg/404
                                       : bg/410 bg/412 bg/414 bg/416 bg/418 bg/420 bg/422
                                       : bg/424 bg/426 bg/428 bg/434 bg/436 bg/438 bg/440
                                       : bg/442 bg/444 bg/446 bg/448 bg/450 bg/452 bg/454
                                       : bg/456 bg/458 bg/460 bg/462 bg/464 bg/466 bg/468
                                       : bg/472 bg/474 bg/478 bg/480 bg/482 bg/484 bg/492
                                       : bg/494 bg/498 bg/500 bg/504 bg/506 bg/508 bg/512
                                       : bg/514 bg/518 bg/520 bg/522 bg/526 bg/528 bg/530
                                       : bg/532 bg/536 bg/538 bg/540 bg/542 bg/544 bg/546
                                       : bg/548 bg/550 bg/552 bg/554 bg/560 bg/562 bg/564
                                       : bg/566 bg/572 bg/574 bg/576 bg/578 bg/584 bg/586
                                       : bg/588 bg/590 bg/592 bg/594 bg/596 bg/598 bg/600
                                       : bg/602 bg/604 bg/606 bg/610 bg/612 bg/616 bg/620
                                       : bg/622 bg/624 bg/626 bg/628 bg/630 bg/632 bg/634
                                       : bg/636 bg/638 bg/640 bg/642 bg/644 bg/646 bg/648
                                       : bg/650 bg/652 bg/655 bg/658 bg/660 bg/662 bg/664
                                       : bg/665 bg/667 bg/670 bg/672 bg/674 bg/676 bg/678
                                       : bg/688 bg/690 bg/696 bg/698 bg/700 bg/702 bg/704
                                       : bg/706 bg/708 bg/710 bg/712 bg/714 bg/716 bg/718
                                       : bg/720 bg/722 bg/724 bg/726 bg/730 bg/732 bg/736
                                       : bg/738 bg/742 bg/744 bg/746 bg/748 bg/750 bg/752
                                       : bg/754 bg/758 bg/760 bg/764 bg/766 bg/768 bg/770
                                       : bg/772 bg/774 bg/776 bg/778 bg/780 bg/784 bg/788
                                       : bg/790 bg/794 bg/796 bg/798 bg/800 bg/802 bg/804
                                       : bg/806 bg/808 bg/810 bg/812 bg/814 bg/816 bg/818
                                       : bg/822 bg/824 bg/826 bg/828 bg/830 bg/832 bg/834
                                       : bg/838 bg/840 bg/842 bg/844 bg/850 bg/852 bg/854
                                       : bg/856 bg/858 bg/860 bg/862 bg/864 bg/866 bg/868
                                       : bg/870 bg/872 bg/874 bg/876 bg/878 bg/880 bg/882
                                       : bg/884 bg/886 bg/888 bg/890 bg/892 bg/894 bg/896
                                       : bg/898 bg/900 bg/902 bg/904 bg/906 bg/908 bg/910
                                       : bg/914 bg/916 bg/918 bg/920 bg/922 bg/924 bg/926
                                       : bg/928 bg/930 bg/932 bg/936 bg/938 bg/944 bg/946
                                       : bg/948 bg/952 bg/954 bg/956 bg/958 bg/960 bg/962
                                       : bg/964 bg/966 bg/968 bg/970 bg/972 bg/974 bg/976
                                       : bg/978 bg/980 bg/982 bg/984 bg/986 bg/988 bg/990
                                       : bg/992 bg/994 bg/996 bg/998 bg/1000 bg/1002 bg/1004
                                       : bg/1006 bg/1008 bg/1010 bg/1012 bg/1014 bg/1016
                                       : bg/1018 bg/1020 bg/1022 bg/1026 bg/1028 bg/1030
                                       : bg/1036 bg/1038 bg/1040 bg/1042 bg/1044 bg/1048
                                       : bg/1052 bg/1054 bg/1056 bg/1058 bg/1060 bg/1062
                                       : bg/1064 bg/1066 bg/1068 bg/1070 bg/1072 bg/1074
                                       : bg/1076 bg/1078 bg/1080 bg/1082 bg/1084 bg/1086
                                       : bg/1088 bg/1090 bg/1092 bg/1094 bg/1096 bg/1098
                                       : bg/1100 bg/1102 bg/1104 bg/1106 bg/1108 bg/1110
                                       : bg/1112 bg/1114 bg/1116 bg/1118 bg/1120 bg/1122
                                       : bg/1124 bg/1132 bg/1134 bg/1138 bg/1140 bg/1146
                                       : bg/1148 bg/1152 bg/1160 bg/1162 bg/1164 bg/1166
                                       : bg/1168 bg/1170 bg/1172 bg/1174 bg/1176 bg/1178
                                       : bg/1180 bg/1182 bg/1184 bg/1186 bg/1188 bg/1190
                                       : bg/1192 bg/1194 bg/1196 bg/1198 bg/1202 bg/1204
                                       : bg/1206 bg/1208 bg/1210 bg/1214 bg/1218 bg/1220
                                       : bg/1224 bg/1228 bg/1230 bg/1232 bg/1234 bg/1236
                                       : bg/1238 bg/1242 bg/1244 bg/1246 bg/1248 bg/1250
                                       : bg/1254 bg/1256 bg/1258 bg/1260 bg/1262 bg/1264
                                       : bg/1266 bg/1268 bg/1272 bg/1276 bg/1278 bg/1282
                                       : bg/1284 bg/1286 bg/1288 bg/1290 bg/1292 bg/1294
                                       : bg/1296 bg/1298 bg/1300 bg/1302 bg/1304 bg/1306
                                       : bg/1310 bg/1312 bg/1314 bg/1316 bg/1318 bg/1320
                                       : bg/1322 bg/1324 bg/1326 bg/1328 bg/1330 bg/1332
                                       : bg/1334 bg/1336 bg/1338 bg/1340 bg/1342 bg/1344
                                       : bg/1350 bg/1352 bg/1354 bg/1356 bg/1358 bg/1360
                                       : bg/1362 bg/1364 bg/1366 bg/1368 bg/1370 bg/1372
                                       : bg/1374 bg/1376 bg/1378 bg/1380 bg/1382 bg/1384
                                       : bg/1386 bg/1388 bg/1390 bg/1392 bg/1394 bg/1396
                                       : bg/1398 bg/1400 bg/1402 bg/1404 bg/1406 bg/1408
                                       : bg/1410 bg/1412 bg/1414 bg/1416 bg/1418 bg/1420
                                       : bg/1422 bg/1424 bg/1426 bg/1428 bg/1430 bg/1434
                                       : bg/1436 bg/1438 bg/1440 bg/1442 bg/1444 bg/1446
                                       : bg/1448 bg/1450 bg/1452 bg/1454 bg/1456 bg/1458
                                       : bg/1460 bg/1462 bg/1464 bg/1468 bg/1470 bg/1472
                                       : bg/1474 bg/1476 bg/1478 bg/1480 bg/1482 bg/1484
                                       : bg/1486 bg/1488 bg/1490 bg/1492 bg/1494 bg/1496
                                       : bg/1498 bg/1500 bg/1502 bg/1504 bg/1506 bg/1509
                                       : bg/1514 bg/1516 bg/1518 bg/1522 bg/1526 bg/1528
                                       : bg/1530 bg/1532 bg/1536 bg/1538 bg/1540 bg/1546
                                       : bg/1550 bg/1552 bg/1560 bg/1562 bg/1564 bg/1566
                                       : bg/1568 bg/1570 bg/1572 bg/1574 bg/1576 bg/1578
                                       : bg/1582 bg/1584 bg/1586 bg/1588 bg/1590 bg/1592
                                       : bg/1593 bg/1595 bg/1597 bg/1601 bg/1605 bg/1607
                                       : bg/1609 bg/1611 bg/1614 bg/1616 bg/1618 bg/1620
                                       : bg/1622 bg/1624 bg/1628 bg/1630 bg/1632 bg/1638
                                       : bg/1640 bg/1642 bg/1644 bg/1646 bg/1648 bg/1650
                                       : bg/1652 bg/1654 bg/1656 bg/1658 bg/1662 bg/1666
                                       : bg/1668 bg/1670 bg/1672 bg/1674 bg/1676 bg/1678
                                       : bg/1680 bg/1684 bg/1686 bg/1688 bg/1690 bg/1692
                                       : bg/1694 bg/1696 bg/1698 bg/1700 bg/1702 bg/1703
                                       : bg/1705 bg/1707 bg/1727 bg/1729 bg/1737 bg/1741
                                       : bg/1743 bg/1747 bg/1750 bg/1752 bg/1754 bg/1756
                                       : bg/1758 bg/1760 bg/1762 bg/1764 bg/1766 bg/1768
                                       : bg/1770 bg/1774 bg/1776 bg/1778 bg/1780 bg/1782
                                       : bg/1784 bg/1786 bg/1788 bg/1790 bg/1792 bg/1794
                                       : bg/1798 bg/1800 bg/1802 bg/1804 bg/1806 bg/1808
                                       : bg/1810 bg/1812 bg/1814 bg/1816 bg/1818 bg/1820
                                       : bg/1822 bg/1826 bg/1828 bg/1830 bg/1832 bg/1834
                                       : bg/1836 bg/1838 bg/1842 bg/1846 bg/1848 bg/1852
                                       : bg/1854 bg/1856 bg/1860 bg/1862 bg/1864 bg/1866
                                       : bg/1868 bg/1872 bg/1874 bg/1880 bg/1882 bg/1884
                                       : bg/1886 bg/1888 bg/1890 bg/1892 bg/1894 bg/1896
                                       : bg/1898 bg/1900 bg/1902 bg/1904 bg/1908 bg/1910
                                       : bg/1912 bg/1916 bg/1920 bg/1922 bg/1924 bg/1926
                                       : bg/1930 bg/1944 bg/1946 bg/1948 bg/1964 bg/1968
                                       : bg/1972 bg/1978 bg/1980 bg/1984 bg/1990 bg/1992
                                       : bg/1996 bg/2000 bg/2002 bg/2004 bg/2006 bg/2008
                                       : bg/2010 bg/2014 bg/2016 bg/2020 bg/2022 bg/2024
                                       : bg/2025 bg/2030 bg/2038 bg/2040 bg/2042 bg/2044
                                       : bg/2046 bg/2048 bg/2050 bg/2056 bg/2060 bg/2068
                                       : bg/2070 bg/2075 bg/2084 bg/2086 bg/2094 bg/2096
                                       : bg/2097 bg/2104 bg/2108 bg/2116 bg/2120 bg/2122
                                       : bg/2124 bg/2125 bg/2128 bg/2136 bg/2140 bg/2146
                                       : bg/2150 bg/2152 bg/2153 bg/2156 bg/2159 bg/2167
                                       : bg/2170 bg/2171 bg/2176 bg/2178 bg/2180 bg/2186
                                       : bg/2187 bg/2192 bg/2193 bg/2195 bg/2197 bg/2199
                                       : bg/2204 bg/2208 bg/2210 bg/2212 bg/2213 bg/2217
                                       : bg/2221 bg/2225 bg/2227 bg/2230 bg/2232 bg/2233
                                       : bg/2235 bg/2237 bg/2239 bg/2242 bg/2245 bg/2247
                                       : bg/2249 bg/2251 bg/2253 bg/2255 bg/2257 bg/2259
                                       : bg/2270 bg/2272 bg/2274 bg/2276 bg/2278 bg/2280
                                       : bg/2282 bg/2284 bg/2286 bg/2288 bg/2290 bg/2292
                                       : bg/2294 bg/2295 bg/2303 bg/2305 bg/2308 bg/2311
                                       : bg/2313 bg/2315 bg/2317 bg/2319 uss/1 uss/2 uss/3
                                       : uss/4 uss/5 uss/6 uss/7 uss/8 uss/9 uss/10 uss/11
                                       : uss/12 uss/13 uss/14 uss/15 uss/16 uss/17 uss/18
                                       : uss/19 uss/20 uss/21 uss/22 uss/23 uss/24 uss/25
                                       : uss/26 uss/27 uss/28 uss/29 uss/30 uss/31 uss/32
                                       : uss/33 uss/34 uss/35 uss/36 uss/40 uss/41 uss/42
                                       : uss/56 uss/69 uss/86 uss/92 uss/95 uss/101 uss/107
                                       : uss/113 uss/115 uss/118 uss/123 uss/125 uss/126
                                       : uss/130 uss/132 uss/140 uss/141 uss/155 uss/157
                                       : uss/158 uss/159 uss/163 uss/167 uss/170 uss/174
                                       : uss/178 uss/179 uss/180 uss/181 uss/183 uss/184
                                       : uss/185 uss/187 uss/194 uss/196 uss/198 uss/202
                                       : uss/208 uss/211 uss/220 uss/230 uss/235 uss/241
                                       : uss/242 uss/243 uss/245 uss/246 uss/247 uss/248
                                       : uss/250 uss/253 uss/257 uss/258 uss/259 uss/260
                                       : uss/261 uss/262 uss/263 uss/264 uss/265 uss/266
                                       : uss/267 uss/268 uss/269 uss/270 uss/271 uss/272
                                       : uss/288 uss/290 abt/1 abt/2
    # of nonzero coefficients (HS)     :       349043
    Fill of coefficient matrix         :        0.006
    # of NZE in factor                 :       379972
    Total storage required             :      2680198
    Total storage defined (total)      :     80000000
    CPU-time for solving (per rnd)     :      0:00:28
    CPU-time for inverting (per rnd)   :      0:02:36
    MFLOPs during factorization        :        62.00

     --------------------------------- VCE 5.1.2  -----------------------------------
     16.10.2007  14:05:07            usf_fuvz.vce                              page 6
 
 
    ********************************************************************************
    *                 E S T I M A T E S   I N F O R M A T I O N                    *
    ********************************************************************************
 
    Tue Oct 16 14:05:07 2007t/2                           CPU time used:     0:02:36
 
    AG Log likelihood :   37534.8204  status :  1   at iteration:      80 /    80
 
 
    ----------------------------- Matrices: NATURAL  -------------------------------
        6  1  1 A  animal                          36408 T T
              0.6858E+01  0.1838E+02
                          0.2703E+03
 
        9  2  1 E  residual                        830 T T
              0.1391E+00  0.4183E+01
                          0.1258E+03
 
    --------------------------- Matrices: Phenotypic  ------------------------------
              0.6997E+01  0.2256E+02
                          0.3961E+03
 
    ----------------------------- Matrices: RATIOS  --------------------------------
        6  1  1 A  animal                        
              0.9801E+00  0.4268E+00
                          0.6825E+00
 
        9  2  1 E  residual                      
              0.1988E-01  0.1000E+01
                          0.3175E+00
 
    ---------------------- Matrices: STD_ERR of components  ------------------------
        6  1  1 A  animal                        
              0.4166E+00  0.8798E+00
                          0.1500E+02
 
        9  2  1 E  residual                      
              0.3121E+00  0.6435E+01
                          0.2470E+02
 
    ------------------------ Matrices: STD_ERR of ratios  --------------------------
        6  1  1 A  animal                        
              0.1329E+00  0.7114E-01
                          0.1833E+01
 
        9  2  1 E  residual                      
              0.1329E+00  0.7434E-02
                          0.1833E+01
 
