     --------------------------------- VCE 5.1.2  -----------------------------------
     16.10.2007  14:29:15            usmd_rmfl.vce                             page 1
 
 
 
    ********************************************************************************
    *                    T R A I T S   A N D   E F F E C T S                       *
    ********************************************************************************
 
    Code Trait name  List of effects
    ________________________________________________________________________________
      1 usmd        lmf       sex       bg        bjq       uss       animal
      2 rmfl                  sex       bg                            animal    skmw      abt
 
    ********************************************************************************
    *               E F F E C T S   A N D   C O V A R I A N C E S                  *
    ********************************************************************************
 
    Code   Effect name Type Length Level Start COVARIANCE  Type Length Level Start Pattern
    ______________________________________________________________________________________
       1   lmf        :  F     1      1      1
       2   sex        :  F     2      3      2
       3   bg         :  F     2   1156      8
       4   bjq        :  F     1      5   2320
       5   uss        :  F     1    287   2325
       6   animal     :  A     2  36408   2612  animal     :  A     2      1      1 T T
       7   skmw       :  F     1      1  75428
       8   abt        :  F     1      3  75429
                                                residual   :  E     2      1      2 T T
    ________________________________________________________________________________
 
    ********************************************************************************
    *                    G E N E R A L  I N F O R M A T I O N                      *
    ********************************************************************************
 
    VCE was started on :  at Tue Oct 16 14:29:15 2007 by: b08mueul
 
    Comments:
    ________________________________________________________________________________
    |                 ************************************************             |
    |                 *                     VCE-5                    *             |
    |                 *                 version 5.1.2                *             |
    |                 *            17-Dez-2003   14:42:53            *             |
    |                 *         Linux 2.6.0-test11-bk11 i686         *             |
    |                 *                  written by                  *             |
    |                 *       Milena Kovac, Eildert Groeneveld       *             |
    |                 *           and Alberto Garcia-Cortez          *             |
    |                 ************************************************             |
    | test mastitis                                                                |
    ________________________________________________________________________________
 
    Files involved
    ________________________________________________________________________________
    Current directory                  : /home/b08mueul/apiis/apiis-kurs/leicoma/zwisss/mslmr
    Parameter file                     : usmd_rmfl.vce
    Data input file                    : blupdata.txt.vce
    Pedigree input file                : blupped.txt.vce
    Log list file                      : usmd_rmfl.vce.lst
    Covariances for dumped into        : usmd_rmfl.vce.cov-bin
    Covariance matrices written in     : usmd_rmfl.vce.cov-fmt
 
    ********************************************************************************
    *                       D A T A  I N F O R M A T I O N                         *
    ********************************************************************************
 
    General statistics
    ___________________________________________________________________
 
    Variables   # rec.      min.        max.        avg.        std.
    ___________________________________________________________________
    usmd        18916    40.00000    71.00000    53.00550     4.22305
    rmfl         1745    29.67000    64.72000    43.79741     5.12380
    lmf         20616     0.00000   160.00000   101.24979    28.63366
    skmw        20616     0.00000   108.40000     7.52159    24.66190
    ___________________________________________________________________
 
    Pattern of traits
    ________________________________
     Count          usmd      rmfl
    ________________________________
         45        x         x
      18871        x         -
       1700        -         x
       1700        -         x
    ________________________________

     --------------------------------- VCE 5.1.2  -----------------------------------
     16.10.2007  14:29:15            usmd_rmfl.vce                             page 2
 
 
    ********************************************************************************
    *                  P E D I G R E E   I N F O R M A T I O N                     *
    ********************************************************************************
 
    Inbreeding             # of animals
    ________________________________________________________________________________
        0                   36408
    ________________________________________________________________________________
    Number of inbred animals           :            0
    Average inbreeding (inbred animals):         0.00
    Maximum inbreeding                 :         0.00
 
    ********************************************************************************
    *         C O V A R I A N C E   M A T R I X   I N F O R M A T I O N            *
    ********************************************************************************
 
    The following (co)variance matrices will be estimated (starting values):
 
    ----------------------------- Matrices: NATURAL  -------------------------------
        6  1  1 A  animal                          36408 T T
              0.8917E+01  0.7650E+00
                          0.1319E+02
 
        9  2  1 E  residual                        45 T T
              0.8917E+01  0.7650E+00
                          0.1319E+02
 
    ________________________________________________________________________________
    ----------------------------- Matrices: RATIOS  --------------------------------
        6  1  1 A  animal                        
              0.5000E+00  0.7053E-01
                          0.5000E+00
 
        9  2  1 E  residual                      
              0.5000E+00  0.7053E-01
                          0.5000E+00
 
    ________________________________________________________________________________
    Thus, optimization is in 6 dimensions.
 
    ********************************************************************************
    *                      M O D E L  I N F O R M A T I O N                        *
    ********************************************************************************
 
    Factor     within     T Levels Skip       usmd      rmfl
    ________________________________________________________________________________
    lmf                   F      1               1         -
    sex                   F      3               1         1
    bg                    F   1156               1         1
    bjq                   F      5               1         -
    uss                   F    287               1         -
    animal                A  36408               1         1
    skmw                  F      1               -         1
    abt                   F      3               -         1
    ________________________________________________________________________________
    Non zero coefficients stored       :      50000, filled:   0.2% hit rate:    1.0 at line:    50000
 
    ********************************************************************************
    *                       S E T T I N G    U P    M M E                          *
    ********************************************************************************
 
    Non zero coefficients stored       :     100000, filled:   0.3% hit rate:    1.0 at line:     4333
    Non zero coefficients stored       :     150000, filled:   0.5% hit rate:    1.0 at line:    13988
    Non zero coefficients stored       :     200000, filled:   0.6% hit rate:    1.0 at line:    21974
    Non zero coefficients stored       :     250000, filled:   0.8% hit rate:    1.0 at line:    30002
    Non zero coefficients stored       :     300000, filled:   1.0% hit rate:    1.0 at line:    36177
    All non zeros are loaded           :       345999
    Number of equations                :        75431
    Filling rate of LHS storage space  :       1.0962
    Hit rate by setting up LHS         :       1.0020
    Zero diagonal coefficients stored  :         1137
    IS - allocated for ordering with   :     80000000
    Dimension of equation system       :        75431
    Rank of equation system            :        74286
    Time for solving MME (h:min:sec)   :      0:00:11
    Time for inversion (h:min:sec)     :      0:00:12
 
    ********************************************************************************
    *         C O E F F I C I E N T  M A T R I X  I N F O R M A T I O N            *
    ********************************************************************************
 
    Setting up mixed model equations
    ________________________________________________________________________________
    Machine precision (tolerance)      : 0.222045E-15
    Warning theshold on inv. (A-1A)-I  : 0.100000E-06
    Traits transformed. See option     :  all  all
    Covariates transformed. See options:  avg  avg
    Number of equations                :        75431
    Rank of the system                 :        74286
    Equations set to zero              :  sex/4 sex/5 bg/3 bg/5 bg/7 bg/9 bg/12 bg/14 bg/16
                                       : bg/18 bg/20 bg/23 bg/25 bg/28 bg/29 bg/31 bg/33 bg/35
                                       : bg/37 bg/39 bg/41 bg/43 bg/45 bg/47 bg/49 bg/51 bg/53
                                       : bg/55 bg/57 bg/59 bg/61 bg/63 bg/65 bg/67 bg/69 bg/71
                                       : bg/73 bg/75 bg/77 bg/79 bg/81 bg/84 bg/86 bg/88 bg/90
                                       : bg/92 bg/94 bg/96 bg/98 bg/100 bg/104 bg/105 bg/108
                                       : bg/114 bg/118 bg/120 bg/122 bg/124 bg/126 bg/128
                                       : bg/130 bg/132 bg/134 bg/136 bg/138 bg/140 bg/142
                                       : bg/146 bg/148 bg/152 bg/154 bg/156 bg/160 bg/162
                                       : bg/164 bg/166 bg/168 bg/178 bg/182 bg/186 bg/188
                                       : bg/190 bg/192 bg/194 bg/196 bg/198 bg/200 bg/202
                                       : bg/204 bg/206 bg/208 bg/210 bg/212 bg/213 bg/216
                                       : bg/218 bg/220 bg/226 bg/228 bg/231 bg/239 bg/241
                                       : bg/243 bg/245 bg/247 bg/249 bg/252 bg/254 bg/256
                                       : bg/258 bg/260 bg/262 bg/264 bg/266 bg/268 bg/270
                                       : bg/274 bg/276 bg/278 bg/280 bg/282 bg/290 bg/294
                                       : bg/302 bg/304 bg/306 bg/310 bg/312 bg/314 bg/316
                                       : bg/322 bg/326 bg/328 bg/330 bg/334 bg/336 bg/338
                                       : bg/340 bg/342 bg/344 bg/346 bg/348 bg/350 bg/352
                                       : bg/356 bg/358 bg/360 bg/362 bg/366 bg/368 bg/374
                                       : bg/384 bg/386 bg/388 bg/390 bg/392 bg/398 bg/400
                                       : bg/402 bg/404 bg/406 bg/408 bg/410 bg/412 bg/414
                                       : bg/416 bg/418 bg/420 bg/422 bg/424 bg/426 bg/428
                                       : bg/430 bg/432 bg/434 bg/436 bg/438 bg/440 bg/442
                                       : bg/444 bg/446 bg/448 bg/450 bg/452 bg/454 bg/456
                                       : bg/460 bg/462 bg/464 bg/466 bg/468 bg/470 bg/472
                                       : bg/480 bg/482 bg/486 bg/488 bg/490 bg/492 bg/494
                                       : bg/496 bg/500 bg/502 bg/506 bg/508 bg/510 bg/514
                                       : bg/516 bg/518 bg/520 bg/522 bg/524 bg/526 bg/528
                                       : bg/530 bg/532 bg/534 bg/536 bg/538 bg/540 bg/542
                                       : bg/546 bg/548 bg/550 bg/552 bg/554 bg/556 bg/560
                                       : bg/562 bg/564 bg/566 bg/568 bg/572 bg/574 bg/576
                                       : bg/578 bg/580 bg/582 bg/584 bg/586 bg/588 bg/590
                                       : bg/592 bg/594 bg/598 bg/600 bg/602 bg/604 bg/608
                                       : bg/610 bg/612 bg/614 bg/616 bg/618 bg/620 bg/622
                                       : bg/624 bg/626 bg/628 bg/630 bg/632 bg/634 bg/636
                                       : bg/638 bg/640 bg/643 bg/644 bg/646 bg/648 bg/650
                                       : bg/652 bg/653 bg/656 bg/658 bg/660 bg/662 bg/664
                                       : bg/666 bg/668 bg/670 bg/672 bg/674 bg/676 bg/678
                                       : bg/682 bg/684 bg/686 bg/688 bg/690 bg/692 bg/694
                                       : bg/696 bg/698 bg/700 bg/702 bg/704 bg/706 bg/708
                                       : bg/710 bg/712 bg/716 bg/718 bg/722 bg/724 bg/728
                                       : bg/730 bg/732 bg/734 bg/736 bg/738 bg/740 bg/744
                                       : bg/746 bg/750 bg/752 bg/754 bg/756 bg/758 bg/760
                                       : bg/762 bg/764 bg/766 bg/770 bg/776 bg/780 bg/782
                                       : bg/784 bg/786 bg/788 bg/790 bg/792 bg/794 bg/796
                                       : bg/798 bg/800 bg/802 bg/804 bg/808 bg/810 bg/812
                                       : bg/814 bg/816 bg/818 bg/820 bg/824 bg/826 bg/828
                                       : bg/830 bg/836 bg/838 bg/840 bg/842 bg/844 bg/846
                                       : bg/848 bg/850 bg/852 bg/854 bg/856 bg/858 bg/860
                                       : bg/862 bg/864 bg/866 bg/868 bg/870 bg/872 bg/874
                                       : bg/876 bg/878 bg/880 bg/882 bg/884 bg/886 bg/888
                                       : bg/890 bg/892 bg/894 bg/896 bg/900 bg/902 bg/904
                                       : bg/906 bg/908 bg/910 bg/912 bg/914 bg/916 bg/918
                                       : bg/922 bg/924 bg/926 bg/928 bg/930 bg/932 bg/934
                                       : bg/938 bg/940 bg/942 bg/944 bg/946 bg/948 bg/950
                                       : bg/952 bg/954 bg/956 bg/958 bg/960 bg/962 bg/964
                                       : bg/966 bg/968 bg/970 bg/972 bg/974 bg/976 bg/978
                                       : bg/980 bg/982 bg/984 bg/986 bg/988 bg/990 bg/992
                                       : bg/994 bg/996 bg/998 bg/1000 bg/1002 bg/1004 bg/1006
                                       : bg/1008 bg/1012 bg/1014 bg/1016 bg/1022 bg/1024
                                       : bg/1026 bg/1028 bg/1030 bg/1034 bg/1038 bg/1040
                                       : bg/1042 bg/1044 bg/1046 bg/1048 bg/1050 bg/1052
                                       : bg/1054 bg/1056 bg/1058 bg/1060 bg/1062 bg/1064
                                       : bg/1066 bg/1068 bg/1070 bg/1072 bg/1074 bg/1076
                                       : bg/1078 bg/1080 bg/1082 bg/1084 bg/1086 bg/1088
                                       : bg/1090 bg/1092 bg/1094 bg/1096 bg/1098 bg/1100
                                       : bg/1102 bg/1104 bg/1106 bg/1108 bg/1110 bg/1112
                                       : bg/1118 bg/1120 bg/1124 bg/1126 bg/1128 bg/1132
                                       : bg/1134 bg/1138 bg/1140 bg/1146 bg/1148 bg/1150
                                       : bg/1152 bg/1154 bg/1156 bg/1158 bg/1160 bg/1162
                                       : bg/1164 bg/1166 bg/1168 bg/1170 bg/1172 bg/1174
                                       : bg/1176 bg/1178 bg/1180 bg/1182 bg/1184 bg/1186
                                       : bg/1188 bg/1190 bg/1192 bg/1194 bg/1196 bg/1198
                                       : bg/1200 bg/1204 bg/1206 bg/1210 bg/1212 bg/1214
                                       : bg/1216 bg/1218 bg/1220 bg/1222 bg/1224 bg/1226
                                       : bg/1228 bg/1230 bg/1232 bg/1234 bg/1236 bg/1238
                                       : bg/1240 bg/1242 bg/1244 bg/1246 bg/1248 bg/1250
                                       : bg/1252 bg/1254 bg/1256 bg/1258 bg/1260 bg/1262
                                       : bg/1264 bg/1268 bg/1270 bg/1272 bg/1274 bg/1276
                                       : bg/1278 bg/1280 bg/1282 bg/1284 bg/1286 bg/1288
                                       : bg/1290 bg/1292 bg/1296 bg/1298 bg/1300 bg/1302
                                       : bg/1304 bg/1306 bg/1308 bg/1310 bg/1312 bg/1314
                                       : bg/1316 bg/1318 bg/1320 bg/1322 bg/1324 bg/1326
                                       : bg/1328 bg/1330 bg/1332 bg/1336 bg/1338 bg/1340
                                       : bg/1342 bg/1344 bg/1346 bg/1348 bg/1350 bg/1352
                                       : bg/1354 bg/1356 bg/1358 bg/1360 bg/1362 bg/1364
                                       : bg/1366 bg/1368 bg/1370 bg/1372 bg/1374 bg/1376
                                       : bg/1378 bg/1380 bg/1382 bg/1384 bg/1386 bg/1388
                                       : bg/1390 bg/1392 bg/1394 bg/1396 bg/1398 bg/1400
                                       : bg/1402 bg/1404 bg/1406 bg/1408 bg/1410 bg/1412
                                       : bg/1414 bg/1416 bg/1420 bg/1422 bg/1424 bg/1426
                                       : bg/1428 bg/1430 bg/1432 bg/1434 bg/1436 bg/1438
                                       : bg/1440 bg/1442 bg/1444 bg/1446 bg/1448 bg/1450
                                       : bg/1454 bg/1456 bg/1458 bg/1460 bg/1462 bg/1464
                                       : bg/1466 bg/1468 bg/1470 bg/1472 bg/1474 bg/1476
                                       : bg/1478 bg/1480 bg/1482 bg/1484 bg/1486 bg/1488
                                       : bg/1490 bg/1492 bg/1495 bg/1500 bg/1502 bg/1504
                                       : bg/1508 bg/1512 bg/1514 bg/1516 bg/1518 bg/1522
                                       : bg/1524 bg/1526 bg/1532 bg/1536 bg/1538 bg/1546
                                       : bg/1548 bg/1550 bg/1552 bg/1554 bg/1556 bg/1558
                                       : bg/1560 bg/1562 bg/1564 bg/1568 bg/1570 bg/1572
                                       : bg/1574 bg/1576 bg/1578 bg/1579 bg/1581 bg/1583
                                       : bg/1585 bg/1587 bg/1589 bg/1591 bg/1593 bg/1595
                                       : bg/1597 bg/1600 bg/1602 bg/1604 bg/1606 bg/1608
                                       : bg/1610 bg/1614 bg/1616 bg/1618 bg/1624 bg/1626
                                       : bg/1628 bg/1630 bg/1632 bg/1634 bg/1636 bg/1638
                                       : bg/1640 bg/1642 bg/1644 bg/1648 bg/1652 bg/1654
                                       : bg/1656 bg/1658 bg/1660 bg/1662 bg/1664 bg/1666
                                       : bg/1670 bg/1672 bg/1674 bg/1676 bg/1678 bg/1680
                                       : bg/1682 bg/1684 bg/1686 bg/1688 bg/1689 bg/1691
                                       : bg/1693 bg/1694 bg/1696 bg/1698 bg/1700 bg/1704
                                       : bg/1706 bg/1708 bg/1710 bg/1712 bg/1713 bg/1715
                                       : bg/1718 bg/1720 bg/1722 bg/1723 bg/1726 bg/1727
                                       : bg/1729 bg/1731 bg/1733 bg/1736 bg/1737 bg/1740
                                       : bg/1742 bg/1744 bg/1746 bg/1748 bg/1750 bg/1752
                                       : bg/1754 bg/1756 bg/1758 bg/1760 bg/1762 bg/1764
                                       : bg/1766 bg/1768 bg/1770 bg/1772 bg/1774 bg/1776
                                       : bg/1778 bg/1780 bg/1782 bg/1784 bg/1788 bg/1790
                                       : bg/1792 bg/1794 bg/1796 bg/1798 bg/1800 bg/1802
                                       : bg/1804 bg/1806 bg/1808 bg/1810 bg/1812 bg/1814
                                       : bg/1816 bg/1818 bg/1820 bg/1822 bg/1824 bg/1826
                                       : bg/1828 bg/1832 bg/1836 bg/1838 bg/1842 bg/1844
                                       : bg/1846 bg/1850 bg/1852 bg/1854 bg/1856 bg/1858
                                       : bg/1862 bg/1870 bg/1872 bg/1874 bg/1876 bg/1878
                                       : bg/1880 bg/1882 bg/1884 bg/1886 bg/1888 bg/1890
                                       : bg/1892 bg/1894 bg/1898 bg/1900 bg/1902 bg/1906
                                       : bg/1910 bg/1912 bg/1914 bg/1916 bg/1920 bg/1934
                                       : bg/1936 bg/1938 bg/1954 bg/1958 bg/1962 bg/1968
                                       : bg/1970 bg/1974 bg/1980 bg/1982 bg/1986 bg/1990
                                       : bg/1992 bg/1994 bg/1996 bg/1998 bg/2000 bg/2004
                                       : bg/2006 bg/2010 bg/2012 bg/2014 bg/2015 bg/2020
                                       : bg/2024 bg/2028 bg/2030 bg/2032 bg/2034 bg/2036
                                       : bg/2040 bg/2046 bg/2058 bg/2060 bg/2065 bg/2070
                                       : bg/2074 bg/2076 bg/2084 bg/2086 bg/2087 bg/2094
                                       : bg/2098 bg/2106 bg/2110 bg/2112 bg/2114 bg/2115
                                       : bg/2118 bg/2126 bg/2130 bg/2136 bg/2140 bg/2142
                                       : bg/2143 bg/2146 bg/2149 bg/2157 bg/2160 bg/2161
                                       : bg/2166 bg/2168 bg/2170 bg/2176 bg/2177 bg/2182
                                       : bg/2183 bg/2185 bg/2187 bg/2189 bg/2194 bg/2198
                                       : bg/2200 bg/2202 bg/2203 bg/2206 bg/2207 bg/2211
                                       : bg/2215 bg/2217 bg/2220 bg/2222 bg/2223 bg/2225
                                       : bg/2227 bg/2229 bg/2232 bg/2235 bg/2237 bg/2239
                                       : bg/2241 bg/2243 bg/2245 bg/2247 bg/2249 bg/2251
                                       : bg/2253 bg/2255 bg/2258 bg/2260 bg/2262 bg/2264
                                       : bg/2266 bg/2268 bg/2270 bg/2272 bg/2274 bg/2276
                                       : bg/2278 bg/2280 bg/2282 bg/2284 bg/2285 bg/2287
                                       : bg/2289 bg/2291 bg/2293 bg/2295 bg/2298 bg/2299
                                       : bg/2301 bg/2303 bg/2305 bg/2307 bg/2309 bg/2311 bjq/5
                                       : uss/2 uss/3 uss/4 uss/5 uss/6 uss/7 uss/8 uss/9 uss/10
                                       : uss/11 uss/12 uss/13 uss/14 uss/15 uss/16 uss/17
                                       : uss/18 uss/19 uss/20 uss/21 uss/22 uss/23 uss/24
                                       : uss/25 uss/26 uss/27 uss/28 uss/29 uss/30 uss/31
                                       : uss/32 uss/33 uss/34 uss/35 uss/36 uss/37 uss/38
                                       : uss/39 uss/40 uss/41 uss/42 uss/43 uss/44 uss/45
                                       : uss/46 uss/47 uss/48 uss/49 uss/50 uss/51 uss/52
                                       : uss/53 uss/54 uss/55 uss/56 uss/57 uss/58 uss/59
                                       : uss/60 uss/61 uss/62 uss/63 uss/64 uss/65 uss/66
                                       : uss/67 uss/68 uss/69 uss/70 uss/71 uss/72 uss/73
                                       : uss/74 uss/75 uss/76 uss/77 uss/78 uss/79 uss/80
                                       : uss/81 uss/82 uss/83 uss/84 uss/85 uss/86 uss/87
                                       : uss/88 uss/89 uss/90 uss/91 uss/92 uss/93 uss/94
                                       : uss/95 uss/96 uss/97 uss/98 uss/104 uss/111 uss/114
                                       : uss/119 uss/121 uss/122 uss/126 uss/128 uss/136
                                       : uss/137 uss/145 uss/151 uss/153 uss/154 uss/155
                                       : uss/159 uss/163 uss/166 uss/170 uss/174 uss/175
                                       : uss/176 uss/177 uss/179 uss/180 uss/181 uss/183
                                       : uss/190 uss/192 uss/194 uss/198 uss/204 uss/207
                                       : uss/216 uss/226 uss/231 uss/237 uss/238 uss/239
                                       : uss/241 uss/242 uss/243 uss/244 uss/246 uss/249
                                       : uss/253 uss/254 uss/255 uss/256 uss/257 uss/258
                                       : uss/259 uss/260 uss/261 uss/262 uss/263 uss/264
                                       : uss/265 uss/266 uss/267 uss/268 uss/269 uss/270
                                       : uss/271 uss/272 uss/273 uss/274 uss/275 uss/276
                                       : uss/277 uss/278 uss/279 uss/280 uss/281 uss/282
                                       : uss/283 uss/284 uss/285 uss/286 uss/287 abt/1 abt/2
    # of nonzero coefficients (HS)     :       345999
    Fill of coefficient matrix         :        0.006
    # of NZE in factor                 :       297251
    Total storage required             :      2264118
    Total storage defined (total)      :     80000000
    CPU-time for solving (per rnd)     :      0:00:11
    CPU-time for inverting (per rnd)   :      0:00:12
    MFLOPs during factorization        :        40.07

     --------------------------------- VCE 5.1.2  -----------------------------------
     16.10.2007  14:29:26            usmd_rmfl.vce                             page 3
 
 
    ********************************************************************************
    *         C O E F F I C I E N T  M A T R I X  I N F O R M A T I O N            *
    ********************************************************************************
 
    Setting up mixed model equations
    ________________________________________________________________________________
    Machine precision (tolerance)      : 0.222045E-15
    Warning theshold on inv. (A-1A)-I  : 0.100000E-06
    Traits transformed. See option     :  all  all
    Covariates transformed. See options:  avg  avg
    Number of equations                :        75431
    Rank of the system                 :        74286
    Equations set to zero              :  sex/4 sex/5 bg/3 bg/5 bg/7 bg/9 bg/12 bg/14 bg/16
                                       : bg/18 bg/20 bg/23 bg/25 bg/28 bg/29 bg/31 bg/33 bg/35
                                       : bg/37 bg/39 bg/41 bg/43 bg/45 bg/47 bg/49 bg/51 bg/53
                                       : bg/55 bg/57 bg/59 bg/61 bg/63 bg/65 bg/67 bg/69 bg/71
                                       : bg/73 bg/75 bg/77 bg/79 bg/81 bg/84 bg/86 bg/88 bg/90
                                       : bg/92 bg/94 bg/96 bg/98 bg/100 bg/104 bg/105 bg/108
                                       : bg/114 bg/118 bg/120 bg/122 bg/124 bg/126 bg/128
                                       : bg/130 bg/132 bg/134 bg/136 bg/138 bg/140 bg/142
                                       : bg/146 bg/148 bg/152 bg/154 bg/156 bg/160 bg/162
                                       : bg/164 bg/166 bg/168 bg/178 bg/182 bg/186 bg/188
                                       : bg/190 bg/192 bg/194 bg/196 bg/198 bg/200 bg/202
                                       : bg/204 bg/206 bg/208 bg/210 bg/212 bg/213 bg/216
                                       : bg/218 bg/220 bg/226 bg/228 bg/231 bg/239 bg/241
                                       : bg/243 bg/245 bg/247 bg/249 bg/252 bg/254 bg/256
                                       : bg/258 bg/260 bg/262 bg/264 bg/266 bg/268 bg/270
                                       : bg/274 bg/276 bg/278 bg/280 bg/282 bg/290 bg/294
                                       : bg/302 bg/304 bg/306 bg/310 bg/312 bg/314 bg/316
                                       : bg/322 bg/326 bg/328 bg/330 bg/334 bg/336 bg/338
                                       : bg/340 bg/342 bg/344 bg/346 bg/348 bg/350 bg/352
                                       : bg/356 bg/358 bg/360 bg/362 bg/366 bg/368 bg/374
                                       : bg/384 bg/386 bg/388 bg/390 bg/392 bg/398 bg/400
                                       : bg/402 bg/404 bg/406 bg/408 bg/410 bg/412 bg/414
                                       : bg/416 bg/418 bg/420 bg/422 bg/424 bg/426 bg/428
                                       : bg/430 bg/432 bg/434 bg/436 bg/438 bg/440 bg/442
                                       : bg/444 bg/446 bg/448 bg/450 bg/452 bg/454 bg/456
                                       : bg/460 bg/462 bg/464 bg/466 bg/468 bg/470 bg/472
                                       : bg/480 bg/482 bg/486 bg/488 bg/490 bg/492 bg/494
                                       : bg/496 bg/500 bg/502 bg/506 bg/508 bg/510 bg/514
                                       : bg/516 bg/518 bg/520 bg/522 bg/524 bg/526 bg/528
                                       : bg/530 bg/532 bg/534 bg/536 bg/538 bg/540 bg/542
                                       : bg/546 bg/548 bg/550 bg/552 bg/554 bg/556 bg/560
                                       : bg/562 bg/564 bg/566 bg/568 bg/572 bg/574 bg/576
                                       : bg/578 bg/580 bg/582 bg/584 bg/586 bg/588 bg/590
                                       : bg/592 bg/594 bg/598 bg/600 bg/602 bg/604 bg/608
                                       : bg/610 bg/612 bg/614 bg/616 bg/618 bg/620 bg/622
                                       : bg/624 bg/626 bg/628 bg/630 bg/632 bg/634 bg/636
                                       : bg/638 bg/640 bg/643 bg/644 bg/646 bg/648 bg/650
                                       : bg/652 bg/653 bg/656 bg/658 bg/660 bg/662 bg/664
                                       : bg/666 bg/668 bg/670 bg/672 bg/674 bg/676 bg/678
                                       : bg/682 bg/684 bg/686 bg/688 bg/690 bg/692 bg/694
                                       : bg/696 bg/698 bg/700 bg/702 bg/704 bg/706 bg/708
                                       : bg/710 bg/712 bg/716 bg/718 bg/722 bg/724 bg/728
                                       : bg/730 bg/732 bg/734 bg/736 bg/738 bg/740 bg/744
                                       : bg/746 bg/750 bg/752 bg/754 bg/756 bg/758 bg/760
                                       : bg/762 bg/764 bg/766 bg/770 bg/776 bg/780 bg/782
                                       : bg/784 bg/786 bg/788 bg/790 bg/792 bg/794 bg/796
                                       : bg/798 bg/800 bg/802 bg/804 bg/808 bg/810 bg/812
                                       : bg/814 bg/816 bg/818 bg/820 bg/824 bg/826 bg/828
                                       : bg/830 bg/836 bg/838 bg/840 bg/842 bg/844 bg/846
                                       : bg/848 bg/850 bg/852 bg/854 bg/856 bg/858 bg/860
                                       : bg/862 bg/864 bg/866 bg/868 bg/870 bg/872 bg/874
                                       : bg/876 bg/878 bg/880 bg/882 bg/884 bg/886 bg/888
                                       : bg/890 bg/892 bg/894 bg/896 bg/900 bg/902 bg/904
                                       : bg/906 bg/908 bg/910 bg/912 bg/914 bg/916 bg/918
                                       : bg/922 bg/924 bg/926 bg/928 bg/930 bg/932 bg/934
                                       : bg/938 bg/940 bg/942 bg/944 bg/946 bg/948 bg/950
                                       : bg/952 bg/954 bg/956 bg/958 bg/960 bg/962 bg/964
                                       : bg/966 bg/968 bg/970 bg/972 bg/974 bg/976 bg/978
                                       : bg/980 bg/982 bg/984 bg/986 bg/988 bg/990 bg/992
                                       : bg/994 bg/996 bg/998 bg/1000 bg/1002 bg/1004 bg/1006
                                       : bg/1008 bg/1012 bg/1014 bg/1016 bg/1022 bg/1024
                                       : bg/1026 bg/1028 bg/1030 bg/1034 bg/1038 bg/1040
                                       : bg/1042 bg/1044 bg/1046 bg/1048 bg/1050 bg/1052
                                       : bg/1054 bg/1056 bg/1058 bg/1060 bg/1062 bg/1064
                                       : bg/1066 bg/1068 bg/1070 bg/1072 bg/1074 bg/1076
                                       : bg/1078 bg/1080 bg/1082 bg/1084 bg/1086 bg/1088
                                       : bg/1090 bg/1092 bg/1094 bg/1096 bg/1098 bg/1100
                                       : bg/1102 bg/1104 bg/1106 bg/1108 bg/1110 bg/1112
                                       : bg/1118 bg/1120 bg/1124 bg/1126 bg/1128 bg/1132
                                       : bg/1134 bg/1138 bg/1140 bg/1146 bg/1148 bg/1150
                                       : bg/1152 bg/1154 bg/1156 bg/1158 bg/1160 bg/1162
                                       : bg/1164 bg/1166 bg/1168 bg/1170 bg/1172 bg/1174
                                       : bg/1176 bg/1178 bg/1180 bg/1182 bg/1184 bg/1186
                                       : bg/1188 bg/1190 bg/1192 bg/1194 bg/1196 bg/1198
                                       : bg/1200 bg/1204 bg/1206 bg/1210 bg/1212 bg/1214
                                       : bg/1216 bg/1218 bg/1220 bg/1222 bg/1224 bg/1226
                                       : bg/1228 bg/1230 bg/1232 bg/1234 bg/1236 bg/1238
                                       : bg/1240 bg/1242 bg/1244 bg/1246 bg/1248 bg/1250
                                       : bg/1252 bg/1254 bg/1256 bg/1258 bg/1260 bg/1262
                                       : bg/1264 bg/1268 bg/1270 bg/1272 bg/1274 bg/1276
                                       : bg/1278 bg/1280 bg/1282 bg/1284 bg/1286 bg/1288
                                       : bg/1290 bg/1292 bg/1296 bg/1298 bg/1300 bg/1302
                                       : bg/1304 bg/1306 bg/1308 bg/1310 bg/1312 bg/1314
                                       : bg/1316 bg/1318 bg/1320 bg/1322 bg/1324 bg/1326
                                       : bg/1328 bg/1330 bg/1332 bg/1336 bg/1338 bg/1340
                                       : bg/1342 bg/1344 bg/1346 bg/1348 bg/1350 bg/1352
                                       : bg/1354 bg/1356 bg/1358 bg/1360 bg/1362 bg/1364
                                       : bg/1366 bg/1368 bg/1370 bg/1372 bg/1374 bg/1376
                                       : bg/1378 bg/1380 bg/1382 bg/1384 bg/1386 bg/1388
                                       : bg/1390 bg/1392 bg/1394 bg/1396 bg/1398 bg/1400
                                       : bg/1402 bg/1404 bg/1406 bg/1408 bg/1410 bg/1412
                                       : bg/1414 bg/1416 bg/1420 bg/1422 bg/1424 bg/1426
                                       : bg/1428 bg/1430 bg/1432 bg/1434 bg/1436 bg/1438
                                       : bg/1440 bg/1442 bg/1444 bg/1446 bg/1448 bg/1450
                                       : bg/1454 bg/1456 bg/1458 bg/1460 bg/1462 bg/1464
                                       : bg/1466 bg/1468 bg/1470 bg/1472 bg/1474 bg/1476
                                       : bg/1478 bg/1480 bg/1482 bg/1484 bg/1486 bg/1488
                                       : bg/1490 bg/1492 bg/1495 bg/1500 bg/1502 bg/1504
                                       : bg/1508 bg/1512 bg/1514 bg/1516 bg/1518 bg/1522
                                       : bg/1524 bg/1526 bg/1532 bg/1536 bg/1538 bg/1546
                                       : bg/1548 bg/1550 bg/1552 bg/1554 bg/1556 bg/1558
                                       : bg/1560 bg/1562 bg/1564 bg/1568 bg/1570 bg/1572
                                       : bg/1574 bg/1576 bg/1578 bg/1579 bg/1581 bg/1583
                                       : bg/1585 bg/1587 bg/1589 bg/1591 bg/1593 bg/1595
                                       : bg/1597 bg/1600 bg/1602 bg/1604 bg/1606 bg/1608
                                       : bg/1610 bg/1614 bg/1616 bg/1618 bg/1624 bg/1626
                                       : bg/1628 bg/1630 bg/1632 bg/1634 bg/1636 bg/1638
                                       : bg/1640 bg/1642 bg/1644 bg/1648 bg/1652 bg/1654
                                       : bg/1656 bg/1658 bg/1660 bg/1662 bg/1664 bg/1666
                                       : bg/1670 bg/1672 bg/1674 bg/1676 bg/1678 bg/1680
                                       : bg/1682 bg/1684 bg/1686 bg/1688 bg/1689 bg/1691
                                       : bg/1693 bg/1694 bg/1696 bg/1698 bg/1700 bg/1704
                                       : bg/1706 bg/1708 bg/1710 bg/1712 bg/1713 bg/1715
                                       : bg/1718 bg/1720 bg/1722 bg/1723 bg/1726 bg/1727
                                       : bg/1729 bg/1731 bg/1733 bg/1736 bg/1737 bg/1740
                                       : bg/1742 bg/1744 bg/1746 bg/1748 bg/1750 bg/1752
                                       : bg/1754 bg/1756 bg/1758 bg/1760 bg/1762 bg/1764
                                       : bg/1766 bg/1768 bg/1770 bg/1772 bg/1774 bg/1776
                                       : bg/1778 bg/1780 bg/1782 bg/1784 bg/1788 bg/1790
                                       : bg/1792 bg/1794 bg/1796 bg/1798 bg/1800 bg/1802
                                       : bg/1804 bg/1806 bg/1808 bg/1810 bg/1812 bg/1814
                                       : bg/1816 bg/1818 bg/1820 bg/1822 bg/1824 bg/1826
                                       : bg/1828 bg/1832 bg/1836 bg/1838 bg/1842 bg/1844
                                       : bg/1846 bg/1850 bg/1852 bg/1854 bg/1856 bg/1858
                                       : bg/1862 bg/1870 bg/1872 bg/1874 bg/1876 bg/1878
                                       : bg/1880 bg/1882 bg/1884 bg/1886 bg/1888 bg/1890
                                       : bg/1892 bg/1894 bg/1898 bg/1900 bg/1902 bg/1906
                                       : bg/1910 bg/1912 bg/1914 bg/1916 bg/1920 bg/1934
                                       : bg/1936 bg/1938 bg/1954 bg/1958 bg/1962 bg/1968
                                       : bg/1970 bg/1974 bg/1980 bg/1982 bg/1986 bg/1990
                                       : bg/1992 bg/1994 bg/1996 bg/1998 bg/2000 bg/2004
                                       : bg/2006 bg/2010 bg/2012 bg/2014 bg/2015 bg/2020
                                       : bg/2024 bg/2028 bg/2030 bg/2032 bg/2034 bg/2036
                                       : bg/2040 bg/2046 bg/2058 bg/2060 bg/2065 bg/2070
                                       : bg/2074 bg/2076 bg/2084 bg/2086 bg/2087 bg/2094
                                       : bg/2098 bg/2106 bg/2110 bg/2112 bg/2114 bg/2115
                                       : bg/2118 bg/2126 bg/2130 bg/2136 bg/2140 bg/2142
                                       : bg/2143 bg/2146 bg/2149 bg/2157 bg/2160 bg/2161
                                       : bg/2166 bg/2168 bg/2170 bg/2176 bg/2177 bg/2182
                                       : bg/2183 bg/2185 bg/2187 bg/2189 bg/2194 bg/2198
                                       : bg/2200 bg/2202 bg/2203 bg/2206 bg/2207 bg/2211
                                       : bg/2215 bg/2217 bg/2220 bg/2222 bg/2223 bg/2225
                                       : bg/2227 bg/2229 bg/2232 bg/2235 bg/2237 bg/2239
                                       : bg/2241 bg/2243 bg/2245 bg/2247 bg/2249 bg/2251
                                       : bg/2253 bg/2255 bg/2258 bg/2260 bg/2262 bg/2264
                                       : bg/2266 bg/2268 bg/2270 bg/2272 bg/2274 bg/2276
                                       : bg/2278 bg/2280 bg/2282 bg/2284 bg/2285 bg/2287
                                       : bg/2289 bg/2291 bg/2293 bg/2295 bg/2298 bg/2299
                                       : bg/2301 bg/2303 bg/2305 bg/2307 bg/2309 bg/2311 bjq/5
                                       : uss/2 uss/3 uss/4 uss/5 uss/6 uss/7 uss/8 uss/9 uss/10
                                       : uss/11 uss/12 uss/13 uss/14 uss/15 uss/16 uss/17
                                       : uss/18 uss/19 uss/20 uss/21 uss/22 uss/23 uss/24
                                       : uss/25 uss/26 uss/27 uss/28 uss/29 uss/30 uss/31
                                       : uss/32 uss/33 uss/34 uss/35 uss/36 uss/37 uss/38
                                       : uss/39 uss/40 uss/41 uss/42 uss/43 uss/44 uss/45
                                       : uss/46 uss/47 uss/48 uss/49 uss/50 uss/51 uss/52
                                       : uss/53 uss/54 uss/55 uss/56 uss/57 uss/58 uss/59
                                       : uss/60 uss/61 uss/62 uss/63 uss/64 uss/65 uss/66
                                       : uss/67 uss/68 uss/69 uss/70 uss/71 uss/72 uss/73
                                       : uss/74 uss/75 uss/76 uss/77 uss/78 uss/79 uss/80
                                       : uss/81 uss/82 uss/83 uss/84 uss/85 uss/86 uss/87
                                       : uss/88 uss/89 uss/90 uss/91 uss/92 uss/93 uss/94
                                       : uss/95 uss/96 uss/97 uss/98 uss/104 uss/111 uss/114
                                       : uss/119 uss/121 uss/122 uss/126 uss/128 uss/136
                                       : uss/137 uss/145 uss/151 uss/153 uss/154 uss/155
                                       : uss/159 uss/163 uss/166 uss/170 uss/174 uss/175
                                       : uss/176 uss/177 uss/179 uss/180 uss/181 uss/183
                                       : uss/190 uss/192 uss/194 uss/198 uss/204 uss/207
                                       : uss/216 uss/226 uss/231 uss/237 uss/238 uss/239
                                       : uss/241 uss/242 uss/243 uss/244 uss/246 uss/249
                                       : uss/253 uss/254 uss/255 uss/256 uss/257 uss/258
                                       : uss/259 uss/260 uss/261 uss/262 uss/263 uss/264
                                       : uss/265 uss/266 uss/267 uss/268 uss/269 uss/270
                                       : uss/271 uss/272 uss/273 uss/274 uss/275 uss/276
                                       : uss/277 uss/278 uss/279 uss/280 uss/281 uss/282
                                       : uss/283 uss/284 uss/285 uss/286 uss/287 abt/1 abt/2
    # of nonzero coefficients (HS)     :       345999
    Fill of coefficient matrix         :        0.006
    # of NZE in factor                 :       297251
    Total storage required             :      2264118
    Total storage defined (total)      :     80000000
    CPU-time for solving (per rnd)     :      0:00:11
    CPU-time for inverting (per rnd)   :      0:00:12
    MFLOPs during factorization        :        40.07
    Non zero coefficients stored       :      50000, filled:   0.2% hit rate:    1.0 at line:    50000

     --------------------------------- VCE 5.1.2  -----------------------------------
     16.10.2007  14:29:27            usmd_rmfl.vce                             page 4
 
 
    ********************************************************************************
    *                       S E T T I N G    U P    M M E                          *
    ********************************************************************************
 
    Non zero coefficients stored       :     100000, filled:   0.3% hit rate:    1.0 at line:     4989
    Non zero coefficients stored       :     150000, filled:   0.5% hit rate:    1.0 at line:    16174
    Non zero coefficients stored       :     200000, filled:   0.6% hit rate:    1.0 at line:    23292
    Non zero coefficients stored       :     250000, filled:   0.8% hit rate:    1.0 at line:    32272
    Non zero coefficients stored       :     300000, filled:   1.0% hit rate:    1.0 at line:    37556
    All non zeros are loaded           :       331860
    Number of equations                :        75431
    Filling rate of LHS storage space  :       1.0514
    Hit rate by setting up LHS         :       1.0020
    Zero diagonal coefficients stored  :         1145
    AG  13.0     1  27031.29     500   0   0   0   0   0   0   0   0 --  500  70 500 500  70 500
    AG   1.4     2  287599.8     214 500   0   0   0   0   0   0   0 --  298 -21 285 701  52 714
    AG   1.5     3  260534.1       3 214 500   0   0   0   0   0   0 --  298 -23 281 701  51 718
    AG   1.4     4  226341.5      10   3 214 500   0   0   0   0   0 --  297 -30 271 702  51 728
    AG   1.4     5  192226.0      28  10   3 214 500   0   0   0   0 --  296 -50 243 703  48 756
    AG   1.3     6  155870.8     130  28  10   3 214 500   0   0   0 --  294-180 132 705  39 867
    AG   1.4     7  125901.7     808 130  28  10   3 214 500   0   0 --  286-186 940 713-215  59
    AG   1.4     8  73460.29     374 808 130  28  10   3 214 500   0 --  257 -90 566 742 -77 433
    AG   1.8     9  25578.94     198 374 808 130  28  10   3 214 500 --   58 -75 515 941 -72 484
    AG   1.4    10  24156.54     446 198 374 808 130  28  10   3 214 --  504  33 507 495  33 492
    AG   1.4    11  23615.91      58 446 198 374 808 130  28  10   3 --  562  27 511 437  26 488
    AG   1.3    12  23475.01     102  58 446 198 374 808 130  28  10 --  665  35 516 334  31 483
    AG   1.4    13  23329.76     145 102  58 446 198 374 808 130  28 --  810  58 523 189  51 476
    AG   1.4    14  23701.66     179 145 102  58 446 198 374 808 130 --  989 114 546  10  99 453
    AG   1.4    15  23283.82     117 179 145 102  58 446 198 374 808 --  871  70 527 128  61 472
    AG   1.3    16  23251.23      65 117 179 145 102  58 446 198 374 --  937  85 539  62  72 460
    AG   1.5    17  23219.87       9  65 117 179 145 102  58 446 198 --  946  87 546  53  71 453
    AG   2.0    18  23190.01      30   9  65 117 179 145 102  58 446 --  977  99 568  22  73 431
    AG   1.5    19  23183.43      12  30   9  65 117 179 145 102  58 --  986 106 580  13  75 419
    AG   1.3    20  23174.80      21  12  30   9  65 117 179 145 102 --  996 120 601   3  78 398
    AG   1.3    21  23166.76     159  21  12  30   9  65 117 179 145 --  999 137 628   0 -81 371
    AG   1.4    22  23172.96     525 159  21  12  30   9  65 117 179 --  993 166 625   6 444 374
    AG   1.4    23  23163.34     223 525 159  21  12  30   9  65 117 --  999 148 634   0 220 365
    AG   1.4    24  23160.51     448 223 525 159  21  12  30   9  65 --  998 181 688   1-228 311
    AG   1.4    25  23171.35     697 448 223 525 159  21  12  30   9 --  999 204 688   0 469 311
    AG   1.6    26  23158.04     495 697 448 223 525 159  21  12  30 --  998 188 711   1 -25 288
    AG   1.7    27  23168.10     135 495 697 448 223 525 159  21  12 --  980 203 739  19 109 260
    AG   1.3    28  23155.59      56 135 495 697 448 223 525 159  21 --  999 193 721   0  53 278
    AG   1.3    29  23154.59      30  56 135 495 697 448 223 525 159 --  999 202 736   0  22 263
    AG   1.3    30  23150.84      65  30  56 135 495 697 448 223 525 --  999 237 799   0  88 200
    AG   1.4    31  23147.74     128  65  30  56 135 495 697 448 223 --  997 279 867   2 217 132
    AG   1.7    32  23145.05      68 128  65  30  56 135 495 697 448 --  998 321 935   1 211  64
    AG   1.3    33  23144.98     541  68 128  65  30  56 135 495 697 --  999 365 982   0-330  17
    AG   1.4    34  23143.27     278 541  68 128  65  30  56 135 495 --  999 328 947   0 -51  52
    AG   1.6    35  23142.96      21 278 541  68 128  65  30  56 135 --  999 338 959   0 -73  40
    AG   1.3    36  23142.86      51  21 278 541  68 128  65  30  56 --  999 354 974   0 -21  25
    AG   1.4    37  23142.80      38  51  21 278 541  68 128  65  30 --  999 354 974   0  16  25
    AG   1.3    38  23142.72     155  38  51  21 278 541  68 128  65 --  999 362 980   0-139  19
    AG   1.3    39  23142.65     650 155  38  51  21 278 541  68 128 --  999 377 986   0 511  13
    AG   1.4    40  23142.98     436 650 155  38  51  21 278 541  68 --  999 396 977   0 947  22
    AG   1.8    41  23142.64     350 436 650 155  38  51  21 278 541 --  999 379 986   0 596  13
    AG   1.4    42  23143.74    1438 350 436 650 155  38  51  21 278 --  999 447 977   0-841  22
    AG   1.4    43  23142.58    16091438 350 436 650 155  38  51  21 --  999 390 989   0 767  10
    AG   1.4    44  23142.54     21616091438 350 436 650 155  38  51 --  999 408 983   0 984  16
    AG   1.3    45  23142.41      12 21616091438 350 436 650 155  38 --  999 414 985   0 997  14
    AG   1.5    46  23142.33      14  12 21616091438 350 436 650 155 --  999 429 974   0 988  25
    AG   1.3    47  23142.29      20  14  12 21616091438 350 436 650 --  999 435 963   0 968  36
    AG   1.3    48  23142.28       7  20  14  12 21616091438 350 436 --  999 437 962   0 975  37
    AG   1.5    49  23142.26      14   7  20  14  12 21616091438 350 --  999 433 959   0 961  40
    AG   2.0    50  23142.26       6  14   7  20  14  12 21616091438 --  999 431 957   0 955  42
    AG   1.3    51  23142.26       0   6  14   7  20  14  12 2161609 --  999 430 957   0 955  42
    AG   1.3    52  23142.26       0   0   6  14   7  20  14  12 216 --  999 431 957   0 955  42
    AG   1.3    53  23142.26       0   0   0   6  14   7  20  14  12 --  999 431 957   0 955  42
    AG   1.4    54  23142.26       0   0   0   0   6  14   7  20  14 --  999 431 957   0 955  42
    AG   1.5    55  23142.26       0   0   0   0   0   6  14   7  20 --  999 431 957   0 955  42
    AG   1.4    56  23142.26       1   0   0   0   0   0   6  14   7 --  999 429 957   0 954  42
    AG   1.4    57  23142.26       0   1   0   0   0   0   0   6  14 --  999 430 957   0 954  42
    AG   1.7    58  23142.26       0   0   1   0   0   0   0   0   6 --  999 431 957   0 955  42
    AG   1.6    59  23142.26       0   0   0   1   0   0   0   0   0 --  999 431 957   0 955  42
    AG   1.4    60  23142.26       0   0   0   0   1   0   0   0   0 --  999 431 957   0 955  42
    AG   1.3    61  23142.26       0   0   0   0   0   1   0   0   0 --  999 431 957   0 955  42
    AG   1.3    62  23142.26       0   0   0   0   0   0   1   0   0 --  999 431 957   0 955  42

     --------------------------------- VCE 5.1.2  -----------------------------------
     16.10.2007  14:30:58            usmd_rmfl.vce                             page 5
 
 
    ********************************************************************************
    *                      M O D E L  I N F O R M A T I O N                        *
    ********************************************************************************
 
    Factor     within     T Levels Skip       usmd      rmfl
    ________________________________________________________________________________
    lmf                   F      1               1         -
    sex                   F      3 .             1         1
    bg                    F   1156 .             1         1
    bjq                   F      5 .             1         -
    uss                   F    287 .             1         -
    animal                A  36408               1         1
    skmw                  F      1               -         1
    abt                   F      3 .             -         1
    ________________________________________________________________________________
 
    ********************************************************************************
    *         C O E F F I C I E N T  M A T R I X  I N F O R M A T I O N            *
    ********************************************************************************
 
    Setting up mixed model equations
    ________________________________________________________________________________
    Machine precision (tolerance)      : 0.222045E-15
    Warning theshold on inv. (A-1A)-I  : 0.100000E-06
    Traits transformed. See option     :  all  all
    Covariates transformed. See options:  avg  avg
    Number of equations                :        75431
    Rank of the system                 :        75431
    Equations set to zero              :  sex/4 sex/5 bg/3 bg/5 bg/7 bg/9 bg/12 bg/14 bg/16
                                       : bg/18 bg/20 bg/23 bg/25 bg/28 bg/29 bg/31 bg/33 bg/35
                                       : bg/37 bg/39 bg/41 bg/43 bg/45 bg/47 bg/49 bg/51 bg/53
                                       : bg/55 bg/57 bg/59 bg/61 bg/63 bg/65 bg/67 bg/69 bg/71
                                       : bg/73 bg/75 bg/77 bg/79 bg/81 bg/84 bg/86 bg/88 bg/90
                                       : bg/92 bg/94 bg/96 bg/98 bg/100 bg/104 bg/105 bg/108
                                       : bg/114 bg/118 bg/120 bg/122 bg/124 bg/126 bg/128
                                       : bg/130 bg/132 bg/134 bg/136 bg/138 bg/140 bg/142
                                       : bg/146 bg/148 bg/152 bg/154 bg/156 bg/160 bg/162
                                       : bg/164 bg/166 bg/168 bg/178 bg/182 bg/186 bg/188
                                       : bg/190 bg/192 bg/194 bg/196 bg/198 bg/200 bg/202
                                       : bg/204 bg/206 bg/208 bg/210 bg/212 bg/213 bg/216
                                       : bg/218 bg/220 bg/226 bg/228 bg/231 bg/239 bg/241
                                       : bg/243 bg/245 bg/247 bg/249 bg/252 bg/254 bg/256
                                       : bg/258 bg/260 bg/262 bg/264 bg/266 bg/268 bg/270
                                       : bg/274 bg/276 bg/278 bg/280 bg/282 bg/290 bg/294
                                       : bg/302 bg/304 bg/306 bg/310 bg/312 bg/314 bg/316
                                       : bg/322 bg/326 bg/328 bg/330 bg/334 bg/336 bg/338
                                       : bg/340 bg/342 bg/344 bg/346 bg/348 bg/350 bg/352
                                       : bg/356 bg/358 bg/360 bg/362 bg/366 bg/368 bg/374
                                       : bg/384 bg/386 bg/388 bg/390 bg/392 bg/398 bg/400
                                       : bg/402 bg/404 bg/406 bg/408 bg/410 bg/412 bg/414
                                       : bg/416 bg/418 bg/420 bg/422 bg/424 bg/426 bg/428
                                       : bg/430 bg/432 bg/434 bg/436 bg/438 bg/440 bg/442
                                       : bg/444 bg/446 bg/448 bg/450 bg/452 bg/454 bg/456
                                       : bg/460 bg/462 bg/464 bg/466 bg/468 bg/470 bg/472
                                       : bg/480 bg/482 bg/486 bg/488 bg/490 bg/492 bg/494
                                       : bg/496 bg/500 bg/502 bg/506 bg/508 bg/510 bg/514
                                       : bg/516 bg/518 bg/520 bg/522 bg/524 bg/526 bg/528
                                       : bg/530 bg/532 bg/534 bg/536 bg/538 bg/540 bg/542
                                       : bg/546 bg/548 bg/550 bg/552 bg/554 bg/556 bg/560
                                       : bg/562 bg/564 bg/566 bg/568 bg/572 bg/574 bg/576
                                       : bg/578 bg/580 bg/582 bg/584 bg/586 bg/588 bg/590
                                       : bg/592 bg/594 bg/598 bg/600 bg/602 bg/604 bg/608
                                       : bg/610 bg/612 bg/614 bg/616 bg/618 bg/620 bg/622
                                       : bg/624 bg/626 bg/628 bg/630 bg/632 bg/634 bg/636
                                       : bg/638 bg/640 bg/643 bg/644 bg/646 bg/648 bg/650
                                       : bg/652 bg/653 bg/656 bg/658 bg/660 bg/662 bg/664
                                       : bg/666 bg/668 bg/670 bg/672 bg/674 bg/676 bg/678
                                       : bg/682 bg/684 bg/686 bg/688 bg/690 bg/692 bg/694
                                       : bg/696 bg/698 bg/700 bg/702 bg/704 bg/706 bg/708
                                       : bg/710 bg/712 bg/716 bg/718 bg/722 bg/724 bg/728
                                       : bg/730 bg/732 bg/734 bg/736 bg/738 bg/740 bg/744
                                       : bg/746 bg/750 bg/752 bg/754 bg/756 bg/758 bg/760
                                       : bg/762 bg/764 bg/766 bg/770 bg/776 bg/780 bg/782
                                       : bg/784 bg/786 bg/788 bg/790 bg/792 bg/794 bg/796
                                       : bg/798 bg/800 bg/802 bg/804 bg/808 bg/810 bg/812
                                       : bg/814 bg/816 bg/818 bg/820 bg/824 bg/826 bg/828
                                       : bg/830 bg/836 bg/838 bg/840 bg/842 bg/844 bg/846
                                       : bg/848 bg/850 bg/852 bg/854 bg/856 bg/858 bg/860
                                       : bg/862 bg/864 bg/866 bg/868 bg/870 bg/872 bg/874
                                       : bg/876 bg/878 bg/880 bg/882 bg/884 bg/886 bg/888
                                       : bg/890 bg/892 bg/894 bg/896 bg/900 bg/902 bg/904
                                       : bg/906 bg/908 bg/910 bg/912 bg/914 bg/916 bg/918
                                       : bg/922 bg/924 bg/926 bg/928 bg/930 bg/932 bg/934
                                       : bg/938 bg/940 bg/942 bg/944 bg/946 bg/948 bg/950
                                       : bg/952 bg/954 bg/956 bg/958 bg/960 bg/962 bg/964
                                       : bg/966 bg/968 bg/970 bg/972 bg/974 bg/976 bg/978
                                       : bg/980 bg/982 bg/984 bg/986 bg/988 bg/990 bg/992
                                       : bg/994 bg/996 bg/998 bg/1000 bg/1002 bg/1004 bg/1006
                                       : bg/1008 bg/1012 bg/1014 bg/1016 bg/1022 bg/1024
                                       : bg/1026 bg/1028 bg/1030 bg/1034 bg/1038 bg/1040
                                       : bg/1042 bg/1044 bg/1046 bg/1048 bg/1050 bg/1052
                                       : bg/1054 bg/1056 bg/1058 bg/1060 bg/1062 bg/1064
                                       : bg/1066 bg/1068 bg/1070 bg/1072 bg/1074 bg/1076
                                       : bg/1078 bg/1080 bg/1082 bg/1084 bg/1086 bg/1088
                                       : bg/1090 bg/1092 bg/1094 bg/1096 bg/1098 bg/1100
                                       : bg/1102 bg/1104 bg/1106 bg/1108 bg/1110 bg/1112
                                       : bg/1118 bg/1120 bg/1124 bg/1126 bg/1128 bg/1132
                                       : bg/1134 bg/1138 bg/1140 bg/1146 bg/1148 bg/1150
                                       : bg/1152 bg/1154 bg/1156 bg/1158 bg/1160 bg/1162
                                       : bg/1164 bg/1166 bg/1168 bg/1170 bg/1172 bg/1174
                                       : bg/1176 bg/1178 bg/1180 bg/1182 bg/1184 bg/1186
                                       : bg/1188 bg/1190 bg/1192 bg/1194 bg/1196 bg/1198
                                       : bg/1200 bg/1204 bg/1206 bg/1210 bg/1212 bg/1214
                                       : bg/1216 bg/1218 bg/1220 bg/1222 bg/1224 bg/1226
                                       : bg/1228 bg/1230 bg/1232 bg/1234 bg/1236 bg/1238
                                       : bg/1240 bg/1242 bg/1244 bg/1246 bg/1248 bg/1250
                                       : bg/1252 bg/1254 bg/1256 bg/1258 bg/1260 bg/1262
                                       : bg/1264 bg/1268 bg/1270 bg/1272 bg/1274 bg/1276
                                       : bg/1278 bg/1280 bg/1282 bg/1284 bg/1286 bg/1288
                                       : bg/1290 bg/1292 bg/1296 bg/1298 bg/1300 bg/1302
                                       : bg/1304 bg/1306 bg/1308 bg/1310 bg/1312 bg/1314
                                       : bg/1316 bg/1318 bg/1320 bg/1322 bg/1324 bg/1326
                                       : bg/1328 bg/1330 bg/1332 bg/1336 bg/1338 bg/1340
                                       : bg/1342 bg/1344 bg/1346 bg/1348 bg/1350 bg/1352
                                       : bg/1354 bg/1356 bg/1358 bg/1360 bg/1362 bg/1364
                                       : bg/1366 bg/1368 bg/1370 bg/1372 bg/1374 bg/1376
                                       : bg/1378 bg/1380 bg/1382 bg/1384 bg/1386 bg/1388
                                       : bg/1390 bg/1392 bg/1394 bg/1396 bg/1398 bg/1400
                                       : bg/1402 bg/1404 bg/1406 bg/1408 bg/1410 bg/1412
                                       : bg/1414 bg/1416 bg/1420 bg/1422 bg/1424 bg/1426
                                       : bg/1428 bg/1430 bg/1432 bg/1434 bg/1436 bg/1438
                                       : bg/1440 bg/1442 bg/1444 bg/1446 bg/1448 bg/1450
                                       : bg/1454 bg/1456 bg/1458 bg/1460 bg/1462 bg/1464
                                       : bg/1466 bg/1468 bg/1470 bg/1472 bg/1474 bg/1476
                                       : bg/1478 bg/1480 bg/1482 bg/1484 bg/1486 bg/1488
                                       : bg/1490 bg/1492 bg/1495 bg/1500 bg/1502 bg/1504
                                       : bg/1508 bg/1512 bg/1514 bg/1516 bg/1518 bg/1522
                                       : bg/1524 bg/1526 bg/1532 bg/1536 bg/1538 bg/1546
                                       : bg/1548 bg/1550 bg/1552 bg/1554 bg/1556 bg/1558
                                       : bg/1560 bg/1562 bg/1564 bg/1568 bg/1570 bg/1572
                                       : bg/1574 bg/1576 bg/1578 bg/1579 bg/1581 bg/1583
                                       : bg/1585 bg/1587 bg/1589 bg/1591 bg/1593 bg/1595
                                       : bg/1597 bg/1600 bg/1602 bg/1604 bg/1606 bg/1608
                                       : bg/1610 bg/1614 bg/1616 bg/1618 bg/1624 bg/1626
                                       : bg/1628 bg/1630 bg/1632 bg/1634 bg/1636 bg/1638
                                       : bg/1640 bg/1642 bg/1644 bg/1648 bg/1652 bg/1654
                                       : bg/1656 bg/1658 bg/1660 bg/1662 bg/1664 bg/1666
                                       : bg/1670 bg/1672 bg/1674 bg/1676 bg/1678 bg/1680
                                       : bg/1682 bg/1684 bg/1686 bg/1688 bg/1689 bg/1691
                                       : bg/1693 bg/1694 bg/1696 bg/1698 bg/1700 bg/1704
                                       : bg/1706 bg/1708 bg/1710 bg/1712 bg/1713 bg/1715
                                       : bg/1718 bg/1720 bg/1722 bg/1723 bg/1726 bg/1727
                                       : bg/1729 bg/1731 bg/1733 bg/1736 bg/1737 bg/1740
                                       : bg/1742 bg/1744 bg/1746 bg/1748 bg/1750 bg/1752
                                       : bg/1754 bg/1756 bg/1758 bg/1760 bg/1762 bg/1764
                                       : bg/1766 bg/1768 bg/1770 bg/1772 bg/1774 bg/1776
                                       : bg/1778 bg/1780 bg/1782 bg/1784 bg/1788 bg/1790
                                       : bg/1792 bg/1794 bg/1796 bg/1798 bg/1800 bg/1802
                                       : bg/1804 bg/1806 bg/1808 bg/1810 bg/1812 bg/1814
                                       : bg/1816 bg/1818 bg/1820 bg/1822 bg/1824 bg/1826
                                       : bg/1828 bg/1832 bg/1836 bg/1838 bg/1842 bg/1844
                                       : bg/1846 bg/1850 bg/1852 bg/1854 bg/1856 bg/1858
                                       : bg/1862 bg/1870 bg/1872 bg/1874 bg/1876 bg/1878
                                       : bg/1880 bg/1882 bg/1884 bg/1886 bg/1888 bg/1890
                                       : bg/1892 bg/1894 bg/1898 bg/1900 bg/1902 bg/1906
                                       : bg/1910 bg/1912 bg/1914 bg/1916 bg/1920 bg/1934
                                       : bg/1936 bg/1938 bg/1954 bg/1958 bg/1962 bg/1968
                                       : bg/1970 bg/1974 bg/1980 bg/1982 bg/1986 bg/1990
                                       : bg/1992 bg/1994 bg/1996 bg/1998 bg/2000 bg/2004
                                       : bg/2006 bg/2010 bg/2012 bg/2014 bg/2015 bg/2020
                                       : bg/2024 bg/2028 bg/2030 bg/2032 bg/2034 bg/2036
                                       : bg/2040 bg/2046 bg/2058 bg/2060 bg/2065 bg/2070
                                       : bg/2074 bg/2076 bg/2084 bg/2086 bg/2087 bg/2094
                                       : bg/2098 bg/2106 bg/2110 bg/2112 bg/2114 bg/2115
                                       : bg/2118 bg/2126 bg/2130 bg/2136 bg/2140 bg/2142
                                       : bg/2143 bg/2146 bg/2149 bg/2157 bg/2160 bg/2161
                                       : bg/2166 bg/2168 bg/2170 bg/2176 bg/2177 bg/2182
                                       : bg/2183 bg/2185 bg/2187 bg/2189 bg/2194 bg/2198
                                       : bg/2200 bg/2202 bg/2203 bg/2206 bg/2207 bg/2211
                                       : bg/2215 bg/2217 bg/2220 bg/2222 bg/2223 bg/2225
                                       : bg/2227 bg/2229 bg/2232 bg/2235 bg/2237 bg/2239
                                       : bg/2241 bg/2243 bg/2245 bg/2247 bg/2249 bg/2251
                                       : bg/2253 bg/2255 bg/2258 bg/2260 bg/2262 bg/2264
                                       : bg/2266 bg/2268 bg/2270 bg/2272 bg/2274 bg/2276
                                       : bg/2278 bg/2280 bg/2282 bg/2284 bg/2285 bg/2287
                                       : bg/2289 bg/2291 bg/2293 bg/2295 bg/2298 bg/2299
                                       : bg/2301 bg/2303 bg/2305 bg/2307 bg/2309 bg/2311 bjq/5
                                       : uss/2 uss/3 uss/4 uss/5 uss/6 uss/7 uss/8 uss/9 uss/10
                                       : uss/11 uss/12 uss/13 uss/14 uss/15 uss/16 uss/17
                                       : uss/18 uss/19 uss/20 uss/21 uss/22 uss/23 uss/24
                                       : uss/25 uss/26 uss/27 uss/28 uss/29 uss/30 uss/31
                                       : uss/32 uss/33 uss/34 uss/35 uss/36 uss/37 uss/38
                                       : uss/39 uss/40 uss/41 uss/42 uss/43 uss/44 uss/45
                                       : uss/46 uss/47 uss/48 uss/49 uss/50 uss/51 uss/52
                                       : uss/53 uss/54 uss/55 uss/56 uss/57 uss/58 uss/59
                                       : uss/60 uss/61 uss/62 uss/63 uss/64 uss/65 uss/66
                                       : uss/67 uss/68 uss/69 uss/70 uss/71 uss/72 uss/73
                                       : uss/74 uss/75 uss/76 uss/77 uss/78 uss/79 uss/80
                                       : uss/81 uss/82 uss/83 uss/84 uss/85 uss/86 uss/87
                                       : uss/88 uss/89 uss/90 uss/91 uss/92 uss/93 uss/94
                                       : uss/95 uss/96 uss/97 uss/98 uss/104 uss/111 uss/114
                                       : uss/119 uss/121 uss/122 uss/126 uss/128 uss/136
                                       : uss/137 uss/145 uss/151 uss/153 uss/154 uss/155
                                       : uss/159 uss/163 uss/166 uss/170 uss/174 uss/175
                                       : uss/176 uss/177 uss/179 uss/180 uss/181 uss/183
                                       : uss/190 uss/192 uss/194 uss/198 uss/204 uss/207
                                       : uss/216 uss/226 uss/231 uss/237 uss/238 uss/239
                                       : uss/241 uss/242 uss/243 uss/244 uss/246 uss/249
                                       : uss/253 uss/254 uss/255 uss/256 uss/257 uss/258
                                       : uss/259 uss/260 uss/261 uss/262 uss/263 uss/264
                                       : uss/265 uss/266 uss/267 uss/268 uss/269 uss/270
                                       : uss/271 uss/272 uss/273 uss/274 uss/275 uss/276
                                       : uss/277 uss/278 uss/279 uss/280 uss/281 uss/282
                                       : uss/283 uss/284 uss/285 uss/286 uss/287 abt/1 abt/2
    # of nonzero coefficients (HS)     :       331860
    Fill of coefficient matrix         :        0.006
    # of NZE in factor                 :       297251
    Total storage required             :      2264118
    Total storage defined (total)      :     80000000
    CPU-time for solving (per rnd)     :      0:00:11
    CPU-time for inverting (per rnd)   :      0:01:42
    MFLOPs during factorization        :        59.36

     --------------------------------- VCE 5.1.2  -----------------------------------
     16.10.2007  14:30:58            usmd_rmfl.vce                             page 6
 
 
    ********************************************************************************
    *                 E S T I M A T E S   I N F O R M A T I O N                    *
    ********************************************************************************
 
    Tue Oct 16 14:30:58 2007uss/286 uss/287 abt/1 abt/2   CPU time used:     0:01:43
 
    AG Log likelihood :   23142.2600  status :  3   at iteration:      55 /    62
 
 
    ----------------------------- Matrices: NATURAL  -------------------------------
        6  1  1 A  animal                          36408 T T
              0.1078E+02  0.6477E+01
                          0.2090E+02
 
        9  2  1 E  residual                        45 T T
              0.2123E-04  0.4216E-02
                          0.9173E+00
 
    --------------------------- Matrices: Phenotypic  ------------------------------
              0.1078E+02  0.6481E+01
                          0.2182E+02
 
    ----------------------------- Matrices: RATIOS  --------------------------------
        6  1  1 A  animal                        
              0.1000E+01  0.4315E+00
                          0.9580E+00
 
        9  2  1 E  residual                      
              0.1969E-05  0.9555E+00
                          0.4205E-01
 
    Optimization did not finish with status 1
    Results may not be meaningful with a status greater than 1.
    As a result standard errors are not meaningful
    and are therefore not computed.
    Look at the documentation for discussion of status!
