     --------------------------------- VCE 5.1.2  -----------------------------------
     16.10.2007  14:31:14            usmd_ptz.vce                              page 1
 
 
 
    ********************************************************************************
    *                    T R A I T S   A N D   E F F E C T S                       *
    ********************************************************************************
 
    Code Trait name  List of effects
    ________________________________________________________________________________
      1 usmd        lmf       sex       bg        bjq       uss       animal
      2 ptz                   sex       bg                            animal    pelm      abt       wu
 
    ********************************************************************************
    *               E F F E C T S   A N D   C O V A R I A N C E S                  *
    ********************************************************************************
 
    Code   Effect name Type Length Level Start COVARIANCE  Type Length Level Start Pattern
    ______________________________________________________________________________________
       1   lmf        :  F     1      1      1
       2   sex        :  F     2      3      2
       3   bg         :  F     2   1159      8
       4   bjq        :  F     1      5   2326
       5   uss        :  F     1    295   2331
       6   animal     :  A     2  36408   2626  animal     :  A     2      1      1 T T
       7   pelm       :  F     1      1  75442
       8   abt        :  F     1      3  75443
       9   wu         :  R     1      8  75446  wu         :  R     1      1      2 T
                                                residual   :  E     2      1      3 T T
    ________________________________________________________________________________
 
    ********************************************************************************
    *                    G E N E R A L  I N F O R M A T I O N                      *
    ********************************************************************************
 
    VCE was started on :  at Tue Oct 16 14:31:14 2007 by: b08mueul
 
    Comments:
    ________________________________________________________________________________
    |                 ************************************************             |
    |                 *                     VCE-5                    *             |
    |                 *                 version 5.1.2                *             |
    |                 *            17-Dez-2003   14:42:53            *             |
    |                 *         Linux 2.6.0-test11-bk11 i686         *             |
    |                 *                  written by                  *             |
    |                 *       Milena Kovac, Eildert Groeneveld       *             |
    |                 *           and Alberto Garcia-Cortez          *             |
    |                 ************************************************             |
    | test mastitis                                                                |
    ________________________________________________________________________________
 
    Files involved
    ________________________________________________________________________________
    Current directory                  : /home/b08mueul/apiis/apiis-kurs/leicoma/zwisss/mslmr
    Parameter file                     : usmd_ptz.vce
    Data input file                    : blupdata.txt.vce
    Pedigree input file                : blupped.txt.vce
    Log list file                      : usmd_ptz.vce.lst
    Covariances for dumped into        : usmd_ptz.vce.cov-bin
    Covariance matrices written in     : usmd_ptz.vce.cov-fmt

     --------------------------------- VCE 5.1.2  -----------------------------------
     16.10.2007  14:31:14            usmd_ptz.vce                              page 2
 
 
    ********************************************************************************
    *                       D A T A  I N F O R M A T I O N                         *
    ********************************************************************************
 
    General statistics
    ___________________________________________________________________
 
    Variables   # rec.      min.        max.        avg.        std.
    ___________________________________________________________________
    usmd        18916    40.00000    71.00000    53.00550     4.22305
    ptz          2211   379.00000  1246.00000   913.70285   100.99708
    lmf         20722     0.00000   160.00000   100.82807    29.30220
    pelm        20722     0.00000   135.00000    11.88156    34.59840
    ___________________________________________________________________
 
    Pattern of traits
    ________________________________
     Count          usmd       ptz
    ________________________________
        405        x         x
      18511        x         -
       1806        -         x
       1806        -         x
    ________________________________
 
    ********************************************************************************
    *                  P E D I G R E E   I N F O R M A T I O N                     *
    ********************************************************************************
 
    Inbreeding             # of animals
    ________________________________________________________________________________
        0                   36408
    ________________________________________________________________________________
    Number of inbred animals           :            0
    Average inbreeding (inbred animals):         0.00
    Maximum inbreeding                 :         0.00
 
    ********************************************************************************
    *         C O V A R I A N C E   M A T R I X   I N F O R M A T I O N            *
    ********************************************************************************
 
    The following (co)variance matrices will be estimated (starting values):
 
    ----------------------------- Matrices: NATURAL  -------------------------------
        6  1  1 A  animal                          36408 T T
              0.5945E+01  0.8208E+01
                          0.3411E+04
 
        9  2  1 R  wu                              8 T
              0.3400E+04
 
        10  3  1 E  residual                        405 T T
              0.5945E+01  0.8208E+01
                          0.3411E+04
 
    ________________________________________________________________________________
    ----------------------------- Matrices: RATIOS  --------------------------------
        6  1  1 A  animal                        
              0.5000E+00  0.5764E-01
                          0.3337E+00
 
        9  2  1 R  wu                            
              0.3326E+00
 
        10  3  1 E  residual                      
              0.5000E+00  0.5764E-01
                          0.3337E+00
 
    ________________________________________________________________________________
    Thus, optimization is in 7 dimensions.
 
    ********************************************************************************
    *                      M O D E L  I N F O R M A T I O N                        *
    ********************************************************************************
 
    Factor     within     T Levels Skip       usmd       ptz
    ________________________________________________________________________________
    lmf                   F      1               1         -
    sex                   F      3               1         1
    bg                    F   1159               1         1
    bjq                   F      5               1         -
    uss                   F    295               1         -
    animal                A  36408               1         1
    pelm                  F      1               -         1
    abt                   F      3               -         1
    wu                    R      8               -         1
    ________________________________________________________________________________
    Non zero coefficients stored       :      50000, filled:   0.2% hit rate:    1.0 at line:    50000

     --------------------------------- VCE 5.1.2  -----------------------------------
     16.10.2007  14:31:15            usmd_ptz.vce                              page 3
 
 
    ********************************************************************************
    *                       S E T T I N G    U P    M M E                          *
    ********************************************************************************
 
    Non zero coefficients stored       :     100000, filled:   0.3% hit rate:    1.0 at line:     3865
    Non zero coefficients stored       :     150000, filled:   0.5% hit rate:    1.0 at line:    12725
    Non zero coefficients stored       :     200000, filled:   0.6% hit rate:    1.0 at line:    21213
    Non zero coefficients stored       :     250000, filled:   0.8% hit rate:    1.0 at line:    28096
    Non zero coefficients stored       :     300000, filled:   1.0% hit rate:    1.0 at line:    35323
    Non zero coefficients stored       :     350000, filled:   1.1% hit rate:    1.0 at line:    50321
    All non zeros are loaded           :       356054
    Number of equations                :        75453
    Filling rate of LHS storage space  :       1.1281
    Hit rate by setting up LHS         :       1.0023
    Zero diagonal coefficients stored  :         1096
    IS - allocated for ordering with   :     80000000
    Dimension of equation system       :        75453
    Rank of equation system            :        74349
    Time for solving MME (h:min:sec)   :      0:00:11
    Time for inversion (h:min:sec)     :      0:00:12
 
    ********************************************************************************
    *         C O E F F I C I E N T  M A T R I X  I N F O R M A T I O N            *
    ********************************************************************************
 
    Setting up mixed model equations
    ________________________________________________________________________________
    Machine precision (tolerance)      : 0.222045E-15
    Warning theshold on inv. (A-1A)-I  : 0.100000E-06
    Traits transformed. See option     :  all  all
    Covariates transformed. See options:  avg  avg
    Number of equations                :        75453
    Rank of the system                 :        74349
    Equations set to zero              :  sex/4 sex/5 bg/1 bg/3 bg/5 bg/7 bg/9 bg/12 bg/14
                                       : bg/16 bg/18 bg/20 bg/23 bg/25 bg/28 bg/29 bg/31 bg/33
                                       : bg/35 bg/37 bg/39 bg/41 bg/43 bg/45 bg/47 bg/49 bg/51
                                       : bg/53 bg/55 bg/57 bg/59 bg/61 bg/63 bg/65 bg/67 bg/69
                                       : bg/71 bg/73 bg/75 bg/77 bg/79 bg/81 bg/83 bg/85 bg/88
                                       : bg/90 bg/94 bg/96 bg/98 bg/100 bg/102 bg/104 bg/108
                                       : bg/109 bg/112 bg/118 bg/122 bg/124 bg/126 bg/128
                                       : bg/130 bg/132 bg/134 bg/136 bg/138 bg/140 bg/142
                                       : bg/144 bg/146 bg/150 bg/152 bg/156 bg/158 bg/160
                                       : bg/164 bg/166 bg/168 bg/170 bg/172 bg/182 bg/186
                                       : bg/190 bg/192 bg/194 bg/196 bg/198 bg/200 bg/202
                                       : bg/204 bg/206 bg/208 bg/210 bg/212 bg/214 bg/216
                                       : bg/217 bg/220 bg/222 bg/224 bg/230 bg/232 bg/235
                                       : bg/243 bg/245 bg/247 bg/249 bg/251 bg/253 bg/256
                                       : bg/260 bg/262 bg/264 bg/266 bg/268 bg/270 bg/272
                                       : bg/274 bg/278 bg/280 bg/282 bg/284 bg/286 bg/294
                                       : bg/298 bg/306 bg/308 bg/310 bg/314 bg/316 bg/318
                                       : bg/320 bg/326 bg/330 bg/332 bg/334 bg/338 bg/340
                                       : bg/342 bg/344 bg/346 bg/348 bg/350 bg/352 bg/354
                                       : bg/356 bg/360 bg/362 bg/364 bg/366 bg/370 bg/372
                                       : bg/378 bg/392 bg/394 bg/396 bg/402 bg/404 bg/406
                                       : bg/408 bg/410 bg/412 bg/414 bg/416 bg/418 bg/420
                                       : bg/426 bg/428 bg/430 bg/432 bg/434 bg/436 bg/438
                                       : bg/440 bg/442 bg/444 bg/446 bg/448 bg/450 bg/452
                                       : bg/454 bg/456 bg/458 bg/460 bg/464 bg/466 bg/470
                                       : bg/472 bg/474 bg/476 bg/484 bg/486 bg/490 bg/492
                                       : bg/496 bg/498 bg/500 bg/504 bg/506 bg/510 bg/512
                                       : bg/514 bg/518 bg/520 bg/522 bg/524 bg/528 bg/530
                                       : bg/532 bg/534 bg/536 bg/538 bg/540 bg/542 bg/544
                                       : bg/546 bg/552 bg/554 bg/556 bg/558 bg/564 bg/566
                                       : bg/568 bg/570 bg/576 bg/578 bg/580 bg/582 bg/584
                                       : bg/586 bg/588 bg/590 bg/592 bg/594 bg/596 bg/598
                                       : bg/602 bg/604 bg/608 bg/612 bg/614 bg/616 bg/618
                                       : bg/620 bg/622 bg/624 bg/626 bg/628 bg/630 bg/632
                                       : bg/634 bg/636 bg/638 bg/640 bg/642 bg/644 bg/647
                                       : bg/650 bg/652 bg/654 bg/656 bg/657 bg/659 bg/662
                                       : bg/664 bg/666 bg/668 bg/670 bg/680 bg/682 bg/688
                                       : bg/690 bg/692 bg/694 bg/696 bg/698 bg/700 bg/702
                                       : bg/704 bg/706 bg/708 bg/710 bg/712 bg/714 bg/716
                                       : bg/718 bg/722 bg/724 bg/728 bg/730 bg/734 bg/736
                                       : bg/738 bg/740 bg/742 bg/744 bg/746 bg/750 bg/752
                                       : bg/756 bg/758 bg/760 bg/762 bg/764 bg/766 bg/768
                                       : bg/770 bg/772 bg/776 bg/782 bg/786 bg/788 bg/790
                                       : bg/792 bg/794 bg/796 bg/798 bg/800 bg/802 bg/804
                                       : bg/806 bg/808 bg/810 bg/814 bg/816 bg/818 bg/820
                                       : bg/822 bg/824 bg/826 bg/830 bg/832 bg/834 bg/836
                                       : bg/842 bg/844 bg/846 bg/848 bg/850 bg/852 bg/854
                                       : bg/856 bg/858 bg/860 bg/862 bg/864 bg/866 bg/868
                                       : bg/870 bg/872 bg/874 bg/876 bg/878 bg/880 bg/882
                                       : bg/884 bg/886 bg/888 bg/890 bg/892 bg/894 bg/896
                                       : bg/898 bg/900 bg/902 bg/906 bg/908 bg/910 bg/912
                                       : bg/914 bg/916 bg/918 bg/920 bg/922 bg/924 bg/928
                                       : bg/930 bg/936 bg/938 bg/940 bg/944 bg/946 bg/948
                                       : bg/950 bg/952 bg/954 bg/956 bg/958 bg/960 bg/962
                                       : bg/964 bg/966 bg/968 bg/970 bg/972 bg/974 bg/976
                                       : bg/978 bg/980 bg/982 bg/984 bg/986 bg/988 bg/990
                                       : bg/992 bg/994 bg/996 bg/998 bg/1000 bg/1002 bg/1004
                                       : bg/1006 bg/1008 bg/1010 bg/1012 bg/1014 bg/1018
                                       : bg/1020 bg/1022 bg/1028 bg/1030 bg/1032 bg/1034
                                       : bg/1036 bg/1040 bg/1044 bg/1046 bg/1048 bg/1050
                                       : bg/1052 bg/1054 bg/1056 bg/1058 bg/1060 bg/1062
                                       : bg/1064 bg/1066 bg/1068 bg/1070 bg/1072 bg/1074
                                       : bg/1076 bg/1078 bg/1080 bg/1082 bg/1084 bg/1086
                                       : bg/1088 bg/1090 bg/1092 bg/1094 bg/1096 bg/1098
                                       : bg/1100 bg/1102 bg/1104 bg/1106 bg/1108 bg/1110
                                       : bg/1112 bg/1114 bg/1116 bg/1124 bg/1126 bg/1130
                                       : bg/1132 bg/1138 bg/1140 bg/1144 bg/1152 bg/1154
                                       : bg/1156 bg/1158 bg/1160 bg/1162 bg/1164 bg/1166
                                       : bg/1168 bg/1170 bg/1172 bg/1174 bg/1176 bg/1178
                                       : bg/1180 bg/1182 bg/1184 bg/1186 bg/1188 bg/1190
                                       : bg/1194 bg/1196 bg/1198 bg/1200 bg/1202 bg/1206
                                       : bg/1210 bg/1212 bg/1216 bg/1220 bg/1222 bg/1224
                                       : bg/1226 bg/1228 bg/1230 bg/1234 bg/1236 bg/1238
                                       : bg/1240 bg/1242 bg/1246 bg/1248 bg/1250 bg/1252
                                       : bg/1254 bg/1256 bg/1258 bg/1260 bg/1264 bg/1268
                                       : bg/1270 bg/1274 bg/1276 bg/1278 bg/1280 bg/1282
                                       : bg/1284 bg/1286 bg/1288 bg/1290 bg/1292 bg/1294
                                       : bg/1296 bg/1298 bg/1302 bg/1304 bg/1306 bg/1308
                                       : bg/1310 bg/1312 bg/1314 bg/1316 bg/1318 bg/1320
                                       : bg/1322 bg/1324 bg/1326 bg/1328 bg/1330 bg/1332
                                       : bg/1334 bg/1336 bg/1342 bg/1344 bg/1346 bg/1348
                                       : bg/1350 bg/1352 bg/1354 bg/1356 bg/1358 bg/1360
                                       : bg/1362 bg/1364 bg/1366 bg/1368 bg/1370 bg/1372
                                       : bg/1374 bg/1376 bg/1378 bg/1380 bg/1382 bg/1384
                                       : bg/1386 bg/1388 bg/1390 bg/1392 bg/1394 bg/1396
                                       : bg/1398 bg/1400 bg/1402 bg/1404 bg/1406 bg/1408
                                       : bg/1410 bg/1412 bg/1414 bg/1416 bg/1418 bg/1420
                                       : bg/1422 bg/1426 bg/1428 bg/1430 bg/1432 bg/1434
                                       : bg/1436 bg/1438 bg/1440 bg/1442 bg/1444 bg/1446
                                       : bg/1448 bg/1450 bg/1452 bg/1454 bg/1456 bg/1460
                                       : bg/1462 bg/1464 bg/1466 bg/1468 bg/1470 bg/1472
                                       : bg/1474 bg/1476 bg/1478 bg/1480 bg/1482 bg/1484
                                       : bg/1486 bg/1488 bg/1490 bg/1492 bg/1494 bg/1496
                                       : bg/1498 bg/1501 bg/1506 bg/1508 bg/1510 bg/1514
                                       : bg/1518 bg/1520 bg/1522 bg/1524 bg/1528 bg/1530
                                       : bg/1532 bg/1538 bg/1542 bg/1544 bg/1552 bg/1554
                                       : bg/1556 bg/1558 bg/1560 bg/1562 bg/1564 bg/1566
                                       : bg/1568 bg/1570 bg/1574 bg/1576 bg/1578 bg/1580
                                       : bg/1582 bg/1584 bg/1585 bg/1587 bg/1589 bg/1591
                                       : bg/1593 bg/1595 bg/1597 bg/1599 bg/1601 bg/1603
                                       : bg/1606 bg/1608 bg/1610 bg/1612 bg/1614 bg/1616
                                       : bg/1620 bg/1622 bg/1624 bg/1630 bg/1632 bg/1634
                                       : bg/1636 bg/1638 bg/1640 bg/1642 bg/1644 bg/1646
                                       : bg/1648 bg/1650 bg/1654 bg/1658 bg/1660 bg/1662
                                       : bg/1664 bg/1666 bg/1668 bg/1670 bg/1672 bg/1676
                                       : bg/1678 bg/1680 bg/1682 bg/1684 bg/1686 bg/1688
                                       : bg/1690 bg/1692 bg/1694 bg/1695 bg/1697 bg/1699
                                       : bg/1719 bg/1721 bg/1729 bg/1733 bg/1735 bg/1737
                                       : bg/1739 bg/1743 bg/1746 bg/1748 bg/1750 bg/1752
                                       : bg/1754 bg/1756 bg/1758 bg/1760 bg/1762 bg/1764
                                       : bg/1766 bg/1770 bg/1772 bg/1774 bg/1776 bg/1778
                                       : bg/1780 bg/1782 bg/1784 bg/1786 bg/1788 bg/1790
                                       : bg/1794 bg/1796 bg/1798 bg/1800 bg/1802 bg/1804
                                       : bg/1806 bg/1808 bg/1810 bg/1812 bg/1814 bg/1816
                                       : bg/1818 bg/1822 bg/1824 bg/1826 bg/1828 bg/1830
                                       : bg/1832 bg/1834 bg/1838 bg/1842 bg/1844 bg/1848
                                       : bg/1850 bg/1852 bg/1856 bg/1858 bg/1860 bg/1862
                                       : bg/1864 bg/1868 bg/1876 bg/1878 bg/1880 bg/1882
                                       : bg/1884 bg/1886 bg/1888 bg/1890 bg/1892 bg/1894
                                       : bg/1896 bg/1898 bg/1900 bg/1904 bg/1906 bg/1908
                                       : bg/1912 bg/1916 bg/1918 bg/1920 bg/1922 bg/1926
                                       : bg/1940 bg/1942 bg/1944 bg/1960 bg/1964 bg/1968
                                       : bg/1974 bg/1976 bg/1980 bg/1986 bg/1988 bg/1992
                                       : bg/1996 bg/1998 bg/2000 bg/2002 bg/2004 bg/2006
                                       : bg/2010 bg/2012 bg/2016 bg/2018 bg/2020 bg/2021
                                       : bg/2026 bg/2034 bg/2036 bg/2038 bg/2040 bg/2042
                                       : bg/2046 bg/2052 bg/2064 bg/2066 bg/2071 bg/2080
                                       : bg/2082 bg/2090 bg/2092 bg/2093 bg/2100 bg/2104
                                       : bg/2112 bg/2116 bg/2118 bg/2120 bg/2121 bg/2124
                                       : bg/2132 bg/2136 bg/2142 bg/2146 bg/2148 bg/2149
                                       : bg/2152 bg/2155 bg/2163 bg/2166 bg/2167 bg/2172
                                       : bg/2174 bg/2176 bg/2182 bg/2183 bg/2188 bg/2189
                                       : bg/2191 bg/2193 bg/2195 bg/2200 bg/2204 bg/2206
                                       : bg/2208 bg/2209 bg/2213 bg/2217 bg/2221 bg/2223
                                       : bg/2226 bg/2228 bg/2229 bg/2231 bg/2233 bg/2235
                                       : bg/2238 bg/2241 bg/2243 bg/2245 bg/2247 bg/2249
                                       : bg/2251 bg/2253 bg/2255 bg/2257 bg/2259 bg/2261
                                       : bg/2266 bg/2268 bg/2270 bg/2272 bg/2274 bg/2276
                                       : bg/2278 bg/2280 bg/2282 bg/2284 bg/2286 bg/2288
                                       : bg/2290 bg/2291 bg/2293 bg/2295 bg/2297 bg/2299
                                       : bg/2301 bg/2304 bg/2307 bg/2309 bg/2311 bg/2313
                                       : bg/2315 bg/2317 bjq/5 uss/1 uss/2 uss/3 uss/4 uss/5
                                       : uss/6 uss/7 uss/8 uss/9 uss/10 uss/11 uss/12 uss/13
                                       : uss/14 uss/15 uss/16 uss/17 uss/18 uss/19 uss/20
                                       : uss/21 uss/22 uss/23 uss/24 uss/25 uss/26 uss/27
                                       : uss/28 uss/29 uss/30 uss/31 uss/32 uss/33 uss/34
                                       : uss/35 uss/36 uss/37 uss/38 uss/39 uss/40 uss/41
                                       : uss/42 uss/43 uss/44 uss/45 uss/46 uss/47 uss/48
                                       : uss/49 uss/50 uss/51 uss/52 uss/53 uss/54 uss/55
                                       : uss/56 uss/57 uss/58 uss/59 uss/60 uss/61 uss/62
                                       : uss/63 uss/64 uss/65 uss/66 uss/67 uss/68 uss/69
                                       : uss/70 uss/71 uss/72 uss/73 uss/74 uss/75 uss/76
                                       : uss/77 uss/78 uss/79 uss/80 uss/81 uss/82 uss/83
                                       : uss/84 uss/85 uss/86 uss/87 uss/88 uss/89 uss/90
                                       : uss/91 uss/92 uss/93 uss/94 uss/95 uss/96 uss/97
                                       : uss/98 uss/99 uss/100 uss/101 uss/107 uss/113 uss/115
                                       : uss/118 uss/123 uss/125 uss/126 uss/130 uss/132
                                       : uss/140 uss/141 uss/155 uss/157 uss/158 uss/159
                                       : uss/163 uss/167 uss/170 uss/174 uss/178 uss/179
                                       : uss/180 uss/181 uss/183 uss/184 uss/185 uss/187
                                       : uss/194 uss/196 uss/198 uss/202 uss/208 uss/211
                                       : uss/220 uss/230 uss/235 uss/241 uss/242 uss/243
                                       : uss/245 uss/246 uss/247 uss/248 uss/250 uss/253
                                       : uss/257 uss/258 uss/259 uss/260 uss/261 uss/262
                                       : uss/263 uss/264 uss/265 uss/266 uss/267 uss/268
                                       : uss/269 uss/270 uss/271 uss/272 uss/273 uss/274
                                       : uss/275 uss/276 uss/277 uss/278 uss/279 uss/280
                                       : uss/281 uss/282 uss/283 uss/284 uss/285 uss/286
                                       : uss/287 uss/288 uss/289 uss/290 uss/291 uss/292
                                       : uss/293 uss/294 uss/295 abt/1 abt/2
    # of nonzero coefficients (HS)     :       356054
    Fill of coefficient matrix         :        0.006
    # of NZE in factor                 :       310595
    Total storage required             :      2325210
    Total storage defined (total)      :     80000000
    CPU-time for solving (per rnd)     :      0:00:11
    CPU-time for inverting (per rnd)   :      0:00:12
    MFLOPs during factorization        :        59.75

     --------------------------------- VCE 5.1.2  -----------------------------------
     16.10.2007  14:31:26            usmd_ptz.vce                              page 4
 
 
    ********************************************************************************
    *         C O E F F I C I E N T  M A T R I X  I N F O R M A T I O N            *
    ********************************************************************************
 
    Setting up mixed model equations
    ________________________________________________________________________________
    Machine precision (tolerance)      : 0.222045E-15
    Warning theshold on inv. (A-1A)-I  : 0.100000E-06
    Traits transformed. See option     :  all  all
    Covariates transformed. See options:  avg  avg
    Number of equations                :        75453
    Rank of the system                 :        74349
    Equations set to zero              :  sex/4 sex/5 bg/1 bg/3 bg/5 bg/7 bg/9 bg/12 bg/14
                                       : bg/16 bg/18 bg/20 bg/23 bg/25 bg/28 bg/29 bg/31 bg/33
                                       : bg/35 bg/37 bg/39 bg/41 bg/43 bg/45 bg/47 bg/49 bg/51
                                       : bg/53 bg/55 bg/57 bg/59 bg/61 bg/63 bg/65 bg/67 bg/69
                                       : bg/71 bg/73 bg/75 bg/77 bg/79 bg/81 bg/83 bg/85 bg/88
                                       : bg/90 bg/94 bg/96 bg/98 bg/100 bg/102 bg/104 bg/108
                                       : bg/109 bg/112 bg/118 bg/122 bg/124 bg/126 bg/128
                                       : bg/130 bg/132 bg/134 bg/136 bg/138 bg/140 bg/142
                                       : bg/144 bg/146 bg/150 bg/152 bg/156 bg/158 bg/160
                                       : bg/164 bg/166 bg/168 bg/170 bg/172 bg/182 bg/186
                                       : bg/190 bg/192 bg/194 bg/196 bg/198 bg/200 bg/202
                                       : bg/204 bg/206 bg/208 bg/210 bg/212 bg/214 bg/216
                                       : bg/217 bg/220 bg/222 bg/224 bg/230 bg/232 bg/235
                                       : bg/243 bg/245 bg/247 bg/249 bg/251 bg/253 bg/256
                                       : bg/260 bg/262 bg/264 bg/266 bg/268 bg/270 bg/272
                                       : bg/274 bg/278 bg/280 bg/282 bg/284 bg/286 bg/294
                                       : bg/298 bg/306 bg/308 bg/310 bg/314 bg/316 bg/318
                                       : bg/320 bg/326 bg/330 bg/332 bg/334 bg/338 bg/340
                                       : bg/342 bg/344 bg/346 bg/348 bg/350 bg/352 bg/354
                                       : bg/356 bg/360 bg/362 bg/364 bg/366 bg/370 bg/372
                                       : bg/378 bg/392 bg/394 bg/396 bg/402 bg/404 bg/406
                                       : bg/408 bg/410 bg/412 bg/414 bg/416 bg/418 bg/420
                                       : bg/426 bg/428 bg/430 bg/432 bg/434 bg/436 bg/438
                                       : bg/440 bg/442 bg/444 bg/446 bg/448 bg/450 bg/452
                                       : bg/454 bg/456 bg/458 bg/460 bg/464 bg/466 bg/470
                                       : bg/472 bg/474 bg/476 bg/484 bg/486 bg/490 bg/492
                                       : bg/496 bg/498 bg/500 bg/504 bg/506 bg/510 bg/512
                                       : bg/514 bg/518 bg/520 bg/522 bg/524 bg/528 bg/530
                                       : bg/532 bg/534 bg/536 bg/538 bg/540 bg/542 bg/544
                                       : bg/546 bg/552 bg/554 bg/556 bg/558 bg/564 bg/566
                                       : bg/568 bg/570 bg/576 bg/578 bg/580 bg/582 bg/584
                                       : bg/586 bg/588 bg/590 bg/592 bg/594 bg/596 bg/598
                                       : bg/602 bg/604 bg/608 bg/612 bg/614 bg/616 bg/618
                                       : bg/620 bg/622 bg/624 bg/626 bg/628 bg/630 bg/632
                                       : bg/634 bg/636 bg/638 bg/640 bg/642 bg/644 bg/647
                                       : bg/650 bg/652 bg/654 bg/656 bg/657 bg/659 bg/662
                                       : bg/664 bg/666 bg/668 bg/670 bg/680 bg/682 bg/688
                                       : bg/690 bg/692 bg/694 bg/696 bg/698 bg/700 bg/702
                                       : bg/704 bg/706 bg/708 bg/710 bg/712 bg/714 bg/716
                                       : bg/718 bg/722 bg/724 bg/728 bg/730 bg/734 bg/736
                                       : bg/738 bg/740 bg/742 bg/744 bg/746 bg/750 bg/752
                                       : bg/756 bg/758 bg/760 bg/762 bg/764 bg/766 bg/768
                                       : bg/770 bg/772 bg/776 bg/782 bg/786 bg/788 bg/790
                                       : bg/792 bg/794 bg/796 bg/798 bg/800 bg/802 bg/804
                                       : bg/806 bg/808 bg/810 bg/814 bg/816 bg/818 bg/820
                                       : bg/822 bg/824 bg/826 bg/830 bg/832 bg/834 bg/836
                                       : bg/842 bg/844 bg/846 bg/848 bg/850 bg/852 bg/854
                                       : bg/856 bg/858 bg/860 bg/862 bg/864 bg/866 bg/868
                                       : bg/870 bg/872 bg/874 bg/876 bg/878 bg/880 bg/882
                                       : bg/884 bg/886 bg/888 bg/890 bg/892 bg/894 bg/896
                                       : bg/898 bg/900 bg/902 bg/906 bg/908 bg/910 bg/912
                                       : bg/914 bg/916 bg/918 bg/920 bg/922 bg/924 bg/928
                                       : bg/930 bg/936 bg/938 bg/940 bg/944 bg/946 bg/948
                                       : bg/950 bg/952 bg/954 bg/956 bg/958 bg/960 bg/962
                                       : bg/964 bg/966 bg/968 bg/970 bg/972 bg/974 bg/976
                                       : bg/978 bg/980 bg/982 bg/984 bg/986 bg/988 bg/990
                                       : bg/992 bg/994 bg/996 bg/998 bg/1000 bg/1002 bg/1004
                                       : bg/1006 bg/1008 bg/1010 bg/1012 bg/1014 bg/1018
                                       : bg/1020 bg/1022 bg/1028 bg/1030 bg/1032 bg/1034
                                       : bg/1036 bg/1040 bg/1044 bg/1046 bg/1048 bg/1050
                                       : bg/1052 bg/1054 bg/1056 bg/1058 bg/1060 bg/1062
                                       : bg/1064 bg/1066 bg/1068 bg/1070 bg/1072 bg/1074
                                       : bg/1076 bg/1078 bg/1080 bg/1082 bg/1084 bg/1086
                                       : bg/1088 bg/1090 bg/1092 bg/1094 bg/1096 bg/1098
                                       : bg/1100 bg/1102 bg/1104 bg/1106 bg/1108 bg/1110
                                       : bg/1112 bg/1114 bg/1116 bg/1124 bg/1126 bg/1130
                                       : bg/1132 bg/1138 bg/1140 bg/1144 bg/1152 bg/1154
                                       : bg/1156 bg/1158 bg/1160 bg/1162 bg/1164 bg/1166
                                       : bg/1168 bg/1170 bg/1172 bg/1174 bg/1176 bg/1178
                                       : bg/1180 bg/1182 bg/1184 bg/1186 bg/1188 bg/1190
                                       : bg/1194 bg/1196 bg/1198 bg/1200 bg/1202 bg/1206
                                       : bg/1210 bg/1212 bg/1216 bg/1220 bg/1222 bg/1224
                                       : bg/1226 bg/1228 bg/1230 bg/1234 bg/1236 bg/1238
                                       : bg/1240 bg/1242 bg/1246 bg/1248 bg/1250 bg/1252
                                       : bg/1254 bg/1256 bg/1258 bg/1260 bg/1264 bg/1268
                                       : bg/1270 bg/1274 bg/1276 bg/1278 bg/1280 bg/1282
                                       : bg/1284 bg/1286 bg/1288 bg/1290 bg/1292 bg/1294
                                       : bg/1296 bg/1298 bg/1302 bg/1304 bg/1306 bg/1308
                                       : bg/1310 bg/1312 bg/1314 bg/1316 bg/1318 bg/1320
                                       : bg/1322 bg/1324 bg/1326 bg/1328 bg/1330 bg/1332
                                       : bg/1334 bg/1336 bg/1342 bg/1344 bg/1346 bg/1348
                                       : bg/1350 bg/1352 bg/1354 bg/1356 bg/1358 bg/1360
                                       : bg/1362 bg/1364 bg/1366 bg/1368 bg/1370 bg/1372
                                       : bg/1374 bg/1376 bg/1378 bg/1380 bg/1382 bg/1384
                                       : bg/1386 bg/1388 bg/1390 bg/1392 bg/1394 bg/1396
                                       : bg/1398 bg/1400 bg/1402 bg/1404 bg/1406 bg/1408
                                       : bg/1410 bg/1412 bg/1414 bg/1416 bg/1418 bg/1420
                                       : bg/1422 bg/1426 bg/1428 bg/1430 bg/1432 bg/1434
                                       : bg/1436 bg/1438 bg/1440 bg/1442 bg/1444 bg/1446
                                       : bg/1448 bg/1450 bg/1452 bg/1454 bg/1456 bg/1460
                                       : bg/1462 bg/1464 bg/1466 bg/1468 bg/1470 bg/1472
                                       : bg/1474 bg/1476 bg/1478 bg/1480 bg/1482 bg/1484
                                       : bg/1486 bg/1488 bg/1490 bg/1492 bg/1494 bg/1496
                                       : bg/1498 bg/1501 bg/1506 bg/1508 bg/1510 bg/1514
                                       : bg/1518 bg/1520 bg/1522 bg/1524 bg/1528 bg/1530
                                       : bg/1532 bg/1538 bg/1542 bg/1544 bg/1552 bg/1554
                                       : bg/1556 bg/1558 bg/1560 bg/1562 bg/1564 bg/1566
                                       : bg/1568 bg/1570 bg/1574 bg/1576 bg/1578 bg/1580
                                       : bg/1582 bg/1584 bg/1585 bg/1587 bg/1589 bg/1591
                                       : bg/1593 bg/1595 bg/1597 bg/1599 bg/1601 bg/1603
                                       : bg/1606 bg/1608 bg/1610 bg/1612 bg/1614 bg/1616
                                       : bg/1620 bg/1622 bg/1624 bg/1630 bg/1632 bg/1634
                                       : bg/1636 bg/1638 bg/1640 bg/1642 bg/1644 bg/1646
                                       : bg/1648 bg/1650 bg/1654 bg/1658 bg/1660 bg/1662
                                       : bg/1664 bg/1666 bg/1668 bg/1670 bg/1672 bg/1676
                                       : bg/1678 bg/1680 bg/1682 bg/1684 bg/1686 bg/1688
                                       : bg/1690 bg/1692 bg/1694 bg/1695 bg/1697 bg/1699
                                       : bg/1719 bg/1721 bg/1729 bg/1733 bg/1735 bg/1737
                                       : bg/1739 bg/1743 bg/1746 bg/1748 bg/1750 bg/1752
                                       : bg/1754 bg/1756 bg/1758 bg/1760 bg/1762 bg/1764
                                       : bg/1766 bg/1770 bg/1772 bg/1774 bg/1776 bg/1778
                                       : bg/1780 bg/1782 bg/1784 bg/1786 bg/1788 bg/1790
                                       : bg/1794 bg/1796 bg/1798 bg/1800 bg/1802 bg/1804
                                       : bg/1806 bg/1808 bg/1810 bg/1812 bg/1814 bg/1816
                                       : bg/1818 bg/1822 bg/1824 bg/1826 bg/1828 bg/1830
                                       : bg/1832 bg/1834 bg/1838 bg/1842 bg/1844 bg/1848
                                       : bg/1850 bg/1852 bg/1856 bg/1858 bg/1860 bg/1862
                                       : bg/1864 bg/1868 bg/1876 bg/1878 bg/1880 bg/1882
                                       : bg/1884 bg/1886 bg/1888 bg/1890 bg/1892 bg/1894
                                       : bg/1896 bg/1898 bg/1900 bg/1904 bg/1906 bg/1908
                                       : bg/1912 bg/1916 bg/1918 bg/1920 bg/1922 bg/1926
                                       : bg/1940 bg/1942 bg/1944 bg/1960 bg/1964 bg/1968
                                       : bg/1974 bg/1976 bg/1980 bg/1986 bg/1988 bg/1992
                                       : bg/1996 bg/1998 bg/2000 bg/2002 bg/2004 bg/2006
                                       : bg/2010 bg/2012 bg/2016 bg/2018 bg/2020 bg/2021
                                       : bg/2026 bg/2034 bg/2036 bg/2038 bg/2040 bg/2042
                                       : bg/2046 bg/2052 bg/2064 bg/2066 bg/2071 bg/2080
                                       : bg/2082 bg/2090 bg/2092 bg/2093 bg/2100 bg/2104
                                       : bg/2112 bg/2116 bg/2118 bg/2120 bg/2121 bg/2124
                                       : bg/2132 bg/2136 bg/2142 bg/2146 bg/2148 bg/2149
                                       : bg/2152 bg/2155 bg/2163 bg/2166 bg/2167 bg/2172
                                       : bg/2174 bg/2176 bg/2182 bg/2183 bg/2188 bg/2189
                                       : bg/2191 bg/2193 bg/2195 bg/2200 bg/2204 bg/2206
                                       : bg/2208 bg/2209 bg/2213 bg/2217 bg/2221 bg/2223
                                       : bg/2226 bg/2228 bg/2229 bg/2231 bg/2233 bg/2235
                                       : bg/2238 bg/2241 bg/2243 bg/2245 bg/2247 bg/2249
                                       : bg/2251 bg/2253 bg/2255 bg/2257 bg/2259 bg/2261
                                       : bg/2266 bg/2268 bg/2270 bg/2272 bg/2274 bg/2276
                                       : bg/2278 bg/2280 bg/2282 bg/2284 bg/2286 bg/2288
                                       : bg/2290 bg/2291 bg/2293 bg/2295 bg/2297 bg/2299
                                       : bg/2301 bg/2304 bg/2307 bg/2309 bg/2311 bg/2313
                                       : bg/2315 bg/2317 bjq/5 uss/1 uss/2 uss/3 uss/4 uss/5
                                       : uss/6 uss/7 uss/8 uss/9 uss/10 uss/11 uss/12 uss/13
                                       : uss/14 uss/15 uss/16 uss/17 uss/18 uss/19 uss/20
                                       : uss/21 uss/22 uss/23 uss/24 uss/25 uss/26 uss/27
                                       : uss/28 uss/29 uss/30 uss/31 uss/32 uss/33 uss/34
                                       : uss/35 uss/36 uss/37 uss/38 uss/39 uss/40 uss/41
                                       : uss/42 uss/43 uss/44 uss/45 uss/46 uss/47 uss/48
                                       : uss/49 uss/50 uss/51 uss/52 uss/53 uss/54 uss/55
                                       : uss/56 uss/57 uss/58 uss/59 uss/60 uss/61 uss/62
                                       : uss/63 uss/64 uss/65 uss/66 uss/67 uss/68 uss/69
                                       : uss/70 uss/71 uss/72 uss/73 uss/74 uss/75 uss/76
                                       : uss/77 uss/78 uss/79 uss/80 uss/81 uss/82 uss/83
                                       : uss/84 uss/85 uss/86 uss/87 uss/88 uss/89 uss/90
                                       : uss/91 uss/92 uss/93 uss/94 uss/95 uss/96 uss/97
                                       : uss/98 uss/99 uss/100 uss/101 uss/107 uss/113 uss/115
                                       : uss/118 uss/123 uss/125 uss/126 uss/130 uss/132
                                       : uss/140 uss/141 uss/155 uss/157 uss/158 uss/159
                                       : uss/163 uss/167 uss/170 uss/174 uss/178 uss/179
                                       : uss/180 uss/181 uss/183 uss/184 uss/185 uss/187
                                       : uss/194 uss/196 uss/198 uss/202 uss/208 uss/211
                                       : uss/220 uss/230 uss/235 uss/241 uss/242 uss/243
                                       : uss/245 uss/246 uss/247 uss/248 uss/250 uss/253
                                       : uss/257 uss/258 uss/259 uss/260 uss/261 uss/262
                                       : uss/263 uss/264 uss/265 uss/266 uss/267 uss/268
                                       : uss/269 uss/270 uss/271 uss/272 uss/273 uss/274
                                       : uss/275 uss/276 uss/277 uss/278 uss/279 uss/280
                                       : uss/281 uss/282 uss/283 uss/284 uss/285 uss/286
                                       : uss/287 uss/288 uss/289 uss/290 uss/291 uss/292
                                       : uss/293 uss/294 uss/295 abt/1 abt/2
    # of nonzero coefficients (HS)     :       356054
    Fill of coefficient matrix         :        0.006
    # of NZE in factor                 :       310595
    Total storage required             :      2325210
    Total storage defined (total)      :     80000000
    CPU-time for solving (per rnd)     :      0:00:11
    CPU-time for inverting (per rnd)   :      0:00:12
    MFLOPs during factorization        :        59.75
    Non zero coefficients stored       :      50000, filled:   0.2% hit rate:    1.0 at line:    50000

     --------------------------------- VCE 5.1.2  -----------------------------------
     16.10.2007  14:31:27            usmd_ptz.vce                              page 5
 
 
    ********************************************************************************
    *                       S E T T I N G    U P    M M E                          *
    ********************************************************************************
 
    Non zero coefficients stored       :     100000, filled:   0.3% hit rate:    1.0 at line:     6610
    Non zero coefficients stored       :     150000, filled:   0.5% hit rate:    1.0 at line:    21075
    Non zero coefficients stored       :     200000, filled:   0.6% hit rate:    1.0 at line:    27750
    Non zero coefficients stored       :     250000, filled:   0.8% hit rate:    1.0 at line:    35153
    Non zero coefficients stored       :     300000, filled:   1.0% hit rate:    1.0 at line:    48589
    All non zeros are loaded           :       307786
    Number of equations                :        75453
    Filling rate of LHS storage space  :       0.9752
    Hit rate by setting up LHS         :       1.0024
    Zero diagonal coefficients stored  :         1104
    AG  13.1     1  24452.88     500   0   0   0   0   0   0   0   0 --  500  57 333 332 500  57 333
    AG   1.4     2  285746.7     821 500   0   0   0   0   0   0   0 --  239-763 937   0 760-169  62
    AG   1.3     3  257904.0       8 821 500   0   0   0   0   0   0 --  239-755 929   1 760-162  68
    AG   1.3     4  222578.1      24   8 821 500   0   0   0   0   0 --  239-732 905   7 760-145  87
    AG   1.3     5  187167.7      67  24   8 821 500   0   0   0   0 --  238-677 837  31 761-121 130
    AG   1.3     6  149114.8     163  67  24   8 821 500   0   0   0 --  235-551 673 110 764 -92 215
    AG   1.3     7  106167.3     215 163  67  24   8 821 500   0   0 --  223-336 471 232 776 -71 295
    AG   1.3     8  51388.79     185 215 163  67  24   8 821 500   0 --  163-150 368 304 836 -61 326
    AG   1.3     9  164914.8     760 185 215 163  67  24   8 821 500 --  923  81 341 325  76 -58 332
    AG   1.3    10  23862.44     397 760 185 215 163  67  24   8 821 --  526  60 334 331 473  57 333
    AG   1.3    11  23765.43      44 397 760 185 215 163  67  24   8 --  571  66 336 330 428  57 333
    AG   1.3    12  23725.12      16  44 397 760 185 215 163  67  24 --  587  69 337 329 412  57 332
    AG   1.3    13  23656.69      70  16  44 397 760 185 215 163  67 --  658  83 341 327 341  58 331
    AG   1.3    14  23593.23     124  70  16  44 397 760 185 215 163 --  782 112 350 321 217  58 327
    AG   1.3    15  23545.85      24 124  70  16  44 397 760 185 215 --  807 119 353 320 192  59 325
    AG   1.3    16  23435.92     107  24 124  70  16  44 397 760 185 --  914 157 365 316  85  59 317
    AG   1.3    17  23397.40      39 107  24 124  70  16  44 397 760 --  953 179 373 315  46  60 310
    AG   1.4    18  23462.20      51  39 107  24 124  70  16  44 397 --  999 231 393 311   0  60 295
    AG   1.7    19  23386.47      38  51  39 107  24 124  70  16  44 --  972 192 378 314  27  60 307
    AG   1.5    20  23369.27      28  38  51  39 107  24 124  70  16 --  995 221 388 314   4  60 296
    AG   1.3    21  23361.20      11  28  38  51  39 107  24 124  70 --  998 232 392 316   1  60 291
    AG   1.3    22  23358.58     120  11  28  38  51  39 107  24 124 --  999 249 398 317   0 -60 284
    AG   1.3    23  23357.43     177 120  11  28  38  51  39 107  24 --  999 261 401 317   0 116 280
    AG   1.3    24  23355.07     230 177 120  11  28  38  51  39 107 --  999 289 412 320   0-113 267
    AG   1.5    25  23352.40      48 230 177 120  11  28  38  51  39 --  999 338 433 322   0-136 244
    AG   1.3    26  23351.06     468  48 230 177 120  11  28  38  51 --  999 385 446 316   0 332 237
    AG   1.3    27  23350.94      44 468  48 230 177 120  11  28  38 --  999 390 452 318   0 287 229
    AG   1.6    28  23351.02     677  44 468  48 230 177 120  11  28 --  999 433 469 313   0-389 217
    AG   1.3    29  23350.75      55 677  44 468  48 230 177 120  11 --  999 410 460 316   0-333 223
    AG   1.3    30  23351.30      34  55 677  44 468  48 230 177 120 --  999 383 442 313   0-368 243
    AG   1.3    31  23350.71      27  34  55 677  44 468  48 230 177 --  999 405 456 315   0-340 227
    AG   1.3    32  23350.62      11  27  34  55 677  44 468  48 230 --  999 404 457 316   0-329 225
    AG   1.3    33  23350.61       6  11  27  34  55 677  44 468  48 --  999 406 457 316   0-335 225
    AG   1.5    34  23350.60       3   6  11  27  34  55 677  44 468 --  999 407 458 316   0-339 225
    AG   1.5    35  23350.60       2   3   6  11  27  34  55 677  44 --  999 408 458 316   0-341 225
    AG   1.3    36  23350.60       2   2   3   6  11  27  34  55 677 --  999 409 459 316   0-344 224
    AG   1.4    37  23350.59       4   2   2   3   6  11  27  34  55 --  999 409 460 315   0-349 223
    AG   1.3    38  23350.58       9   4   2   2   3   6  11  27  34 --  999 410 462 315   0-359 222
    AG   1.3    39  23350.56      18   9   4   2   2   3   6  11  27 --  999 409 465 315   0-378 219
    AG   1.3    40  23350.52      28  18   9   4   2   2   3   6  11 --  999 404 471 314   0-406 214
    AG   1.3    41  23350.46      27  28  18   9   4   2   2   3   6 --  999 396 476 314   0-433 208
    AG   1.3    42  23350.43      12  27  28  18   9   4   2   2   3 --  999 388 479 314   0-446 205
    AG   1.4    43  23350.42       3  12  27  28  18   9   4   2   2 --  999 385 479 314   0-449 205
    AG   1.5    44  23350.42       1   3  12  27  28  18   9   4   2 --  999 385 478 314   0-447 206
    AG   1.5    45  23350.42       1   1   3  12  27  28  18   9   4 --  999 385 477 314   0-447 207
    AG   1.3    46  23350.41       2   1   1   3  12  27  28  18   9 --  999 385 475 315   0-449 209
    AG   1.3    47  23350.39      15   2   1   1   3  12  27  28  18 --  999 387 472 315   0-465 211
    AG   1.3    48  23350.35      49  15   2   1   1   3  12  27  28 --  999 391 466 315   0-515 217
    AG   1.3    49  23350.30      61  49  15   2   1   1   3  12  27 --  999 397 461 316   0-576 222
    AG   1.4    50  23350.20      50  61  49  15   2   1   1   3  12 --  999 407 457 316   0-627 225
    AG   1.3    51  23350.18     102  50  61  49  15   2   1   1   3 --  998 412 458 315   1-730 226
    AG   1.3    52  23350.01      18 102  50  61  49  15   2   1   1 --  998 409 475 317   1-739 207
    AG   1.6    53  23349.91      42  18 102  50  61  49  15   2   1 --  998 411 471 316   1-782 211
    AG   1.8    54  23349.85      26  42  18 102  50  61  49  15   2 --  998 412 466 316   1-809 217
    AG   1.2    55  23349.80      11  26  42  18 102  50  61  49  15 --  998 412 461 318   1-820 220
    AG   1.3    56  23349.75      51  11  26  42  18 102  50  61  49 --  998 413 460 317   1-871 222
    AG   1.3    57  23349.67       9  51  11  26  42  18 102  50  61 --  998 412 465 318   1-880 216
    AG   1.3    58  23349.60      46   9  51  11  26  42  18 102  50 --  998 414 466 317   1-927 215
    AG   1.5    59  23349.52      11  46   9  51  11  26  42  18 102 --  998 418 465 319   1-939 215
    AG   1.3    60  23349.51      35  11  46   9  51  11  26  42  18 --  998 425 459 318   1-974 221
    AG   1.3    61  23349.46      12  35  11  46   9  51  11  26  42 --  998 422 462 320   1-962 217
    AG   1.5    62  23349.44       9  12  35  11  46   9  51  11  26 --  998 423 461 320   1-971 217
    AG   1.4    63  23349.64      26   9  12  35  11  46   9  51  11 --  997 425 456 318   2-998 224
    AG   1.3    64  23349.43      19  26   9  12  35  11  46   9  51 --  998 423 461 320   1-978 218
    AG   1.2    65  23349.42      14  19  26   9  12  35  11  46   9 --  998 424 459 320   1-992 219
    AG   1.3    66  23349.40       5  14  19  26   9  12  35  11  46 --  998 423 461 320   1-987 217
    AG   1.3    67  23349.39       3   5  14  19  26   9  12  35  11 --  998 423 461 320   1-990 217
    AG   1.4    68  23349.38       7   3   5  14  19  26   9  12  35 --  998 423 461 320   1-998 217
    AG   1.6    69  23349.38       1   7   3   5  14  19  26   9  12 --  998 423 461 321   1-997 216
    AG   1.3    70  23349.37       1   1   7   3   5  14  19  26   9 --  998 423 461 321   1-998 216
    AG   1.4    71  23349.37       1   1   1   7   3   5  14  19  26 --  998 424 461 321   1-999 217
    AG   1.3    72  23349.37       0   1   1   1   7   3   5  14  19 --  998 424 461 321   1-999 216
    AG   1.3    73  23349.37       0   0   1   1   1   7   3   5  14 --  998 424 461 321   1-999 216

     --------------------------------- VCE 5.1.2  -----------------------------------
     16.10.2007  14:33:04            usmd_ptz.vce                              page 6
 
 
    ********************************************************************************
    *                      M O D E L  I N F O R M A T I O N                        *
    ********************************************************************************
 
    Factor     within     T Levels Skip       usmd       ptz
    ________________________________________________________________________________
    lmf                   F      1               1         -
    sex                   F      3 .             1         1
    bg                    F   1159 .             1         1
    bjq                   F      5 .             1         -
    uss                   F    295 .             1         -
    animal                A  36408               1         1
    pelm                  F      1               -         1
    abt                   F      3 .             -         1
    wu                    R      8               -         1
    ________________________________________________________________________________
 
    ********************************************************************************
    *         C O E F F I C I E N T  M A T R I X  I N F O R M A T I O N            *
    ********************************************************************************
 
    Setting up mixed model equations
    ________________________________________________________________________________
    Machine precision (tolerance)      : 0.222045E-15
    Warning theshold on inv. (A-1A)-I  : 0.100000E-06
    Traits transformed. See option     :  all  all
    Covariates transformed. See options:  avg  avg
    Number of equations                :        75453
    Rank of the system                 :        75453
    Equations set to zero              :  sex/4 sex/5 bg/1 bg/3 bg/5 bg/7 bg/9 bg/12 bg/14
                                       : bg/16 bg/18 bg/20 bg/23 bg/25 bg/28 bg/29 bg/31 bg/33
                                       : bg/35 bg/37 bg/39 bg/41 bg/43 bg/45 bg/47 bg/49 bg/51
                                       : bg/53 bg/55 bg/57 bg/59 bg/61 bg/63 bg/65 bg/67 bg/69
                                       : bg/71 bg/73 bg/75 bg/77 bg/79 bg/81 bg/83 bg/85 bg/88
                                       : bg/90 bg/94 bg/96 bg/98 bg/100 bg/102 bg/104 bg/108
                                       : bg/109 bg/112 bg/118 bg/122 bg/124 bg/126 bg/128
                                       : bg/130 bg/132 bg/134 bg/136 bg/138 bg/140 bg/142
                                       : bg/144 bg/146 bg/150 bg/152 bg/156 bg/158 bg/160
                                       : bg/164 bg/166 bg/168 bg/170 bg/172 bg/182 bg/186
                                       : bg/190 bg/192 bg/194 bg/196 bg/198 bg/200 bg/202
                                       : bg/204 bg/206 bg/208 bg/210 bg/212 bg/214 bg/216
                                       : bg/217 bg/220 bg/222 bg/224 bg/230 bg/232 bg/235
                                       : bg/243 bg/245 bg/247 bg/249 bg/251 bg/253 bg/256
                                       : bg/260 bg/262 bg/264 bg/266 bg/268 bg/270 bg/272
                                       : bg/274 bg/278 bg/280 bg/282 bg/284 bg/286 bg/294
                                       : bg/298 bg/306 bg/308 bg/310 bg/314 bg/316 bg/318
                                       : bg/320 bg/326 bg/330 bg/332 bg/334 bg/338 bg/340
                                       : bg/342 bg/344 bg/346 bg/348 bg/350 bg/352 bg/354
                                       : bg/356 bg/360 bg/362 bg/364 bg/366 bg/370 bg/372
                                       : bg/378 bg/392 bg/394 bg/396 bg/402 bg/404 bg/406
                                       : bg/408 bg/410 bg/412 bg/414 bg/416 bg/418 bg/420
                                       : bg/426 bg/428 bg/430 bg/432 bg/434 bg/436 bg/438
                                       : bg/440 bg/442 bg/444 bg/446 bg/448 bg/450 bg/452
                                       : bg/454 bg/456 bg/458 bg/460 bg/464 bg/466 bg/470
                                       : bg/472 bg/474 bg/476 bg/484 bg/486 bg/490 bg/492
                                       : bg/496 bg/498 bg/500 bg/504 bg/506 bg/510 bg/512
                                       : bg/514 bg/518 bg/520 bg/522 bg/524 bg/528 bg/530
                                       : bg/532 bg/534 bg/536 bg/538 bg/540 bg/542 bg/544
                                       : bg/546 bg/552 bg/554 bg/556 bg/558 bg/564 bg/566
                                       : bg/568 bg/570 bg/576 bg/578 bg/580 bg/582 bg/584
                                       : bg/586 bg/588 bg/590 bg/592 bg/594 bg/596 bg/598
                                       : bg/602 bg/604 bg/608 bg/612 bg/614 bg/616 bg/618
                                       : bg/620 bg/622 bg/624 bg/626 bg/628 bg/630 bg/632
                                       : bg/634 bg/636 bg/638 bg/640 bg/642 bg/644 bg/647
                                       : bg/650 bg/652 bg/654 bg/656 bg/657 bg/659 bg/662
                                       : bg/664 bg/666 bg/668 bg/670 bg/680 bg/682 bg/688
                                       : bg/690 bg/692 bg/694 bg/696 bg/698 bg/700 bg/702
                                       : bg/704 bg/706 bg/708 bg/710 bg/712 bg/714 bg/716
                                       : bg/718 bg/722 bg/724 bg/728 bg/730 bg/734 bg/736
                                       : bg/738 bg/740 bg/742 bg/744 bg/746 bg/750 bg/752
                                       : bg/756 bg/758 bg/760 bg/762 bg/764 bg/766 bg/768
                                       : bg/770 bg/772 bg/776 bg/782 bg/786 bg/788 bg/790
                                       : bg/792 bg/794 bg/796 bg/798 bg/800 bg/802 bg/804
                                       : bg/806 bg/808 bg/810 bg/814 bg/816 bg/818 bg/820
                                       : bg/822 bg/824 bg/826 bg/830 bg/832 bg/834 bg/836
                                       : bg/842 bg/844 bg/846 bg/848 bg/850 bg/852 bg/854
                                       : bg/856 bg/858 bg/860 bg/862 bg/864 bg/866 bg/868
                                       : bg/870 bg/872 bg/874 bg/876 bg/878 bg/880 bg/882
                                       : bg/884 bg/886 bg/888 bg/890 bg/892 bg/894 bg/896
                                       : bg/898 bg/900 bg/902 bg/906 bg/908 bg/910 bg/912
                                       : bg/914 bg/916 bg/918 bg/920 bg/922 bg/924 bg/928
                                       : bg/930 bg/936 bg/938 bg/940 bg/944 bg/946 bg/948
                                       : bg/950 bg/952 bg/954 bg/956 bg/958 bg/960 bg/962
                                       : bg/964 bg/966 bg/968 bg/970 bg/972 bg/974 bg/976
                                       : bg/978 bg/980 bg/982 bg/984 bg/986 bg/988 bg/990
                                       : bg/992 bg/994 bg/996 bg/998 bg/1000 bg/1002 bg/1004
                                       : bg/1006 bg/1008 bg/1010 bg/1012 bg/1014 bg/1018
                                       : bg/1020 bg/1022 bg/1028 bg/1030 bg/1032 bg/1034
                                       : bg/1036 bg/1040 bg/1044 bg/1046 bg/1048 bg/1050
                                       : bg/1052 bg/1054 bg/1056 bg/1058 bg/1060 bg/1062
                                       : bg/1064 bg/1066 bg/1068 bg/1070 bg/1072 bg/1074
                                       : bg/1076 bg/1078 bg/1080 bg/1082 bg/1084 bg/1086
                                       : bg/1088 bg/1090 bg/1092 bg/1094 bg/1096 bg/1098
                                       : bg/1100 bg/1102 bg/1104 bg/1106 bg/1108 bg/1110
                                       : bg/1112 bg/1114 bg/1116 bg/1124 bg/1126 bg/1130
                                       : bg/1132 bg/1138 bg/1140 bg/1144 bg/1152 bg/1154
                                       : bg/1156 bg/1158 bg/1160 bg/1162 bg/1164 bg/1166
                                       : bg/1168 bg/1170 bg/1172 bg/1174 bg/1176 bg/1178
                                       : bg/1180 bg/1182 bg/1184 bg/1186 bg/1188 bg/1190
                                       : bg/1194 bg/1196 bg/1198 bg/1200 bg/1202 bg/1206
                                       : bg/1210 bg/1212 bg/1216 bg/1220 bg/1222 bg/1224
                                       : bg/1226 bg/1228 bg/1230 bg/1234 bg/1236 bg/1238
                                       : bg/1240 bg/1242 bg/1246 bg/1248 bg/1250 bg/1252
                                       : bg/1254 bg/1256 bg/1258 bg/1260 bg/1264 bg/1268
                                       : bg/1270 bg/1274 bg/1276 bg/1278 bg/1280 bg/1282
                                       : bg/1284 bg/1286 bg/1288 bg/1290 bg/1292 bg/1294
                                       : bg/1296 bg/1298 bg/1302 bg/1304 bg/1306 bg/1308
                                       : bg/1310 bg/1312 bg/1314 bg/1316 bg/1318 bg/1320
                                       : bg/1322 bg/1324 bg/1326 bg/1328 bg/1330 bg/1332
                                       : bg/1334 bg/1336 bg/1342 bg/1344 bg/1346 bg/1348
                                       : bg/1350 bg/1352 bg/1354 bg/1356 bg/1358 bg/1360
                                       : bg/1362 bg/1364 bg/1366 bg/1368 bg/1370 bg/1372
                                       : bg/1374 bg/1376 bg/1378 bg/1380 bg/1382 bg/1384
                                       : bg/1386 bg/1388 bg/1390 bg/1392 bg/1394 bg/1396
                                       : bg/1398 bg/1400 bg/1402 bg/1404 bg/1406 bg/1408
                                       : bg/1410 bg/1412 bg/1414 bg/1416 bg/1418 bg/1420
                                       : bg/1422 bg/1426 bg/1428 bg/1430 bg/1432 bg/1434
                                       : bg/1436 bg/1438 bg/1440 bg/1442 bg/1444 bg/1446
                                       : bg/1448 bg/1450 bg/1452 bg/1454 bg/1456 bg/1460
                                       : bg/1462 bg/1464 bg/1466 bg/1468 bg/1470 bg/1472
                                       : bg/1474 bg/1476 bg/1478 bg/1480 bg/1482 bg/1484
                                       : bg/1486 bg/1488 bg/1490 bg/1492 bg/1494 bg/1496
                                       : bg/1498 bg/1501 bg/1506 bg/1508 bg/1510 bg/1514
                                       : bg/1518 bg/1520 bg/1522 bg/1524 bg/1528 bg/1530
                                       : bg/1532 bg/1538 bg/1542 bg/1544 bg/1552 bg/1554
                                       : bg/1556 bg/1558 bg/1560 bg/1562 bg/1564 bg/1566
                                       : bg/1568 bg/1570 bg/1574 bg/1576 bg/1578 bg/1580
                                       : bg/1582 bg/1584 bg/1585 bg/1587 bg/1589 bg/1591
                                       : bg/1593 bg/1595 bg/1597 bg/1599 bg/1601 bg/1603
                                       : bg/1606 bg/1608 bg/1610 bg/1612 bg/1614 bg/1616
                                       : bg/1620 bg/1622 bg/1624 bg/1630 bg/1632 bg/1634
                                       : bg/1636 bg/1638 bg/1640 bg/1642 bg/1644 bg/1646
                                       : bg/1648 bg/1650 bg/1654 bg/1658 bg/1660 bg/1662
                                       : bg/1664 bg/1666 bg/1668 bg/1670 bg/1672 bg/1676
                                       : bg/1678 bg/1680 bg/1682 bg/1684 bg/1686 bg/1688
                                       : bg/1690 bg/1692 bg/1694 bg/1695 bg/1697 bg/1699
                                       : bg/1719 bg/1721 bg/1729 bg/1733 bg/1735 bg/1737
                                       : bg/1739 bg/1743 bg/1746 bg/1748 bg/1750 bg/1752
                                       : bg/1754 bg/1756 bg/1758 bg/1760 bg/1762 bg/1764
                                       : bg/1766 bg/1770 bg/1772 bg/1774 bg/1776 bg/1778
                                       : bg/1780 bg/1782 bg/1784 bg/1786 bg/1788 bg/1790
                                       : bg/1794 bg/1796 bg/1798 bg/1800 bg/1802 bg/1804
                                       : bg/1806 bg/1808 bg/1810 bg/1812 bg/1814 bg/1816
                                       : bg/1818 bg/1822 bg/1824 bg/1826 bg/1828 bg/1830
                                       : bg/1832 bg/1834 bg/1838 bg/1842 bg/1844 bg/1848
                                       : bg/1850 bg/1852 bg/1856 bg/1858 bg/1860 bg/1862
                                       : bg/1864 bg/1868 bg/1876 bg/1878 bg/1880 bg/1882
                                       : bg/1884 bg/1886 bg/1888 bg/1890 bg/1892 bg/1894
                                       : bg/1896 bg/1898 bg/1900 bg/1904 bg/1906 bg/1908
                                       : bg/1912 bg/1916 bg/1918 bg/1920 bg/1922 bg/1926
                                       : bg/1940 bg/1942 bg/1944 bg/1960 bg/1964 bg/1968
                                       : bg/1974 bg/1976 bg/1980 bg/1986 bg/1988 bg/1992
                                       : bg/1996 bg/1998 bg/2000 bg/2002 bg/2004 bg/2006
                                       : bg/2010 bg/2012 bg/2016 bg/2018 bg/2020 bg/2021
                                       : bg/2026 bg/2034 bg/2036 bg/2038 bg/2040 bg/2042
                                       : bg/2046 bg/2052 bg/2064 bg/2066 bg/2071 bg/2080
                                       : bg/2082 bg/2090 bg/2092 bg/2093 bg/2100 bg/2104
                                       : bg/2112 bg/2116 bg/2118 bg/2120 bg/2121 bg/2124
                                       : bg/2132 bg/2136 bg/2142 bg/2146 bg/2148 bg/2149
                                       : bg/2152 bg/2155 bg/2163 bg/2166 bg/2167 bg/2172
                                       : bg/2174 bg/2176 bg/2182 bg/2183 bg/2188 bg/2189
                                       : bg/2191 bg/2193 bg/2195 bg/2200 bg/2204 bg/2206
                                       : bg/2208 bg/2209 bg/2213 bg/2217 bg/2221 bg/2223
                                       : bg/2226 bg/2228 bg/2229 bg/2231 bg/2233 bg/2235
                                       : bg/2238 bg/2241 bg/2243 bg/2245 bg/2247 bg/2249
                                       : bg/2251 bg/2253 bg/2255 bg/2257 bg/2259 bg/2261
                                       : bg/2266 bg/2268 bg/2270 bg/2272 bg/2274 bg/2276
                                       : bg/2278 bg/2280 bg/2282 bg/2284 bg/2286 bg/2288
                                       : bg/2290 bg/2291 bg/2293 bg/2295 bg/2297 bg/2299
                                       : bg/2301 bg/2304 bg/2307 bg/2309 bg/2311 bg/2313
                                       : bg/2315 bg/2317 bjq/5 uss/1 uss/2 uss/3 uss/4 uss/5
                                       : uss/6 uss/7 uss/8 uss/9 uss/10 uss/11 uss/12 uss/13
                                       : uss/14 uss/15 uss/16 uss/17 uss/18 uss/19 uss/20
                                       : uss/21 uss/22 uss/23 uss/24 uss/25 uss/26 uss/27
                                       : uss/28 uss/29 uss/30 uss/31 uss/32 uss/33 uss/34
                                       : uss/35 uss/36 uss/37 uss/38 uss/39 uss/40 uss/41
                                       : uss/42 uss/43 uss/44 uss/45 uss/46 uss/47 uss/48
                                       : uss/49 uss/50 uss/51 uss/52 uss/53 uss/54 uss/55
                                       : uss/56 uss/57 uss/58 uss/59 uss/60 uss/61 uss/62
                                       : uss/63 uss/64 uss/65 uss/66 uss/67 uss/68 uss/69
                                       : uss/70 uss/71 uss/72 uss/73 uss/74 uss/75 uss/76
                                       : uss/77 uss/78 uss/79 uss/80 uss/81 uss/82 uss/83
                                       : uss/84 uss/85 uss/86 uss/87 uss/88 uss/89 uss/90
                                       : uss/91 uss/92 uss/93 uss/94 uss/95 uss/96 uss/97
                                       : uss/98 uss/99 uss/100 uss/101 uss/107 uss/113 uss/115
                                       : uss/118 uss/123 uss/125 uss/126 uss/130 uss/132
                                       : uss/140 uss/141 uss/155 uss/157 uss/158 uss/159
                                       : uss/163 uss/167 uss/170 uss/174 uss/178 uss/179
                                       : uss/180 uss/181 uss/183 uss/184 uss/185 uss/187
                                       : uss/194 uss/196 uss/198 uss/202 uss/208 uss/211
                                       : uss/220 uss/230 uss/235 uss/241 uss/242 uss/243
                                       : uss/245 uss/246 uss/247 uss/248 uss/250 uss/253
                                       : uss/257 uss/258 uss/259 uss/260 uss/261 uss/262
                                       : uss/263 uss/264 uss/265 uss/266 uss/267 uss/268
                                       : uss/269 uss/270 uss/271 uss/272 uss/273 uss/274
                                       : uss/275 uss/276 uss/277 uss/278 uss/279 uss/280
                                       : uss/281 uss/282 uss/283 uss/284 uss/285 uss/286
                                       : uss/287 uss/288 uss/289 uss/290 uss/291 uss/292
                                       : uss/293 uss/294 uss/295 abt/1 abt/2
    # of nonzero coefficients (HS)     :       307786
    Fill of coefficient matrix         :        0.005
    # of NZE in factor                 :       310595
    Total storage required             :      2325210
    Total storage defined (total)      :     80000000
    CPU-time for solving (per rnd)     :      0:00:11
    CPU-time for inverting (per rnd)   :      0:01:50
    MFLOPs during factorization        :        64.68

     --------------------------------- VCE 5.1.2  -----------------------------------
     16.10.2007  14:33:04            usmd_ptz.vce                              page 7
 
 
    ********************************************************************************
    *                 E S T I M A T E S   I N F O R M A T I O N                    *
    ********************************************************************************
 
    Tue Oct 16 14:33:04 2007abt/1 abt/2                   CPU time used:     0:01:50
 
    AG Log likelihood :   23349.3717  status :  1   at iteration:      73 /    73
 
 
    ----------------------------- Matrices: NATURAL  -------------------------------
        6  1  1 A  animal                          36408 T T
              0.1075E+02  0.9905E+02
                          0.5075E+04
 
        9  2  1 R  wu                              8 T
              0.3539E+04
 
        10  3  1 E  residual                        405 T T
              0.2106E-01 -0.7084E+01
                          0.2383E+04
 
    --------------------------- Matrices: Phenotypic  ------------------------------
              0.1077E+02  0.9196E+02
                          0.1100E+05
 
    ----------------------------- Matrices: RATIOS  --------------------------------
        6  1  1 A  animal                        
              0.9980E+00  0.4241E+00
                          0.4615E+00
 
        9  2  1 R  wu                            
              0.3219E+00
 
        10  3  1 E  residual                      
              0.1955E-02 -0.1000E+01
                          0.2167E+00
 
    ---------------------- Matrices: STD_ERR of components  ------------------------
        6  1  1 A  animal                        
              0.1813E-01  0.9898E-01
                          0.4345E+01
 
        9  2  1 R  wu                            
              0.6375E+00
 
        10  3  1 E  residual                      
              0.6190E-02  0.5036E+00
                          0.3249E+01
 
    ------------------------ Matrices: STD_ERR of ratios  --------------------------
        6  1  1 A  animal                        
              0.1077E-01  0.4966E-01
                          0.3444E-01
 
        9  2  1 R  wu                            
              0.4176E-02
 
        10  3  1 E  residual                      
              0.2425E-02  0.2175E-02
                          0.3140E-01
 
